--2025-10-23 19:38:58--  https://raw.githubusercontent.com/hrnr/m-explore-extra/master/map_merge/hector_maps/map00.pgm
Risoluzione di raw.githubusercontent.com (raw.githubusercontent.com)... 185.199.109.133, 185.199.110.133, 185.199.111.133, ...
Connessione a raw.githubusercontent.com (raw.githubusercontent.com)|185.199.109.133|:443... connesso.
Richiesta HTTP inviata, in attesa di risposta... 200 OK
Lunghezza: 4194362 (4,0M) [application/octet-stream]
Salvataggio in: ‘/home/vincenzo/Documenti/AMR/ros2pythonvenv/src/lab4workspace/build/multirobot_map_merge/map00.pgm’

     0K .......... .......... .......... .......... ..........  1%  237K 17s
    50K .......... .......... .......... .......... ..........  2%  441K 13s
   100K .......... .......... .......... .......... ..........  3%  434K 12s
   150K .......... .......... .......... .......... ..........  4%  319K 12s
   200K .......... .......... .......... .......... ..........  6%  321K 12s
   250K .......... .......... .......... .......... ..........  7%  934K 10s
   300K .......... .......... .......... .......... ..........  8%  858K 9s
   350K .......... .......... .......... .......... ..........  9%  702K 9s
   400K .......... .......... .......... .......... .......... 10%  199K 10s
   450K .......... .......... .......... .......... .......... 12%  407K 9s
   500K .......... .......... .......... .......... .......... 13% 5,13K 71s
   550K .......... .......... .......... .......... .......... 14% 80,8K 68s
   600K .......... .......... .......... .......... .......... 15% 81,1K 65s
   650K .......... .......... .......... .......... .......... 17% 77,1K 63s
   700K .......... .......... .......... .......... .......... 18% 73,1K 61s
   750K .......... .......... .......... .......... .......... 19% 58,0K 60s
   800K .......... .......... .......... .......... .......... 20% 83,1K 58s
   850K .......... .......... .......... .......... .......... 21% 70,8K 56s
   900K .......... .......... .......... .......... .......... 23% 81,4K 54s
   950K .......... .......... .......... .......... .......... 24% 78,3K 53s
  1000K .......... .......... .......... .......... .......... 25% 84,9K 51s
  1050K .......... .......... .......... .......... .......... 26% 76,4K 50s
  1100K .......... .......... .......... .......... .......... 28% 93,4K 48s
  1150K .......... .......... .......... .......... .......... 29%  172K 46s
  1200K .......... .......... .......... .......... .......... 30%  623K 44s
  1250K .......... .......... .......... .......... .......... 31%  591K 41s
  1300K .......... .......... .......... .......... .......... 32%  636K 39s
  1350K .......... .......... .......... .......... .......... 34% 1,09M 37s
  1400K .......... .......... .......... .......... .......... 35% 1,10M 35s
  1450K .......... .......... .......... .......... .......... 36%  738K 34s
  1500K .......... .......... .......... .......... .......... 37%  869K 32s
  1550K .......... .......... .......... .......... .......... 39% 1,11M 31s
  1600K .......... .......... .......... .......... .......... 40% 2,27M 29s
  1650K .......... .......... .......... .......... .......... 41%  847K 28s
  1700K .......... .......... .......... .......... .......... 42% 1,31M 26s
  1750K .......... .......... .......... .......... .......... 43% 2,36M 25s
  1800K .......... .......... .......... .......... .......... 45% 1,52M 24s
  1850K .......... .......... .......... .......... .......... 46% 1,63M 23s
  1900K .......... .......... .......... .......... .......... 47% 2,10M 22s
  1950K .......... .......... .......... .......... .......... 48% 1,28M 21s
  2000K .......... .......... .......... .......... .......... 50% 1,02M 20s
  2050K .......... .......... .......... .......... .......... 51% 2,32M 19s
  2100K .......... .......... .......... .......... .......... 52% 1,43M 18s
  2150K .......... .......... .......... .......... .......... 53% 1,38M 17s
  2200K .......... .......... .......... .......... .......... 54% 1,42M 16s
  2250K .......... .......... .......... .......... .......... 56% 1,52M 16s
  2300K .......... .......... .......... .......... .......... 57% 2,33M 15s
  2350K .......... .......... .......... .......... .......... 58%  615K 14s
  2400K .......... .......... .......... .......... .......... 59% 1,80M 14s
  2450K .......... .......... .......... .......... .......... 61% 1,55M 13s
  2500K .......... .......... .......... .......... .......... 62% 1,82M 12s
  2550K .......... .......... .......... .......... .......... 63% 1,45M 12s
  2600K .......... .......... .......... .......... .......... 64% 2,02M 11s
  2650K .......... .......... .......... .......... .......... 65% 1,77M 11s
  2700K .......... .......... .......... .......... .......... 67% 1,43M 10s
  2750K .......... .......... .......... .......... .......... 68% 1,32M 9s
  2800K .......... .......... .......... .......... .......... 69% 1,71M 9s
  2850K .......... .......... .......... .......... .......... 70% 1,32M 8s
  2900K .......... .......... .......... .......... .......... 72% 2,31M 8s
  2950K .......... .......... .......... .......... .......... 73% 1,94M 8s
  3000K .......... .......... .......... .......... .......... 74% 1,37M 7s
  3050K .......... .......... .......... .......... .......... 75% 1,57M 7s
  3100K .......... .......... .......... .......... .......... 76% 1,91M 6s
  3150K .......... .......... .......... .......... .......... 78% 1,68M 6s
  3200K .......... .......... .......... .......... .......... 79% 1,28M 5s
  3250K .......... .......... .......... .......... .......... 80% 2,20M 5s
  3300K .......... .......... .......... .......... .......... 81% 2,04M 5s
  3350K .......... .......... .......... .......... .......... 83% 2,03M 4s
  3400K .......... .......... .......... .......... .......... 84% 1,01M 4s
  3450K .......... .......... .......... .......... .......... 85% 1,87M 4s
  3500K .......... .......... .......... .......... .......... 86% 1,27M 3s
  3550K .......... .......... .......... .......... .......... 87%  846K 3s
  3600K .......... .......... .......... .......... .......... 89% 2,06M 3s
  3650K .......... .......... .......... .......... .......... 90% 2,29M 2s
  3700K .......... .......... .......... .......... .......... 91% 1,87M 2s
  3750K .......... .......... .......... .......... .......... 92% 1,46M 2s
  3800K .......... .......... .......... .......... .......... 93% 1,98M 1s
  3850K .......... .......... .......... .......... .......... 95% 1,72M 1s
  3900K .......... .......... .......... .......... .......... 96% 1,38M 1s
  3950K .......... .......... .......... .......... .......... 97% 1,28M 1s
  4000K .......... .......... .......... .......... .......... 98%  804K 0s
  4050K .......... .......... .......... .......... ......    100% 1,05M=21s

2025-10-23 19:39:21 (193 KB/s) - ‘/home/vincenzo/Documenti/AMR/ros2pythonvenv/src/lab4workspace/build/multirobot_map_merge/map00.pgm’ salvato [4194362/4194362]

--2025-10-23 19:39:21--  https://raw.githubusercontent.com/hrnr/m-explore-extra/master/map_merge/hector_maps/map05.pgm
Risoluzione di raw.githubusercontent.com (raw.githubusercontent.com)... 185.199.110.133, 185.199.109.133, 185.199.108.133, ...
Connessione a raw.githubusercontent.com (raw.githubusercontent.com)|185.199.110.133|:443... connesso.
Richiesta HTTP inviata, in attesa di risposta... 200 OK
Lunghezza: 4194362 (4,0M) [application/octet-stream]
Salvataggio in: ‘/home/vincenzo/Documenti/AMR/ros2pythonvenv/src/lab4workspace/build/multirobot_map_merge/map05.pgm’

     0K .......... .......... .......... .......... ..........  1%  911K 4s
    50K .......... .......... .......... .......... ..........  2% 1,08M 4s
   100K .......... .......... .......... .......... ..........  3% 1,28M 4s
   150K .......... .......... .......... .......... ..........  4% 1,74M 3s
   200K .......... .......... .......... .......... ..........  6% 1,38M 3s
   250K .......... .......... .......... .......... ..........  7% 4,23M 3s
   300K .......... .......... .......... .......... ..........  8%  181K 5s
   350K .......... .......... .......... .......... ..........  9% 2,65M 5s
   400K .......... .......... .......... .......... .......... 10% 2,43M 4s
   450K .......... .......... .......... .......... .......... 12%  345K 5s
   500K .......... .......... .......... .......... .......... 13%  186K 6s
   550K .......... .......... .......... .......... .......... 14% 1,12M 6s
   600K .......... .......... .......... .......... .......... 15%  570K 6s
   650K .......... .......... .......... .......... .......... 17% 1,09M 5s
   700K .......... .......... .......... .......... .......... 18%  870K 5s
   750K .......... .......... .......... .......... .......... 19% 1,15M 5s
   800K .......... .......... .......... .......... .......... 20%  888K 5s
   850K .......... .......... .......... .......... .......... 21% 1,03M 5s
   900K .......... .......... .......... .......... .......... 23% 1,02M 5s
   950K .......... .......... .......... .......... .......... 24% 1,22M 4s
  1000K .......... .......... .......... .......... .......... 25%  608K 4s
  1050K .......... .......... .......... .......... .......... 26% 1,01M 4s
  1100K .......... .......... .......... .......... .......... 28% 1,32M 4s
  1150K .......... .......... .......... .......... .......... 29%  981K 4s
  1200K .......... .......... .......... .......... .......... 30%  881K 4s
  1250K .......... .......... .......... .......... .......... 31% 1,22M 4s
  1300K .......... .......... .......... .......... .......... 32% 1,47M 4s
  1350K .......... .......... .......... .......... .......... 34%  724K 4s
  1400K .......... .......... .......... .......... .......... 35% 1,46M 3s
  1450K .......... .......... .......... .......... .......... 36% 1,10M 3s
  1500K .......... .......... .......... .......... .......... 37% 1,20M 3s
  1550K .......... .......... .......... .......... .......... 39%  589K 3s
  1600K .......... .......... .......... .......... .......... 40%  990K 3s
  1650K .......... .......... .......... .......... .......... 41% 1,59M 3s
  1700K .......... .......... .......... .......... .......... 42%  882K 3s
  1750K .......... .......... .......... .......... .......... 43% 1,33M 3s
  1800K .......... .......... .......... .......... .......... 45% 1,05M 3s
  1850K .......... .......... .......... .......... .......... 46% 1,39M 3s
  1900K .......... .......... .......... .......... .......... 47% 2,79M 3s
  1950K .......... .......... .......... .......... .......... 48% 1,81M 2s
  2000K .......... .......... .......... .......... .......... 50% 2,64M 2s
  2050K .......... .......... .......... .......... .......... 51%  243K 2s
  2100K .......... .......... .......... .......... .......... 52% 3,04M 2s
  2150K .......... .......... .......... .......... .......... 53% 1,21M 2s
  2200K .......... .......... .......... .......... .......... 54% 1,90M 2s
  2250K .......... .......... .......... .......... .......... 56%  839K 2s
  2300K .......... .......... .......... .......... .......... 57% 1,83M 2s
  2350K .......... .......... .......... .......... .......... 58% 2,27M 2s
  2400K .......... .......... .......... .......... .......... 59% 6,04M 2s
  2450K .......... .......... .......... .......... .......... 61% 3,85M 2s
  2500K .......... .......... .......... .......... .......... 62% 2,06M 2s
  2550K .......... .......... .......... .......... .......... 63% 1,74M 2s
  2600K .......... .......... .......... .......... .......... 64% 4,41M 2s
  2650K .......... .......... .......... .......... .......... 65% 2,36M 1s
  2700K .......... .......... .......... .......... .......... 67% 2,79M 1s
  2750K .......... .......... .......... .......... .......... 68% 2,75M 1s
  2800K .......... .......... .......... .......... .......... 69% 3,06M 1s
  2850K .......... .......... .......... .......... .......... 70% 2,76M 1s
  2900K .......... .......... .......... .......... .......... 72% 4,28M 1s
  2950K .......... .......... .......... .......... .......... 73% 1,54M 1s
  3000K .......... .......... .......... .......... .......... 74% 4,19M 1s
  3050K .......... .......... .......... .......... .......... 75% 4,26M 1s
  3100K .......... .......... .......... .......... .......... 76% 7,67M 1s
  3150K .......... .......... .......... .......... .......... 78% 2,46M 1s
  3200K .......... .......... .......... .......... .......... 79% 4,47M 1s
  3250K .......... .......... .......... .......... .......... 80% 6,55M 1s
  3300K .......... .......... .......... .......... .......... 81% 2,23M 1s
  3350K .......... .......... .......... .......... .......... 83% 4,30M 1s
  3400K .......... .......... .......... .......... .......... 84% 7,24M 1s
  3450K .......... .......... .......... .......... .......... 85% 4,24M 1s
  3500K .......... .......... .......... .......... .......... 86% 5,17M 0s
  3550K .......... .......... .......... .......... .......... 87% 2,32M 0s
  3600K .......... .......... .......... .......... .......... 89% 8,86M 0s
  3650K .......... .......... .......... .......... .......... 90% 4,09M 0s
  3700K .......... .......... .......... .......... .......... 91% 3,38M 0s
  3750K .......... .......... .......... .......... .......... 92% 3,16M 0s
  3800K .......... .......... .......... .......... .......... 93% 4,17M 0s
  3850K .......... .......... .......... .......... .......... 95% 3,07M 0s
  3900K .......... .......... .......... .......... .......... 96% 3,85M 0s
  3950K .......... .......... .......... .......... .......... 97% 4,16M 0s
  4000K .......... .......... .......... .......... .......... 98% 3,98M 0s
  4050K .......... .......... .......... .......... ......    100% 4,60M=3,2s

2025-10-23 19:39:24 (1,24 MB/s) - ‘/home/vincenzo/Documenti/AMR/ros2pythonvenv/src/lab4workspace/build/multirobot_map_merge/map05.pgm’ salvato [4194362/4194362]

--2025-10-23 19:39:24--  https://raw.githubusercontent.com/hrnr/m-explore-extra/master/map_merge/gmapping_maps/2011-08-09-12-22-52.pgm
Risoluzione di raw.githubusercontent.com (raw.githubusercontent.com)... 185.199.110.133, 185.199.108.133, 185.199.109.133, ...
Connessione a raw.githubusercontent.com (raw.githubusercontent.com)|185.199.110.133|:443... connesso.
Richiesta HTTP inviata, in attesa di risposta... 200 OK
Lunghezza: 16000058 (15M) [application/octet-stream]
Salvataggio in: ‘/home/vincenzo/Documenti/AMR/ros2pythonvenv/src/lab4workspace/build/multirobot_map_merge/2011-08-09-12-22-52.pgm’

     0K .......... .......... .......... .......... ..........  0% 1,97M 8s
    50K .......... .......... .......... .......... ..........  0% 2,64M 7s
   100K .......... .......... .......... .......... ..........  0% 4,10M 6s
   150K .......... .......... .......... .......... ..........  1% 3,69M 5s
   200K .......... .......... .......... .......... ..........  1% 2,04M 6s
   250K .......... .......... .......... .......... ..........  1% 2,31M 6s
   300K .......... .......... .......... .......... ..........  2% 2,91M 6s
   350K .......... .......... .......... .......... ..........  2% 1,39M 6s
   400K .......... .......... .......... .......... ..........  2% 11,2M 6s
   450K .......... .......... .......... .......... ..........  3% 4,90M 5s
   500K .......... .......... .......... .......... ..........  3% 5,30M 5s
   550K .......... .......... .......... .......... ..........  3% 3,94M 5s
   600K .......... .......... .......... .......... ..........  4% 5,15M 5s
   650K .......... .......... .......... .......... ..........  4% 1,65M 5s
   700K .......... .......... .......... .......... ..........  4% 1,47M 5s
   750K .......... .......... .......... .......... ..........  5% 1,37M 6s
   800K .......... .......... .......... .......... ..........  5%  401K 8s
   850K .......... .......... .......... .......... ..........  5% 1,10M 8s
   900K .......... .......... .......... .......... ..........  6% 6,53M 8s
   950K .......... .......... .......... .......... ..........  6%  143M 7s
  1000K .......... .......... .......... .......... ..........  6% 4,18M 7s
  1050K .......... .......... .......... .......... ..........  7% 4,15M 7s
  1100K .......... .......... .......... .......... ..........  7% 5,32M 7s
  1150K .......... .......... .......... .......... ..........  7% 2,89M 6s
  1200K .......... .......... .......... .......... ..........  7% 3,87M 6s
  1250K .......... .......... .......... .......... ..........  8% 2,01M 6s
  1300K .......... .......... .......... .......... ..........  8% 24,1M 6s
  1350K .......... .......... .......... .......... ..........  8% 3,64M 6s
  1400K .......... .......... .......... .......... ..........  9% 3,26M 6s
  1450K .......... .......... .......... .......... ..........  9% 4,16M 6s
  1500K .......... .......... .......... .......... ..........  9% 3,80M 6s
  1550K .......... .......... .......... .......... .......... 10% 2,38M 6s
  1600K .......... .......... .......... .......... .......... 10% 1,46M 6s
  1650K .......... .......... .......... .......... .......... 10%  172M 6s
  1700K .......... .......... .......... .......... .......... 11% 9,84M 5s
  1750K .......... .......... .......... .......... .......... 11% 3,63M 5s
  1800K .......... .......... .......... .......... .......... 11% 2,95M 5s
  1850K .......... .......... .......... .......... .......... 12% 6,21M 5s
  1900K .......... .......... .......... .......... .......... 12% 3,17M 5s
  1950K .......... .......... .......... .......... .......... 12% 2,81M 5s
  2000K .......... .......... .......... .......... .......... 13% 4,18M 5s
  2050K .......... .......... .......... .......... .......... 13% 3,87M 5s
  2100K .......... .......... .......... .......... .......... 13% 3,75M 5s
  2150K .......... .......... .......... .......... .......... 14% 3,60M 5s
  2200K .......... .......... .......... .......... .......... 14% 3,52M 5s
  2250K .......... .......... .......... .......... .......... 14% 3,79M 5s
  2300K .......... .......... .......... .......... .......... 15% 5,03M 5s
  2350K .......... .......... .......... .......... .......... 15% 2,42M 5s
  2400K .......... .......... .......... .......... .......... 15% 5,11M 5s
  2450K .......... .......... .......... .......... .......... 15% 3,40M 5s
  2500K .......... .......... .......... .......... .......... 16% 2,29M 5s
  2550K .......... .......... .......... .......... .......... 16% 2,78M 5s
  2600K .......... .......... .......... .......... .......... 16% 16,6M 5s
  2650K .......... .......... .......... .......... .......... 17% 4,19M 5s
  2700K .......... .......... .......... .......... .......... 17% 3,44M 4s
  2750K .......... .......... .......... .......... .......... 17% 1,96M 4s
  2800K .......... .......... .......... .......... .......... 18% 4,20M 4s
  2850K .......... .......... .......... .......... .......... 18% 2,77M 4s
  2900K .......... .......... .......... .......... .......... 18% 3,24M 4s
  2950K .......... .......... .......... .......... .......... 19% 3,13M 4s
  3000K .......... .......... .......... .......... .......... 19% 2,81M 4s
  3050K .......... .......... .......... .......... .......... 19% 3,55M 4s
  3100K .......... .......... .......... .......... .......... 20% 2,67M 4s
  3150K .......... .......... .......... .......... .......... 20% 3,28M 4s
  3200K .......... .......... .......... .......... .......... 20% 1,99M 4s
  3250K .......... .......... .......... .......... .......... 21% 4,27M 4s
  3300K .......... .......... .......... .......... .......... 21% 1,70M 4s
  3350K .......... .......... .......... .......... .......... 21% 12,8M 4s
  3400K .......... .......... .......... .......... .......... 22% 2,63M 4s
  3450K .......... .......... .......... .......... .......... 22% 1,14M 4s
  3500K .......... .......... .......... .......... .......... 22% 5,87M 4s
  3550K .......... .......... .......... .......... .......... 23% 3,03M 4s
  3600K .......... .......... .......... .......... .......... 23% 4,38M 4s
  3650K .......... .......... .......... .......... .......... 23% 3,68M 4s
  3700K .......... .......... .......... .......... .......... 23% 3,82M 4s
  3750K .......... .......... .......... .......... .......... 24% 1,56M 4s
  3800K .......... .......... .......... .......... .......... 24% 1,99M 4s
  3850K .......... .......... .......... .......... .......... 24% 3,64M 4s
  3900K .......... .......... .......... .......... .......... 25% 3,53M 4s
  3950K .......... .......... .......... .......... .......... 25% 2,94M 4s
  4000K .......... .......... .......... .......... .......... 25% 1,05M 4s
  4050K .......... .......... .......... .......... .......... 26% 6,52M 4s
  4100K .......... .......... .......... .......... .......... 26% 3,67M 4s
  4150K .......... .......... .......... .......... .......... 26% 3,80M 4s
  4200K .......... .......... .......... .......... .......... 27% 1,67M 4s
  4250K .......... .......... .......... .......... .......... 27% 2,42M 4s
  4300K .......... .......... .......... .......... .......... 27% 1,28M 4s
  4350K .......... .......... .......... .......... .......... 28% 2,89M 4s
  4400K .......... .......... .......... .......... .......... 28% 6,42M 4s
  4450K .......... .......... .......... .......... .......... 28% 3,97M 4s
  4500K .......... .......... .......... .......... .......... 29% 1,85M 4s
  4550K .......... .......... .......... .......... .......... 29% 1,89M 4s
  4600K .......... .......... .......... .......... .......... 29% 2,85M 4s
  4650K .......... .......... .......... .......... .......... 30% 2,24M 4s
  4700K .......... .......... .......... .......... .......... 30% 8,52M 4s
  4750K .......... .......... .......... .......... .......... 30% 2,44M 4s
  4800K .......... .......... .......... .......... .......... 31% 2,42M 4s
  4850K .......... .......... .......... .......... .......... 31% 3,67M 4s
  4900K .......... .......... .......... .......... .......... 31% 2,39M 4s
  4950K .......... .......... .......... .......... .......... 31% 2,61M 4s
  5000K .......... .......... .......... .......... .......... 32% 3,18M 4s
  5050K .......... .......... .......... .......... .......... 32% 1,95M 4s
  5100K .......... .......... .......... .......... .......... 32% 5,18M 4s
  5150K .......... .......... .......... .......... .......... 33% 2,79M 4s
  5200K .......... .......... .......... .......... .......... 33%  841K 4s
  5250K .......... .......... .......... .......... .......... 33% 3,16M 4s
  5300K .......... .......... .......... .......... .......... 34% 2,41M 4s
  5350K .......... .......... .......... .......... .......... 34%  102M 4s
  5400K .......... .......... .......... .......... .......... 34% 15,0M 4s
  5450K .......... .......... .......... .......... .......... 35% 4,64M 4s
  5500K .......... .......... .......... .......... .......... 35% 2,23M 4s
  5550K .......... .......... .......... .......... .......... 35% 2,26M 4s
  5600K .......... .......... .......... .......... .......... 36% 8,83M 4s
  5650K .......... .......... .......... .......... .......... 36% 3,84M 4s
  5700K .......... .......... .......... .......... .......... 36% 3,36M 4s
  5750K .......... .......... .......... .......... .......... 37% 1,88M 4s
  5800K .......... .......... .......... .......... .......... 37% 1,74M 4s
  5850K .......... .......... .......... .......... .......... 37% 3,26M 3s
  5900K .......... .......... .......... .......... .......... 38% 3,51M 3s
  5950K .......... .......... .......... .......... .......... 38% 2,28M 3s
  6000K .......... .......... .......... .......... .......... 38% 3,27M 3s
  6050K .......... .......... .......... .......... .......... 39% 1,44M 3s
  6100K .......... .......... .......... .......... .......... 39%  804K 3s
  6150K .......... .......... .......... .......... .......... 39% 3,62M 3s
  6200K .......... .......... .......... .......... .......... 39% 1,29M 3s
  6250K .......... .......... .......... .......... .......... 40%  315K 4s
  6300K .......... .......... .......... .......... .......... 40%  961K 4s
  6350K .......... .......... .......... .......... .......... 40%  177M 4s
  6400K .......... .......... .......... .......... .......... 41%  152M 4s
  6450K .......... .......... .......... .......... .......... 41%  812K 4s
  6500K .......... .......... .......... .......... .......... 41%  138M 4s
  6550K .......... .......... .......... .......... .......... 42% 62,8M 4s
  6600K .......... .......... .......... .......... .......... 42% 1,80M 4s
  6650K .......... .......... .......... .......... .......... 42% 16,4M 3s
  6700K .......... .......... .......... .......... .......... 43%  755K 4s
  6750K .......... .......... .......... .......... .......... 43% 1,50M 4s
  6800K .......... .......... .......... .......... .......... 43% 2,03M 4s
  6850K .......... .......... .......... .......... .......... 44%  938K 4s
  6900K .......... .......... .......... .......... .......... 44% 1,97M 4s
  6950K .......... .......... .......... .......... .......... 44% 2,58M 3s
  7000K .......... .......... .......... .......... .......... 45%  933K 4s
  7050K .......... .......... .......... .......... .......... 45%  363K 4s
  7100K .......... .......... .......... .......... .......... 45%  133M 4s
  7150K .......... .......... .......... .......... .......... 46% 91,5M 4s
  7200K .......... .......... .......... .......... .......... 46% 1,93M 4s
  7250K .......... .......... .......... .......... .......... 46%  864K 4s
  7300K .......... .......... .......... .......... .......... 47% 2,47M 4s
  7350K .......... .......... .......... .......... .......... 47% 2,19M 4s
  7400K .......... .......... .......... .......... .......... 47% 2,69M 3s
  7450K .......... .......... .......... .......... .......... 47% 5,87M 3s
  7500K .......... .......... .......... .......... .......... 48% 3,89M 3s
  7550K .......... .......... .......... .......... .......... 48% 2,82M 3s
  7600K .......... .......... .......... .......... .......... 48% 3,02M 3s
  7650K .......... .......... .......... .......... .......... 49% 4,92M 3s
  7700K .......... .......... .......... .......... .......... 49% 3,19M 3s
  7750K .......... .......... .......... .......... .......... 49% 2,68M 3s
  7800K .......... .......... .......... .......... .......... 50% 1,90M 3s
  7850K .......... .......... .......... .......... .......... 50% 1,42M 3s
  7900K .......... .......... .......... .......... .......... 50% 21,2M 3s
  7950K .......... .......... .......... .......... .......... 51% 1,81M 3s
  8000K .......... .......... .......... .......... .......... 51% 1,30M 3s
  8050K .......... .......... .......... .......... .......... 51%  165M 3s
  8100K .......... .......... .......... .......... .......... 52% 3,11M 3s
  8150K .......... .......... .......... .......... .......... 52% 3,81M 3s
  8200K .......... .......... .......... .......... .......... 52% 3,66M 3s
  8250K .......... .......... .......... .......... .......... 53% 3,57M 3s
  8300K .......... .......... .......... .......... .......... 53% 3,71M 3s
  8350K .......... .......... .......... .......... .......... 53% 2,65M 3s
  8400K .......... .......... .......... .......... .......... 54% 3,18M 3s
  8450K .......... .......... .......... .......... .......... 54% 1,61M 3s
  8500K .......... .......... .......... .......... .......... 54% 6,48M 3s
  8550K .......... .......... .......... .......... .......... 55% 12,5M 3s
  8600K .......... .......... .......... .......... .......... 55% 6,29M 3s
  8650K .......... .......... .......... .......... .......... 55% 4,09M 3s
  8700K .......... .......... .......... .......... .......... 55% 3,64M 3s
  8750K .......... .......... .......... .......... .......... 56% 2,54M 3s
  8800K .......... .......... .......... .......... .......... 56% 4,16M 3s
  8850K .......... .......... .......... .......... .......... 56% 3,89M 3s
  8900K .......... .......... .......... .......... .......... 57% 1,16M 3s
  8950K .......... .......... .......... .......... .......... 57% 7,29M 3s
  9000K .......... .......... .......... .......... .......... 57% 10,5M 3s
  9050K .......... .......... .......... .......... .......... 58% 1,68M 3s
  9100K .......... .......... .......... .......... .......... 58% 4,91M 3s
  9150K .......... .......... .......... .......... .......... 58% 2,13M 3s
  9200K .......... .......... .......... .......... .......... 59% 9,46M 3s
  9250K .......... .......... .......... .......... .......... 59% 3,98M 3s
  9300K .......... .......... .......... .......... .......... 59% 3,62M 3s
  9350K .......... .......... .......... .......... .......... 60% 3,35M 3s
  9400K .......... .......... .......... .......... .......... 60% 4,17M 2s
  9450K .......... .......... .......... .......... .......... 60% 3,80M 2s
  9500K .......... .......... .......... .......... .......... 61% 3,93M 2s
  9550K .......... .......... .......... .......... .......... 61% 2,71M 2s
  9600K .......... .......... .......... .......... .......... 61% 3,82M 2s
  9650K .......... .......... .......... .......... .......... 62% 3,70M 2s
  9700K .......... .......... .......... .......... .......... 62% 4,04M 2s
  9750K .......... .......... .......... .......... .......... 62% 2,32M 2s
  9800K .......... .......... .......... .......... .......... 63% 5,24M 2s
  9850K .......... .......... .......... .......... .......... 63% 2,71M 2s
  9900K .......... .......... .......... .......... .......... 63% 1,92M 2s
  9950K .......... .......... .......... .......... .......... 63% 4,32M 2s
 10000K .......... .......... .......... .......... .......... 64% 5,82M 2s
 10050K .......... .......... .......... .......... .......... 64% 2,67M 2s
 10100K .......... .......... .......... .......... .......... 64% 4,35M 2s
 10150K .......... .......... .......... .......... .......... 65% 5,15M 2s
 10200K .......... .......... .......... .......... .......... 65% 3,82M 2s
 10250K .......... .......... .......... .......... .......... 65% 3,27M 2s
 10300K .......... .......... .......... .......... .......... 66% 3,44M 2s
 10350K .......... .......... .......... .......... .......... 66% 3,42M 2s
 10400K .......... .......... .......... .......... .......... 66% 3,62M 2s
 10450K .......... .......... .......... .......... .......... 67% 3,29M 2s
 10500K .......... .......... .......... .......... .......... 67% 3,65M 2s
 10550K .......... .......... .......... .......... .......... 67% 4,94M 2s
 10600K .......... .......... .......... .......... .......... 68% 2,73M 2s
 10650K .......... .......... .......... .......... .......... 68% 5,10M 2s
 10700K .......... .......... .......... .......... .......... 68% 3,86M 2s
 10750K .......... .......... .......... .......... .......... 69% 2,91M 2s
 10800K .......... .......... .......... .......... .......... 69% 2,17M 2s
 10850K .......... .......... .......... .......... .......... 69% 5,53M 2s
 10900K .......... .......... .......... .......... .......... 70% 5,84M 2s
 10950K .......... .......... .......... .......... .......... 70% 1,66M 2s
 11000K .......... .......... .......... .......... .......... 70%  125M 2s
 11050K .......... .......... .......... .......... .......... 71% 5,79M 2s
 11100K .......... .......... .......... .......... .......... 71% 2,21M 2s
 11150K .......... .......... .......... .......... .......... 71% 2,97M 2s
 11200K .......... .......... .......... .......... .......... 71% 2,37M 2s
 11250K .......... .......... .......... .......... .......... 72% 2,15M 2s
 11300K .......... .......... .......... .......... .......... 72%  145M 2s
 11350K .......... .......... .......... .......... .......... 72% 1,40M 2s
 11400K .......... .......... .......... .......... .......... 73% 31,5M 2s
 11450K .......... .......... .......... .......... .......... 73% 7,88M 2s
 11500K .......... .......... .......... .......... .......... 73% 2,82M 2s
 11550K .......... .......... .......... .......... .......... 74% 2,85M 2s
 11600K .......... .......... .......... .......... .......... 74% 3,90M 2s
 11650K .......... .......... .......... .......... .......... 74% 3,90M 1s
 11700K .......... .......... .......... .......... .......... 75% 3,50M 1s
 11750K .......... .......... .......... .......... .......... 75% 3,97M 1s
 11800K .......... .......... .......... .......... .......... 75% 4,13M 1s
 11850K .......... .......... .......... .......... .......... 76% 3,55M 1s
 11900K .......... .......... .......... .......... .......... 76% 3,74M 1s
 11950K .......... .......... .......... .......... .......... 76% 2,92M 1s
 12000K .......... .......... .......... .......... .......... 77% 3,46M 1s
 12050K .......... .......... .......... .......... .......... 77% 3,81M 1s
 12100K .......... .......... .......... .......... .......... 77% 2,89M 1s
 12150K .......... .......... .......... .......... .......... 78% 5,21M 1s
 12200K .......... .......... .......... .......... .......... 78% 4,04M 1s
 12250K .......... .......... .......... .......... .......... 78% 3,61M 1s
 12300K .......... .......... .......... .......... .......... 79% 3,36M 1s
 12350K .......... .......... .......... .......... .......... 79% 3,12M 1s
 12400K .......... .......... .......... .......... .......... 79% 3,90M 1s
 12450K .......... .......... .......... .......... .......... 79% 2,78M 1s
 12500K .......... .......... .......... .......... .......... 80% 4,55M 1s
 12550K .......... .......... .......... .......... .......... 80% 4,40M 1s
 12600K .......... .......... .......... .......... .......... 80% 3,95M 1s
 12650K .......... .......... .......... .......... .......... 81% 3,09M 1s
 12700K .......... .......... .......... .......... .......... 81% 4,75M 1s
 12750K .......... .......... .......... .......... .......... 81% 2,84M 1s
 12800K .......... .......... .......... .......... .......... 82% 2,92M 1s
 12850K .......... .......... .......... .......... .......... 82% 4,56M 1s
 12900K .......... .......... .......... .......... .......... 82% 4,06M 1s
 12950K .......... .......... .......... .......... .......... 83% 3,81M 1s
 13000K .......... .......... .......... .......... .......... 83% 3,69M 1s
 13050K .......... .......... .......... .......... .......... 83% 3,07M 1s
 13100K .......... .......... .......... .......... .......... 84% 4,64M 1s
 13150K .......... .......... .......... .......... .......... 84% 2,94M 1s
 13200K .......... .......... .......... .......... .......... 84% 3,97M 1s
 13250K .......... .......... .......... .......... .......... 85% 3,67M 1s
 13300K .......... .......... .......... .......... .......... 85% 3,58M 1s
 13350K .......... .......... .......... .......... .......... 85% 3,94M 1s
 13400K .......... .......... .......... .......... .......... 86% 3,22M 1s
 13450K .......... .......... .......... .......... .......... 86% 3,45M 1s
 13500K .......... .......... .......... .......... .......... 86% 3,50M 1s
 13550K .......... .......... .......... .......... .......... 87% 2,98M 1s
 13600K .......... .......... .......... .......... .......... 87% 4,33M 1s
 13650K .......... .......... .......... .......... .......... 87% 3,79M 1s
 13700K .......... .......... .......... .......... .......... 87% 4,01M 1s
 13750K .......... .......... .......... .......... .......... 88% 3,29M 1s
 13800K .......... .......... .......... .......... .......... 88% 3,22M 1s
 13850K .......... .......... .......... .......... .......... 88% 4,97M 1s
 13900K .......... .......... .......... .......... .......... 89% 3,77M 1s
 13950K .......... .......... .......... .......... .......... 89% 2,92M 1s
 14000K .......... .......... .......... .......... .......... 89% 3,13M 1s
 14050K .......... .......... .......... .......... .......... 90% 4,69M 1s
 14100K .......... .......... .......... .......... .......... 90% 3,17M 1s
 14150K .......... .......... .......... .......... .......... 90% 2,08M 1s
 14200K .......... .......... .......... .......... .......... 91% 39,9M 0s
 14250K .......... .......... .......... .......... .......... 91% 3,91M 0s
 14300K .......... .......... .......... .......... .......... 91% 2,34M 0s
 14350K .......... .......... .......... .......... .......... 92% 2,93M 0s
 14400K .......... .......... .......... .......... .......... 92% 3,85M 0s
 14450K .......... .......... .......... .......... .......... 92% 3,95M 0s
 14500K .......... .......... .......... .......... .......... 93% 3,11M 0s
 14550K .......... .......... .......... .......... .......... 93% 4,61M 0s
 14600K .......... .......... .......... .......... .......... 93% 3,63M 0s
 14650K .......... .......... .......... .......... .......... 94% 3,91M 0s
 14700K .......... .......... .......... .......... .......... 94% 3,13M 0s
 14750K .......... .......... .......... .......... .......... 94% 2,92M 0s
 14800K .......... .......... .......... .......... .......... 95% 3,78M 0s
 14850K .......... .......... .......... .......... .......... 95% 3,24M 0s
 14900K .......... .......... .......... .......... .......... 95% 3,10M 0s
 14950K .......... .......... .......... .......... .......... 95% 5,64M 0s
 15000K .......... .......... .......... .......... .......... 96% 3,59M 0s
 15050K .......... .......... .......... .......... .......... 96% 2,33M 0s
 15100K .......... .......... .......... .......... .......... 96% 4,18M 0s
 15150K .......... .......... .......... .......... .......... 97% 2,88M 0s
 15200K .......... .......... .......... .......... .......... 97% 2,42M 0s
 15250K .......... .......... .......... .......... .......... 97% 3,33M 0s
 15300K .......... .......... .......... .......... .......... 98% 3,63M 0s
 15350K .......... .......... .......... .......... .......... 98% 3,01M 0s
 15400K .......... .......... .......... .......... .......... 98% 1,91M 0s
 15450K .......... .......... .......... .......... .......... 99% 2,97M 0s
 15500K .......... .......... .......... .......... .......... 99% 1,57M 0s
 15550K .......... .......... .......... .......... .......... 99% 1,37M 0s
 15600K .......... .......... .....                           100%  101M=5,6s

2025-10-23 19:39:31 (2,74 MB/s) - ‘/home/vincenzo/Documenti/AMR/ros2pythonvenv/src/lab4workspace/build/multirobot_map_merge/2011-08-09-12-22-52.pgm’ salvato [16000058/16000058]

--2025-10-23 19:39:31--  https://raw.githubusercontent.com/hrnr/m-explore-extra/master/map_merge/gmapping_maps/2012-01-28-11-12-01.pgm
Risoluzione di raw.githubusercontent.com (raw.githubusercontent.com)... 185.199.109.133, 185.199.110.133, 185.199.111.133, ...
Connessione a raw.githubusercontent.com (raw.githubusercontent.com)|185.199.109.133|:443... connesso.
Richiesta HTTP inviata, in attesa di risposta... 200 OK
Lunghezza: 16000058 (15M) [application/octet-stream]
Salvataggio in: ‘/home/vincenzo/Documenti/AMR/ros2pythonvenv/src/lab4workspace/build/multirobot_map_merge/2012-01-28-11-12-01.pgm’

     0K .......... .......... .......... .......... ..........  0% 2,82M 5s
    50K .......... .......... .......... .......... ..........  0% 3,44M 5s
   100K .......... .......... .......... .......... ..........  0% 3,56M 5s
   150K .......... .......... .......... .......... ..........  1% 3,26M 5s
   200K .......... .......... .......... .......... ..........  1% 3,36M 5s
   250K .......... .......... .......... .......... ..........  1% 4,44M 4s
   300K .......... .......... .......... .......... ..........  2% 3,38M 4s
   350K .......... .......... .......... .......... ..........  2% 4,31M 4s
   400K .......... .......... .......... .......... ..........  2% 2,91M 4s
   450K .......... .......... .......... .......... ..........  3% 5,40M 4s
   500K .......... .......... .......... .......... ..........  3% 3,60M 4s
   550K .......... .......... .......... .......... ..........  3% 2,96M 4s
   600K .......... .......... .......... .......... ..........  4% 3,55M 4s
   650K .......... .......... .......... .......... ..........  4% 2,98M 4s
   700K .......... .......... .......... .......... ..........  4% 5,28M 4s
   750K .......... .......... .......... .......... ..........  5% 3,88M 4s
   800K .......... .......... .......... .......... ..........  5% 3,79M 4s
   850K .......... .......... .......... .......... ..........  5% 2,70M 4s
   900K .......... .......... .......... .......... ..........  6% 5,85M 4s
   950K .......... .......... .......... .......... ..........  6% 2,66M 4s
  1000K .......... .......... .......... .......... ..........  6% 3,49M 4s
  1050K .......... .......... .......... .......... ..........  7% 4,42M 4s
  1100K .......... .......... .......... .......... ..........  7% 3,85M 4s
  1150K .......... .......... .......... .......... ..........  7% 3,50M 4s
  1200K .......... .......... .......... .......... ..........  7% 3,71M 4s
  1250K .......... .......... .......... .......... ..........  8% 4,17M 4s
  1300K .......... .......... .......... .......... ..........  8% 3,66M 4s
  1350K .......... .......... .......... .......... ..........  8% 2,85M 4s
  1400K .......... .......... .......... .......... ..........  9% 2,99M 4s
  1450K .......... .......... .......... .......... ..........  9% 5,30M 4s
  1500K .......... .......... .......... .......... ..........  9% 3,61M 4s
  1550K .......... .......... .......... .......... .......... 10% 3,65M 4s
  1600K .......... .......... .......... .......... .......... 10% 3,49M 4s
  1650K .......... .......... .......... .......... .......... 10% 4,12M 4s
  1700K .......... .......... .......... .......... .......... 11% 3,92M 4s
  1750K .......... .......... .......... .......... .......... 11% 2,68M 4s
  1800K .......... .......... .......... .......... .......... 11% 3,91M 4s
  1850K .......... .......... .......... .......... .......... 12% 3,66M 4s
  1900K .......... .......... .......... .......... .......... 12% 3,72M 4s
  1950K .......... .......... .......... .......... .......... 12% 2,93M 4s
  2000K .......... .......... .......... .......... .......... 13% 5,37M 4s
  2050K .......... .......... .......... .......... .......... 13% 3,89M 4s
  2100K .......... .......... .......... .......... .......... 13% 3,62M 4s
  2150K .......... .......... .......... .......... .......... 14% 2,20M 4s
  2200K .......... .......... .......... .......... .......... 14% 6,28M 4s
  2250K .......... .......... .......... .......... .......... 14% 3,74M 4s
  2300K .......... .......... .......... .......... .......... 15% 2,94M 4s
  2350K .......... .......... .......... .......... .......... 15% 5,56M 4s
  2400K .......... .......... .......... .......... .......... 15% 3,75M 4s
  2450K .......... .......... .......... .......... .......... 15% 3,60M 4s
  2500K .......... .......... .......... .......... .......... 16% 3,69M 4s
  2550K .......... .......... .......... .......... .......... 16% 2,27M 4s
  2600K .......... .......... .......... .......... .......... 16% 2,93M 4s
  2650K .......... .......... .......... .......... .......... 17% 2,16M 4s
  2700K .......... .......... .......... .......... .......... 17% 3,66M 4s
  2750K .......... .......... .......... .......... .......... 17% 3,93M 4s
  2800K .......... .......... .......... .......... .......... 18% 3,70M 4s
  2850K .......... .......... .......... .......... .......... 18% 1,76M 4s
  2900K .......... .......... .......... .......... .......... 18%  118M 4s
  2950K .......... .......... .......... .......... .......... 19% 2,84M 4s
  3000K .......... .......... .......... .......... .......... 19% 3,33M 4s
  3050K .......... .......... .......... .......... .......... 19% 2,04M 4s
  3100K .......... .......... .......... .......... .......... 20% 2,76M 4s
  3150K .......... .......... .......... .......... .......... 20%  349K 4s
  3200K .......... .......... .......... .......... .......... 20% 6,94M 4s
  3250K .......... .......... .......... .......... .......... 21%  247M 4s
  3300K .......... .......... .......... .......... .......... 21%  258M 4s
  3350K .......... .......... .......... .......... .......... 21%  188M 4s
  3400K .......... .......... .......... .......... .......... 22%  265M 4s
  3450K .......... .......... .......... .......... .......... 22%  269M 4s
  3500K .......... .......... .......... .......... .......... 22%  276M 4s
  3550K .......... .......... .......... .......... .......... 23% 6,19M 4s
  3600K .......... .......... .......... .......... .......... 23% 4,81M 3s
  3650K .......... .......... .......... .......... .......... 23% 3,68M 3s
  3700K .......... .......... .......... .......... .......... 23% 2,07M 3s
  3750K .......... .......... .......... .......... .......... 24% 1,37M 4s
  3800K .......... .......... .......... .......... .......... 24% 2,89M 4s
  3850K .......... .......... .......... .......... .......... 24% 4,05M 3s
  3900K .......... .......... .......... .......... .......... 25% 3,72M 3s
  3950K .......... .......... .......... .......... .......... 25% 2,32M 3s
  4000K .......... .......... .......... .......... .......... 25% 2,32M 3s
  4050K .......... .......... .......... .......... .......... 26% 2,55M 3s
  4100K .......... .......... .......... .......... .......... 26% 1,85M 3s
  4150K .......... .......... .......... .......... .......... 26% 2,55M 3s
  4200K .......... .......... .......... .......... .......... 27% 3,72M 3s
  4250K .......... .......... .......... .......... .......... 27% 2,66M 3s
  4300K .......... .......... .......... .......... .......... 27% 4,93M 3s
  4350K .......... .......... .......... .......... .......... 28% 3,82M 3s
  4400K .......... .......... .......... .......... .......... 28% 3,82M 3s
  4450K .......... .......... .......... .......... .......... 28% 2,91M 3s
  4500K .......... .......... .......... .......... .......... 29% 3,75M 3s
  4550K .......... .......... .......... .......... .......... 29% 3,70M 3s
  4600K .......... .......... .......... .......... .......... 29% 3,65M 3s
  4650K .......... .......... .......... .......... .......... 30% 2,78M 3s
  4700K .......... .......... .......... .......... .......... 30% 6,33M 3s
  4750K .......... .......... .......... .......... .......... 30% 3,45M 3s
  4800K .......... .......... .......... .......... .......... 31% 3,51M 3s
  4850K .......... .......... .......... .......... .......... 31% 1,40M 3s
  4900K .......... .......... .......... .......... .......... 31% 24,8M 3s
  4950K .......... .......... .......... .......... .......... 31% 6,31M 3s
  5000K .......... .......... .......... .......... .......... 32% 1,43M 3s
  5050K .......... .......... .......... .......... .......... 32% 13,7M 3s
  5100K .......... .......... .......... .......... .......... 32% 2,64M 3s
  5150K .......... .......... .......... .......... .......... 33% 4,56M 3s
  5200K .......... .......... .......... .......... .......... 33% 22,4M 3s
  5250K .......... .......... .......... .......... .......... 33% 4,02M 3s
  5300K .......... .......... .......... .......... .......... 34% 2,53M 3s
  5350K .......... .......... .......... .......... .......... 34% 1,09M 3s
  5400K .......... .......... .......... .......... .......... 34% 4,25M 3s
  5450K .......... .......... .......... .......... .......... 35% 1,58M 3s
  5500K .......... .......... .......... .......... .......... 35% 3,86M 3s
  5550K .......... .......... .......... .......... .......... 35%  133M 3s
  5600K .......... .......... .......... .......... .......... 36% 5,39M 3s
  5650K .......... .......... .......... .......... .......... 36% 1,05M 3s
  5700K .......... .......... .......... .......... .......... 36% 3,59M 3s
  5750K .......... .......... .......... .......... .......... 37% 3,36M 3s
  5800K .......... .......... .......... .......... .......... 37% 2,38M 3s
  5850K .......... .......... .......... .......... .......... 37% 1,20M 3s
  5900K .......... .......... .......... .......... .......... 38%  106M 3s
  5950K .......... .......... .......... .......... .......... 38% 4,95M 3s
  6000K .......... .......... .......... .......... .......... 38% 21,6M 3s
  6050K .......... .......... .......... .......... .......... 39% 2,65M 3s
  6100K .......... .......... .......... .......... .......... 39% 2,37M 3s
  6150K .......... .......... .......... .......... .......... 39% 2,48M 3s
  6200K .......... .......... .......... .......... .......... 39% 1,56M 3s
  6250K .......... .......... .......... .......... .......... 40% 12,4M 3s
  6300K .......... .......... .......... .......... .......... 40% 2,99M 3s
  6350K .......... .......... .......... .......... .......... 40% 4,47M 3s
  6400K .......... .......... .......... .......... .......... 41% 3,03M 3s
  6450K .......... .......... .......... .......... .......... 41% 2,31M 3s
  6500K .......... .......... .......... .......... .......... 41% 3,10M 3s
  6550K .......... .......... .......... .......... .......... 42% 3,42M 3s
  6600K .......... .......... .......... .......... .......... 42% 3,59M 3s
  6650K .......... .......... .......... .......... .......... 42% 3,03M 3s
  6700K .......... .......... .......... .......... .......... 43% 3,44M 3s
  6750K .......... .......... .......... .......... .......... 43% 3,26M 3s
  6800K .......... .......... .......... .......... .......... 43% 3,27M 3s
  6850K .......... .......... .......... .......... .......... 44% 1,81M 3s
  6900K .......... .......... .......... .......... .......... 44% 43,8M 3s
  6950K .......... .......... .......... .......... .......... 44% 3,39M 3s
  7000K .......... .......... .......... .......... .......... 45% 1,27M 3s
  7050K .......... .......... .......... .......... .......... 45% 9,77M 3s
  7100K .......... .......... .......... .......... .......... 45% 11,1M 3s
  7150K .......... .......... .......... .......... .......... 46% 5,34M 3s
  7200K .......... .......... .......... .......... .......... 46% 4,48M 3s
  7250K .......... .......... .......... .......... .......... 46% 3,09M 3s
  7300K .......... .......... .......... .......... .......... 47% 2,66M 3s
  7350K .......... .......... .......... .......... .......... 47% 1,95M 3s
  7400K .......... .......... .......... .......... .......... 47% 2,99M 3s
  7450K .......... .......... .......... .......... .......... 47% 3,59M 3s
  7500K .......... .......... .......... .......... .......... 48% 4,18M 2s
  7550K .......... .......... .......... .......... .......... 48% 3,63M 2s
  7600K .......... .......... .......... .......... .......... 48% 3,70M 2s
  7650K .......... .......... .......... .......... .......... 49% 2,76M 2s
  7700K .......... .......... .......... .......... .......... 49% 2,89M 2s
  7750K .......... .......... .......... .......... .......... 49% 5,03M 2s
  7800K .......... .......... .......... .......... .......... 50% 3,67M 2s
  7850K .......... .......... .......... .......... .......... 50% 4,01M 2s
  7900K .......... .......... .......... .......... .......... 50% 2,91M 2s
  7950K .......... .......... .......... .......... .......... 51% 3,93M 2s
  8000K .......... .......... .......... .......... .......... 51% 4,11M 2s
  8050K .......... .......... .......... .......... .......... 51% 2,78M 2s
  8100K .......... .......... .......... .......... .......... 52% 3,85M 2s
  8150K .......... .......... .......... .......... .......... 52% 3,73M 2s
  8200K .......... .......... .......... .......... .......... 52% 3,91M 2s
  8250K .......... .......... .......... .......... .......... 53% 3,61M 2s
  8300K .......... .......... .......... .......... .......... 53% 3,69M 2s
  8350K .......... .......... .......... .......... .......... 53% 3,61M 2s
  8400K .......... .......... .......... .......... .......... 54% 3,81M 2s
  8450K .......... .......... .......... .......... .......... 54% 2,27M 2s
  8500K .......... .......... .......... .......... .......... 54% 3,99M 2s
  8550K .......... .......... .......... .......... .......... 55% 3,80M 2s
  8600K .......... .......... .......... .......... .......... 55% 3,52M 2s
  8650K .......... .......... .......... .......... .......... 55% 4,00M 2s
  8700K .......... .......... .......... .......... .......... 55% 3,76M 2s
  8750K .......... .......... .......... .......... .......... 56% 3,87M 2s
  8800K .......... .......... .......... .......... .......... 56% 3,29M 2s
  8850K .......... .......... .......... .......... .......... 56% 3,16M 2s
  8900K .......... .......... .......... .......... .......... 57% 3,47M 2s
  8950K .......... .......... .......... .......... .......... 57% 3,17M 2s
  9000K .......... .......... .......... .......... .......... 57% 3,71M 2s
  9050K .......... .......... .......... .......... .......... 58% 3,91M 2s
  9100K .......... .......... .......... .......... .......... 58% 3,34M 2s
  9150K .......... .......... .......... .......... .......... 58% 4,30M 2s
  9200K .......... .......... .......... .......... .......... 59% 3,87M 2s
  9250K .......... .......... .......... .......... .......... 59% 2,71M 2s
  9300K .......... .......... .......... .......... .......... 59% 3,79M 2s
  9350K .......... .......... .......... .......... .......... 60% 2,18M 2s
  9400K .......... .......... .......... .......... .......... 60% 14,2M 2s
  9450K .......... .......... .......... .......... .......... 60% 3,68M 2s
  9500K .......... .......... .......... .......... .......... 61% 1,67M 2s
  9550K .......... .......... .......... .......... .......... 61% 41,4M 2s
  9600K .......... .......... .......... .......... .......... 61% 5,51M 2s
  9650K .......... .......... .......... .......... .......... 62% 2,95M 2s
  9700K .......... .......... .......... .......... .......... 62% 1,41M 2s
  9750K .......... .......... .......... .......... .......... 62%  109M 2s
  9800K .......... .......... .......... .......... .......... 63% 5,01M 2s
  9850K .......... .......... .......... .......... .......... 63% 3,88M 2s
  9900K .......... .......... .......... .......... .......... 63% 3,11M 2s
  9950K .......... .......... .......... .......... .......... 63% 2,98M 2s
 10000K .......... .......... .......... .......... .......... 64% 2,92M 2s
 10050K .......... .......... .......... .......... .......... 64% 2,55M 2s
 10100K .......... .......... .......... .......... .......... 64% 4,41M 2s
 10150K .......... .......... .......... .......... .......... 65% 3,60M 2s
 10200K .......... .......... .......... .......... .......... 65% 2,16M 2s
 10250K .......... .......... .......... .......... .......... 65% 5,24M 2s
 10300K .......... .......... .......... .......... .......... 66% 4,28M 2s
 10350K .......... .......... .......... .......... .......... 66% 1,15M 2s
 10400K .......... .......... .......... .......... .......... 66% 1,89M 2s
 10450K .......... .......... .......... .......... .......... 67%  111M 2s
 10500K .......... .......... .......... .......... .......... 67% 1,27M 2s
 10550K .......... .......... .......... .......... .......... 67% 3,92M 2s
 10600K .......... .......... .......... .......... .......... 68% 1,74M 2s
 10650K .......... .......... .......... .......... .......... 68% 7,03M 2s
 10700K .......... .......... .......... .......... .......... 68%  146M 1s
 10750K .......... .......... .......... .......... .......... 69% 2,85M 1s
 10800K .......... .......... .......... .......... .......... 69% 6,51M 1s
 10850K .......... .......... .......... .......... .......... 69% 3,06M 1s
 10900K .......... .......... .......... .......... .......... 70% 3,36M 1s
 10950K .......... .......... .......... .......... .......... 70% 3,24M 1s
 11000K .......... .......... .......... .......... .......... 70% 1,95M 1s
 11050K .......... .......... .......... .......... .......... 71% 5,53M 1s
 11100K .......... .......... .......... .......... .......... 71% 4,13M 1s
 11150K .......... .......... .......... .......... .......... 71% 4,22M 1s
 11200K .......... .......... .......... .......... .......... 71% 3,34M 1s
 11250K .......... .......... .......... .......... .......... 72% 3,01M 1s
 11300K .......... .......... .......... .......... .......... 72% 2,90M 1s
 11350K .......... .......... .......... .......... .......... 72% 5,03M 1s
 11400K .......... .......... .......... .......... .......... 73% 3,61M 1s
 11450K .......... .......... .......... .......... .......... 73% 3,61M 1s
 11500K .......... .......... .......... .......... .......... 73% 3,64M 1s
 11550K .......... .......... .......... .......... .......... 74% 4,28M 1s
 11600K .......... .......... .......... .......... .......... 74% 3,55M 1s
 11650K .......... .......... .......... .......... .......... 74% 2,35M 1s
 11700K .......... .......... .......... .......... .......... 75% 2,92M 1s
 11750K .......... .......... .......... .......... .......... 75% 1,93M 1s
 11800K .......... .......... .......... .......... .......... 75% 2,87M 1s
 11850K .......... .......... .......... .......... .......... 76%  729K 1s
 11900K .......... .......... .......... .......... .......... 76%  147M 1s
 11950K .......... .......... .......... .......... .......... 76%  144M 1s
 12000K .......... .......... .......... .......... .......... 77%  139M 1s
 12050K .......... .......... .......... .......... .......... 77% 2,07M 1s
 12100K .......... .......... .......... .......... .......... 77%  131M 1s
 12150K .......... .......... .......... .......... .......... 78% 2,32M 1s
 12200K .......... .......... .......... .......... .......... 78% 5,14M 1s
 12250K .......... .......... .......... .......... .......... 78% 4,86M 1s
 12300K .......... .......... .......... .......... .......... 79% 3,10M 1s
 12350K .......... .......... .......... .......... .......... 79% 2,44M 1s
 12400K .......... .......... .......... .......... .......... 79% 6,65M 1s
 12450K .......... .......... .......... .......... .......... 79% 1,04M 1s
 12500K .......... .......... .......... .......... .......... 80% 4,42M 1s
 12550K .......... .......... .......... .......... .......... 80% 2,47M 1s
 12600K .......... .......... .......... .......... .......... 80% 1,87M 1s
 12650K .......... .......... .......... .......... .......... 81% 19,4M 1s
 12700K .......... .......... .......... .......... .......... 81% 41,4M 1s
 12750K .......... .......... .......... .......... .......... 81% 3,63M 1s
 12800K .......... .......... .......... .......... .......... 82% 2,73M 1s
 12850K .......... .......... .......... .......... .......... 82% 2,72M 1s
 12900K .......... .......... .......... .......... .......... 82% 5,11M 1s
 12950K .......... .......... .......... .......... .......... 83% 4,55M 1s
 13000K .......... .......... .......... .......... .......... 83% 3,48M 1s
 13050K .......... .......... .......... .......... .......... 83% 3,66M 1s
 13100K .......... .......... .......... .......... .......... 84% 3,60M 1s
 13150K .......... .......... .......... .......... .......... 84% 3,18M 1s
 13200K .......... .......... .......... .......... .......... 84% 4,64M 1s
 13250K .......... .......... .......... .......... .......... 85% 2,55M 1s
 13300K .......... .......... .......... .......... .......... 85% 4,06M 1s
 13350K .......... .......... .......... .......... .......... 85% 2,81M 1s
 13400K .......... .......... .......... .......... .......... 86% 5,13M 1s
 13450K .......... .......... .......... .......... .......... 86% 4,36M 1s
 13500K .......... .......... .......... .......... .......... 86% 3,62M 1s
 13550K .......... .......... .......... .......... .......... 87% 2,74M 1s
 13600K .......... .......... .......... .......... .......... 87% 4,04M 1s
 13650K .......... .......... .......... .......... .......... 87% 3,61M 1s
 13700K .......... .......... .......... .......... .......... 87% 3,80M 1s
 13750K .......... .......... .......... .......... .......... 88% 2,82M 1s
 13800K .......... .......... .......... .......... .......... 88% 5,21M 1s
 13850K .......... .......... .......... .......... .......... 88% 1,26M 1s
 13900K .......... .......... .......... .......... .......... 89% 3,02M 1s
 13950K .......... .......... .......... .......... .......... 89% 3,61M 0s
 14000K .......... .......... .......... .......... .......... 89% 4,31M 0s
 14050K .......... .......... .......... .......... .......... 90% 2,63M 0s
 14100K .......... .......... .......... .......... .......... 90%  765K 0s
 14150K .......... .......... .......... .......... .......... 90% 2,83M 0s
 14200K .......... .......... .......... .......... .......... 91% 2,86M 0s
 14250K .......... .......... .......... .......... .......... 91% 4,31M 0s
 14300K .......... .......... .......... .......... .......... 91% 3,32M 0s
 14350K .......... .......... .......... .......... .......... 92% 3,13M 0s
 14400K .......... .......... .......... .......... .......... 92% 2,21M 0s
 14450K .......... .......... .......... .......... .......... 92% 3,34M 0s
 14500K .......... .......... .......... .......... .......... 93% 3,32M 0s
 14550K .......... .......... .......... .......... .......... 93% 2,79M 0s
 14600K .......... .......... .......... .......... .......... 93% 4,12M 0s
 14650K .......... .......... .......... .......... .......... 94% 1,91M 0s
 14700K .......... .......... .......... .......... .......... 94% 2,87M 0s
 14750K .......... .......... .......... .......... .......... 94% 2,93M 0s
 14800K .......... .......... .......... .......... .......... 95% 5,33M 0s
 14850K .......... .......... .......... .......... .......... 95% 2,52M 0s
 14900K .......... .......... .......... .......... .......... 95% 3,53M 0s
 14950K .......... .......... .......... .......... .......... 95% 3,11M 0s
 15000K .......... .......... .......... .......... .......... 96% 4,04M 0s
 15050K .......... .......... .......... .......... .......... 96% 3,84M 0s
 15100K .......... .......... .......... .......... .......... 96% 2,85M 0s
 15150K .......... .......... .......... .......... .......... 97% 3,13M 0s
 15200K .......... .......... .......... .......... .......... 97% 2,62M 0s
 15250K .......... .......... .......... .......... .......... 97% 7,14M 0s
 15300K .......... .......... .......... .......... .......... 98% 2,70M 0s
 15350K .......... .......... .......... .......... .......... 98% 5,08M 0s
 15400K .......... .......... .......... .......... .......... 98% 3,27M 0s
 15450K .......... .......... .......... .......... .......... 99% 2,47M 0s
 15500K .......... .......... .......... .......... .......... 99% 2,74M 0s
 15550K .......... .......... .......... .......... .......... 99% 2,82M 0s
 15600K .......... .......... .....                           100% 6,39M=4,8s

2025-10-23 19:39:36 (3,17 MB/s) - ‘/home/vincenzo/Documenti/AMR/ros2pythonvenv/src/lab4workspace/build/multirobot_map_merge/2012-01-28-11-12-01.pgm’ salvato [16000058/16000058]

