[0.505s] Invoking command in '/home/vincenzo/Documenti/AMR/ros2pythonvenv/src/lab4workspace/build/multirobot_map_merge': CMAKE_PREFIX_PATH=/opt/ros/humble PS1=(ros2pythonvenv) VIRTUAL_ENV_PROMPT=(ros2pythonvenv) /usr/bin/cmake /home/vincenzo/Documenti/AMR/ros2pythonvenv/src/lab4workspace/src/m-explore-ros2/map_merge -DCMAKE_INSTALL_PREFIX=/home/vincenzo/Documenti/AMR/ros2pythonvenv/src/lab4workspace/install/multirobot_map_merge
[0.550s] -- The C compiler identification is GNU 11.4.0
[0.593s] -- The CXX compiler identification is GNU 11.4.0
[0.597s] -- Detecting C compiler ABI info
[0.646s] -- Detecting C compiler ABI info - done
[0.656s] -- Check for working C compiler: /usr/bin/cc - skipped
[0.656s] -- Detecting C compile features
[0.657s] -- Detecting C compile features - done
[0.661s] -- Detecting CXX compiler ABI info
[0.726s] -- Detecting CXX compiler ABI info - done
[0.731s] -- Check for working CXX compiler: /usr/bin/c++ - skipped
[0.731s] -- Detecting CXX compile features
[0.731s] -- Detecting CXX compile features - done
[0.733s] -- Found ament_cmake: 1.3.12 (/opt/ros/humble/share/ament_cmake/cmake)
[0.826s] -- Found Python3: /home/vincenzo/Documenti/AMR/ros2pythonvenv/bin/python3 (found version "3.10.12") found components: Interpreter 
[0.926s] -- Found rclcpp: 16.0.15 (/opt/ros/humble/share/rclcpp/cmake)
[0.957s] -- Found rosidl_generator_c: 3.1.7 (/opt/ros/humble/share/rosidl_generator_c/cmake)
[0.960s] -- Found rosidl_adapter: 3.1.7 (/opt/ros/humble/share/rosidl_adapter/cmake)
[0.966s] -- Found rosidl_generator_cpp: 3.1.7 (/opt/ros/humble/share/rosidl_generator_cpp/cmake)
[0.974s] -- Using all available rosidl_typesupport_c: rosidl_typesupport_fastrtps_c;rosidl_typesupport_introspection_c
[0.984s] -- Using all available rosidl_typesupport_cpp: rosidl_typesupport_fastrtps_cpp;rosidl_typesupport_introspection_cpp
[1.011s] -- Found rmw_implementation_cmake: 6.1.2 (/opt/ros/humble/share/rmw_implementation_cmake/cmake)
[1.012s] -- Found rmw_fastrtps_cpp: 6.2.9 (/opt/ros/humble/share/rmw_fastrtps_cpp/cmake)
[1.083s] -- Found OpenSSL: /usr/lib/x86_64-linux-gnu/libcrypto.so (found version "3.0.2")  
[1.108s] -- Found FastRTPS: /opt/ros/humble/include  
[1.152s] -- Using RMW implementation 'rmw_fastrtps_cpp' as default
[1.157s] -- Looking for pthread.h
[1.243s] -- Looking for pthread.h - found
[1.243s] -- Performing Test CMAKE_HAVE_LIBC_PTHREAD
[1.321s] -- Performing Test CMAKE_HAVE_LIBC_PTHREAD - Success
[1.322s] -- Found Threads: TRUE  
[1.382s] -- Found geometry_msgs: 4.9.0 (/opt/ros/humble/share/geometry_msgs/cmake)
[1.398s] -- Found image_geometry: 3.2.1 (/opt/ros/humble/share/image_geometry/cmake)
[1.433s] -- Found map_msgs: 2.1.0 (/opt/ros/humble/share/map_msgs/cmake)
[1.479s] -- Found tf2_geometry_msgs: 0.25.16 (/opt/ros/humble/share/tf2_geometry_msgs/cmake)
[1.494s] -- Found eigen3_cmake_module: 0.1.1 (/opt/ros/humble/share/eigen3_cmake_module/cmake)
[1.495s] -- Found Eigen3: TRUE (found version "3.4.0") 
[1.495s] -- Ensuring Eigen3 include directory is part of orocos-kdl CMake target
[1.627s] -- Found Boost: /usr/lib/x86_64-linux-gnu/cmake/Boost-1.74.0/BoostConfig.cmake (found version "1.74.0") found components: thread 
[1.633s] -- Found OpenCV: /usr (found version "4.5.4") 
[1.646s] -- Found ament_lint_auto: 0.12.14 (/opt/ros/humble/share/ament_lint_auto/cmake)
[1.788s] -- Found ament_cmake_gtest: 1.3.12 (/opt/ros/humble/share/ament_cmake_gtest/cmake)
[1.803s] --2025-10-23 19:38:58--  https://raw.githubusercontent.com/hrnr/m-explore-extra/master/map_merge/hector_maps/map00.pgm
[1.830s] Risoluzione di raw.githubusercontent.com (raw.githubusercontent.com)... 185.199.109.133, 185.199.110.133, 185.199.111.133, ...
[1.856s] Connessione a raw.githubusercontent.com (raw.githubusercontent.com)|185.199.109.133|:443... connesso.
[3.128s] Richiesta HTTP inviata, in attesa di risposta... 200 OK
[3.128s] Lunghezza: 4194362 (4,0M) [application/octet-stream]
[3.128s] Salvataggio in: ‘/home/vincenzo/Documenti/AMR/ros2pythonvenv/src/lab4workspace/build/multirobot_map_merge/map00.pgm’
[3.222s] 
[3.340s]      0K .......... .......... .......... .......... ..........  1%  237K 17s
[3.454s]     50K .......... .......... .......... .......... ..........  2%  441K 13s
[3.567s]    100K .......... .......... .......... .......... ..........  3%  434K 12s
[3.724s]    150K .......... .......... .......... .......... ..........  4%  319K 12s
[3.880s]    200K .......... .......... .......... .......... ..........  6%  321K 12s
[3.935s]    250K .......... .......... .......... .......... ..........  7%  934K 10s
[3.992s]    300K .......... .......... .......... .......... ..........  8%  858K 9s
[4.075s]    350K .......... .......... .......... .......... ..........  9%  702K 9s
[4.314s]    400K .......... .......... .......... .......... .......... 10%  199K 10s
[4.437s]    450K .......... .......... .......... .......... .......... 12%  407K 9s
[14.175s]    500K .......... .......... .......... .......... .......... 13% 5,13K 71s
[14.794s]    550K .......... .......... .......... .......... .......... 14% 80,8K 68s
[15.410s]    600K .......... .......... .......... .......... .......... 15% 81,1K 65s
[16.058s]    650K .......... .......... .......... .......... .......... 17% 77,1K 63s
[16.947s]    700K .......... .......... .......... .......... .......... 18% 73,1K 61s
[17.605s]    750K .......... .......... .......... .......... .......... 19% 58,0K 60s
[18.206s]    800K .......... .......... .......... .......... .......... 20% 83,1K 58s
[18.913s]    850K .......... .......... .......... .......... .......... 21% 70,8K 56s
[19.527s]    900K .......... .......... .......... .......... .......... 23% 81,4K 54s
[20.165s]    950K .......... .......... .......... .......... .......... 24% 78,3K 53s
[20.754s]   1000K .......... .......... .......... .......... .......... 25% 84,9K 51s
[21.409s]   1050K .......... .......... .......... .......... .......... 26% 76,4K 50s
[22.054s]   1100K .......... .......... .......... .......... .......... 28% 93,4K 48s
[22.236s]   1150K .......... .......... .......... .......... .......... 29%  172K 46s
[22.316s]   1200K .......... .......... .......... .......... .......... 30%  623K 44s
[22.401s]   1250K .......... .......... .......... .......... .......... 31%  591K 41s
[22.479s]   1300K .......... .......... .......... .......... .......... 32%  636K 39s
[22.524s]   1350K .......... .......... .......... .......... .......... 34% 1,09M 37s
[22.568s]   1400K .......... .......... .......... .......... .......... 35% 1,10M 35s
[22.636s]   1450K .......... .......... .......... .......... .......... 36%  738K 34s
[22.704s]   1500K .......... .......... .......... .......... .......... 37%  869K 32s
[22.737s]   1550K .......... .......... .......... .......... .......... 39% 1,11M 31s
[22.759s]   1600K .......... .......... .......... .......... .......... 40% 2,27M 29s
[22.818s]   1650K .......... .......... .......... .......... .......... 41%  847K 28s
[22.856s]   1700K .......... .......... .......... .......... .......... 42% 1,31M 26s
[22.876s]   1750K .......... .......... .......... .......... .......... 43% 2,36M 25s
[22.908s]   1800K .......... .......... .......... .......... .......... 45% 1,52M 24s
[22.938s]   1850K .......... .......... .......... .......... .......... 46% 1,63M 23s
[22.973s]   1900K .......... .......... .......... .......... .......... 47% 2,10M 22s
[23.000s]   1950K .......... .......... .......... .......... .......... 48% 1,28M 21s
[23.047s]   2000K .......... .......... .......... .......... .......... 50% 1,02M 20s
[23.068s]   2050K .......... .......... .......... .......... .......... 51% 2,32M 19s
[23.102s]   2100K .......... .......... .......... .......... .......... 52% 1,43M 18s
[23.138s]   2150K .......... .......... .......... .......... .......... 53% 1,38M 17s
[23.172s]   2200K .......... .......... .......... .......... .......... 54% 1,42M 16s
[23.204s]   2250K .......... .......... .......... .......... .......... 56% 1,52M 16s
[23.265s]   2300K .......... .......... .......... .......... .......... 57% 2,33M 15s
[23.307s]   2350K .......... .......... .......... .......... .......... 58%  615K 14s
[23.334s]   2400K .......... .......... .......... .......... .......... 59% 1,80M 14s
[23.365s]   2450K .......... .......... .......... .......... .......... 61% 1,55M 13s
[23.392s]   2500K .......... .......... .......... .......... .......... 62% 1,82M 12s
[23.425s]   2550K .......... .......... .......... .......... .......... 63% 1,45M 12s
[23.450s]   2600K .......... .......... .......... .......... .......... 64% 2,02M 11s
[23.477s]   2650K .......... .......... .......... .......... .......... 65% 1,77M 11s
[23.525s]   2700K .......... .......... .......... .......... .......... 67% 1,43M 10s
[23.548s]   2750K .......... .......... .......... .......... .......... 68% 1,32M 9s
[23.577s]   2800K .......... .......... .......... .......... .......... 69% 1,71M 9s
[23.614s]   2850K .......... .......... .......... .......... .......... 70% 1,32M 8s
[23.635s]   2900K .......... .......... .......... .......... .......... 72% 2,31M 8s
[23.660s]   2950K .......... .......... .......... .......... .......... 73% 1,94M 8s
[23.696s]   3000K .......... .......... .......... .......... .......... 74% 1,37M 7s
[23.727s]   3050K .......... .......... .......... .......... .......... 75% 1,57M 7s
[23.759s]   3100K .......... .......... .......... .......... .......... 76% 1,91M 6s
[23.782s]   3150K .......... .......... .......... .......... .......... 78% 1,68M 6s
[23.820s]   3200K .......... .......... .......... .......... .......... 79% 1,28M 5s
[23.842s]   3250K .......... .......... .......... .......... .......... 80% 2,20M 5s
[23.866s]   3300K .......... .......... .......... .......... .......... 81% 2,04M 5s
[23.890s]   3350K .......... .......... .......... .......... .......... 83% 2,03M 4s
[23.938s]   3400K .......... .......... .......... .......... .......... 84% 1,01M 4s
[23.964s]   3450K .......... .......... .......... .......... .......... 85% 1,87M 4s
[24.008s]   3500K .......... .......... .......... .......... .......... 86% 1,27M 3s
[24.062s]   3550K .......... .......... .......... .......... .......... 87%  846K 3s
[24.086s]   3600K .......... .......... .......... .......... .......... 89% 2,06M 3s
[24.107s]   3650K .......... .......... .......... .......... .......... 90% 2,29M 2s
[24.133s]   3700K .......... .......... .......... .......... .......... 91% 1,87M 2s
[24.167s]   3750K .......... .......... .......... .......... .......... 92% 1,46M 2s
[24.191s]   3800K .......... .......... .......... .......... .......... 93% 1,98M 1s
[24.219s]   3850K .......... .......... .......... .......... .......... 95% 1,72M 1s
[24.260s]   3900K .......... .......... .......... .......... .......... 96% 1,38M 1s
[24.294s]   3950K .......... .......... .......... .......... .......... 97% 1,28M 1s
[24.355s]   4000K .......... .......... .......... .......... .......... 98%  804K 0s
[24.398s]   4050K .......... .......... .......... .......... ......    100% 1,05M=21s
[24.398s] 
[24.398s] 2025-10-23 19:39:21 (193 KB/s) - ‘/home/vincenzo/Documenti/AMR/ros2pythonvenv/src/lab4workspace/build/multirobot_map_merge/map00.pgm’ salvato [4194362/4194362]
[24.398s] 
[24.400s] Checking MD5 sum of /home/vincenzo/Documenti/AMR/ros2pythonvenv/src/lab4workspace/build/multirobot_map_merge/map00.pgm
[24.409s] /home/vincenzo/Documenti/AMR/ros2pythonvenv/src/lab4workspace/build/multirobot_map_merge/map00.pgm: OK
[24.415s] --2025-10-23 19:39:21--  https://raw.githubusercontent.com/hrnr/m-explore-extra/master/map_merge/hector_maps/map05.pgm
[24.417s] Risoluzione di raw.githubusercontent.com (raw.githubusercontent.com)... 185.199.110.133, 185.199.109.133, 185.199.108.133, ...
[24.430s] Connessione a raw.githubusercontent.com (raw.githubusercontent.com)|185.199.110.133|:443... connesso.
[24.809s] Richiesta HTTP inviata, in attesa di risposta... 200 OK
[24.809s] Lunghezza: 4194362 (4,0M) [application/octet-stream]
[24.809s] Salvataggio in: ‘/home/vincenzo/Documenti/AMR/ros2pythonvenv/src/lab4workspace/build/multirobot_map_merge/map05.pgm’
[24.818s] 
[24.863s]      0K .......... .......... .......... .......... ..........  1%  911K 4s
[24.909s]     50K .......... .......... .......... .......... ..........  2% 1,08M 4s
[24.947s]    100K .......... .......... .......... .......... ..........  3% 1,28M 4s
[24.975s]    150K .......... .......... .......... .......... ..........  4% 1,74M 3s
[25.010s]    200K .......... .......... .......... .......... ..........  6% 1,38M 3s
[25.022s]    250K .......... .......... .......... .......... ..........  7% 4,23M 3s
[25.298s]    300K .......... .......... .......... .......... ..........  8%  181K 5s
[25.317s]    350K .......... .......... .......... .......... ..........  9% 2,65M 5s
[25.337s]    400K .......... .......... .......... .......... .......... 10% 2,43M 4s
[25.482s]    450K .......... .......... .......... .......... .......... 12%  345K 5s
[25.751s]    500K .......... .......... .......... .......... .......... 13%  186K 6s
[25.794s]    550K .......... .......... .......... .......... .......... 14% 1,12M 6s
[25.882s]    600K .......... .......... .......... .......... .......... 15%  570K 6s
[25.927s]    650K .......... .......... .......... .......... .......... 17% 1,09M 5s
[25.984s]    700K .......... .......... .......... .......... .......... 18%  870K 5s
[26.027s]    750K .......... .......... .......... .......... .......... 19% 1,15M 5s
[26.083s]    800K .......... .......... .......... .......... .......... 20%  888K 5s
[26.131s]    850K .......... .......... .......... .......... .......... 21% 1,03M 5s
[26.179s]    900K .......... .......... .......... .......... .......... 23% 1,02M 5s
[26.219s]    950K .......... .......... .......... .......... .......... 24% 1,22M 4s
[26.301s]   1000K .......... .......... .......... .......... .......... 25%  608K 4s
[26.349s]   1050K .......... .......... .......... .......... .......... 26% 1,01M 4s
[26.387s]   1100K .......... .......... .......... .......... .......... 28% 1,32M 4s
[26.437s]   1150K .......... .......... .......... .......... .......... 29%  981K 4s
[26.494s]   1200K .......... .......... .......... .......... .......... 30%  881K 4s
[26.534s]   1250K .......... .......... .......... .......... .......... 31% 1,22M 4s
[26.583s]   1300K .......... .......... .......... .......... .......... 32% 1,47M 4s
[26.637s]   1350K .......... .......... .......... .......... .......... 34%  724K 4s
[26.670s]   1400K .......... .......... .......... .......... .......... 35% 1,46M 3s
[26.715s]   1450K .......... .......... .......... .......... .......... 36% 1,10M 3s
[26.756s]   1500K .......... .......... .......... .......... .......... 37% 1,20M 3s
[26.841s]   1550K .......... .......... .......... .......... .......... 39%  589K 3s
[26.891s]   1600K .......... .......... .......... .......... .......... 40%  990K 3s
[26.922s]   1650K .......... .......... .......... .......... .......... 41% 1,59M 3s
[26.978s]   1700K .......... .......... .......... .......... .......... 42%  882K 3s
[27.015s]   1750K .......... .......... .......... .......... .......... 43% 1,33M 3s
[27.061s]   1800K .......... .......... .......... .......... .......... 45% 1,05M 3s
[27.096s]   1850K .......... .......... .......... .......... .......... 46% 1,39M 3s
[27.114s]   1900K .......... .......... .......... .......... .......... 47% 2,79M 3s
[27.141s]   1950K .......... .......... .......... .......... .......... 48% 1,81M 2s
[27.159s]   2000K .......... .......... .......... .......... .......... 50% 2,64M 2s
[27.365s]   2050K .......... .......... .......... .......... .......... 51%  243K 2s
[27.381s]   2100K .......... .......... .......... .......... .......... 52% 3,04M 2s
[27.421s]   2150K .......... .......... .......... .......... .......... 53% 1,21M 2s
[27.453s]   2200K .......... .......... .......... .......... .......... 54% 1,90M 2s
[27.507s]   2250K .......... .......... .......... .......... .......... 56%  839K 2s
[27.533s]   2300K .......... .......... .......... .......... .......... 57% 1,83M 2s
[27.555s]   2350K .......... .......... .......... .......... .......... 58% 2,27M 2s
[27.563s]   2400K .......... .......... .......... .......... .......... 59% 6,04M 2s
[27.575s]   2450K .......... .......... .......... .......... .......... 61% 3,85M 2s
[27.599s]   2500K .......... .......... .......... .......... .......... 62% 2,06M 2s
[27.627s]   2550K .......... .......... .......... .......... .......... 63% 1,74M 2s
[27.638s]   2600K .......... .......... .......... .......... .......... 64% 4,41M 2s
[27.659s]   2650K .......... .......... .......... .......... .......... 65% 2,36M 1s
[27.676s]   2700K .......... .......... .......... .......... .......... 67% 2,79M 1s
[27.694s]   2750K .......... .......... .......... .......... .......... 68% 2,75M 1s
[27.710s]   2800K .......... .......... .......... .......... .......... 69% 3,06M 1s
[27.728s]   2850K .......... .......... .......... .......... .......... 70% 2,76M 1s
[27.739s]   2900K .......... .......... .......... .......... .......... 72% 4,28M 1s
[27.771s]   2950K .......... .......... .......... .......... .......... 73% 1,54M 1s
[27.782s]   3000K .......... .......... .......... .......... .......... 74% 4,19M 1s
[27.794s]   3050K .......... .......... .......... .......... .......... 75% 4,26M 1s
[27.800s]   3100K .......... .......... .......... .......... .......... 76% 7,67M 1s
[27.826s]   3150K .......... .......... .......... .......... .......... 78% 2,46M 1s
[27.831s]   3200K .......... .......... .......... .......... .......... 79% 4,47M 1s
[27.838s]   3250K .......... .......... .......... .......... .......... 80% 6,55M 1s
[27.860s]   3300K .......... .......... .......... .......... .......... 81% 2,23M 1s
[27.872s]   3350K .......... .......... .......... .......... .......... 83% 4,30M 1s
[27.878s]   3400K .......... .......... .......... .......... .......... 84% 7,24M 1s
[27.890s]   3450K .......... .......... .......... .......... .......... 85% 4,24M 1s
[27.899s]   3500K .......... .......... .......... .......... .......... 86% 5,17M 0s
[27.921s]   3550K .......... .......... .......... .......... .......... 87% 2,32M 0s
[27.926s]   3600K .......... .......... .......... .......... .......... 89% 8,86M 0s
[27.938s]   3650K .......... .......... .......... .......... .......... 90% 4,09M 0s
[27.952s]   3700K .......... .......... .......... .......... .......... 91% 3,38M 0s
[27.968s]   3750K .......... .......... .......... .......... .......... 92% 3,16M 0s
[27.980s]   3800K .......... .......... .......... .......... .......... 93% 4,17M 0s
[27.996s]   3850K .......... .......... .......... .......... .......... 95% 3,07M 0s
[28.009s]   3900K .......... .......... .......... .......... .......... 96% 3,85M 0s
[28.020s]   3950K .......... .......... .......... .......... .......... 97% 4,16M 0s
[28.032s]   4000K .......... .......... .......... .......... .......... 98% 3,98M 0s
[28.042s]   4050K .......... .......... .......... .......... ......    100% 4,60M=3,2s
[28.042s] 
[28.042s] 2025-10-23 19:39:24 (1,24 MB/s) - ‘/home/vincenzo/Documenti/AMR/ros2pythonvenv/src/lab4workspace/build/multirobot_map_merge/map05.pgm’ salvato [4194362/4194362]
[28.042s] 
[28.045s] Checking MD5 sum of /home/vincenzo/Documenti/AMR/ros2pythonvenv/src/lab4workspace/build/multirobot_map_merge/map05.pgm
[28.060s] /home/vincenzo/Documenti/AMR/ros2pythonvenv/src/lab4workspace/build/multirobot_map_merge/map05.pgm: OK
[28.068s] --2025-10-23 19:39:24--  https://raw.githubusercontent.com/hrnr/m-explore-extra/master/map_merge/gmapping_maps/2011-08-09-12-22-52.pgm
[28.072s] Risoluzione di raw.githubusercontent.com (raw.githubusercontent.com)... 185.199.110.133, 185.199.108.133, 185.199.109.133, ...
[28.083s] Connessione a raw.githubusercontent.com (raw.githubusercontent.com)|185.199.110.133|:443... connesso.
[28.735s] Richiesta HTTP inviata, in attesa di risposta... 200 OK
[28.735s] Lunghezza: 16000058 (15M) [application/octet-stream]
[28.736s] Salvataggio in: ‘/home/vincenzo/Documenti/AMR/ros2pythonvenv/src/lab4workspace/build/multirobot_map_merge/2011-08-09-12-22-52.pgm’
[28.736s] 
[28.760s]      0K .......... .......... .......... .......... ..........  0% 1,97M 8s
[28.779s]     50K .......... .......... .......... .......... ..........  0% 2,64M 7s
[28.790s]    100K .......... .......... .......... .......... ..........  0% 4,10M 6s
[28.803s]    150K .......... .......... .......... .......... ..........  1% 3,69M 5s
[28.827s]    200K .......... .......... .......... .......... ..........  1% 2,04M 6s
[28.848s]    250K .......... .......... .......... .......... ..........  1% 2,31M 6s
[28.895s]    300K .......... .......... .......... .......... ..........  2% 2,91M 6s
[28.901s]    350K .......... .......... .......... .......... ..........  2% 1,39M 6s
[28.905s]    400K .......... .......... .......... .......... ..........  2% 11,2M 6s
[28.915s]    450K .......... .......... .......... .......... ..........  3% 4,90M 5s
[28.924s]    500K .......... .......... .......... .......... ..........  3% 5,30M 5s
[28.937s]    550K .......... .......... .......... .......... ..........  3% 3,94M 5s
[28.946s]    600K .......... .......... .......... .......... ..........  4% 5,15M 5s
[28.976s]    650K .......... .......... .......... .......... ..........  4% 1,65M 5s
[29.039s]    700K .......... .......... .......... .......... ..........  4% 1,47M 5s
[29.045s]    750K .......... .......... .......... .......... ..........  5% 1,37M 6s
[29.170s]    800K .......... .......... .......... .......... ..........  5%  401K 8s
[29.213s]    850K .......... .......... .......... .......... ..........  5% 1,10M 8s
[29.221s]    900K .......... .......... .......... .......... ..........  6% 6,53M 8s
[29.221s]    950K .......... .......... .......... .......... ..........  6%  143M 7s
[29.233s]   1000K .......... .......... .......... .......... ..........  6% 4,18M 7s
[29.245s]   1050K .......... .......... .......... .......... ..........  7% 4,15M 7s
[29.258s]   1100K .......... .......... .......... .......... ..........  7% 5,32M 7s
[29.271s]   1150K .......... .......... .......... .......... ..........  7% 2,89M 6s
[29.283s]   1200K .......... .......... .......... .......... ..........  7% 3,87M 6s
[29.308s]   1250K .......... .......... .......... .......... ..........  8% 2,01M 6s
[29.309s]   1300K .......... .......... .......... .......... ..........  8% 24,1M 6s
[29.323s]   1350K .......... .......... .......... .......... ..........  8% 3,64M 6s
[29.338s]   1400K .......... .......... .......... .......... ..........  9% 3,26M 6s
[29.349s]   1450K .......... .......... .......... .......... ..........  9% 4,16M 6s
[29.367s]   1500K .......... .......... .......... .......... ..........  9% 3,80M 6s
[29.383s]   1550K .......... .......... .......... .......... .......... 10% 2,38M 6s
[29.416s]   1600K .......... .......... .......... .......... .......... 10% 1,46M 6s
[29.417s]   1650K .......... .......... .......... .......... .......... 10%  172M 6s
[29.422s]   1700K .......... .......... .......... .......... .......... 11% 9,84M 5s
[29.435s]   1750K .......... .......... .......... .......... .......... 11% 3,63M 5s
[29.452s]   1800K .......... .......... .......... .......... .......... 11% 2,95M 5s
[29.459s]   1850K .......... .......... .......... .......... .......... 12% 6,21M 5s
[29.475s]   1900K .......... .......... .......... .......... .......... 12% 3,17M 5s
[29.492s]   1950K .......... .......... .......... .......... .......... 12% 2,81M 5s
[29.504s]   2000K .......... .......... .......... .......... .......... 13% 4,18M 5s
[29.516s]   2050K .......... .......... .......... .......... .......... 13% 3,87M 5s
[29.530s]   2100K .......... .......... .......... .......... .......... 13% 3,75M 5s
[29.543s]   2150K .......... .......... .......... .......... .......... 14% 3,60M 5s
[29.557s]   2200K .......... .......... .......... .......... .......... 14% 3,52M 5s
[29.570s]   2250K .......... .......... .......... .......... .......... 14% 3,79M 5s
[29.585s]   2300K .......... .......... .......... .......... .......... 15% 5,03M 5s
[29.600s]   2350K .......... .......... .......... .......... .......... 15% 2,42M 5s
[29.609s]   2400K .......... .......... .......... .......... .......... 15% 5,11M 5s
[29.623s]   2450K .......... .......... .......... .......... .......... 15% 3,40M 5s
[29.645s]   2500K .......... .......... .......... .......... .......... 16% 2,29M 5s
[29.662s]   2550K .......... .......... .......... .......... .......... 16% 2,78M 5s
[29.665s]   2600K .......... .......... .......... .......... .......... 16% 16,6M 5s
[29.677s]   2650K .......... .......... .......... .......... .......... 17% 4,19M 5s
[29.704s]   2700K .......... .......... .......... .......... .......... 17% 3,44M 4s
[29.716s]   2750K .......... .......... .......... .......... .......... 17% 1,96M 4s
[29.728s]   2800K .......... .......... .......... .......... .......... 18% 4,20M 4s
[29.746s]   2850K .......... .......... .......... .......... .......... 18% 2,77M 4s
[29.761s]   2900K .......... .......... .......... .......... .......... 18% 3,24M 4s
[29.776s]   2950K .......... .......... .......... .......... .......... 19% 3,13M 4s
[29.794s]   3000K .......... .......... .......... .......... .......... 19% 2,81M 4s
[29.808s]   3050K .......... .......... .......... .......... .......... 19% 3,55M 4s
[29.827s]   3100K .......... .......... .......... .......... .......... 20% 2,67M 4s
[29.841s]   3150K .......... .......... .......... .......... .......... 20% 3,28M 4s
[29.865s]   3200K .......... .......... .......... .......... .......... 20% 1,99M 4s
[29.877s]   3250K .......... .......... .......... .......... .......... 21% 4,27M 4s
[29.906s]   3300K .......... .......... .......... .......... .......... 21% 1,70M 4s
[29.909s]   3350K .......... .......... .......... .......... .......... 21% 12,8M 4s
[29.928s]   3400K .......... .......... .......... .......... .......... 22% 2,63M 4s
[29.971s]   3450K .......... .......... .......... .......... .......... 22% 1,14M 4s
[29.981s]   3500K .......... .......... .......... .......... .......... 22% 5,87M 4s
[29.995s]   3550K .......... .......... .......... .......... .......... 23% 3,03M 4s
[30.006s]   3600K .......... .......... .......... .......... .......... 23% 4,38M 4s
[30.020s]   3650K .......... .......... .......... .......... .......... 23% 3,68M 4s
[30.033s]   3700K .......... .......... .......... .......... .......... 23% 3,82M 4s
[30.064s]   3750K .......... .......... .......... .......... .......... 24% 1,56M 4s
[30.088s]   3800K .......... .......... .......... .......... .......... 24% 1,99M 4s
[30.102s]   3850K .......... .......... .......... .......... .......... 24% 3,64M 4s
[30.118s]   3900K .......... .......... .......... .......... .......... 25% 3,53M 4s
[30.132s]   3950K .......... .......... .......... .......... .......... 25% 2,94M 4s
[30.178s]   4000K .......... .......... .......... .......... .......... 25% 1,05M 4s
[30.186s]   4050K .......... .......... .......... .......... .......... 26% 6,52M 4s
[30.199s]   4100K .......... .......... .......... .......... .......... 26% 3,67M 4s
[30.212s]   4150K .......... .......... .......... .......... .......... 26% 3,80M 4s
[30.242s]   4200K .......... .......... .......... .......... .......... 27% 1,67M 4s
[30.262s]   4250K .......... .......... .......... .......... .......... 27% 2,42M 4s
[30.300s]   4300K .......... .......... .......... .......... .......... 27% 1,28M 4s
[30.317s]   4350K .......... .......... .......... .......... .......... 28% 2,89M 4s
[30.324s]   4400K .......... .......... .......... .......... .......... 28% 6,42M 4s
[30.337s]   4450K .......... .......... .......... .......... .......... 28% 3,97M 4s
[30.363s]   4500K .......... .......... .......... .......... .......... 29% 1,85M 4s
[30.389s]   4550K .......... .......... .......... .......... .......... 29% 1,89M 4s
[30.406s]   4600K .......... .......... .......... .......... .......... 29% 2,85M 4s
[30.428s]   4650K .......... .......... .......... .......... .......... 30% 2,24M 4s
[30.439s]   4700K .......... .......... .......... .......... .......... 30% 8,52M 4s
[30.454s]   4750K .......... .......... .......... .......... .......... 30% 2,44M 4s
[30.474s]   4800K .......... .......... .......... .......... .......... 31% 2,42M 4s
[30.487s]   4850K .......... .......... .......... .......... .......... 31% 3,67M 4s
[30.508s]   4900K .......... .......... .......... .......... .......... 31% 2,39M 4s
[30.526s]   4950K .......... .......... .......... .......... .......... 31% 2,61M 4s
[30.542s]   5000K .......... .......... .......... .......... .......... 32% 3,18M 4s
[30.567s]   5050K .......... .......... .......... .......... .......... 32% 1,95M 4s
[30.581s]   5100K .......... .......... .......... .......... .......... 32% 5,18M 4s
[30.594s]   5150K .......... .......... .......... .......... .......... 33% 2,79M 4s
[30.653s]   5200K .......... .......... .......... .......... .......... 33%  841K 4s
[30.669s]   5250K .......... .......... .......... .......... .......... 33% 3,16M 4s
[30.689s]   5300K .......... .......... .......... .......... .......... 34% 2,41M 4s
[30.689s]   5350K .......... .......... .......... .......... .......... 34%  102M 4s
[30.692s]   5400K .......... .......... .......... .......... .......... 34% 15,0M 4s
[30.703s]   5450K .......... .......... .......... .......... .......... 35% 4,64M 4s
[30.731s]   5500K .......... .......... .......... .......... .......... 35% 2,23M 4s
[30.746s]   5550K .......... .......... .......... .......... .......... 35% 2,26M 4s
[30.752s]   5600K .......... .......... .......... .......... .......... 36% 8,83M 4s
[30.764s]   5650K .......... .......... .......... .......... .......... 36% 3,84M 4s
[30.779s]   5700K .......... .......... .......... .......... .......... 36% 3,36M 4s
[30.805s]   5750K .......... .......... .......... .......... .......... 37% 1,88M 4s
[30.833s]   5800K .......... .......... .......... .......... .......... 37% 1,74M 4s
[30.848s]   5850K .......... .......... .......... .......... .......... 37% 3,26M 3s
[30.865s]   5900K .......... .......... .......... .......... .......... 38% 3,51M 3s
[30.883s]   5950K .......... .......... .......... .......... .......... 38% 2,28M 3s
[30.898s]   6000K .......... .......... .......... .......... .......... 38% 3,27M 3s
[30.932s]   6050K .......... .......... .......... .......... .......... 39% 1,44M 3s
[30.994s]   6100K .......... .......... .......... .......... .......... 39%  804K 3s
[31.008s]   6150K .......... .......... .......... .......... .......... 39% 3,62M 3s
[31.046s]   6200K .......... .......... .......... .......... .......... 39% 1,29M 3s
[31.204s]   6250K .......... .......... .......... .......... .......... 40%  315K 4s
[31.256s]   6300K .......... .......... .......... .......... .......... 40%  961K 4s
[31.256s]   6350K .......... .......... .......... .......... .......... 40%  177M 4s
[31.257s]   6400K .......... .......... .......... .......... .......... 41%  152M 4s
[31.319s]   6450K .......... .......... .......... .......... .......... 41%  812K 4s
[31.319s]   6500K .......... .......... .......... .......... .......... 41%  138M 4s
[31.319s]   6550K .......... .......... .......... .......... .......... 42% 62,8M 4s
[31.347s]   6600K .......... .......... .......... .......... .......... 42% 1,80M 4s
[31.349s]   6650K .......... .......... .......... .......... .......... 42% 16,4M 3s
[31.422s]   6700K .......... .......... .......... .......... .......... 43%  755K 4s
[31.449s]   6750K .......... .......... .......... .......... .......... 43% 1,50M 4s
[31.472s]   6800K .......... .......... .......... .......... .......... 43% 2,03M 4s
[31.526s]   6850K .......... .......... .......... .......... .......... 44%  938K 4s
[31.551s]   6900K .......... .......... .......... .......... .......... 44% 1,97M 4s
[31.569s]   6950K .......... .......... .......... .......... .......... 44% 2,58M 3s
[31.623s]   7000K .......... .......... .......... .......... .......... 45%  933K 4s
[31.761s]   7050K .......... .......... .......... .......... .......... 45%  363K 4s
[31.761s]   7100K .......... .......... .......... .......... .......... 45%  133M 4s
[31.762s]   7150K .......... .......... .......... .......... .......... 46% 91,5M 4s
[31.787s]   7200K .......... .......... .......... .......... .......... 46% 1,93M 4s
[31.845s]   7250K .......... .......... .......... .......... .......... 46%  864K 4s
[31.865s]   7300K .......... .......... .......... .......... .......... 47% 2,47M 4s
[31.887s]   7350K .......... .......... .......... .......... .......... 47% 2,19M 4s
[31.905s]   7400K .......... .......... .......... .......... .......... 47% 2,69M 3s
[31.913s]   7450K .......... .......... .......... .......... .......... 47% 5,87M 3s
[31.929s]   7500K .......... .......... .......... .......... .......... 48% 3,89M 3s
[31.943s]   7550K .......... .......... .......... .......... .......... 48% 2,82M 3s
[31.959s]   7600K .......... .......... .......... .......... .......... 48% 3,02M 3s
[31.969s]   7650K .......... .......... .......... .......... .......... 49% 4,92M 3s
[31.984s]   7700K .......... .......... .......... .......... .......... 49% 3,19M 3s
[32.003s]   7750K .......... .......... .......... .......... .......... 49% 2,68M 3s
[32.028s]   7800K .......... .......... .......... .......... .......... 50% 1,90M 3s
[32.063s]   7850K .......... .......... .......... .......... .......... 50% 1,42M 3s
[32.065s]   7900K .......... .......... .......... .......... .......... 50% 21,2M 3s
[32.092s]   7950K .......... .......... .......... .......... .......... 51% 1,81M 3s
[32.130s]   8000K .......... .......... .......... .......... .......... 51% 1,30M 3s
[32.130s]   8050K .......... .......... .......... .......... .......... 51%  165M 3s
[32.146s]   8100K .......... .......... .......... .......... .......... 52% 3,11M 3s
[32.158s]   8150K .......... .......... .......... .......... .......... 52% 3,81M 3s
[32.172s]   8200K .......... .......... .......... .......... .......... 52% 3,66M 3s
[32.186s]   8250K .......... .......... .......... .......... .......... 53% 3,57M 3s
[32.205s]   8300K .......... .......... .......... .......... .......... 53% 3,71M 3s
[32.218s]   8350K .......... .......... .......... .......... .......... 53% 2,65M 3s
[32.233s]   8400K .......... .......... .......... .......... .......... 54% 3,18M 3s
[32.263s]   8450K .......... .......... .......... .......... .......... 54% 1,61M 3s
[32.271s]   8500K .......... .......... .......... .......... .......... 54% 6,48M 3s
[32.274s]   8550K .......... .......... .......... .......... .......... 55% 12,5M 3s
[32.282s]   8600K .......... .......... .......... .......... .......... 55% 6,29M 3s
[32.294s]   8650K .......... .......... .......... .......... .......... 55% 4,09M 3s
[32.315s]   8700K .......... .......... .......... .......... .......... 55% 3,64M 3s
[32.326s]   8750K .......... .......... .......... .......... .......... 56% 2,54M 3s
[32.338s]   8800K .......... .......... .......... .......... .......... 56% 4,16M 3s
[32.351s]   8850K .......... .......... .......... .......... .......... 56% 3,89M 3s
[32.393s]   8900K .......... .......... .......... .......... .......... 57% 1,16M 3s
[32.399s]   8950K .......... .......... .......... .......... .......... 57% 7,29M 3s
[32.404s]   9000K .......... .......... .......... .......... .......... 57% 10,5M 3s
[32.433s]   9050K .......... .......... .......... .......... .......... 58% 1,68M 3s
[32.444s]   9100K .......... .......... .......... .......... .......... 58% 4,91M 3s
[32.467s]   9150K .......... .......... .......... .......... .......... 58% 2,13M 3s
[32.471s]   9200K .......... .......... .......... .......... .......... 59% 9,46M 3s
[32.484s]   9250K .......... .......... .......... .......... .......... 59% 3,98M 3s
[32.497s]   9300K .......... .......... .......... .......... .......... 59% 3,62M 3s
[32.512s]   9350K .......... .......... .......... .......... .......... 60% 3,35M 3s
[32.523s]   9400K .......... .......... .......... .......... .......... 60% 4,17M 2s
[32.537s]   9450K .......... .......... .......... .......... .......... 60% 3,80M 2s
[32.556s]   9500K .......... .......... .......... .......... .......... 61% 3,93M 2s
[32.567s]   9550K .......... .......... .......... .......... .......... 61% 2,71M 2s
[32.580s]   9600K .......... .......... .......... .......... .......... 61% 3,82M 2s
[32.593s]   9650K .......... .......... .......... .......... .......... 62% 3,70M 2s
[32.605s]   9700K .......... .......... .......... .......... .......... 62% 4,04M 2s
[32.626s]   9750K .......... .......... .......... .......... .......... 62% 2,32M 2s
[32.635s]   9800K .......... .......... .......... .......... .......... 63% 5,24M 2s
[32.653s]   9850K .......... .......... .......... .......... .......... 63% 2,71M 2s
[32.678s]   9900K .......... .......... .......... .......... .......... 63% 1,92M 2s
[32.690s]   9950K .......... .......... .......... .......... .......... 63% 4,32M 2s
[32.698s]  10000K .......... .......... .......... .......... .......... 64% 5,82M 2s
[32.717s]  10050K .......... .......... .......... .......... .......... 64% 2,67M 2s
[32.728s]  10100K .......... .......... .......... .......... .......... 64% 4,35M 2s
[32.737s]  10150K .......... .......... .......... .......... .......... 65% 5,15M 2s
[32.750s]  10200K .......... .......... .......... .......... .......... 65% 3,82M 2s
[32.765s]  10250K .......... .......... .......... .......... .......... 65% 3,27M 2s
[32.781s]  10300K .......... .......... .......... .......... .......... 66% 3,44M 2s
[32.793s]  10350K .......... .......... .......... .......... .......... 66% 3,42M 2s
[32.807s]  10400K .......... .......... .......... .......... .......... 66% 3,62M 2s
[32.821s]  10450K .......... .......... .......... .......... .......... 67% 3,29M 2s
[32.835s]  10500K .......... .......... .......... .......... .......... 67% 3,65M 2s
[32.845s]  10550K .......... .......... .......... .......... .......... 67% 4,94M 2s
[32.863s]  10600K .......... .......... .......... .......... .......... 68% 2,73M 2s
[32.872s]  10650K .......... .......... .......... .......... .......... 68% 5,10M 2s
[32.889s]  10700K .......... .......... .......... .......... .......... 68% 3,86M 2s
[32.902s]  10750K .......... .......... .......... .......... .......... 69% 2,91M 2s
[32.925s]  10800K .......... .......... .......... .......... .......... 69% 2,17M 2s
[32.933s]  10850K .......... .......... .......... .......... .......... 69% 5,53M 2s
[32.942s]  10900K .......... .......... .......... .......... .......... 70% 5,84M 2s
[32.971s]  10950K .......... .......... .......... .......... .......... 70% 1,66M 2s
[32.972s]  11000K .......... .......... .......... .......... .......... 70%  125M 2s
[32.980s]  11050K .......... .......... .......... .......... .......... 71% 5,79M 2s
[33.008s]  11100K .......... .......... .......... .......... .......... 71% 2,21M 2s
[33.018s]  11150K .......... .......... .......... .......... .......... 71% 2,97M 2s
[33.039s]  11200K .......... .......... .......... .......... .......... 71% 2,37M 2s
[33.062s]  11250K .......... .......... .......... .......... .......... 72% 2,15M 2s
[33.062s]  11300K .......... .......... .......... .......... .......... 72%  145M 2s
[33.097s]  11350K .......... .......... .......... .......... .......... 72% 1,40M 2s
[33.098s]  11400K .......... .......... .......... .......... .......... 73% 31,5M 2s
[33.105s]  11450K .......... .......... .......... .......... .......... 73% 7,88M 2s
[33.135s]  11500K .......... .......... .......... .......... .......... 73% 2,82M 2s
[33.139s]  11550K .......... .......... .......... .......... .......... 74% 2,85M 2s
[33.152s]  11600K .......... .......... .......... .......... .......... 74% 3,90M 2s
[33.164s]  11650K .......... .......... .......... .......... .......... 74% 3,90M 1s
[33.178s]  11700K .......... .......... .......... .......... .......... 75% 3,50M 1s
[33.190s]  11750K .......... .......... .......... .......... .......... 75% 3,97M 1s
[33.202s]  11800K .......... .......... .......... .......... .......... 75% 4,13M 1s
[33.216s]  11850K .......... .......... .......... .......... .......... 76% 3,55M 1s
[33.238s]  11900K .......... .......... .......... .......... .......... 76% 3,74M 1s
[33.246s]  11950K .......... .......... .......... .......... .......... 76% 2,92M 1s
[33.260s]  12000K .......... .......... .......... .......... .......... 77% 3,46M 1s
[33.273s]  12050K .......... .......... .......... .......... .......... 77% 3,81M 1s
[33.290s]  12100K .......... .......... .......... .......... .......... 77% 2,89M 1s
[33.299s]  12150K .......... .......... .......... .......... .......... 78% 5,21M 1s
[33.311s]  12200K .......... .......... .......... .......... .......... 78% 4,04M 1s
[33.324s]  12250K .......... .......... .......... .......... .......... 78% 3,61M 1s
[33.341s]  12300K .......... .......... .......... .......... .......... 79% 3,36M 1s
[33.355s]  12350K .......... .......... .......... .......... .......... 79% 3,12M 1s
[33.367s]  12400K .......... .......... .......... .......... .......... 79% 3,90M 1s
[33.385s]  12450K .......... .......... .......... .......... .......... 79% 2,78M 1s
[33.396s]  12500K .......... .......... .......... .......... .......... 80% 4,55M 1s
[33.406s]  12550K .......... .......... .......... .......... .......... 80% 4,40M 1s
[33.419s]  12600K .......... .......... .......... .......... .......... 80% 3,95M 1s
[33.435s]  12650K .......... .......... .......... .......... .......... 81% 3,09M 1s
[33.451s]  12700K .......... .......... .......... .......... .......... 81% 4,75M 1s
[33.462s]  12750K .......... .......... .......... .......... .......... 81% 2,84M 1s
[33.479s]  12800K .......... .......... .......... .......... .......... 82% 2,92M 1s
[33.490s]  12850K .......... .......... .......... .......... .......... 82% 4,56M 1s
[33.502s]  12900K .......... .......... .......... .......... .......... 82% 4,06M 1s
[33.514s]  12950K .......... .......... .......... .......... .......... 83% 3,81M 1s
[33.527s]  13000K .......... .......... .......... .......... .......... 83% 3,69M 1s
[33.543s]  13050K .......... .......... .......... .......... .......... 83% 3,07M 1s
[33.557s]  13100K .......... .......... .......... .......... .......... 84% 4,64M 1s
[33.571s]  13150K .......... .......... .......... .......... .......... 84% 2,94M 1s
[33.583s]  13200K .......... .......... .......... .......... .......... 84% 3,97M 1s
[33.596s]  13250K .......... .......... .......... .......... .......... 85% 3,67M 1s
[33.610s]  13300K .......... .......... .......... .......... .......... 85% 3,58M 1s
[33.622s]  13350K .......... .......... .......... .......... .......... 85% 3,94M 1s
[33.637s]  13400K .......... .......... .......... .......... .......... 86% 3,22M 1s
[33.651s]  13450K .......... .......... .......... .......... .......... 86% 3,45M 1s
[33.667s]  13500K .......... .......... .......... .......... .......... 86% 3,50M 1s
[33.682s]  13550K .......... .......... .......... .......... .......... 87% 2,98M 1s
[33.693s]  13600K .......... .......... .......... .......... .......... 87% 4,33M 1s
[33.706s]  13650K .......... .......... .......... .......... .......... 87% 3,79M 1s
[33.718s]  13700K .......... .......... .......... .......... .......... 87% 4,01M 1s
[33.733s]  13750K .......... .......... .......... .......... .......... 88% 3,29M 1s
[33.748s]  13800K .......... .......... .......... .......... .......... 88% 3,22M 1s
[33.758s]  13850K .......... .......... .......... .......... .......... 88% 4,97M 1s
[33.775s]  13900K .......... .......... .......... .......... .......... 89% 3,77M 1s
[33.788s]  13950K .......... .......... .......... .......... .......... 89% 2,92M 1s
[33.803s]  14000K .......... .......... .......... .......... .......... 89% 3,13M 1s
[33.814s]  14050K .......... .......... .......... .......... .......... 90% 4,69M 1s
[33.829s]  14100K .......... .......... .......... .......... .......... 90% 3,17M 1s
[33.853s]  14150K .......... .......... .......... .......... .......... 90% 2,08M 1s
[33.854s]  14200K .......... .......... .......... .......... .......... 91% 39,9M 0s
[33.866s]  14250K .......... .......... .......... .......... .......... 91% 3,91M 0s
[33.891s]  14300K .......... .......... .......... .......... .......... 91% 2,34M 0s
[33.904s]  14350K .......... .......... .......... .......... .......... 92% 2,93M 0s
[33.917s]  14400K .......... .......... .......... .......... .......... 92% 3,85M 0s
[33.929s]  14450K .......... .......... .......... .......... .......... 92% 3,95M 0s
[33.945s]  14500K .......... .......... .......... .......... .......... 93% 3,11M 0s
[33.955s]  14550K .......... .......... .......... .......... .......... 93% 4,61M 0s
[33.969s]  14600K .......... .......... .......... .......... .......... 93% 3,63M 0s
[33.981s]  14650K .......... .......... .......... .......... .......... 94% 3,91M 0s
[34.001s]  14700K .......... .......... .......... .......... .......... 94% 3,13M 0s
[34.014s]  14750K .......... .......... .......... .......... .......... 94% 2,92M 0s
[34.027s]  14800K .......... .......... .......... .......... .......... 95% 3,78M 0s
[34.042s]  14850K .......... .......... .......... .......... .......... 95% 3,24M 0s
[34.057s]  14900K .......... .......... .......... .......... .......... 95% 3,10M 0s
[34.066s]  14950K .......... .......... .......... .......... .......... 95% 5,64M 0s
[34.079s]  15000K .......... .......... .......... .......... .......... 96% 3,59M 0s
[34.101s]  15050K .......... .......... .......... .......... .......... 96% 2,33M 0s
[34.116s]  15100K .......... .......... .......... .......... .......... 96% 4,18M 0s
[34.129s]  15150K .......... .......... .......... .......... .......... 97% 2,88M 0s
[34.149s]  15200K .......... .......... .......... .......... .......... 97% 2,42M 0s
[34.164s]  15250K .......... .......... .......... .......... .......... 97% 3,33M 0s
[34.178s]  15300K .......... .......... .......... .......... .......... 98% 3,63M 0s
[34.194s]  15350K .......... .......... .......... .......... .......... 98% 3,01M 0s
[34.219s]  15400K .......... .......... .......... .......... .......... 98% 1,91M 0s
[34.236s]  15450K .......... .......... .......... .......... .......... 99% 2,97M 0s
[34.267s]  15500K .......... .......... .......... .......... .......... 99% 1,57M 0s
[34.303s]  15550K .......... .......... .......... .......... .......... 99% 1,37M 0s
[34.303s]  15600K .......... .......... .....                           100%  101M=5,6s
[34.303s] 
[34.304s] 2025-10-23 19:39:31 (2,74 MB/s) - ‘/home/vincenzo/Documenti/AMR/ros2pythonvenv/src/lab4workspace/build/multirobot_map_merge/2011-08-09-12-22-52.pgm’ salvato [16000058/16000058]
[34.304s] 
[34.306s] Checking MD5 sum of /home/vincenzo/Documenti/AMR/ros2pythonvenv/src/lab4workspace/build/multirobot_map_merge/2011-08-09-12-22-52.pgm
[34.343s] /home/vincenzo/Documenti/AMR/ros2pythonvenv/src/lab4workspace/build/multirobot_map_merge/2011-08-09-12-22-52.pgm: OK
[34.348s] --2025-10-23 19:39:31--  https://raw.githubusercontent.com/hrnr/m-explore-extra/master/map_merge/gmapping_maps/2012-01-28-11-12-01.pgm
[34.352s] Risoluzione di raw.githubusercontent.com (raw.githubusercontent.com)... 185.199.109.133, 185.199.110.133, 185.199.111.133, ...
[34.364s] Connessione a raw.githubusercontent.com (raw.githubusercontent.com)|185.199.109.133|:443... connesso.
[35.090s] Richiesta HTTP inviata, in attesa di risposta... 200 OK
[35.091s] Lunghezza: 16000058 (15M) [application/octet-stream]
[35.091s] Salvataggio in: ‘/home/vincenzo/Documenti/AMR/ros2pythonvenv/src/lab4workspace/build/multirobot_map_merge/2012-01-28-11-12-01.pgm’
[35.091s] 
[35.107s]      0K .......... .......... .......... .......... ..........  0% 2,82M 5s
[35.121s]     50K .......... .......... .......... .......... ..........  0% 3,44M 5s
[35.135s]    100K .......... .......... .......... .......... ..........  0% 3,56M 5s
[35.150s]    150K .......... .......... .......... .......... ..........  1% 3,26M 5s
[35.164s]    200K .......... .......... .......... .......... ..........  1% 3,36M 5s
[35.175s]    250K .......... .......... .......... .......... ..........  1% 4,44M 4s
[35.190s]    300K .......... .......... .......... .......... ..........  2% 3,38M 4s
[35.201s]    350K .......... .......... .......... .......... ..........  2% 4,31M 4s
[35.218s]    400K .......... .......... .......... .......... ..........  2% 2,91M 4s
[35.227s]    450K .......... .......... .......... .......... ..........  3% 5,40M 4s
[35.245s]    500K .......... .......... .......... .......... ..........  3% 3,60M 4s
[35.257s]    550K .......... .......... .......... .......... ..........  3% 2,96M 4s
[35.270s]    600K .......... .......... .......... .......... ..........  4% 3,55M 4s
[35.287s]    650K .......... .......... .......... .......... ..........  4% 2,98M 4s
[35.296s]    700K .......... .......... .......... .......... ..........  4% 5,28M 4s
[35.309s]    750K .......... .......... .......... .......... ..........  5% 3,88M 4s
[35.321s]    800K .......... .......... .......... .......... ..........  5% 3,79M 4s
[35.340s]    850K .......... .......... .......... .......... ..........  5% 2,70M 4s
[35.352s]    900K .......... .......... .......... .......... ..........  6% 5,85M 4s
[35.367s]    950K .......... .......... .......... .......... ..........  6% 2,66M 4s
[35.381s]   1000K .......... .......... .......... .......... ..........  6% 3,49M 4s
[35.392s]   1050K .......... .......... .......... .......... ..........  7% 4,42M 4s
[35.404s]   1100K .......... .......... .......... .......... ..........  7% 3,85M 4s
[35.418s]   1150K .......... .......... .......... .......... ..........  7% 3,50M 4s
[35.431s]   1200K .......... .......... .......... .......... ..........  7% 3,71M 4s
[35.443s]   1250K .......... .......... .......... .......... ..........  8% 4,17M 4s
[35.462s]   1300K .......... .......... .......... .......... ..........  8% 3,66M 4s
[35.473s]   1350K .......... .......... .......... .......... ..........  8% 2,85M 4s
[35.490s]   1400K .......... .......... .......... .......... ..........  9% 2,99M 4s
[35.499s]   1450K .......... .......... .......... .......... ..........  9% 5,30M 4s
[35.513s]   1500K .......... .......... .......... .......... ..........  9% 3,61M 4s
[35.526s]   1550K .......... .......... .......... .......... .......... 10% 3,65M 4s
[35.540s]   1600K .......... .......... .......... .......... .......... 10% 3,49M 4s
[35.552s]   1650K .......... .......... .......... .......... .......... 10% 4,12M 4s
[35.570s]   1700K .......... .......... .......... .......... .......... 11% 3,92M 4s
[35.582s]   1750K .......... .......... .......... .......... .......... 11% 2,68M 4s
[35.595s]   1800K .......... .......... .......... .......... .......... 11% 3,91M 4s
[35.608s]   1850K .......... .......... .......... .......... .......... 12% 3,66M 4s
[35.621s]   1900K .......... .......... .......... .......... .......... 12% 3,72M 4s
[35.638s]   1950K .......... .......... .......... .......... .......... 12% 2,93M 4s
[35.647s]   2000K .......... .......... .......... .......... .......... 13% 5,37M 4s
[35.659s]   2050K .......... .......... .......... .......... .......... 13% 3,89M 4s
[35.677s]   2100K .......... .......... .......... .......... .......... 13% 3,62M 4s
[35.695s]   2150K .......... .......... .......... .......... .......... 14% 2,20M 4s
[35.703s]   2200K .......... .......... .......... .......... .......... 14% 6,28M 4s
[35.716s]   2250K .......... .......... .......... .......... .......... 14% 3,74M 4s
[35.733s]   2300K .......... .......... .......... .......... .......... 15% 2,94M 4s
[35.742s]   2350K .......... .......... .......... .......... .......... 15% 5,56M 4s
[35.755s]   2400K .......... .......... .......... .......... .......... 15% 3,75M 4s
[35.768s]   2450K .......... .......... .......... .......... .......... 15% 3,60M 4s
[35.799s]   2500K .......... .......... .......... .......... .......... 16% 3,69M 4s
[35.803s]   2550K .......... .......... .......... .......... .......... 16% 2,27M 4s
[35.819s]   2600K .......... .......... .......... .......... .......... 16% 2,93M 4s
[35.843s]   2650K .......... .......... .......... .......... .......... 17% 2,16M 4s
[35.856s]   2700K .......... .......... .......... .......... .......... 17% 3,66M 4s
[35.868s]   2750K .......... .......... .......... .......... .......... 17% 3,93M 4s
[35.881s]   2800K .......... .......... .......... .......... .......... 18% 3,70M 4s
[35.909s]   2850K .......... .......... .......... .......... .......... 18% 1,76M 4s
[35.912s]   2900K .......... .......... .......... .......... .......... 18%  118M 4s
[35.926s]   2950K .......... .......... .......... .......... .......... 19% 2,84M 4s
[35.941s]   3000K .......... .......... .......... .......... .......... 19% 3,33M 4s
[35.965s]   3050K .......... .......... .......... .......... .......... 19% 2,04M 4s
[35.982s]   3100K .......... .......... .......... .......... .......... 20% 2,76M 4s
[36.126s]   3150K .......... .......... .......... .......... .......... 20%  349K 4s
[36.133s]   3200K .......... .......... .......... .......... .......... 20% 6,94M 4s
[36.133s]   3250K .......... .......... .......... .......... .......... 21%  247M 4s
[36.133s]   3300K .......... .......... .......... .......... .......... 21%  258M 4s
[36.133s]   3350K .......... .......... .......... .......... .......... 21%  188M 4s
[36.133s]   3400K .......... .......... .......... .......... .......... 22%  265M 4s
[36.134s]   3450K .......... .......... .......... .......... .......... 22%  269M 4s
[36.134s]   3500K .......... .......... .......... .......... .......... 22%  276M 4s
[36.142s]   3550K .......... .......... .......... .......... .......... 23% 6,19M 4s
[36.152s]   3600K .......... .......... .......... .......... .......... 23% 4,81M 3s
[36.165s]   3650K .......... .......... .......... .......... .......... 23% 3,68M 3s
[36.210s]   3700K .......... .......... .......... .......... .......... 23% 2,07M 3s
[36.225s]   3750K .......... .......... .......... .......... .......... 24% 1,37M 4s
[36.242s]   3800K .......... .......... .......... .......... .......... 24% 2,89M 4s
[36.254s]   3850K .......... .......... .......... .......... .......... 24% 4,05M 3s
[36.267s]   3900K .......... .......... .......... .......... .......... 25% 3,72M 3s
[36.288s]   3950K .......... .......... .......... .......... .......... 25% 2,32M 3s
[36.309s]   4000K .......... .......... .......... .......... .......... 25% 2,32M 3s
[36.328s]   4050K .......... .......... .......... .......... .......... 26% 2,55M 3s
[36.361s]   4100K .......... .......... .......... .......... .......... 26% 1,85M 3s
[36.373s]   4150K .......... .......... .......... .......... .......... 26% 2,55M 3s
[36.387s]   4200K .......... .......... .......... .......... .......... 27% 3,72M 3s
[36.405s]   4250K .......... .......... .......... .......... .......... 27% 2,66M 3s
[36.415s]   4300K .......... .......... .......... .......... .......... 27% 4,93M 3s
[36.428s]   4350K .......... .......... .......... .......... .......... 28% 3,82M 3s
[36.446s]   4400K .......... .......... .......... .......... .......... 28% 3,82M 3s
[36.457s]   4450K .......... .......... .......... .......... .......... 28% 2,91M 3s
[36.470s]   4500K .......... .......... .......... .......... .......... 29% 3,75M 3s
[36.484s]   4550K .......... .......... .......... .......... .......... 29% 3,70M 3s
[36.497s]   4600K .......... .......... .......... .......... .......... 29% 3,65M 3s
[36.515s]   4650K .......... .......... .......... .......... .......... 30% 2,78M 3s
[36.522s]   4700K .......... .......... .......... .......... .......... 30% 6,33M 3s
[36.536s]   4750K .......... .......... .......... .......... .......... 30% 3,45M 3s
[36.558s]   4800K .......... .......... .......... .......... .......... 31% 3,51M 3s
[36.585s]   4850K .......... .......... .......... .......... .......... 31% 1,40M 3s
[36.587s]   4900K .......... .......... .......... .......... .......... 31% 24,8M 3s
[36.595s]   4950K .......... .......... .......... .......... .......... 31% 6,31M 3s
[36.629s]   5000K .......... .......... .......... .......... .......... 32% 1,43M 3s
[36.632s]   5050K .......... .......... .......... .......... .......... 32% 13,7M 3s
[36.651s]   5100K .......... .......... .......... .......... .......... 32% 2,64M 3s
[36.661s]   5150K .......... .......... .......... .......... .......... 33% 4,56M 3s
[36.667s]   5200K .......... .......... .......... .......... .......... 33% 22,4M 3s
[36.676s]   5250K .......... .......... .......... .......... .......... 33% 4,02M 3s
[36.695s]   5300K .......... .......... .......... .......... .......... 34% 2,53M 3s
[36.740s]   5350K .......... .......... .......... .......... .......... 34% 1,09M 3s
[36.752s]   5400K .......... .......... .......... .......... .......... 34% 4,25M 3s
[36.783s]   5450K .......... .......... .......... .......... .......... 35% 1,58M 3s
[36.795s]   5500K .......... .......... .......... .......... .......... 35% 3,86M 3s
[36.796s]   5550K .......... .......... .......... .......... .......... 35%  133M 3s
[36.836s]   5600K .......... .......... .......... .......... .......... 36% 5,39M 3s
[36.851s]   5650K .......... .......... .......... .......... .......... 36% 1,05M 3s
[36.865s]   5700K .......... .......... .......... .......... .......... 36% 3,59M 3s
[36.879s]   5750K .......... .......... .......... .......... .......... 37% 3,36M 3s
[36.900s]   5800K .......... .......... .......... .......... .......... 37% 2,38M 3s
[36.941s]   5850K .......... .......... .......... .......... .......... 37% 1,20M 3s
[36.941s]   5900K .......... .......... .......... .......... .......... 38%  106M 3s
[36.951s]   5950K .......... .......... .......... .......... .......... 38% 4,95M 3s
[36.961s]   6000K .......... .......... .......... .......... .......... 38% 21,6M 3s
[36.972s]   6050K .......... .......... .......... .......... .......... 39% 2,65M 3s
[36.992s]   6100K .......... .......... .......... .......... .......... 39% 2,37M 3s
[37.012s]   6150K .......... .......... .......... .......... .......... 39% 2,48M 3s
[37.043s]   6200K .......... .......... .......... .......... .......... 39% 1,56M 3s
[37.047s]   6250K .......... .......... .......... .......... .......... 40% 12,4M 3s
[37.063s]   6300K .......... .......... .......... .......... .......... 40% 2,99M 3s
[37.074s]   6350K .......... .......... .......... .......... .......... 40% 4,47M 3s
[37.095s]   6400K .......... .......... .......... .......... .......... 41% 3,03M 3s
[37.112s]   6450K .......... .......... .......... .......... .......... 41% 2,31M 3s
[37.127s]   6500K .......... .......... .......... .......... .......... 41% 3,10M 3s
[37.141s]   6550K .......... .......... .......... .......... .......... 42% 3,42M 3s
[37.155s]   6600K .......... .......... .......... .......... .......... 42% 3,59M 3s
[37.171s]   6650K .......... .......... .......... .......... .......... 42% 3,03M 3s
[37.185s]   6700K .......... .......... .......... .......... .......... 43% 3,44M 3s
[37.200s]   6750K .......... .......... .......... .......... .......... 43% 3,26M 3s
[37.237s]   6800K .......... .......... .......... .......... .......... 43% 3,27M 3s
[37.242s]   6850K .......... .......... .......... .......... .......... 44% 1,81M 3s
[37.243s]   6900K .......... .......... .......... .......... .......... 44% 43,8M 3s
[37.258s]   6950K .......... .......... .......... .......... .......... 44% 3,39M 3s
[37.296s]   7000K .......... .......... .......... .......... .......... 45% 1,27M 3s
[37.301s]   7050K .......... .......... .......... .......... .......... 45% 9,77M 3s
[37.306s]   7100K .......... .......... .......... .......... .......... 45% 11,1M 3s
[37.315s]   7150K .......... .......... .......... .......... .......... 46% 5,34M 3s
[37.326s]   7200K .......... .......... .......... .......... .......... 46% 4,48M 3s
[37.342s]   7250K .......... .......... .......... .......... .......... 46% 3,09M 3s
[37.360s]   7300K .......... .......... .......... .......... .......... 47% 2,66M 3s
[37.385s]   7350K .......... .......... .......... .......... .......... 47% 1,95M 3s
[37.401s]   7400K .......... .......... .......... .......... .......... 47% 2,99M 3s
[37.415s]   7450K .......... .......... .......... .......... .......... 47% 3,59M 3s
[37.426s]   7500K .......... .......... .......... .......... .......... 48% 4,18M 2s
[37.440s]   7550K .......... .......... .......... .......... .......... 48% 3,63M 2s
[37.458s]   7600K .......... .......... .......... .......... .......... 48% 3,70M 2s
[37.471s]   7650K .......... .......... .......... .......... .......... 49% 2,76M 2s
[37.488s]   7700K .......... .......... .......... .......... .......... 49% 2,89M 2s
[37.498s]   7750K .......... .......... .......... .......... .......... 49% 5,03M 2s
[37.511s]   7800K .......... .......... .......... .......... .......... 50% 3,67M 2s
[37.523s]   7850K .......... .......... .......... .......... .......... 50% 4,01M 2s
[37.539s]   7900K .......... .......... .......... .......... .......... 50% 2,91M 2s
[37.552s]   7950K .......... .......... .......... .......... .......... 51% 3,93M 2s
[37.569s]   8000K .......... .......... .......... .......... .......... 51% 4,11M 2s
[37.581s]   8050K .......... .......... .......... .......... .......... 51% 2,78M 2s
[37.594s]   8100K .......... .......... .......... .......... .......... 52% 3,85M 2s
[37.607s]   8150K .......... .......... .......... .......... .......... 52% 3,73M 2s
[37.620s]   8200K .......... .......... .......... .......... .......... 52% 3,91M 2s
[37.633s]   8250K .......... .......... .......... .......... .......... 53% 3,61M 2s
[37.647s]   8300K .......... .......... .......... .......... .......... 53% 3,69M 2s
[37.660s]   8350K .......... .......... .......... .......... .......... 53% 3,61M 2s
[37.677s]   8400K .......... .......... .......... .......... .......... 54% 3,81M 2s
[37.694s]   8450K .......... .......... .......... .......... .......... 54% 2,27M 2s
[37.707s]   8500K .......... .......... .......... .......... .......... 54% 3,99M 2s
[37.720s]   8550K .......... .......... .......... .......... .......... 55% 3,80M 2s
[37.733s]   8600K .......... .......... .......... .......... .......... 55% 3,52M 2s
[37.746s]   8650K .......... .......... .......... .......... .......... 55% 4,00M 2s
[37.759s]   8700K .......... .......... .......... .......... .......... 55% 3,76M 2s
[37.771s]   8750K .......... .......... .......... .......... .......... 56% 3,87M 2s
[37.789s]   8800K .......... .......... .......... .......... .......... 56% 3,29M 2s
[37.801s]   8850K .......... .......... .......... .......... .......... 56% 3,16M 2s
[37.816s]   8900K .......... .......... .......... .......... .......... 57% 3,47M 2s
[37.831s]   8950K .......... .......... .......... .......... .......... 57% 3,17M 2s
[37.844s]   9000K .......... .......... .......... .......... .......... 57% 3,71M 2s
[37.857s]   9050K .......... .......... .......... .......... .......... 58% 3,91M 2s
[37.871s]   9100K .......... .......... .......... .......... .......... 58% 3,34M 2s
[37.882s]   9150K .......... .......... .......... .......... .......... 58% 4,30M 2s
[37.899s]   9200K .......... .......... .......... .......... .......... 59% 3,87M 2s
[37.913s]   9250K .......... .......... .......... .......... .......... 59% 2,71M 2s
[37.926s]   9300K .......... .......... .......... .......... .......... 59% 3,79M 2s
[37.949s]   9350K .......... .......... .......... .......... .......... 60% 2,18M 2s
[37.952s]   9400K .......... .......... .......... .......... .......... 60% 14,2M 2s
[37.965s]   9450K .......... .......... .......... .......... .......... 60% 3,68M 2s
[37.994s]   9500K .......... .......... .......... .......... .......... 61% 1,67M 2s
[37.996s]   9550K .......... .......... .......... .......... .......... 61% 41,4M 2s
[38.008s]   9600K .......... .......... .......... .......... .......... 61% 5,51M 2s
[38.021s]   9650K .......... .......... .......... .......... .......... 62% 2,95M 2s
[38.056s]   9700K .......... .......... .......... .......... .......... 62% 1,41M 2s
[38.056s]   9750K .......... .......... .......... .......... .......... 62%  109M 2s
[38.066s]   9800K .......... .......... .......... .......... .......... 63% 5,01M 2s
[38.078s]   9850K .......... .......... .......... .......... .......... 63% 3,88M 2s
[38.094s]   9900K .......... .......... .......... .......... .......... 63% 3,11M 2s
[38.110s]   9950K .......... .......... .......... .......... .......... 63% 2,98M 2s
[38.131s]  10000K .......... .......... .......... .......... .......... 64% 2,92M 2s
[38.146s]  10050K .......... .......... .......... .......... .......... 64% 2,55M 2s
[38.157s]  10100K .......... .......... .......... .......... .......... 64% 4,41M 2s
[38.171s]  10150K .......... .......... .......... .......... .......... 65% 3,60M 2s
[38.194s]  10200K .......... .......... .......... .......... .......... 65% 2,16M 2s
[38.203s]  10250K .......... .......... .......... .......... .......... 65% 5,24M 2s
[38.214s]  10300K .......... .......... .......... .......... .......... 66% 4,28M 2s
[38.257s]  10350K .......... .......... .......... .......... .......... 66% 1,15M 2s
[38.283s]  10400K .......... .......... .......... .......... .......... 66% 1,89M 2s
[38.283s]  10450K .......... .......... .......... .......... .......... 67%  111M 2s
[38.322s]  10500K .......... .......... .......... .......... .......... 67% 1,27M 2s
[38.334s]  10550K .......... .......... .......... .......... .......... 67% 3,92M 2s
[38.362s]  10600K .......... .......... .......... .......... .......... 68% 1,74M 2s
[38.369s]  10650K .......... .......... .......... .......... .......... 68% 7,03M 2s
[38.370s]  10700K .......... .......... .......... .......... .......... 68%  146M 1s
[38.386s]  10750K .......... .......... .......... .......... .......... 69% 2,85M 1s
[38.394s]  10800K .......... .......... .......... .......... .......... 69% 6,51M 1s
[38.410s]  10850K .......... .......... .......... .......... .......... 69% 3,06M 1s
[38.425s]  10900K .......... .......... .......... .......... .......... 70% 3,36M 1s
[38.440s]  10950K .......... .......... .......... .......... .......... 70% 3,24M 1s
[38.465s]  11000K .......... .......... .......... .......... .......... 70% 1,95M 1s
[38.474s]  11050K .......... .......... .......... .......... .......... 71% 5,53M 1s
[38.486s]  11100K .......... .......... .......... .......... .......... 71% 4,13M 1s
[38.497s]  11150K .......... .......... .......... .......... .......... 71% 4,22M 1s
[38.518s]  11200K .......... .......... .......... .......... .......... 71% 3,34M 1s
[38.528s]  11250K .......... .......... .......... .......... .......... 72% 3,01M 1s
[38.544s]  11300K .......... .......... .......... .......... .......... 72% 2,90M 1s
[38.554s]  11350K .......... .......... .......... .......... .......... 72% 5,03M 1s
[38.568s]  11400K .......... .......... .......... .......... .......... 73% 3,61M 1s
[38.581s]  11450K .......... .......... .......... .......... .......... 73% 3,61M 1s
[38.594s]  11500K .......... .......... .......... .......... .......... 73% 3,64M 1s
[38.606s]  11550K .......... .......... .......... .......... .......... 74% 4,28M 1s
[38.624s]  11600K .......... .......... .......... .......... .......... 74% 3,55M 1s
[38.640s]  11650K .......... .......... .......... .......... .......... 74% 2,35M 1s
[38.657s]  11700K .......... .......... .......... .......... .......... 75% 2,92M 1s
[38.683s]  11750K .......... .......... .......... .......... .......... 75% 1,93M 1s
[38.700s]  11800K .......... .......... .......... .......... .......... 75% 2,87M 1s
[38.769s]  11850K .......... .......... .......... .......... .......... 76%  729K 1s
[38.769s]  11900K .......... .......... .......... .......... .......... 76%  147M 1s
[38.769s]  11950K .......... .......... .......... .......... .......... 76%  144M 1s
[38.769s]  12000K .......... .......... .......... .......... .......... 77%  139M 1s
[38.793s]  12050K .......... .......... .......... .......... .......... 77% 2,07M 1s
[38.793s]  12100K .......... .......... .......... .......... .......... 77%  131M 1s
[38.814s]  12150K .......... .......... .......... .......... .......... 78% 2,32M 1s
[38.824s]  12200K .......... .......... .......... .......... .......... 78% 5,14M 1s
[38.834s]  12250K .......... .......... .......... .......... .......... 78% 4,86M 1s
[38.850s]  12300K .......... .......... .......... .......... .......... 79% 3,10M 1s
[38.869s]  12350K .......... .......... .......... .......... .......... 79% 2,44M 1s
[38.884s]  12400K .......... .......... .......... .......... .......... 79% 6,65M 1s
[38.924s]  12450K .......... .......... .......... .......... .......... 79% 1,04M 1s
[38.935s]  12500K .......... .......... .......... .......... .......... 80% 4,42M 1s
[38.955s]  12550K .......... .......... .......... .......... .......... 80% 2,47M 1s
[38.981s]  12600K .......... .......... .......... .......... .......... 80% 1,87M 1s
[38.983s]  12650K .......... .......... .......... .......... .......... 81% 19,4M 1s
[38.984s]  12700K .......... .......... .......... .......... .......... 81% 41,4M 1s
[38.998s]  12750K .......... .......... .......... .......... .......... 81% 3,63M 1s
[39.016s]  12800K .......... .......... .......... .......... .......... 82% 2,73M 1s
[39.034s]  12850K .......... .......... .......... .......... .......... 82% 2,72M 1s
[39.043s]  12900K .......... .......... .......... .......... .......... 82% 5,11M 1s
[39.054s]  12950K .......... .......... .......... .......... .......... 83% 4,55M 1s
[39.068s]  13000K .......... .......... .......... .......... .......... 83% 3,48M 1s
[39.081s]  13050K .......... .......... .......... .......... .......... 83% 3,66M 1s
[39.095s]  13100K .......... .......... .......... .......... .......... 84% 3,60M 1s
[39.111s]  13150K .......... .......... .......... .......... .......... 84% 3,18M 1s
[39.127s]  13200K .......... .......... .......... .......... .......... 84% 4,64M 1s
[39.140s]  13250K .......... .......... .......... .......... .......... 85% 2,55M 1s
[39.152s]  13300K .......... .......... .......... .......... .......... 85% 4,06M 1s
[39.170s]  13350K .......... .......... .......... .......... .......... 85% 2,81M 1s
[39.179s]  13400K .......... .......... .......... .......... .......... 86% 5,13M 1s
[39.190s]  13450K .......... .......... .......... .......... .......... 86% 4,36M 1s
[39.204s]  13500K .......... .......... .......... .......... .......... 86% 3,62M 1s
[39.221s]  13550K .......... .......... .......... .......... .......... 87% 2,74M 1s
[39.235s]  13600K .......... .......... .......... .......... .......... 87% 4,04M 1s
[39.247s]  13650K .......... .......... .......... .......... .......... 87% 3,61M 1s
[39.260s]  13700K .......... .......... .......... .......... .......... 87% 3,80M 1s
[39.277s]  13750K .......... .......... .......... .......... .......... 88% 2,82M 1s
[39.286s]  13800K .......... .......... .......... .......... .......... 88% 5,21M 1s
[39.326s]  13850K .......... .......... .......... .......... .......... 88% 1,26M 1s
[39.341s]  13900K .......... .......... .......... .......... .......... 89% 3,02M 1s
[39.355s]  13950K .......... .......... .......... .......... .......... 89% 3,61M 0s
[39.372s]  14000K .......... .......... .......... .......... .......... 89% 4,31M 0s
[39.385s]  14050K .......... .......... .......... .......... .......... 90% 2,63M 0s
[39.451s]  14100K .......... .......... .......... .......... .......... 90%  765K 0s
[39.468s]  14150K .......... .......... .......... .......... .......... 90% 2,83M 0s
[39.484s]  14200K .......... .......... .......... .......... .......... 91% 2,86M 0s
[39.496s]  14250K .......... .......... .......... .......... .......... 91% 4,31M 0s
[39.510s]  14300K .......... .......... .......... .......... .......... 91% 3,32M 0s
[39.526s]  14350K .......... .......... .......... .......... .......... 92% 3,13M 0s
[39.548s]  14400K .......... .......... .......... .......... .......... 92% 2,21M 0s
[39.563s]  14450K .......... .......... .......... .......... .......... 92% 3,34M 0s
[39.578s]  14500K .......... .......... .......... .......... .......... 93% 3,32M 0s
[39.595s]  14550K .......... .......... .......... .......... .......... 93% 2,79M 0s
[39.607s]  14600K .......... .......... .......... .......... .......... 93% 4,12M 0s
[39.633s]  14650K .......... .......... .......... .......... .......... 94% 1,91M 0s
[39.649s]  14700K .......... .......... .......... .......... .......... 94% 2,87M 0s
[39.666s]  14750K .......... .......... .......... .......... .......... 94% 2,93M 0s
[39.688s]  14800K .......... .......... .......... .......... .......... 95% 5,33M 0s
[39.695s]  14850K .......... .......... .......... .......... .......... 95% 2,52M 0s
[39.709s]  14900K .......... .......... .......... .......... .......... 95% 3,53M 0s
[39.724s]  14950K .......... .......... .......... .......... .......... 95% 3,11M 0s
[39.736s]  15000K .......... .......... .......... .......... .......... 96% 4,04M 0s
[39.749s]  15050K .......... .......... .......... .......... .......... 96% 3,84M 0s
[39.766s]  15100K .......... .......... .......... .......... .......... 96% 2,85M 0s
[39.782s]  15150K .......... .......... .......... .......... .......... 97% 3,13M 0s
[39.800s]  15200K .......... .......... .......... .......... .......... 97% 2,62M 0s
[39.808s]  15250K .......... .......... .......... .......... .......... 97% 7,14M 0s
[39.825s]  15300K .......... .......... .......... .......... .......... 98% 2,70M 0s
[39.835s]  15350K .......... .......... .......... .......... .......... 98% 5,08M 0s
[39.850s]  15400K .......... .......... .......... .......... .......... 98% 3,27M 0s
[39.870s]  15450K .......... .......... .......... .......... .......... 99% 2,47M 0s
[39.888s]  15500K .......... .......... .......... .......... .......... 99% 2,74M 0s
[39.905s]  15550K .......... .......... .......... .......... .......... 99% 2,82M 0s
[39.909s]  15600K .......... .......... .....                           100% 6,39M=4,8s
[39.909s] 
[39.909s] 2025-10-23 19:39:36 (3,17 MB/s) - ‘/home/vincenzo/Documenti/AMR/ros2pythonvenv/src/lab4workspace/build/multirobot_map_merge/2012-01-28-11-12-01.pgm’ salvato [16000058/16000058]
[39.910s] 
[39.912s] Checking MD5 sum of /home/vincenzo/Documenti/AMR/ros2pythonvenv/src/lab4workspace/build/multirobot_map_merge/2012-01-28-11-12-01.pgm
[39.951s] /home/vincenzo/Documenti/AMR/ros2pythonvenv/src/lab4workspace/build/multirobot_map_merge/2012-01-28-11-12-01.pgm: OK
[39.954s] -- Found gtest sources under '/opt/ros/humble/src/gtest_vendor': C++ tests using 'Google Test' will be built
[39.962s] -- Added test 'cppcheck' to perform static code analysis on C / C++ code
[39.962s] -- Configured cppcheck include dirs: /home/vincenzo/Documenti/AMR/ros2pythonvenv/src/lab4workspace/src/m-explore-ros2/map_merge/include;$<BUILD_INTERFACE:/home/vincenzo/Documenti/AMR/ros2pythonvenv/src/lab4workspace/src/m-explore-ros2/map_merge/include>
[39.962s] -- Configured cppcheck exclude dirs and/or files: 
[39.963s] -- Added test 'flake8' to check Python code syntax and style conventions
[39.963s] -- Added test 'lint_cmake' to check CMake code style
[39.964s] -- Added test 'pep257' to check Python code against some of the docstring style conventions in PEP 257
[39.965s] -- Added test 'uncrustify' to check C / C++ code style
[39.965s] -- Configured uncrustify additional arguments: 
[39.965s] -- Added test 'xmllint' to check XML markup files
[39.966s] -- Configuring done
[40.010s] -- Generating done
[40.017s] -- Build files have been written to: /home/vincenzo/Documenti/AMR/ros2pythonvenv/src/lab4workspace/build/multirobot_map_merge
[40.025s] Invoked command in '/home/vincenzo/Documenti/AMR/ros2pythonvenv/src/lab4workspace/build/multirobot_map_merge' returned '0': CMAKE_PREFIX_PATH=/opt/ros/humble PS1=(ros2pythonvenv) VIRTUAL_ENV_PROMPT=(ros2pythonvenv) /usr/bin/cmake /home/vincenzo/Documenti/AMR/ros2pythonvenv/src/lab4workspace/src/m-explore-ros2/map_merge -DCMAKE_INSTALL_PREFIX=/home/vincenzo/Documenti/AMR/ros2pythonvenv/src/lab4workspace/install/multirobot_map_merge
[40.026s] Invoking command in '/home/vincenzo/Documenti/AMR/ros2pythonvenv/src/lab4workspace/build/multirobot_map_merge': CMAKE_PREFIX_PATH=/opt/ros/humble PS1=(ros2pythonvenv) VIRTUAL_ENV_PROMPT=(ros2pythonvenv) /usr/bin/cmake --build /home/vincenzo/Documenti/AMR/ros2pythonvenv/src/lab4workspace/build/multirobot_map_merge -- -j16 -l16
[40.070s] [ 16%] [32mBuilding CXX object CMakeFiles/combine_grids.dir/src/combine_grids/grid_warper.cpp.o[0m
[40.070s] [ 16%] [32mBuilding CXX object CMakeFiles/combine_grids.dir/src/combine_grids/grid_compositor.cpp.o[0m
[40.070s] [ 25%] [32mBuilding CXX object CMakeFiles/combine_grids.dir/src/combine_grids/merging_pipeline.cpp.o[0m
[40.072s] [ 33%] [32mBuilding CXX object gtest/CMakeFiles/gtest.dir/src/gtest-all.cc.o[0m
[40.074s] [ 41%] [32mBuilding CXX object gtest/CMakeFiles/gtest_main.dir/src/gtest_main.cc.o[0m
[40.648s] [ 50%] [32m[1mLinking CXX static library libgtest_main.a[0m
[40.681s] [ 50%] Built target gtest_main
[42.080s] [ 58%] [32m[1mLinking CXX static library libgtest.a[0m
[42.125s] [ 58%] Built target gtest
[42.287s] [ 66%] [32m[1mLinking CXX static library libcombine_grids.a[0m
[42.335s] [ 66%] Built target combine_grids
[42.367s] [ 75%] [32mBuilding CXX object CMakeFiles/test_merging_pipeline.dir/test/test_merging_pipeline.cpp.o[0m
[42.367s] [ 83%] [32mBuilding CXX object CMakeFiles/map_merge.dir/src/map_merge.cpp.o[0m
[45.385s] [ 91%] [32m[1mLinking CXX executable test_merging_pipeline[0m
[45.828s] [ 91%] Built target test_merging_pipeline
[50.828s] [100%] [32m[1mLinking CXX executable map_merge[0m
[51.556s] [100%] Built target map_merge
[51.565s] Invoked command in '/home/vincenzo/Documenti/AMR/ros2pythonvenv/src/lab4workspace/build/multirobot_map_merge' returned '0': CMAKE_PREFIX_PATH=/opt/ros/humble PS1=(ros2pythonvenv) VIRTUAL_ENV_PROMPT=(ros2pythonvenv) /usr/bin/cmake --build /home/vincenzo/Documenti/AMR/ros2pythonvenv/src/lab4workspace/build/multirobot_map_merge -- -j16 -l16
[51.567s] Invoking command in '/home/vincenzo/Documenti/AMR/ros2pythonvenv/src/lab4workspace/build/multirobot_map_merge': CMAKE_PREFIX_PATH=/opt/ros/humble PS1=(ros2pythonvenv) VIRTUAL_ENV_PROMPT=(ros2pythonvenv) /usr/bin/cmake --install /home/vincenzo/Documenti/AMR/ros2pythonvenv/src/lab4workspace/build/multirobot_map_merge
[51.576s] -- Install configuration: ""
[51.577s] -- Installing: /home/vincenzo/Documenti/AMR/ros2pythonvenv/src/lab4workspace/install/multirobot_map_merge/include/map_merge/
[51.577s] -- Installing: /home/vincenzo/Documenti/AMR/ros2pythonvenv/src/lab4workspace/install/multirobot_map_merge/include/map_merge//ros1_names.hpp
[51.577s] -- Installing: /home/vincenzo/Documenti/AMR/ros2pythonvenv/src/lab4workspace/install/multirobot_map_merge/include/map_merge//map_merge.h
[51.577s] -- Installing: /home/vincenzo/Documenti/AMR/ros2pythonvenv/src/lab4workspace/install/multirobot_map_merge/share/multirobot_map_merge/launch
[51.578s] -- Installing: /home/vincenzo/Documenti/AMR/ros2pythonvenv/src/lab4workspace/install/multirobot_map_merge/share/multirobot_map_merge/launch/map_merge.rviz
[51.578s] -- Installing: /home/vincenzo/Documenti/AMR/ros2pythonvenv/src/lab4workspace/install/multirobot_map_merge/share/multirobot_map_merge/launch/map_merge.launch.py
[51.578s] -- Installing: /home/vincenzo/Documenti/AMR/ros2pythonvenv/src/lab4workspace/install/multirobot_map_merge/share/multirobot_map_merge/launch/from_map_server.launch.py
[51.578s] -- Installing: /home/vincenzo/Documenti/AMR/ros2pythonvenv/src/lab4workspace/install/multirobot_map_merge/share/multirobot_map_merge/launch/tb3_simulation
[51.579s] -- Installing: /home/vincenzo/Documenti/AMR/ros2pythonvenv/src/lab4workspace/install/multirobot_map_merge/share/multirobot_map_merge/launch/tb3_simulation/tb3_simulation_launch.py
[51.579s] -- Installing: /home/vincenzo/Documenti/AMR/ros2pythonvenv/src/lab4workspace/install/multirobot_map_merge/share/multirobot_map_merge/launch/tb3_simulation/multi_tb3_simulation_launch.py
[51.579s] -- Installing: /home/vincenzo/Documenti/AMR/ros2pythonvenv/src/lab4workspace/install/multirobot_map_merge/share/multirobot_map_merge/launch/tb3_simulation/config
[51.579s] -- Installing: /home/vincenzo/Documenti/AMR/ros2pythonvenv/src/lab4workspace/install/multirobot_map_merge/share/multirobot_map_merge/launch/tb3_simulation/config/nav2_multirobot_params_1.yaml
[51.579s] -- Installing: /home/vincenzo/Documenti/AMR/ros2pythonvenv/src/lab4workspace/install/multirobot_map_merge/share/multirobot_map_merge/launch/tb3_simulation/config/nav2_multirobot_params_2.yaml
[51.580s] -- Installing: /home/vincenzo/Documenti/AMR/ros2pythonvenv/src/lab4workspace/install/multirobot_map_merge/share/multirobot_map_merge/launch/tb3_simulation/worlds
[51.580s] -- Installing: /home/vincenzo/Documenti/AMR/ros2pythonvenv/src/lab4workspace/install/multirobot_map_merge/share/multirobot_map_merge/launch/tb3_simulation/worlds/world_only.model
[51.580s] -- Installing: /home/vincenzo/Documenti/AMR/ros2pythonvenv/src/lab4workspace/install/multirobot_map_merge/share/multirobot_map_merge/launch/tb3_simulation/slam_toolbox.py
[51.580s] -- Installing: /home/vincenzo/Documenti/AMR/ros2pythonvenv/src/lab4workspace/install/multirobot_map_merge/share/multirobot_map_merge/launch/tb3_simulation/bringup_launch.py
[51.580s] -- Installing: /home/vincenzo/Documenti/AMR/ros2pythonvenv/src/lab4workspace/install/multirobot_map_merge/share/multirobot_map_merge/config
[51.580s] -- Installing: /home/vincenzo/Documenti/AMR/ros2pythonvenv/src/lab4workspace/install/multirobot_map_merge/share/multirobot_map_merge/config/params.yaml
[51.581s] -- Installing: /home/vincenzo/Documenti/AMR/ros2pythonvenv/src/lab4workspace/install/multirobot_map_merge/lib/libcombine_grids.a
[51.581s] -- Installing: /home/vincenzo/Documenti/AMR/ros2pythonvenv/src/lab4workspace/install/multirobot_map_merge/lib/multirobot_map_merge/map_merge
[51.588s] -- Set runtime path of "/home/vincenzo/Documenti/AMR/ros2pythonvenv/src/lab4workspace/install/multirobot_map_merge/lib/multirobot_map_merge/map_merge" to ""
[51.588s] -- Installing: /home/vincenzo/Documenti/AMR/ros2pythonvenv/src/lab4workspace/install/multirobot_map_merge/share/multirobot_map_merge/environment/library_path.sh
[51.588s] -- Installing: /home/vincenzo/Documenti/AMR/ros2pythonvenv/src/lab4workspace/install/multirobot_map_merge/share/multirobot_map_merge/environment/library_path.dsv
[51.589s] -- Installing: /home/vincenzo/Documenti/AMR/ros2pythonvenv/src/lab4workspace/install/multirobot_map_merge/share/ament_index/resource_index/package_run_dependencies/multirobot_map_merge
[51.589s] -- Installing: /home/vincenzo/Documenti/AMR/ros2pythonvenv/src/lab4workspace/install/multirobot_map_merge/share/ament_index/resource_index/parent_prefix_path/multirobot_map_merge
[51.589s] -- Installing: /home/vincenzo/Documenti/AMR/ros2pythonvenv/src/lab4workspace/install/multirobot_map_merge/share/multirobot_map_merge/environment/ament_prefix_path.sh
[51.589s] -- Installing: /home/vincenzo/Documenti/AMR/ros2pythonvenv/src/lab4workspace/install/multirobot_map_merge/share/multirobot_map_merge/environment/ament_prefix_path.dsv
[51.589s] -- Installing: /home/vincenzo/Documenti/AMR/ros2pythonvenv/src/lab4workspace/install/multirobot_map_merge/share/multirobot_map_merge/environment/path.sh
[51.589s] -- Installing: /home/vincenzo/Documenti/AMR/ros2pythonvenv/src/lab4workspace/install/multirobot_map_merge/share/multirobot_map_merge/environment/path.dsv
[51.589s] -- Installing: /home/vincenzo/Documenti/AMR/ros2pythonvenv/src/lab4workspace/install/multirobot_map_merge/share/multirobot_map_merge/local_setup.bash
[51.589s] -- Installing: /home/vincenzo/Documenti/AMR/ros2pythonvenv/src/lab4workspace/install/multirobot_map_merge/share/multirobot_map_merge/local_setup.sh
[51.589s] -- Installing: /home/vincenzo/Documenti/AMR/ros2pythonvenv/src/lab4workspace/install/multirobot_map_merge/share/multirobot_map_merge/local_setup.zsh
[51.590s] -- Installing: /home/vincenzo/Documenti/AMR/ros2pythonvenv/src/lab4workspace/install/multirobot_map_merge/share/multirobot_map_merge/local_setup.dsv
[51.590s] -- Installing: /home/vincenzo/Documenti/AMR/ros2pythonvenv/src/lab4workspace/install/multirobot_map_merge/share/multirobot_map_merge/package.dsv
[51.590s] -- Installing: /home/vincenzo/Documenti/AMR/ros2pythonvenv/src/lab4workspace/install/multirobot_map_merge/share/ament_index/resource_index/packages/multirobot_map_merge
[51.590s] -- Installing: /home/vincenzo/Documenti/AMR/ros2pythonvenv/src/lab4workspace/install/multirobot_map_merge/share/multirobot_map_merge/cmake/ament_cmake_export_include_directories-extras.cmake
[51.590s] -- Installing: /home/vincenzo/Documenti/AMR/ros2pythonvenv/src/lab4workspace/install/multirobot_map_merge/share/multirobot_map_merge/cmake/ament_cmake_export_libraries-extras.cmake
[51.590s] -- Installing: /home/vincenzo/Documenti/AMR/ros2pythonvenv/src/lab4workspace/install/multirobot_map_merge/share/multirobot_map_merge/cmake/multirobot_map_mergeConfig.cmake
[51.590s] -- Installing: /home/vincenzo/Documenti/AMR/ros2pythonvenv/src/lab4workspace/install/multirobot_map_merge/share/multirobot_map_merge/cmake/multirobot_map_mergeConfig-version.cmake
[51.590s] -- Installing: /home/vincenzo/Documenti/AMR/ros2pythonvenv/src/lab4workspace/install/multirobot_map_merge/share/multirobot_map_merge/package.xml
[51.591s] Invoked command in '/home/vincenzo/Documenti/AMR/ros2pythonvenv/src/lab4workspace/build/multirobot_map_merge' returned '0': CMAKE_PREFIX_PATH=/opt/ros/humble PS1=(ros2pythonvenv) VIRTUAL_ENV_PROMPT=(ros2pythonvenv) /usr/bin/cmake --install /home/vincenzo/Documenti/AMR/ros2pythonvenv/src/lab4workspace/build/multirobot_map_merge
