[0.014s] Invoking command in '/home/vincenzo/Documenti/AMR/ros2pythonvenv/src/lab2workspace/build/cpp_pubsub': CMAKE_PREFIX_PATH=${CMAKE_PREFIX_PATH}:/home/vincenzo/Documenti/AMR/ros2pythonvenv/src/lab2workspace/install/my_python_package:/opt/ros/humble PS1=(ros2pythonvenv) \[\e]0;\u@\h: \w\a\]${debian_chroot:+($debian_chroot)}\[\033[01;32m\]\u@\h\[\033[00m\]:\[\033[01;34m\]\w\[\033[00m\]\$ VIRTUAL_ENV_PROMPT=(ros2pythonvenv) /usr/bin/cmake --build /home/vincenzo/Documenti/AMR/ros2pythonvenv/src/lab2workspace/build/cpp_pubsub -- -j16 -l16
[0.164s] [ 50%] Built target talker
[0.164s] [100%] Built target listener
[0.313s] Invoked command in '/home/vincenzo/Documenti/AMR/ros2pythonvenv/src/lab2workspace/build/cpp_pubsub' returned '0': CMAKE_PREFIX_PATH=${CMAKE_PREFIX_PATH}:/home/vincenzo/Documenti/AMR/ros2pythonvenv/src/lab2workspace/install/my_python_package:/opt/ros/humble PS1=(ros2pythonvenv) \[\e]0;\u@\h: \w\a\]${debian_chroot:+($debian_chroot)}\[\033[01;32m\]\u@\h\[\033[00m\]:\[\033[01;34m\]\w\[\033[00m\]\$ VIRTUAL_ENV_PROMPT=(ros2pythonvenv) /usr/bin/cmake --build /home/vincenzo/Documenti/AMR/ros2pythonvenv/src/lab2workspace/build/cpp_pubsub -- -j16 -l16
[0.323s] Invoking command in '/home/vincenzo/Documenti/AMR/ros2pythonvenv/src/lab2workspace/build/cpp_pubsub': CMAKE_PREFIX_PATH=${CMAKE_PREFIX_PATH}:/home/vincenzo/Documenti/AMR/ros2pythonvenv/src/lab2workspace/install/my_python_package:/opt/ros/humble PS1=(ros2pythonvenv) \[\e]0;\u@\h: \w\a\]${debian_chroot:+($debian_chroot)}\[\033[01;32m\]\u@\h\[\033[00m\]:\[\033[01;34m\]\w\[\033[00m\]\$ VIRTUAL_ENV_PROMPT=(ros2pythonvenv) /usr/bin/cmake --install /home/vincenzo/Documenti/AMR/ros2pythonvenv/src/lab2workspace/build/cpp_pubsub
[0.331s] -- Install configuration: ""
[0.331s] -- Up-to-date: /home/vincenzo/Documenti/AMR/ros2pythonvenv/src/lab2workspace/install/cpp_pubsub/share/ament_index/resource_index/package_run_dependencies/cpp_pubsub
[0.331s] -- Up-to-date: /home/vincenzo/Documenti/AMR/ros2pythonvenv/src/lab2workspace/install/cpp_pubsub/share/ament_index/resource_index/parent_prefix_path/cpp_pubsub
[0.331s] -- Up-to-date: /home/vincenzo/Documenti/AMR/ros2pythonvenv/src/lab2workspace/install/cpp_pubsub/share/cpp_pubsub/environment/ament_prefix_path.sh
[0.331s] -- Up-to-date: /home/vincenzo/Documenti/AMR/ros2pythonvenv/src/lab2workspace/install/cpp_pubsub/share/cpp_pubsub/environment/ament_prefix_path.dsv
[0.331s] -- Up-to-date: /home/vincenzo/Documenti/AMR/ros2pythonvenv/src/lab2workspace/install/cpp_pubsub/share/cpp_pubsub/environment/path.sh
[0.331s] -- Up-to-date: /home/vincenzo/Documenti/AMR/ros2pythonvenv/src/lab2workspace/install/cpp_pubsub/share/cpp_pubsub/environment/path.dsv
[0.331s] -- Up-to-date: /home/vincenzo/Documenti/AMR/ros2pythonvenv/src/lab2workspace/install/cpp_pubsub/share/cpp_pubsub/local_setup.bash
[0.331s] -- Up-to-date: /home/vincenzo/Documenti/AMR/ros2pythonvenv/src/lab2workspace/install/cpp_pubsub/share/cpp_pubsub/local_setup.sh
[0.332s] -- Up-to-date: /home/vincenzo/Documenti/AMR/ros2pythonvenv/src/lab2workspace/install/cpp_pubsub/share/cpp_pubsub/local_setup.zsh
[0.332s] -- Up-to-date: /home/vincenzo/Documenti/AMR/ros2pythonvenv/src/lab2workspace/install/cpp_pubsub/share/cpp_pubsub/local_setup.dsv
[0.332s] -- Up-to-date: /home/vincenzo/Documenti/AMR/ros2pythonvenv/src/lab2workspace/install/cpp_pubsub/share/cpp_pubsub/package.dsv
[0.332s] -- Up-to-date: /home/vincenzo/Documenti/AMR/ros2pythonvenv/src/lab2workspace/install/cpp_pubsub/share/ament_index/resource_index/packages/cpp_pubsub
[0.332s] -- Up-to-date: /home/vincenzo/Documenti/AMR/ros2pythonvenv/src/lab2workspace/install/cpp_pubsub/share/cpp_pubsub/cmake/cpp_pubsubConfig.cmake
[0.332s] -- Up-to-date: /home/vincenzo/Documenti/AMR/ros2pythonvenv/src/lab2workspace/install/cpp_pubsub/share/cpp_pubsub/cmake/cpp_pubsubConfig-version.cmake
[0.333s] -- Up-to-date: /home/vincenzo/Documenti/AMR/ros2pythonvenv/src/lab2workspace/install/cpp_pubsub/share/cpp_pubsub/package.xml
[0.333s] -- Up-to-date: /home/vincenzo/Documenti/AMR/ros2pythonvenv/src/lab2workspace/install/cpp_pubsub/lib/cpp_pubsub/talker
[0.333s] -- Up-to-date: /home/vincenzo/Documenti/AMR/ros2pythonvenv/src/lab2workspace/install/cpp_pubsub/lib/cpp_pubsub/talker
[0.333s] -- Up-to-date: /home/vincenzo/Documenti/AMR/ros2pythonvenv/src/lab2workspace/install/cpp_pubsub/lib/cpp_pubsub/listener
[0.347s] Invoked command in '/home/vincenzo/Documenti/AMR/ros2pythonvenv/src/lab2workspace/build/cpp_pubsub' returned '0': CMAKE_PREFIX_PATH=${CMAKE_PREFIX_PATH}:/home/vincenzo/Documenti/AMR/ros2pythonvenv/src/lab2workspace/install/my_python_package:/opt/ros/humble PS1=(ros2pythonvenv) \[\e]0;\u@\h: \w\a\]${debian_chroot:+($debian_chroot)}\[\033[01;32m\]\u@\h\[\033[00m\]:\[\033[01;34m\]\w\[\033[00m\]\$ VIRTUAL_ENV_PROMPT=(ros2pythonvenv) /usr/bin/cmake --install /home/vincenzo/Documenti/AMR/ros2pythonvenv/src/lab2workspace/build/cpp_pubsub
