[0.038s] Invoking command in '/home/vincenzo/Documenti/AMR/ros2pythonvenv/src/lab5workspace/build/turtlebot3_description': CMAKE_PREFIX_PATH=${CMAKE_PREFIX_PATH}:/home/vincenzo/Documenti/AMR/ros2pythonvenv/src/lab5workspace/install/navigation_from_text:/home/vincenzo/Documenti/AMR/ros2pythonvenv/src/lab5workspace/install/turtlebot3_teleop:/home/vincenzo/Documenti/AMR/ros2pythonvenv/src/lab5workspace/install/turtlebot3_example:/home/vincenzo/Documenti/AMR/ros2pythonvenv/src/lab5workspace/install/autonomous_localization:/opt/ros/humble PS1=(ros2pythonvenv) \[\e]0;\u@\h: \w\a\]${debian_chroot:+($debian_chroot)}\[\033[01;32m\]\u@\h\[\033[00m\]:\[\033[01;34m\]\w\[\033[00m\]\$ VIRTUAL_ENV_PROMPT=(ros2pythonvenv) /usr/bin/cmake /home/vincenzo/Documenti/AMR/ros2pythonvenv/src/lab5workspace/src/turtlebot3/turtlebot3_description -DCMAKE_INSTALL_PREFIX=/home/vincenzo/Documenti/AMR/ros2pythonvenv/src/lab5workspace/install/turtlebot3_description
[0.752s] -- The C compiler identification is GNU 11.4.0
[0.753s] -- The CXX compiler identification is GNU 11.4.0
[0.754s] -- Detecting C compiler ABI info
[0.754s] -- Detecting C compiler ABI info - done
[0.754s] -- Check for working C compiler: /usr/bin/cc - skipped
[0.754s] -- Detecting C compile features
[0.754s] -- Detecting C compile features - done
[0.754s] -- Detecting CXX compiler ABI info
[0.754s] -- Detecting CXX compiler ABI info - done
[0.754s] -- Check for working CXX compiler: /usr/bin/c++ - skipped
[0.755s] -- Detecting CXX compile features
[0.755s] -- Detecting CXX compile features - done
[0.755s] -- Found ament_cmake: 1.3.12 (/opt/ros/humble/share/ament_cmake/cmake)
[0.755s] -- Found Python3: /home/vincenzo/Documenti/AMR/ros2pythonvenv/bin/python3 (found version "3.10.12") found components: Interpreter 
[0.755s] -- Found urdf: 2.6.1 (/opt/ros/humble/share/urdf/cmake)
[0.755s] -- Configuring done
[0.755s] -- Generating done
[0.755s] -- Build files have been written to: /home/vincenzo/Documenti/AMR/ros2pythonvenv/src/lab5workspace/build/turtlebot3_description
[0.933s] Invoked command in '/home/vincenzo/Documenti/AMR/ros2pythonvenv/src/lab5workspace/build/turtlebot3_description' returned '0': CMAKE_PREFIX_PATH=${CMAKE_PREFIX_PATH}:/home/vincenzo/Documenti/AMR/ros2pythonvenv/src/lab5workspace/install/navigation_from_text:/home/vincenzo/Documenti/AMR/ros2pythonvenv/src/lab5workspace/install/turtlebot3_teleop:/home/vincenzo/Documenti/AMR/ros2pythonvenv/src/lab5workspace/install/turtlebot3_example:/home/vincenzo/Documenti/AMR/ros2pythonvenv/src/lab5workspace/install/autonomous_localization:/opt/ros/humble PS1=(ros2pythonvenv) \[\e]0;\u@\h: \w\a\]${debian_chroot:+($debian_chroot)}\[\033[01;32m\]\u@\h\[\033[00m\]:\[\033[01;34m\]\w\[\033[00m\]\$ VIRTUAL_ENV_PROMPT=(ros2pythonvenv) /usr/bin/cmake /home/vincenzo/Documenti/AMR/ros2pythonvenv/src/lab5workspace/src/turtlebot3/turtlebot3_description -DCMAKE_INSTALL_PREFIX=/home/vincenzo/Documenti/AMR/ros2pythonvenv/src/lab5workspace/install/turtlebot3_description
[0.935s] Invoking command in '/home/vincenzo/Documenti/AMR/ros2pythonvenv/src/lab5workspace/build/turtlebot3_description': CMAKE_PREFIX_PATH=${CMAKE_PREFIX_PATH}:/home/vincenzo/Documenti/AMR/ros2pythonvenv/src/lab5workspace/install/navigation_from_text:/home/vincenzo/Documenti/AMR/ros2pythonvenv/src/lab5workspace/install/turtlebot3_teleop:/home/vincenzo/Documenti/AMR/ros2pythonvenv/src/lab5workspace/install/turtlebot3_example:/home/vincenzo/Documenti/AMR/ros2pythonvenv/src/lab5workspace/install/autonomous_localization:/opt/ros/humble PS1=(ros2pythonvenv) \[\e]0;\u@\h: \w\a\]${debian_chroot:+($debian_chroot)}\[\033[01;32m\]\u@\h\[\033[00m\]:\[\033[01;34m\]\w\[\033[00m\]\$ VIRTUAL_ENV_PROMPT=(ros2pythonvenv) /usr/bin/cmake --build /home/vincenzo/Documenti/AMR/ros2pythonvenv/src/lab5workspace/build/turtlebot3_description -- -j16 -l16
[0.971s] Invoked command in '/home/vincenzo/Documenti/AMR/ros2pythonvenv/src/lab5workspace/build/turtlebot3_description' returned '0': CMAKE_PREFIX_PATH=${CMAKE_PREFIX_PATH}:/home/vincenzo/Documenti/AMR/ros2pythonvenv/src/lab5workspace/install/navigation_from_text:/home/vincenzo/Documenti/AMR/ros2pythonvenv/src/lab5workspace/install/turtlebot3_teleop:/home/vincenzo/Documenti/AMR/ros2pythonvenv/src/lab5workspace/install/turtlebot3_example:/home/vincenzo/Documenti/AMR/ros2pythonvenv/src/lab5workspace/install/autonomous_localization:/opt/ros/humble PS1=(ros2pythonvenv) \[\e]0;\u@\h: \w\a\]${debian_chroot:+($debian_chroot)}\[\033[01;32m\]\u@\h\[\033[00m\]:\[\033[01;34m\]\w\[\033[00m\]\$ VIRTUAL_ENV_PROMPT=(ros2pythonvenv) /usr/bin/cmake --build /home/vincenzo/Documenti/AMR/ros2pythonvenv/src/lab5workspace/build/turtlebot3_description -- -j16 -l16
[0.982s] Invoking command in '/home/vincenzo/Documenti/AMR/ros2pythonvenv/src/lab5workspace/build/turtlebot3_description': CMAKE_PREFIX_PATH=${CMAKE_PREFIX_PATH}:/home/vincenzo/Documenti/AMR/ros2pythonvenv/src/lab5workspace/install/navigation_from_text:/home/vincenzo/Documenti/AMR/ros2pythonvenv/src/lab5workspace/install/turtlebot3_teleop:/home/vincenzo/Documenti/AMR/ros2pythonvenv/src/lab5workspace/install/turtlebot3_example:/home/vincenzo/Documenti/AMR/ros2pythonvenv/src/lab5workspace/install/autonomous_localization:/opt/ros/humble PS1=(ros2pythonvenv) \[\e]0;\u@\h: \w\a\]${debian_chroot:+($debian_chroot)}\[\033[01;32m\]\u@\h\[\033[00m\]:\[\033[01;34m\]\w\[\033[00m\]\$ VIRTUAL_ENV_PROMPT=(ros2pythonvenv) /usr/bin/cmake --install /home/vincenzo/Documenti/AMR/ros2pythonvenv/src/lab5workspace/build/turtlebot3_description
[0.993s] -- Install configuration: ""
[0.993s] -- Installing: /home/vincenzo/Documenti/AMR/ros2pythonvenv/src/lab5workspace/install/turtlebot3_description/share/turtlebot3_description/meshes
[0.993s] -- Installing: /home/vincenzo/Documenti/AMR/ros2pythonvenv/src/lab5workspace/install/turtlebot3_description/share/turtlebot3_description/meshes/wheels
[0.993s] -- Installing: /home/vincenzo/Documenti/AMR/ros2pythonvenv/src/lab5workspace/install/turtlebot3_description/share/turtlebot3_description/meshes/wheels/right_tire.stl
[0.993s] -- Installing: /home/vincenzo/Documenti/AMR/ros2pythonvenv/src/lab5workspace/install/turtlebot3_description/share/turtlebot3_description/meshes/wheels/left_tire.stl
[0.993s] -- Installing: /home/vincenzo/Documenti/AMR/ros2pythonvenv/src/lab5workspace/install/turtlebot3_description/share/turtlebot3_description/meshes/sensors
[0.993s] -- Installing: /home/vincenzo/Documenti/AMR/ros2pythonvenv/src/lab5workspace/install/turtlebot3_description/share/turtlebot3_description/meshes/sensors/astra.jpg
[0.993s] -- Installing: /home/vincenzo/Documenti/AMR/ros2pythonvenv/src/lab5workspace/install/turtlebot3_description/share/turtlebot3_description/meshes/sensors/astra.dae
[1.007s] -- Installing: /home/vincenzo/Documenti/AMR/ros2pythonvenv/src/lab5workspace/install/turtlebot3_description/share/turtlebot3_description/meshes/sensors/r200.jpg
[1.007s] -- Installing: /home/vincenzo/Documenti/AMR/ros2pythonvenv/src/lab5workspace/install/turtlebot3_description/share/turtlebot3_description/meshes/sensors/lds.stl
[1.007s] -- Installing: /home/vincenzo/Documenti/AMR/ros2pythonvenv/src/lab5workspace/install/turtlebot3_description/share/turtlebot3_description/meshes/sensors/r200.dae
[1.007s] -- Installing: /home/vincenzo/Documenti/AMR/ros2pythonvenv/src/lab5workspace/install/turtlebot3_description/share/turtlebot3_description/meshes/bases
[1.008s] -- Installing: /home/vincenzo/Documenti/AMR/ros2pythonvenv/src/lab5workspace/install/turtlebot3_description/share/turtlebot3_description/meshes/bases/burger_base.stl
[1.015s] -- Installing: /home/vincenzo/Documenti/AMR/ros2pythonvenv/src/lab5workspace/install/turtlebot3_description/share/turtlebot3_description/meshes/bases/waffle_pi_base.stl
[1.015s] -- Installing: /home/vincenzo/Documenti/AMR/ros2pythonvenv/src/lab5workspace/install/turtlebot3_description/share/turtlebot3_description/meshes/bases/waffle_base.stl
[1.022s] -- Installing: /home/vincenzo/Documenti/AMR/ros2pythonvenv/src/lab5workspace/install/turtlebot3_description/share/turtlebot3_description/rviz
[1.022s] -- Installing: /home/vincenzo/Documenti/AMR/ros2pythonvenv/src/lab5workspace/install/turtlebot3_description/share/turtlebot3_description/rviz/model.rviz
[1.022s] -- Installing: /home/vincenzo/Documenti/AMR/ros2pythonvenv/src/lab5workspace/install/turtlebot3_description/share/turtlebot3_description/urdf
[1.022s] -- Installing: /home/vincenzo/Documenti/AMR/ros2pythonvenv/src/lab5workspace/install/turtlebot3_description/share/turtlebot3_description/urdf/common_properties.urdf
[1.022s] -- Installing: /home/vincenzo/Documenti/AMR/ros2pythonvenv/src/lab5workspace/install/turtlebot3_description/share/turtlebot3_description/urdf/turtlebot3_burger.urdf
[1.023s] -- Installing: /home/vincenzo/Documenti/AMR/ros2pythonvenv/src/lab5workspace/install/turtlebot3_description/share/turtlebot3_description/urdf/turtlebot3_waffle.urdf
[1.023s] -- Installing: /home/vincenzo/Documenti/AMR/ros2pythonvenv/src/lab5workspace/install/turtlebot3_description/share/turtlebot3_description/urdf/turtlebot3_waffle_pi.urdf
[1.023s] -- Installing: /home/vincenzo/Documenti/AMR/ros2pythonvenv/src/lab5workspace/install/turtlebot3_description/share/ament_index/resource_index/package_run_dependencies/turtlebot3_description
[1.023s] -- Installing: /home/vincenzo/Documenti/AMR/ros2pythonvenv/src/lab5workspace/install/turtlebot3_description/share/ament_index/resource_index/parent_prefix_path/turtlebot3_description
[1.023s] -- Installing: /home/vincenzo/Documenti/AMR/ros2pythonvenv/src/lab5workspace/install/turtlebot3_description/share/turtlebot3_description/environment/ament_prefix_path.sh
[1.023s] -- Installing: /home/vincenzo/Documenti/AMR/ros2pythonvenv/src/lab5workspace/install/turtlebot3_description/share/turtlebot3_description/environment/ament_prefix_path.dsv
[1.023s] -- Installing: /home/vincenzo/Documenti/AMR/ros2pythonvenv/src/lab5workspace/install/turtlebot3_description/share/turtlebot3_description/environment/path.sh
[1.023s] -- Installing: /home/vincenzo/Documenti/AMR/ros2pythonvenv/src/lab5workspace/install/turtlebot3_description/share/turtlebot3_description/environment/path.dsv
[1.024s] -- Installing: /home/vincenzo/Documenti/AMR/ros2pythonvenv/src/lab5workspace/install/turtlebot3_description/share/turtlebot3_description/local_setup.bash
[1.024s] -- Installing: /home/vincenzo/Documenti/AMR/ros2pythonvenv/src/lab5workspace/install/turtlebot3_description/share/turtlebot3_description/local_setup.sh
[1.024s] -- Installing: /home/vincenzo/Documenti/AMR/ros2pythonvenv/src/lab5workspace/install/turtlebot3_description/share/turtlebot3_description/local_setup.zsh
[1.024s] -- Installing: /home/vincenzo/Documenti/AMR/ros2pythonvenv/src/lab5workspace/install/turtlebot3_description/share/turtlebot3_description/local_setup.dsv
[1.025s] -- Installing: /home/vincenzo/Documenti/AMR/ros2pythonvenv/src/lab5workspace/install/turtlebot3_description/share/turtlebot3_description/package.dsv
[1.025s] -- Installing: /home/vincenzo/Documenti/AMR/ros2pythonvenv/src/lab5workspace/install/turtlebot3_description/share/ament_index/resource_index/packages/turtlebot3_description
[1.025s] -- Installing: /home/vincenzo/Documenti/AMR/ros2pythonvenv/src/lab5workspace/install/turtlebot3_description/share/turtlebot3_description/cmake/turtlebot3_descriptionConfig.cmake
[1.025s] -- Installing: /home/vincenzo/Documenti/AMR/ros2pythonvenv/src/lab5workspace/install/turtlebot3_description/share/turtlebot3_description/cmake/turtlebot3_descriptionConfig-version.cmake
[1.025s] -- Installing: /home/vincenzo/Documenti/AMR/ros2pythonvenv/src/lab5workspace/install/turtlebot3_description/share/turtlebot3_description/package.xml
[1.050s] Invoked command in '/home/vincenzo/Documenti/AMR/ros2pythonvenv/src/lab5workspace/build/turtlebot3_description' returned '0': CMAKE_PREFIX_PATH=${CMAKE_PREFIX_PATH}:/home/vincenzo/Documenti/AMR/ros2pythonvenv/src/lab5workspace/install/navigation_from_text:/home/vincenzo/Documenti/AMR/ros2pythonvenv/src/lab5workspace/install/turtlebot3_teleop:/home/vincenzo/Documenti/AMR/ros2pythonvenv/src/lab5workspace/install/turtlebot3_example:/home/vincenzo/Documenti/AMR/ros2pythonvenv/src/lab5workspace/install/autonomous_localization:/opt/ros/humble PS1=(ros2pythonvenv) \[\e]0;\u@\h: \w\a\]${debian_chroot:+($debian_chroot)}\[\033[01;32m\]\u@\h\[\033[00m\]:\[\033[01;34m\]\w\[\033[00m\]\$ VIRTUAL_ENV_PROMPT=(ros2pythonvenv) /usr/bin/cmake --install /home/vincenzo/Documenti/AMR/ros2pythonvenv/src/lab5workspace/build/turtlebot3_description
