-- The C compiler identification is GNU 11.4.0
-- The CXX compiler identification is GNU 11.4.0
-- Detecting C compiler ABI info
-- Detecting C compiler ABI info - done
-- Check for working C compiler: /usr/bin/cc - skipped
-- Detecting C compile features
-- Detecting C compile features - done
-- Detecting CXX compiler ABI info
-- Detecting CXX compiler ABI info - done
-- Check for working CXX compiler: /usr/bin/c++ - skipped
-- Detecting CXX compile features
-- Detecting CXX compile features - done
-- Found ament_cmake_auto: 1.3.12 (/opt/ros/humble/share/ament_cmake_auto/cmake)
-- Found Python3: /home/vincenzo/Documenti/AMR/ros2pythonvenv/bin/python3 (found version "3.10.12") found components: Interpreter 
-- Found ament_lint_auto: 0.12.14 (/opt/ros/humble/share/ament_lint_auto/cmake)
-- Added test 'copyright' to check source files copyright and LICENSE
-- Added test 'flake8' to check Python code syntax and style conventions
-- Added test 'lint_cmake' to check CMake code style
-- Added test 'pep257' to check Python code against some of the docstring style conventions in PEP 257
-- Added test 'xmllint' to check XML markup files
-- Configuring done
-- Generating done
-- Build files have been written to: /home/vincenzo/Documenti/AMR/ros2pythonvenv/src/lab7workspace/tiagoworkspace/build/tiago_2dnav
-- Install configuration: ""
-- Installing: /home/vincenzo/Documenti/AMR/ros2pythonvenv/src/lab7workspace/tiagoworkspace/install/tiago_2dnav/share/tiago_2dnav/config
-- Installing: /home/vincenzo/Documenti/AMR/ros2pythonvenv/src/lab7workspace/tiagoworkspace/install/tiago_2dnav/share/tiago_2dnav/config/rviz
-- Installing: /home/vincenzo/Documenti/AMR/ros2pythonvenv/src/lab7workspace/tiagoworkspace/install/tiago_2dnav/share/tiago_2dnav/config/rviz/advanced_navigation.rviz
-- Installing: /home/vincenzo/Documenti/AMR/ros2pythonvenv/src/lab7workspace/tiagoworkspace/install/tiago_2dnav/share/tiago_2dnav/config/rviz/navigation.rviz
-- Installing: /home/vincenzo/Documenti/AMR/ros2pythonvenv/src/lab7workspace/tiagoworkspace/install/tiago_2dnav/share/tiago_2dnav/launch
-- Installing: /home/vincenzo/Documenti/AMR/ros2pythonvenv/src/lab7workspace/tiagoworkspace/install/tiago_2dnav/share/tiago_2dnav/launch/tiago_nav_bringup.launch.py
-- Installing: /home/vincenzo/Documenti/AMR/ros2pythonvenv/src/lab7workspace/tiagoworkspace/install/tiago_2dnav/share/tiago_2dnav/params
-- Installing: /home/vincenzo/Documenti/AMR/ros2pythonvenv/src/lab7workspace/tiagoworkspace/install/tiago_2dnav/share/tiago_2dnav/params/tiago_nav.yaml
-- Installing: /home/vincenzo/Documenti/AMR/ros2pythonvenv/src/lab7workspace/tiagoworkspace/install/tiago_2dnav/share/tiago_2dnav/params/tiago_nav_public_sim.yaml
-- Installing: /home/vincenzo/Documenti/AMR/ros2pythonvenv/src/lab7workspace/tiagoworkspace/install/tiago_2dnav/share/tiago_2dnav/params/tiago_remappings.yaml
-- Installing: /home/vincenzo/Documenti/AMR/ros2pythonvenv/src/lab7workspace/tiagoworkspace/install/tiago_2dnav/share/tiago_2dnav/params/tiago_nav_w_composition.yaml
-- Installing: /home/vincenzo/Documenti/AMR/ros2pythonvenv/src/lab7workspace/tiagoworkspace/install/tiago_2dnav/share/tiago_2dnav/params/tiago_remappings_sim.yaml
-- Installing: /home/vincenzo/Documenti/AMR/ros2pythonvenv/src/lab7workspace/tiagoworkspace/install/tiago_2dnav/share/ament_index/resource_index/package_run_dependencies/tiago_2dnav
-- Installing: /home/vincenzo/Documenti/AMR/ros2pythonvenv/src/lab7workspace/tiagoworkspace/install/tiago_2dnav/share/ament_index/resource_index/parent_prefix_path/tiago_2dnav
-- Installing: /home/vincenzo/Documenti/AMR/ros2pythonvenv/src/lab7workspace/tiagoworkspace/install/tiago_2dnav/share/tiago_2dnav/environment/ament_prefix_path.sh
-- Installing: /home/vincenzo/Documenti/AMR/ros2pythonvenv/src/lab7workspace/tiagoworkspace/install/tiago_2dnav/share/tiago_2dnav/environment/ament_prefix_path.dsv
-- Installing: /home/vincenzo/Documenti/AMR/ros2pythonvenv/src/lab7workspace/tiagoworkspace/install/tiago_2dnav/share/tiago_2dnav/environment/path.sh
-- Installing: /home/vincenzo/Documenti/AMR/ros2pythonvenv/src/lab7workspace/tiagoworkspace/install/tiago_2dnav/share/tiago_2dnav/environment/path.dsv
-- Installing: /home/vincenzo/Documenti/AMR/ros2pythonvenv/src/lab7workspace/tiagoworkspace/install/tiago_2dnav/share/tiago_2dnav/local_setup.bash
-- Installing: /home/vincenzo/Documenti/AMR/ros2pythonvenv/src/lab7workspace/tiagoworkspace/install/tiago_2dnav/share/tiago_2dnav/local_setup.sh
-- Installing: /home/vincenzo/Documenti/AMR/ros2pythonvenv/src/lab7workspace/tiagoworkspace/install/tiago_2dnav/share/tiago_2dnav/local_setup.zsh
-- Installing: /home/vincenzo/Documenti/AMR/ros2pythonvenv/src/lab7workspace/tiagoworkspace/install/tiago_2dnav/share/tiago_2dnav/local_setup.dsv
-- Installing: /home/vincenzo/Documenti/AMR/ros2pythonvenv/src/lab7workspace/tiagoworkspace/install/tiago_2dnav/share/tiago_2dnav/package.dsv
-- Installing: /home/vincenzo/Documenti/AMR/ros2pythonvenv/src/lab7workspace/tiagoworkspace/install/tiago_2dnav/share/ament_index/resource_index/packages/tiago_2dnav
-- Installing: /home/vincenzo/Documenti/AMR/ros2pythonvenv/src/lab7workspace/tiagoworkspace/install/tiago_2dnav/share/tiago_2dnav/cmake/tiago_2dnavConfig.cmake
-- Installing: /home/vincenzo/Documenti/AMR/ros2pythonvenv/src/lab7workspace/tiagoworkspace/install/tiago_2dnav/share/tiago_2dnav/cmake/tiago_2dnavConfig-version.cmake
-- Installing: /home/vincenzo/Documenti/AMR/ros2pythonvenv/src/lab7workspace/tiagoworkspace/install/tiago_2dnav/share/tiago_2dnav/package.xml
