[0.532s] Invoking command in '/home/vincenzo/Documenti/AMR/ros2pythonvenv/src/lab7workspace/tiagoworkspace/src/launch_pal': PS1=(ros2pythonvenv) \[\e]0;\u@\h: \w\a\]${debian_chroot:+($debian_chroot)}\[\033[01;32m\]\u@\h\[\033[00m\]:\[\033[01;34m\]\w\[\033[00m\]\$ PYTHONPATH=/home/vincenzo/Documenti/AMR/ros2pythonvenv/src/lab7workspace/tiagoworkspace/build/launch_pal/prefix_override:/usr/lib/python3/dist-packages/colcon_core/task/python/colcon_distutils_commands:/home/vincenzo/Documenti/AMR/ros2pythonvenv/src/lab7workspace/tiagoworkspace/install/launch_pal/lib/python3.10/site-packages:${PYTHONPATH} VIRTUAL_ENV_PROMPT=(ros2pythonvenv) /usr/bin/python3 -W ignore:setup.py install is deprecated -W ignore:easy_install command is deprecated setup.py egg_info --egg-base ../../build/launch_pal build --build-base /home/vincenzo/Documenti/AMR/ros2pythonvenv/src/lab7workspace/tiagoworkspace/build/launch_pal/build install --record /home/vincenzo/Documenti/AMR/ros2pythonvenv/src/lab7workspace/tiagoworkspace/build/launch_pal/install.log --single-version-externally-managed install_data
[0.688s] running egg_info
[0.689s] writing ../../build/launch_pal/launch_pal.egg-info/PKG-INFO
[0.689s] writing dependency_links to ../../build/launch_pal/launch_pal.egg-info/dependency_links.txt
[0.689s] writing entry points to ../../build/launch_pal/launch_pal.egg-info/entry_points.txt
[0.689s] writing requirements to ../../build/launch_pal/launch_pal.egg-info/requires.txt
[0.689s] writing top-level names to ../../build/launch_pal/launch_pal.egg-info/top_level.txt
[0.690s] reading manifest file '../../build/launch_pal/launch_pal.egg-info/SOURCES.txt'
[0.690s] adding license file 'LICENSE'
[0.691s] writing manifest file '../../build/launch_pal/launch_pal.egg-info/SOURCES.txt'
[0.691s] running build
[0.691s] running build_py
[0.692s] running install
[0.692s] running install_lib
[0.693s] running install_data
[0.693s] running install_egg_info
[0.695s] removing '/home/vincenzo/Documenti/AMR/ros2pythonvenv/src/lab7workspace/tiagoworkspace/install/launch_pal/lib/python3.10/site-packages/launch_pal-0.0.12-py3.10.egg-info' (and everything under it)
[0.695s] Copying ../../build/launch_pal/launch_pal.egg-info to /home/vincenzo/Documenti/AMR/ros2pythonvenv/src/lab7workspace/tiagoworkspace/install/launch_pal/lib/python3.10/site-packages/launch_pal-0.0.12-py3.10.egg-info
[0.695s] running install_scripts
[0.709s] writing list of installed files to '/home/vincenzo/Documenti/AMR/ros2pythonvenv/src/lab7workspace/tiagoworkspace/build/launch_pal/install.log'
[0.726s] Invoked command in '/home/vincenzo/Documenti/AMR/ros2pythonvenv/src/lab7workspace/tiagoworkspace/src/launch_pal' returned '0': PS1=(ros2pythonvenv) \[\e]0;\u@\h: \w\a\]${debian_chroot:+($debian_chroot)}\[\033[01;32m\]\u@\h\[\033[00m\]:\[\033[01;34m\]\w\[\033[00m\]\$ PYTHONPATH=/home/vincenzo/Documenti/AMR/ros2pythonvenv/src/lab7workspace/tiagoworkspace/build/launch_pal/prefix_override:/usr/lib/python3/dist-packages/colcon_core/task/python/colcon_distutils_commands:/home/vincenzo/Documenti/AMR/ros2pythonvenv/src/lab7workspace/tiagoworkspace/install/launch_pal/lib/python3.10/site-packages:${PYTHONPATH} VIRTUAL_ENV_PROMPT=(ros2pythonvenv) /usr/bin/python3 -W ignore:setup.py install is deprecated -W ignore:easy_install command is deprecated setup.py egg_info --egg-base ../../build/launch_pal build --build-base /home/vincenzo/Documenti/AMR/ros2pythonvenv/src/lab7workspace/tiagoworkspace/build/launch_pal/build install --record /home/vincenzo/Documenti/AMR/ros2pythonvenv/src/lab7workspace/tiagoworkspace/build/launch_pal/install.log --single-version-externally-managed install_data
