-- Install configuration: ""
-- Up-to-date: /home/vincenzo/Documenti/AMR/ros2pythonvenv/src/lab7workspace/tiagoworkspace/install/pmb2_2dnav/share/pmb2_2dnav/config
-- Up-to-date: /home/vincenzo/Documenti/AMR/ros2pythonvenv/src/lab7workspace/tiagoworkspace/install/pmb2_2dnav/share/pmb2_2dnav/config/rviz
-- Up-to-date: /home/vincenzo/Documenti/AMR/ros2pythonvenv/src/lab7workspace/tiagoworkspace/install/pmb2_2dnav/share/pmb2_2dnav/config/rviz/advanced_navigation.rviz
-- Up-to-date: /home/vincenzo/Documenti/AMR/ros2pythonvenv/src/lab7workspace/tiagoworkspace/install/pmb2_2dnav/share/pmb2_2dnav/config/rviz/navigation.rviz
-- Up-to-date: /home/vincenzo/Documenti/AMR/ros2pythonvenv/src/lab7workspace/tiagoworkspace/install/pmb2_2dnav/share/pmb2_2dnav/launch
-- Up-to-date: /home/vincenzo/Documenti/AMR/ros2pythonvenv/src/lab7workspace/tiagoworkspace/install/pmb2_2dnav/share/pmb2_2dnav/launch/pmb2_nav_bringup.launch.py
-- Up-to-date: /home/vincenzo/Documenti/AMR/ros2pythonvenv/src/lab7workspace/tiagoworkspace/install/pmb2_2dnav/share/pmb2_2dnav/params
-- Up-to-date: /home/vincenzo/Documenti/AMR/ros2pythonvenv/src/lab7workspace/tiagoworkspace/install/pmb2_2dnav/share/pmb2_2dnav/params/pmb2_nav_public_sim.yaml
-- Up-to-date: /home/vincenzo/Documenti/AMR/ros2pythonvenv/src/lab7workspace/tiagoworkspace/install/pmb2_2dnav/share/pmb2_2dnav/params/pmb2_remappings_sim.yaml
-- Up-to-date: /home/vincenzo/Documenti/AMR/ros2pythonvenv/src/lab7workspace/tiagoworkspace/install/pmb2_2dnav/share/pmb2_2dnav/params/pmb2_nav_w_composition.yaml
-- Up-to-date: /home/vincenzo/Documenti/AMR/ros2pythonvenv/src/lab7workspace/tiagoworkspace/install/pmb2_2dnav/share/pmb2_2dnav/params/pmb2_remappings.yaml
-- Up-to-date: /home/vincenzo/Documenti/AMR/ros2pythonvenv/src/lab7workspace/tiagoworkspace/install/pmb2_2dnav/share/pmb2_2dnav/params/pmb2_nav.yaml
-- Up-to-date: /home/vincenzo/Documenti/AMR/ros2pythonvenv/src/lab7workspace/tiagoworkspace/install/pmb2_2dnav/share/ament_index/resource_index/package_run_dependencies/pmb2_2dnav
-- Up-to-date: /home/vincenzo/Documenti/AMR/ros2pythonvenv/src/lab7workspace/tiagoworkspace/install/pmb2_2dnav/share/ament_index/resource_index/parent_prefix_path/pmb2_2dnav
-- Up-to-date: /home/vincenzo/Documenti/AMR/ros2pythonvenv/src/lab7workspace/tiagoworkspace/install/pmb2_2dnav/share/pmb2_2dnav/environment/ament_prefix_path.sh
-- Up-to-date: /home/vincenzo/Documenti/AMR/ros2pythonvenv/src/lab7workspace/tiagoworkspace/install/pmb2_2dnav/share/pmb2_2dnav/environment/ament_prefix_path.dsv
-- Up-to-date: /home/vincenzo/Documenti/AMR/ros2pythonvenv/src/lab7workspace/tiagoworkspace/install/pmb2_2dnav/share/pmb2_2dnav/environment/path.sh
-- Up-to-date: /home/vincenzo/Documenti/AMR/ros2pythonvenv/src/lab7workspace/tiagoworkspace/install/pmb2_2dnav/share/pmb2_2dnav/environment/path.dsv
-- Up-to-date: /home/vincenzo/Documenti/AMR/ros2pythonvenv/src/lab7workspace/tiagoworkspace/install/pmb2_2dnav/share/pmb2_2dnav/local_setup.bash
-- Up-to-date: /home/vincenzo/Documenti/AMR/ros2pythonvenv/src/lab7workspace/tiagoworkspace/install/pmb2_2dnav/share/pmb2_2dnav/local_setup.sh
-- Up-to-date: /home/vincenzo/Documenti/AMR/ros2pythonvenv/src/lab7workspace/tiagoworkspace/install/pmb2_2dnav/share/pmb2_2dnav/local_setup.zsh
-- Up-to-date: /home/vincenzo/Documenti/AMR/ros2pythonvenv/src/lab7workspace/tiagoworkspace/install/pmb2_2dnav/share/pmb2_2dnav/local_setup.dsv
-- Up-to-date: /home/vincenzo/Documenti/AMR/ros2pythonvenv/src/lab7workspace/tiagoworkspace/install/pmb2_2dnav/share/pmb2_2dnav/package.dsv
-- Up-to-date: /home/vincenzo/Documenti/AMR/ros2pythonvenv/src/lab7workspace/tiagoworkspace/install/pmb2_2dnav/share/ament_index/resource_index/packages/pmb2_2dnav
-- Up-to-date: /home/vincenzo/Documenti/AMR/ros2pythonvenv/src/lab7workspace/tiagoworkspace/install/pmb2_2dnav/share/pmb2_2dnav/cmake/pmb2_2dnavConfig.cmake
-- Up-to-date: /home/vincenzo/Documenti/AMR/ros2pythonvenv/src/lab7workspace/tiagoworkspace/install/pmb2_2dnav/share/pmb2_2dnav/cmake/pmb2_2dnavConfig-version.cmake
-- Up-to-date: /home/vincenzo/Documenti/AMR/ros2pythonvenv/src/lab7workspace/tiagoworkspace/install/pmb2_2dnav/share/pmb2_2dnav/package.xml
