[0.018s] Invoking command in '/home/vincenzo/Documenti/AMR/ros2pythonvenv/src/lab7workspace/ros2workspace/build/control_toolbox': AMENT_PREFIX_PATH=/home/vincenzo/Documenti/AMR/ros2pythonvenv/src/lab7workspace/ros2workspace/install/realtime_tools:/home/vincenzo/Documenti/AMR/ros2pythonvenv/src/lab7workspace/ros2workspace/install/control_msgs:${AMENT_PREFIX_PATH} CMAKE_PREFIX_PATH=/home/vincenzo/Documenti/AMR/ros2pythonvenv/src/lab7workspace/ros2workspace/install/realtime_tools:/home/vincenzo/Documenti/AMR/ros2pythonvenv/src/lab7workspace/ros2workspace/install/control_msgs:/opt/ros/humble LD_LIBRARY_PATH=/home/vincenzo/Documenti/AMR/ros2pythonvenv/src/lab7workspace/ros2workspace/install/realtime_tools/lib:/home/vincenzo/Documenti/AMR/ros2pythonvenv/src/lab7workspace/ros2workspace/install/control_msgs/lib:/usr/lib/x86_64-linux-gnu/gazebo-11/plugins:/opt/ros/humble/opt/rviz_ogre_vendor/lib:/opt/ros/humble/lib/x86_64-linux-gnu:/opt/ros/humble/lib:/usr/lib/x86_64-linux-gnu/gazebo-11/plugins PS1=(ros2pythonvenv) \[\e]0;\u@\h: \w\a\]${debian_chroot:+($debian_chroot)}\[\033[01;32m\]\u@\h\[\033[00m\]:\[\033[01;34m\]\w\[\033[00m\]\$ PYTHONPATH=/home/vincenzo/Documenti/AMR/ros2pythonvenv/src/lab7workspace/ros2workspace/install/control_msgs/lib/python3.10/site-packages:${PYTHONPATH} VIRTUAL_ENV_PROMPT=(ros2pythonvenv) /usr/bin/cmake --build /home/vincenzo/Documenti/AMR/ros2pythonvenv/src/lab7workspace/ros2workspace/build/control_toolbox -- -j16 -l16
[0.049s] [  6%] Built target low_pass_filter_parameters
[0.052s] [ 13%] Built target gtest_main
[0.055s] [ 20%] Built target gtest
[0.055s] [ 43%] Built target control_toolbox
[0.056s] [ 50%] Built target gmock_main
[0.057s] [ 60%] Built target gmock
[0.076s] [ 66%] Built target low_pass_filter
[0.076s] [ 73%] Built target pid_publisher_tests
[0.077s] [ 80%] Built target pid_parameters_tests
[0.078s] [ 86%] Built target pid_tests
[0.093s] [ 93%] Built target test_load_low_pass_filter
[0.097s] [100%] Built target test_low_pass_filter
[0.122s] Invoked command in '/home/vincenzo/Documenti/AMR/ros2pythonvenv/src/lab7workspace/ros2workspace/build/control_toolbox' returned '0': AMENT_PREFIX_PATH=/home/vincenzo/Documenti/AMR/ros2pythonvenv/src/lab7workspace/ros2workspace/install/realtime_tools:/home/vincenzo/Documenti/AMR/ros2pythonvenv/src/lab7workspace/ros2workspace/install/control_msgs:${AMENT_PREFIX_PATH} CMAKE_PREFIX_PATH=/home/vincenzo/Documenti/AMR/ros2pythonvenv/src/lab7workspace/ros2workspace/install/realtime_tools:/home/vincenzo/Documenti/AMR/ros2pythonvenv/src/lab7workspace/ros2workspace/install/control_msgs:/opt/ros/humble LD_LIBRARY_PATH=/home/vincenzo/Documenti/AMR/ros2pythonvenv/src/lab7workspace/ros2workspace/install/realtime_tools/lib:/home/vincenzo/Documenti/AMR/ros2pythonvenv/src/lab7workspace/ros2workspace/install/control_msgs/lib:/usr/lib/x86_64-linux-gnu/gazebo-11/plugins:/opt/ros/humble/opt/rviz_ogre_vendor/lib:/opt/ros/humble/lib/x86_64-linux-gnu:/opt/ros/humble/lib:/usr/lib/x86_64-linux-gnu/gazebo-11/plugins PS1=(ros2pythonvenv) \[\e]0;\u@\h: \w\a\]${debian_chroot:+($debian_chroot)}\[\033[01;32m\]\u@\h\[\033[00m\]:\[\033[01;34m\]\w\[\033[00m\]\$ PYTHONPATH=/home/vincenzo/Documenti/AMR/ros2pythonvenv/src/lab7workspace/ros2workspace/install/control_msgs/lib/python3.10/site-packages:${PYTHONPATH} VIRTUAL_ENV_PROMPT=(ros2pythonvenv) /usr/bin/cmake --build /home/vincenzo/Documenti/AMR/ros2pythonvenv/src/lab7workspace/ros2workspace/build/control_toolbox -- -j16 -l16
[0.124s] Invoking command in '/home/vincenzo/Documenti/AMR/ros2pythonvenv/src/lab7workspace/ros2workspace/build/control_toolbox': AMENT_PREFIX_PATH=/home/vincenzo/Documenti/AMR/ros2pythonvenv/src/lab7workspace/ros2workspace/install/realtime_tools:/home/vincenzo/Documenti/AMR/ros2pythonvenv/src/lab7workspace/ros2workspace/install/control_msgs:${AMENT_PREFIX_PATH} CMAKE_PREFIX_PATH=/home/vincenzo/Documenti/AMR/ros2pythonvenv/src/lab7workspace/ros2workspace/install/realtime_tools:/home/vincenzo/Documenti/AMR/ros2pythonvenv/src/lab7workspace/ros2workspace/install/control_msgs:/opt/ros/humble LD_LIBRARY_PATH=/home/vincenzo/Documenti/AMR/ros2pythonvenv/src/lab7workspace/ros2workspace/install/realtime_tools/lib:/home/vincenzo/Documenti/AMR/ros2pythonvenv/src/lab7workspace/ros2workspace/install/control_msgs/lib:/usr/lib/x86_64-linux-gnu/gazebo-11/plugins:/opt/ros/humble/opt/rviz_ogre_vendor/lib:/opt/ros/humble/lib/x86_64-linux-gnu:/opt/ros/humble/lib:/usr/lib/x86_64-linux-gnu/gazebo-11/plugins PS1=(ros2pythonvenv) \[\e]0;\u@\h: \w\a\]${debian_chroot:+($debian_chroot)}\[\033[01;32m\]\u@\h\[\033[00m\]:\[\033[01;34m\]\w\[\033[00m\]\$ PYTHONPATH=/home/vincenzo/Documenti/AMR/ros2pythonvenv/src/lab7workspace/ros2workspace/install/control_msgs/lib/python3.10/site-packages:${PYTHONPATH} VIRTUAL_ENV_PROMPT=(ros2pythonvenv) /usr/bin/cmake --install /home/vincenzo/Documenti/AMR/ros2pythonvenv/src/lab7workspace/ros2workspace/build/control_toolbox
[0.132s] -- Install configuration: ""
[0.132s] -- Up-to-date: /home/vincenzo/Documenti/AMR/ros2pythonvenv/src/lab7workspace/ros2workspace/install/control_toolbox/include/control_toolbox
[0.132s] -- Up-to-date: /home/vincenzo/Documenti/AMR/ros2pythonvenv/src/lab7workspace/ros2workspace/install/control_toolbox/include/control_toolbox/low_pass_filter_parameters.hpp
[0.132s] -- Up-to-date: /home/vincenzo/Documenti/AMR/ros2pythonvenv/src/lab7workspace/ros2workspace/install/control_toolbox/share/control_toolbox/control_filters.xml
[0.132s] -- Up-to-date: /home/vincenzo/Documenti/AMR/ros2pythonvenv/src/lab7workspace/ros2workspace/install/control_toolbox/include/control_toolbox
[0.132s] -- Up-to-date: /home/vincenzo/Documenti/AMR/ros2pythonvenv/src/lab7workspace/ros2workspace/install/control_toolbox/include/control_toolbox/control_filters
[0.132s] -- Up-to-date: /home/vincenzo/Documenti/AMR/ros2pythonvenv/src/lab7workspace/ros2workspace/install/control_toolbox/include/control_toolbox/control_filters/low_pass_filter.hpp
[0.132s] -- Up-to-date: /home/vincenzo/Documenti/AMR/ros2pythonvenv/src/lab7workspace/ros2workspace/install/control_toolbox/include/control_toolbox/control_toolbox
[0.132s] -- Up-to-date: /home/vincenzo/Documenti/AMR/ros2pythonvenv/src/lab7workspace/ros2workspace/install/control_toolbox/include/control_toolbox/control_toolbox/pid.hpp
[0.132s] -- Up-to-date: /home/vincenzo/Documenti/AMR/ros2pythonvenv/src/lab7workspace/ros2workspace/install/control_toolbox/include/control_toolbox/control_toolbox/limited_proxy.hpp
[0.133s] -- Up-to-date: /home/vincenzo/Documenti/AMR/ros2pythonvenv/src/lab7workspace/ros2workspace/install/control_toolbox/include/control_toolbox/control_toolbox/sinusoid.hpp
[0.133s] -- Up-to-date: /home/vincenzo/Documenti/AMR/ros2pythonvenv/src/lab7workspace/ros2workspace/install/control_toolbox/include/control_toolbox/control_toolbox/visibility_control.hpp
[0.133s] -- Up-to-date: /home/vincenzo/Documenti/AMR/ros2pythonvenv/src/lab7workspace/ros2workspace/install/control_toolbox/include/control_toolbox/control_toolbox/pid_ros.hpp
[0.133s] -- Up-to-date: /home/vincenzo/Documenti/AMR/ros2pythonvenv/src/lab7workspace/ros2workspace/install/control_toolbox/include/control_toolbox/control_toolbox/sine_sweep.hpp
[0.133s] -- Up-to-date: /home/vincenzo/Documenti/AMR/ros2pythonvenv/src/lab7workspace/ros2workspace/install/control_toolbox/include/control_toolbox/control_toolbox/filters.hpp
[0.133s] -- Up-to-date: /home/vincenzo/Documenti/AMR/ros2pythonvenv/src/lab7workspace/ros2workspace/install/control_toolbox/include/control_toolbox/control_toolbox/dither.hpp
[0.133s] -- Up-to-date: /home/vincenzo/Documenti/AMR/ros2pythonvenv/src/lab7workspace/ros2workspace/install/control_toolbox/lib/libcontrol_toolbox.so
[0.133s] -- Up-to-date: /home/vincenzo/Documenti/AMR/ros2pythonvenv/src/lab7workspace/ros2workspace/install/control_toolbox/lib/liblow_pass_filter.so
[0.133s] -- Up-to-date: /home/vincenzo/Documenti/AMR/ros2pythonvenv/src/lab7workspace/ros2workspace/install/control_toolbox/share/control_toolbox/environment/library_path.sh
[0.133s] -- Up-to-date: /home/vincenzo/Documenti/AMR/ros2pythonvenv/src/lab7workspace/ros2workspace/install/control_toolbox/share/control_toolbox/environment/library_path.dsv
[0.133s] -- Up-to-date: /home/vincenzo/Documenti/AMR/ros2pythonvenv/src/lab7workspace/ros2workspace/install/control_toolbox/share/ament_index/resource_index/package_run_dependencies/control_toolbox
[0.134s] -- Up-to-date: /home/vincenzo/Documenti/AMR/ros2pythonvenv/src/lab7workspace/ros2workspace/install/control_toolbox/share/ament_index/resource_index/parent_prefix_path/control_toolbox
[0.134s] -- Up-to-date: /home/vincenzo/Documenti/AMR/ros2pythonvenv/src/lab7workspace/ros2workspace/install/control_toolbox/share/control_toolbox/environment/ament_prefix_path.sh
[0.134s] -- Up-to-date: /home/vincenzo/Documenti/AMR/ros2pythonvenv/src/lab7workspace/ros2workspace/install/control_toolbox/share/control_toolbox/environment/ament_prefix_path.dsv
[0.134s] -- Up-to-date: /home/vincenzo/Documenti/AMR/ros2pythonvenv/src/lab7workspace/ros2workspace/install/control_toolbox/share/control_toolbox/environment/path.sh
[0.134s] -- Up-to-date: /home/vincenzo/Documenti/AMR/ros2pythonvenv/src/lab7workspace/ros2workspace/install/control_toolbox/share/control_toolbox/environment/path.dsv
[0.134s] -- Up-to-date: /home/vincenzo/Documenti/AMR/ros2pythonvenv/src/lab7workspace/ros2workspace/install/control_toolbox/share/control_toolbox/local_setup.bash
[0.134s] -- Up-to-date: /home/vincenzo/Documenti/AMR/ros2pythonvenv/src/lab7workspace/ros2workspace/install/control_toolbox/share/control_toolbox/local_setup.sh
[0.134s] -- Up-to-date: /home/vincenzo/Documenti/AMR/ros2pythonvenv/src/lab7workspace/ros2workspace/install/control_toolbox/share/control_toolbox/local_setup.zsh
[0.134s] -- Up-to-date: /home/vincenzo/Documenti/AMR/ros2pythonvenv/src/lab7workspace/ros2workspace/install/control_toolbox/share/control_toolbox/local_setup.dsv
[0.134s] -- Installing: /home/vincenzo/Documenti/AMR/ros2pythonvenv/src/lab7workspace/ros2workspace/install/control_toolbox/share/control_toolbox/package.dsv
[0.134s] -- Up-to-date: /home/vincenzo/Documenti/AMR/ros2pythonvenv/src/lab7workspace/ros2workspace/install/control_toolbox/share/ament_index/resource_index/packages/control_toolbox
[0.135s] -- Up-to-date: /home/vincenzo/Documenti/AMR/ros2pythonvenv/src/lab7workspace/ros2workspace/install/control_toolbox/share/ament_index/resource_index/filters__pluginlib__plugin/control_toolbox
[0.135s] -- Up-to-date: /home/vincenzo/Documenti/AMR/ros2pythonvenv/src/lab7workspace/ros2workspace/install/control_toolbox/share/control_toolbox/cmake/export_control_toolboxExport.cmake
[0.135s] -- Up-to-date: /home/vincenzo/Documenti/AMR/ros2pythonvenv/src/lab7workspace/ros2workspace/install/control_toolbox/share/control_toolbox/cmake/export_control_toolboxExport-noconfig.cmake
[0.135s] -- Up-to-date: /home/vincenzo/Documenti/AMR/ros2pythonvenv/src/lab7workspace/ros2workspace/install/control_toolbox/share/control_toolbox/cmake/ament_cmake_export_dependencies-extras.cmake
[0.135s] -- Up-to-date: /home/vincenzo/Documenti/AMR/ros2pythonvenv/src/lab7workspace/ros2workspace/install/control_toolbox/share/control_toolbox/cmake/ament_cmake_export_targets-extras.cmake
[0.135s] -- Up-to-date: /home/vincenzo/Documenti/AMR/ros2pythonvenv/src/lab7workspace/ros2workspace/install/control_toolbox/share/control_toolbox/cmake/control_toolboxConfig.cmake
[0.135s] -- Up-to-date: /home/vincenzo/Documenti/AMR/ros2pythonvenv/src/lab7workspace/ros2workspace/install/control_toolbox/share/control_toolbox/cmake/control_toolboxConfig-version.cmake
[0.135s] -- Up-to-date: /home/vincenzo/Documenti/AMR/ros2pythonvenv/src/lab7workspace/ros2workspace/install/control_toolbox/share/control_toolbox/package.xml
[0.137s] Invoked command in '/home/vincenzo/Documenti/AMR/ros2pythonvenv/src/lab7workspace/ros2workspace/build/control_toolbox' returned '0': AMENT_PREFIX_PATH=/home/vincenzo/Documenti/AMR/ros2pythonvenv/src/lab7workspace/ros2workspace/install/realtime_tools:/home/vincenzo/Documenti/AMR/ros2pythonvenv/src/lab7workspace/ros2workspace/install/control_msgs:${AMENT_PREFIX_PATH} CMAKE_PREFIX_PATH=/home/vincenzo/Documenti/AMR/ros2pythonvenv/src/lab7workspace/ros2workspace/install/realtime_tools:/home/vincenzo/Documenti/AMR/ros2pythonvenv/src/lab7workspace/ros2workspace/install/control_msgs:/opt/ros/humble LD_LIBRARY_PATH=/home/vincenzo/Documenti/AMR/ros2pythonvenv/src/lab7workspace/ros2workspace/install/realtime_tools/lib:/home/vincenzo/Documenti/AMR/ros2pythonvenv/src/lab7workspace/ros2workspace/install/control_msgs/lib:/usr/lib/x86_64-linux-gnu/gazebo-11/plugins:/opt/ros/humble/opt/rviz_ogre_vendor/lib:/opt/ros/humble/lib/x86_64-linux-gnu:/opt/ros/humble/lib:/usr/lib/x86_64-linux-gnu/gazebo-11/plugins PS1=(ros2pythonvenv) \[\e]0;\u@\h: \w\a\]${debian_chroot:+($debian_chroot)}\[\033[01;32m\]\u@\h\[\033[00m\]:\[\033[01;34m\]\w\[\033[00m\]\$ PYTHONPATH=/home/vincenzo/Documenti/AMR/ros2pythonvenv/src/lab7workspace/ros2workspace/install/control_msgs/lib/python3.10/site-packages:${PYTHONPATH} VIRTUAL_ENV_PROMPT=(ros2pythonvenv) /usr/bin/cmake --install /home/vincenzo/Documenti/AMR/ros2pythonvenv/src/lab7workspace/ros2workspace/build/control_toolbox
