[0.218s] Invoking command in '/home/vincenzo/Documenti/AMR/ros2pythonvenv/src/lab7workspace/tiagoworkspace/build/pymoveit2': CMAKE_PREFIX_PATH=${CMAKE_PREFIX_PATH}:/home/vincenzo/Documenti/AMR/ros2pythonvenv/src/lab7workspace/tiagoworkspace/install/launch_pal:/home/vincenzo/Documenti/AMR/ros2pythonvenv/src/lab7workspace/ros2workspace/install/rqt_controller_manager:/home/vincenzo/Documenti/AMR/ros2pythonvenv/src/lab7workspace/ros2workspace/install/ros2controlcli:/home/vincenzo/Documenti/AMR/ros2pythonvenv/src/lab7workspace/ros2workspace/install/ros2_controllers_test_nodes:/opt/ros/humble PS1=(ros2pythonvenv) \[\e]0;\u@\h: \w\a\]${debian_chroot:+($debian_chroot)}\[\033[01;32m\]\u@\h\[\033[00m\]:\[\033[01;34m\]\w\[\033[00m\]\$ VIRTUAL_ENV_PROMPT=(ros2pythonvenv) /usr/bin/cmake --build /home/vincenzo/Documenti/AMR/ros2pythonvenv/src/lab7workspace/tiagoworkspace/build/pymoveit2 -- -j16 -l16
[0.286s] Built target ament_cmake_python_copy_pymoveit2
[0.418s] running egg_info
[0.419s] writing pymoveit2.egg-info/PKG-INFO
[0.419s] writing dependency_links to pymoveit2.egg-info/dependency_links.txt
[0.419s] writing top-level names to pymoveit2.egg-info/top_level.txt
[0.420s] reading manifest file 'pymoveit2.egg-info/SOURCES.txt'
[0.421s] writing manifest file 'pymoveit2.egg-info/SOURCES.txt'
[0.441s] Built target ament_cmake_python_build_pymoveit2_egg
[0.453s] Invoked command in '/home/vincenzo/Documenti/AMR/ros2pythonvenv/src/lab7workspace/tiagoworkspace/build/pymoveit2' returned '0': CMAKE_PREFIX_PATH=${CMAKE_PREFIX_PATH}:/home/vincenzo/Documenti/AMR/ros2pythonvenv/src/lab7workspace/tiagoworkspace/install/launch_pal:/home/vincenzo/Documenti/AMR/ros2pythonvenv/src/lab7workspace/ros2workspace/install/rqt_controller_manager:/home/vincenzo/Documenti/AMR/ros2pythonvenv/src/lab7workspace/ros2workspace/install/ros2controlcli:/home/vincenzo/Documenti/AMR/ros2pythonvenv/src/lab7workspace/ros2workspace/install/ros2_controllers_test_nodes:/opt/ros/humble PS1=(ros2pythonvenv) \[\e]0;\u@\h: \w\a\]${debian_chroot:+($debian_chroot)}\[\033[01;32m\]\u@\h\[\033[00m\]:\[\033[01;34m\]\w\[\033[00m\]\$ VIRTUAL_ENV_PROMPT=(ros2pythonvenv) /usr/bin/cmake --build /home/vincenzo/Documenti/AMR/ros2pythonvenv/src/lab7workspace/tiagoworkspace/build/pymoveit2 -- -j16 -l16
[0.459s] Invoking command in '/home/vincenzo/Documenti/AMR/ros2pythonvenv/src/lab7workspace/tiagoworkspace/build/pymoveit2': CMAKE_PREFIX_PATH=${CMAKE_PREFIX_PATH}:/home/vincenzo/Documenti/AMR/ros2pythonvenv/src/lab7workspace/tiagoworkspace/install/launch_pal:/home/vincenzo/Documenti/AMR/ros2pythonvenv/src/lab7workspace/ros2workspace/install/rqt_controller_manager:/home/vincenzo/Documenti/AMR/ros2pythonvenv/src/lab7workspace/ros2workspace/install/ros2controlcli:/home/vincenzo/Documenti/AMR/ros2pythonvenv/src/lab7workspace/ros2workspace/install/ros2_controllers_test_nodes:/opt/ros/humble PS1=(ros2pythonvenv) \[\e]0;\u@\h: \w\a\]${debian_chroot:+($debian_chroot)}\[\033[01;32m\]\u@\h\[\033[00m\]:\[\033[01;34m\]\w\[\033[00m\]\$ VIRTUAL_ENV_PROMPT=(ros2pythonvenv) /usr/bin/cmake --install /home/vincenzo/Documenti/AMR/ros2pythonvenv/src/lab7workspace/tiagoworkspace/build/pymoveit2
[0.470s] -- Install configuration: ""
[0.470s] -- Up-to-date: /home/vincenzo/Documenti/AMR/ros2pythonvenv/src/lab7workspace/tiagoworkspace/install/pymoveit2/share/pymoveit2/environment/pythonpath.sh
[0.470s] -- Up-to-date: /home/vincenzo/Documenti/AMR/ros2pythonvenv/src/lab7workspace/tiagoworkspace/install/pymoveit2/share/pymoveit2/environment/pythonpath.dsv
[0.470s] -- Up-to-date: /home/vincenzo/Documenti/AMR/ros2pythonvenv/src/lab7workspace/tiagoworkspace/install/pymoveit2/lib/python3.10/site-packages/pymoveit2-4.0.0-py3.10.egg-info
[0.470s] -- Installing: /home/vincenzo/Documenti/AMR/ros2pythonvenv/src/lab7workspace/tiagoworkspace/install/pymoveit2/lib/python3.10/site-packages/pymoveit2-4.0.0-py3.10.egg-info/dependency_links.txt
[0.470s] -- Installing: /home/vincenzo/Documenti/AMR/ros2pythonvenv/src/lab7workspace/tiagoworkspace/install/pymoveit2/lib/python3.10/site-packages/pymoveit2-4.0.0-py3.10.egg-info/top_level.txt
[0.470s] -- Installing: /home/vincenzo/Documenti/AMR/ros2pythonvenv/src/lab7workspace/tiagoworkspace/install/pymoveit2/lib/python3.10/site-packages/pymoveit2-4.0.0-py3.10.egg-info/PKG-INFO
[0.470s] -- Installing: /home/vincenzo/Documenti/AMR/ros2pythonvenv/src/lab7workspace/tiagoworkspace/install/pymoveit2/lib/python3.10/site-packages/pymoveit2-4.0.0-py3.10.egg-info/SOURCES.txt
[0.470s] -- Up-to-date: /home/vincenzo/Documenti/AMR/ros2pythonvenv/src/lab7workspace/tiagoworkspace/install/pymoveit2/lib/python3.10/site-packages/pymoveit2
[0.470s] -- Up-to-date: /home/vincenzo/Documenti/AMR/ros2pythonvenv/src/lab7workspace/tiagoworkspace/install/pymoveit2/lib/python3.10/site-packages/pymoveit2/__init__.py
[0.470s] -- Up-to-date: /home/vincenzo/Documenti/AMR/ros2pythonvenv/src/lab7workspace/tiagoworkspace/install/pymoveit2/lib/python3.10/site-packages/pymoveit2/moveit2.py
[0.470s] -- Up-to-date: /home/vincenzo/Documenti/AMR/ros2pythonvenv/src/lab7workspace/tiagoworkspace/install/pymoveit2/lib/python3.10/site-packages/pymoveit2/robots
[0.470s] -- Up-to-date: /home/vincenzo/Documenti/AMR/ros2pythonvenv/src/lab7workspace/tiagoworkspace/install/pymoveit2/lib/python3.10/site-packages/pymoveit2/robots/__init__.py
[0.470s] -- Up-to-date: /home/vincenzo/Documenti/AMR/ros2pythonvenv/src/lab7workspace/tiagoworkspace/install/pymoveit2/lib/python3.10/site-packages/pymoveit2/robots/crane_x7.py
[0.470s] -- Up-to-date: /home/vincenzo/Documenti/AMR/ros2pythonvenv/src/lab7workspace/tiagoworkspace/install/pymoveit2/lib/python3.10/site-packages/pymoveit2/robots/panda.py
[0.470s] -- Up-to-date: /home/vincenzo/Documenti/AMR/ros2pythonvenv/src/lab7workspace/tiagoworkspace/install/pymoveit2/lib/python3.10/site-packages/pymoveit2/robots/ur.py
[0.470s] -- Up-to-date: /home/vincenzo/Documenti/AMR/ros2pythonvenv/src/lab7workspace/tiagoworkspace/install/pymoveit2/lib/python3.10/site-packages/pymoveit2/robots/kinova.py
[0.470s] -- Up-to-date: /home/vincenzo/Documenti/AMR/ros2pythonvenv/src/lab7workspace/tiagoworkspace/install/pymoveit2/lib/python3.10/site-packages/pymoveit2/robots/phantomx_pincher.py
[0.470s] -- Up-to-date: /home/vincenzo/Documenti/AMR/ros2pythonvenv/src/lab7workspace/tiagoworkspace/install/pymoveit2/lib/python3.10/site-packages/pymoveit2/robots/lbr.py
[0.470s] -- Up-to-date: /home/vincenzo/Documenti/AMR/ros2pythonvenv/src/lab7workspace/tiagoworkspace/install/pymoveit2/lib/python3.10/site-packages/pymoveit2/gripper_interface.py
[0.471s] -- Up-to-date: /home/vincenzo/Documenti/AMR/ros2pythonvenv/src/lab7workspace/tiagoworkspace/install/pymoveit2/lib/python3.10/site-packages/pymoveit2/moveit2_servo.py
[0.471s] -- Up-to-date: /home/vincenzo/Documenti/AMR/ros2pythonvenv/src/lab7workspace/tiagoworkspace/install/pymoveit2/lib/python3.10/site-packages/pymoveit2/moveit2_gripper.py
[0.471s] -- Up-to-date: /home/vincenzo/Documenti/AMR/ros2pythonvenv/src/lab7workspace/tiagoworkspace/install/pymoveit2/lib/python3.10/site-packages/pymoveit2/gripper_command.py
[0.489s] Listing '/home/vincenzo/Documenti/AMR/ros2pythonvenv/src/lab7workspace/tiagoworkspace/install/pymoveit2/lib/python3.10/site-packages/pymoveit2'...
[0.490s] Listing '/home/vincenzo/Documenti/AMR/ros2pythonvenv/src/lab7workspace/tiagoworkspace/install/pymoveit2/lib/python3.10/site-packages/pymoveit2/robots'...
[0.493s] -- Up-to-date: /home/vincenzo/Documenti/AMR/ros2pythonvenv/src/lab7workspace/tiagoworkspace/install/pymoveit2/lib/pymoveit2/ex_allow_collisions.py
[0.493s] -- Up-to-date: /home/vincenzo/Documenti/AMR/ros2pythonvenv/src/lab7workspace/tiagoworkspace/install/pymoveit2/lib/pymoveit2/ex_clear_planning_scene.py
[0.493s] -- Up-to-date: /home/vincenzo/Documenti/AMR/ros2pythonvenv/src/lab7workspace/tiagoworkspace/install/pymoveit2/lib/pymoveit2/ex_collision_mesh.py
[0.493s] -- Up-to-date: /home/vincenzo/Documenti/AMR/ros2pythonvenv/src/lab7workspace/tiagoworkspace/install/pymoveit2/lib/pymoveit2/ex_collision_primitive.py
[0.494s] -- Up-to-date: /home/vincenzo/Documenti/AMR/ros2pythonvenv/src/lab7workspace/tiagoworkspace/install/pymoveit2/lib/pymoveit2/ex_fk.py
[0.494s] -- Up-to-date: /home/vincenzo/Documenti/AMR/ros2pythonvenv/src/lab7workspace/tiagoworkspace/install/pymoveit2/lib/pymoveit2/ex_gripper.py
[0.494s] -- Up-to-date: /home/vincenzo/Documenti/AMR/ros2pythonvenv/src/lab7workspace/tiagoworkspace/install/pymoveit2/lib/pymoveit2/ex_ik.py
[0.494s] -- Up-to-date: /home/vincenzo/Documenti/AMR/ros2pythonvenv/src/lab7workspace/tiagoworkspace/install/pymoveit2/lib/pymoveit2/ex_joint_goal.py
[0.494s] -- Up-to-date: /home/vincenzo/Documenti/AMR/ros2pythonvenv/src/lab7workspace/tiagoworkspace/install/pymoveit2/lib/pymoveit2/ex_orientation_path_constraint.py
[0.494s] -- Up-to-date: /home/vincenzo/Documenti/AMR/ros2pythonvenv/src/lab7workspace/tiagoworkspace/install/pymoveit2/lib/pymoveit2/ex_pose_goal.py
[0.494s] -- Up-to-date: /home/vincenzo/Documenti/AMR/ros2pythonvenv/src/lab7workspace/tiagoworkspace/install/pymoveit2/lib/pymoveit2/ex_servo.py
[0.494s] -- Up-to-date: /home/vincenzo/Documenti/AMR/ros2pythonvenv/src/lab7workspace/tiagoworkspace/install/pymoveit2/share/ament_index/resource_index/package_run_dependencies/pymoveit2
[0.494s] -- Up-to-date: /home/vincenzo/Documenti/AMR/ros2pythonvenv/src/lab7workspace/tiagoworkspace/install/pymoveit2/share/ament_index/resource_index/parent_prefix_path/pymoveit2
[0.495s] -- Up-to-date: /home/vincenzo/Documenti/AMR/ros2pythonvenv/src/lab7workspace/tiagoworkspace/install/pymoveit2/share/pymoveit2/environment/ament_prefix_path.sh
[0.495s] -- Up-to-date: /home/vincenzo/Documenti/AMR/ros2pythonvenv/src/lab7workspace/tiagoworkspace/install/pymoveit2/share/pymoveit2/environment/ament_prefix_path.dsv
[0.495s] -- Up-to-date: /home/vincenzo/Documenti/AMR/ros2pythonvenv/src/lab7workspace/tiagoworkspace/install/pymoveit2/share/pymoveit2/environment/path.sh
[0.495s] -- Up-to-date: /home/vincenzo/Documenti/AMR/ros2pythonvenv/src/lab7workspace/tiagoworkspace/install/pymoveit2/share/pymoveit2/environment/path.dsv
[0.495s] -- Up-to-date: /home/vincenzo/Documenti/AMR/ros2pythonvenv/src/lab7workspace/tiagoworkspace/install/pymoveit2/share/pymoveit2/local_setup.bash
[0.495s] -- Up-to-date: /home/vincenzo/Documenti/AMR/ros2pythonvenv/src/lab7workspace/tiagoworkspace/install/pymoveit2/share/pymoveit2/local_setup.sh
[0.495s] -- Up-to-date: /home/vincenzo/Documenti/AMR/ros2pythonvenv/src/lab7workspace/tiagoworkspace/install/pymoveit2/share/pymoveit2/local_setup.zsh
[0.495s] -- Up-to-date: /home/vincenzo/Documenti/AMR/ros2pythonvenv/src/lab7workspace/tiagoworkspace/install/pymoveit2/share/pymoveit2/local_setup.dsv
[0.495s] -- Up-to-date: /home/vincenzo/Documenti/AMR/ros2pythonvenv/src/lab7workspace/tiagoworkspace/install/pymoveit2/share/pymoveit2/package.dsv
[0.495s] -- Up-to-date: /home/vincenzo/Documenti/AMR/ros2pythonvenv/src/lab7workspace/tiagoworkspace/install/pymoveit2/share/ament_index/resource_index/packages/pymoveit2
[0.495s] -- Up-to-date: /home/vincenzo/Documenti/AMR/ros2pythonvenv/src/lab7workspace/tiagoworkspace/install/pymoveit2/share/pymoveit2/cmake/pymoveit2Config.cmake
[0.495s] -- Up-to-date: /home/vincenzo/Documenti/AMR/ros2pythonvenv/src/lab7workspace/tiagoworkspace/install/pymoveit2/share/pymoveit2/cmake/pymoveit2Config-version.cmake
[0.496s] -- Up-to-date: /home/vincenzo/Documenti/AMR/ros2pythonvenv/src/lab7workspace/tiagoworkspace/install/pymoveit2/share/pymoveit2/package.xml
[0.528s] Invoked command in '/home/vincenzo/Documenti/AMR/ros2pythonvenv/src/lab7workspace/tiagoworkspace/build/pymoveit2' returned '0': CMAKE_PREFIX_PATH=${CMAKE_PREFIX_PATH}:/home/vincenzo/Documenti/AMR/ros2pythonvenv/src/lab7workspace/tiagoworkspace/install/launch_pal:/home/vincenzo/Documenti/AMR/ros2pythonvenv/src/lab7workspace/ros2workspace/install/rqt_controller_manager:/home/vincenzo/Documenti/AMR/ros2pythonvenv/src/lab7workspace/ros2workspace/install/ros2controlcli:/home/vincenzo/Documenti/AMR/ros2pythonvenv/src/lab7workspace/ros2workspace/install/ros2_controllers_test_nodes:/opt/ros/humble PS1=(ros2pythonvenv) \[\e]0;\u@\h: \w\a\]${debian_chroot:+($debian_chroot)}\[\033[01;32m\]\u@\h\[\033[00m\]:\[\033[01;34m\]\w\[\033[00m\]\$ VIRTUAL_ENV_PROMPT=(ros2pythonvenv) /usr/bin/cmake --install /home/vincenzo/Documenti/AMR/ros2pythonvenv/src/lab7workspace/tiagoworkspace/build/pymoveit2
