[0.760s] Invoking command in '/home/vincenzo/Documenti/AMR/ros2pythonvenv/src/lab4workspace/src/autonomous_exploration': PS1=(ros2pythonvenv) \[\e]0;\u@\h: \w\a\]${debian_chroot:+($debian_chroot)}\[\033[01;32m\]\u@\h\[\033[00m\]:\[\033[01;34m\]\w\[\033[00m\]\$ PYTHONPATH=/home/vincenzo/Documenti/AMR/ros2pythonvenv/src/lab4workspace/build/autonomous_exploration/prefix_override:/usr/lib/python3/dist-packages/colcon_core/task/python/colcon_distutils_commands:/home/vincenzo/Documenti/AMR/ros2pythonvenv/src/lab4workspace/install/autonomous_exploration/lib/python3.10/site-packages:${PYTHONPATH} VIRTUAL_ENV_PROMPT=(ros2pythonvenv) /usr/bin/python3 -W ignore:setup.py install is deprecated -W ignore:easy_install command is deprecated setup.py egg_info --egg-base ../../build/autonomous_exploration build --build-base /home/vincenzo/Documenti/AMR/ros2pythonvenv/src/lab4workspace/build/autonomous_exploration/build install --record /home/vincenzo/Documenti/AMR/ros2pythonvenv/src/lab4workspace/build/autonomous_exploration/install.log --single-version-externally-managed install_data
[0.903s] running egg_info
[0.905s] writing ../../build/autonomous_exploration/autonomous_exploration.egg-info/PKG-INFO
[0.905s] writing dependency_links to ../../build/autonomous_exploration/autonomous_exploration.egg-info/dependency_links.txt
[0.905s] writing entry points to ../../build/autonomous_exploration/autonomous_exploration.egg-info/entry_points.txt
[0.905s] writing requirements to ../../build/autonomous_exploration/autonomous_exploration.egg-info/requires.txt
[0.905s] writing top-level names to ../../build/autonomous_exploration/autonomous_exploration.egg-info/top_level.txt
[0.906s] reading manifest file '../../build/autonomous_exploration/autonomous_exploration.egg-info/SOURCES.txt'
[0.906s] writing manifest file '../../build/autonomous_exploration/autonomous_exploration.egg-info/SOURCES.txt'
[0.906s] running build
[0.907s] running build_py
[0.907s] running install
[0.907s] running install_lib
[0.907s] running install_data
[0.907s] running install_egg_info
[0.908s] removing '/home/vincenzo/Documenti/AMR/ros2pythonvenv/src/lab4workspace/install/autonomous_exploration/lib/python3.10/site-packages/autonomous_exploration-0.0.0-py3.10.egg-info' (and everything under it)
[0.908s] Copying ../../build/autonomous_exploration/autonomous_exploration.egg-info to /home/vincenzo/Documenti/AMR/ros2pythonvenv/src/lab4workspace/install/autonomous_exploration/lib/python3.10/site-packages/autonomous_exploration-0.0.0-py3.10.egg-info
[0.909s] running install_scripts
[0.921s] writing list of installed files to '/home/vincenzo/Documenti/AMR/ros2pythonvenv/src/lab4workspace/build/autonomous_exploration/install.log'
[0.942s] Invoked command in '/home/vincenzo/Documenti/AMR/ros2pythonvenv/src/lab4workspace/src/autonomous_exploration' returned '0': PS1=(ros2pythonvenv) \[\e]0;\u@\h: \w\a\]${debian_chroot:+($debian_chroot)}\[\033[01;32m\]\u@\h\[\033[00m\]:\[\033[01;34m\]\w\[\033[00m\]\$ PYTHONPATH=/home/vincenzo/Documenti/AMR/ros2pythonvenv/src/lab4workspace/build/autonomous_exploration/prefix_override:/usr/lib/python3/dist-packages/colcon_core/task/python/colcon_distutils_commands:/home/vincenzo/Documenti/AMR/ros2pythonvenv/src/lab4workspace/install/autonomous_exploration/lib/python3.10/site-packages:${PYTHONPATH} VIRTUAL_ENV_PROMPT=(ros2pythonvenv) /usr/bin/python3 -W ignore:setup.py install is deprecated -W ignore:easy_install command is deprecated setup.py egg_info --egg-base ../../build/autonomous_exploration build --build-base /home/vincenzo/Documenti/AMR/ros2pythonvenv/src/lab4workspace/build/autonomous_exploration/build install --record /home/vincenzo/Documenti/AMR/ros2pythonvenv/src/lab4workspace/build/autonomous_exploration/install.log --single-version-externally-managed install_data
