[0.009s] Invoking command in '/home/vincenzo/Documenti/AMR/ros2pythonvenv/src/lab7workspace/ros2workspace/build/control_toolbox': AMENT_PREFIX_PATH=/home/vincenzo/Documenti/AMR/ros2pythonvenv/src/lab7workspace/ros2workspace/install/realtime_tools:/home/vincenzo/Documenti/AMR/ros2pythonvenv/src/lab7workspace/ros2workspace/install/control_msgs:${AMENT_PREFIX_PATH} CMAKE_PREFIX_PATH=/home/vincenzo/Documenti/AMR/ros2pythonvenv/src/lab7workspace/ros2workspace/install/realtime_tools:/home/vincenzo/Documenti/AMR/ros2pythonvenv/src/lab7workspace/ros2workspace/install/control_msgs:/opt/ros/humble LD_LIBRARY_PATH=/home/vincenzo/Documenti/AMR/ros2pythonvenv/src/lab7workspace/ros2workspace/install/realtime_tools/lib:/home/vincenzo/Documenti/AMR/ros2pythonvenv/src/lab7workspace/ros2workspace/install/control_msgs/lib:/usr/lib/x86_64-linux-gnu/gazebo-11/plugins:/opt/ros/humble/opt/rviz_ogre_vendor/lib:/opt/ros/humble/lib/x86_64-linux-gnu:/opt/ros/humble/lib:/usr/lib/x86_64-linux-gnu/gazebo-11/plugins PS1=(ros2pythonvenv) \[\e]0;\u@\h: \w\a\]${debian_chroot:+($debian_chroot)}\[\033[01;32m\]\u@\h\[\033[00m\]:\[\033[01;34m\]\w\[\033[00m\]\$ PYTHONPATH=/home/vincenzo/Documenti/AMR/ros2pythonvenv/src/lab7workspace/ros2workspace/install/control_msgs/lib/python3.10/site-packages:${PYTHONPATH} VIRTUAL_ENV_PROMPT=(ros2pythonvenv) /usr/bin/cmake /home/vincenzo/Documenti/AMR/ros2pythonvenv/src/lab7workspace/ros2workspace/src/ros-controls/control_toolbox -DCMAKE_INSTALL_PREFIX=/home/vincenzo/Documenti/AMR/ros2pythonvenv/src/lab7workspace/ros2workspace/install/control_toolbox
[0.061s] -- The CXX compiler identification is GNU 11.4.0
[0.066s] -- Detecting CXX compiler ABI info
[0.127s] -- Detecting CXX compiler ABI info - done
[0.135s] -- Check for working CXX compiler: /usr/bin/c++ - skipped
[0.135s] -- Detecting CXX compile features
[0.135s] -- Detecting CXX compile features - done
[0.137s] -- Found ament_cmake: 1.3.12 (/opt/ros/humble/share/ament_cmake/cmake)
[0.235s] -- Found Python3: /home/vincenzo/Documenti/AMR/ros2pythonvenv/bin/python3 (found version "3.10.12") found components: Interpreter 
[0.293s] -- Found control_msgs: 4.5.0 (/home/vincenzo/Documenti/AMR/ros2pythonvenv/src/lab7workspace/ros2workspace/install/control_msgs/share/control_msgs/cmake)
[0.319s] -- Found rosidl_generator_c: 3.1.7 (/opt/ros/humble/share/rosidl_generator_c/cmake)
[0.322s] -- Found rosidl_adapter: 3.1.7 (/opt/ros/humble/share/rosidl_adapter/cmake)
[0.329s] -- Found rosidl_generator_cpp: 3.1.7 (/opt/ros/humble/share/rosidl_generator_cpp/cmake)
[0.338s] -- Using all available rosidl_typesupport_c: rosidl_typesupport_fastrtps_c;rosidl_typesupport_introspection_c
[0.348s] -- Using all available rosidl_typesupport_cpp: rosidl_typesupport_fastrtps_cpp;rosidl_typesupport_introspection_cpp
[0.431s] -- Found rclcpp: 16.0.15 (/opt/ros/humble/share/rclcpp/cmake)
[0.456s] -- Found rmw_implementation_cmake: 6.1.2 (/opt/ros/humble/share/rmw_implementation_cmake/cmake)
[0.457s] -- Found rmw_fastrtps_cpp: 6.2.9 (/opt/ros/humble/share/rmw_fastrtps_cpp/cmake)
[0.527s] -- Found OpenSSL: /usr/lib/x86_64-linux-gnu/libcrypto.so (found version "3.0.2")  
[0.550s] -- Found FastRTPS: /opt/ros/humble/include  
[0.581s] -- Using RMW implementation 'rmw_fastrtps_cpp' as default
[0.587s] -- Looking for C++ include pthread.h
[0.654s] -- Looking for C++ include pthread.h - found
[0.655s] -- Performing Test CMAKE_HAVE_LIBC_PTHREAD
[0.720s] -- Performing Test CMAKE_HAVE_LIBC_PTHREAD - Success
[0.721s] -- Found Threads: TRUE  
[0.754s] -- Found realtime_tools: 2.5.0 (/home/vincenzo/Documenti/AMR/ros2pythonvenv/src/lab7workspace/ros2workspace/install/realtime_tools/share/realtime_tools/cmake)
[0.765s] -- Found filters: 2.2.2 (/opt/ros/humble/share/filters/cmake)
[0.790s] -- Found generate_parameter_library: 0.5.0 (/opt/ros/humble/share/generate_parameter_library/cmake)
[0.791s] -- Found parameter_traits: 0.5.0 (/opt/ros/humble/share/parameter_traits/cmake)
[0.803s] -- Found rclcpp_lifecycle: 16.0.15 (/opt/ros/humble/share/rclcpp_lifecycle/cmake)
[0.818s] -- Found ament_cmake_gmock: 1.3.12 (/opt/ros/humble/share/ament_cmake_gmock/cmake)
[0.819s] -- Found ament_cmake_gtest: 1.3.12 (/opt/ros/humble/share/ament_cmake_gtest/cmake)
[0.821s] -- Found gmock sources under '/opt/ros/humble/src/gmock_vendor': C++ tests using 'Google Mock' will be built
[0.853s] -- The C compiler identification is GNU 11.4.0
[0.858s] -- Detecting C compiler ABI info
[0.912s] -- Detecting C compiler ABI info - done
[0.919s] -- Check for working C compiler: /usr/bin/cc - skipped
[0.919s] -- Detecting C compile features
[0.919s] -- Detecting C compile features - done
[0.921s] -- Found gtest sources under '/opt/ros/humble/src/gtest_vendor': C++ tests using 'Google Test' will be built
[0.986s] -- Configuring done
[1.052s] -- Generating done
[1.075s] -- Build files have been written to: /home/vincenzo/Documenti/AMR/ros2pythonvenv/src/lab7workspace/ros2workspace/build/control_toolbox
[1.091s] Invoked command in '/home/vincenzo/Documenti/AMR/ros2pythonvenv/src/lab7workspace/ros2workspace/build/control_toolbox' returned '0': AMENT_PREFIX_PATH=/home/vincenzo/Documenti/AMR/ros2pythonvenv/src/lab7workspace/ros2workspace/install/realtime_tools:/home/vincenzo/Documenti/AMR/ros2pythonvenv/src/lab7workspace/ros2workspace/install/control_msgs:${AMENT_PREFIX_PATH} CMAKE_PREFIX_PATH=/home/vincenzo/Documenti/AMR/ros2pythonvenv/src/lab7workspace/ros2workspace/install/realtime_tools:/home/vincenzo/Documenti/AMR/ros2pythonvenv/src/lab7workspace/ros2workspace/install/control_msgs:/opt/ros/humble LD_LIBRARY_PATH=/home/vincenzo/Documenti/AMR/ros2pythonvenv/src/lab7workspace/ros2workspace/install/realtime_tools/lib:/home/vincenzo/Documenti/AMR/ros2pythonvenv/src/lab7workspace/ros2workspace/install/control_msgs/lib:/usr/lib/x86_64-linux-gnu/gazebo-11/plugins:/opt/ros/humble/opt/rviz_ogre_vendor/lib:/opt/ros/humble/lib/x86_64-linux-gnu:/opt/ros/humble/lib:/usr/lib/x86_64-linux-gnu/gazebo-11/plugins PS1=(ros2pythonvenv) \[\e]0;\u@\h: \w\a\]${debian_chroot:+($debian_chroot)}\[\033[01;32m\]\u@\h\[\033[00m\]:\[\033[01;34m\]\w\[\033[00m\]\$ PYTHONPATH=/home/vincenzo/Documenti/AMR/ros2pythonvenv/src/lab7workspace/ros2workspace/install/control_msgs/lib/python3.10/site-packages:${PYTHONPATH} VIRTUAL_ENV_PROMPT=(ros2pythonvenv) /usr/bin/cmake /home/vincenzo/Documenti/AMR/ros2pythonvenv/src/lab7workspace/ros2workspace/src/ros-controls/control_toolbox -DCMAKE_INSTALL_PREFIX=/home/vincenzo/Documenti/AMR/ros2pythonvenv/src/lab7workspace/ros2workspace/install/control_toolbox
[1.092s] Invoking command in '/home/vincenzo/Documenti/AMR/ros2pythonvenv/src/lab7workspace/ros2workspace/build/control_toolbox': AMENT_PREFIX_PATH=/home/vincenzo/Documenti/AMR/ros2pythonvenv/src/lab7workspace/ros2workspace/install/realtime_tools:/home/vincenzo/Documenti/AMR/ros2pythonvenv/src/lab7workspace/ros2workspace/install/control_msgs:${AMENT_PREFIX_PATH} CMAKE_PREFIX_PATH=/home/vincenzo/Documenti/AMR/ros2pythonvenv/src/lab7workspace/ros2workspace/install/realtime_tools:/home/vincenzo/Documenti/AMR/ros2pythonvenv/src/lab7workspace/ros2workspace/install/control_msgs:/opt/ros/humble LD_LIBRARY_PATH=/home/vincenzo/Documenti/AMR/ros2pythonvenv/src/lab7workspace/ros2workspace/install/realtime_tools/lib:/home/vincenzo/Documenti/AMR/ros2pythonvenv/src/lab7workspace/ros2workspace/install/control_msgs/lib:/usr/lib/x86_64-linux-gnu/gazebo-11/plugins:/opt/ros/humble/opt/rviz_ogre_vendor/lib:/opt/ros/humble/lib/x86_64-linux-gnu:/opt/ros/humble/lib:/usr/lib/x86_64-linux-gnu/gazebo-11/plugins PS1=(ros2pythonvenv) \[\e]0;\u@\h: \w\a\]${debian_chroot:+($debian_chroot)}\[\033[01;32m\]\u@\h\[\033[00m\]:\[\033[01;34m\]\w\[\033[00m\]\$ PYTHONPATH=/home/vincenzo/Documenti/AMR/ros2pythonvenv/src/lab7workspace/ros2workspace/install/control_msgs/lib/python3.10/site-packages:${PYTHONPATH} VIRTUAL_ENV_PROMPT=(ros2pythonvenv) /usr/bin/cmake --build /home/vincenzo/Documenti/AMR/ros2pythonvenv/src/lab7workspace/ros2workspace/build/control_toolbox -- -j16 -l16
[1.141s] [  6%] [32mBuilding CXX object gmock/CMakeFiles/gmock.dir/opt/ros/humble/src/gtest_vendor/src/gtest-all.cc.o[0m
[1.141s] [ 10%] [32mBuilding CXX object CMakeFiles/control_toolbox.dir/src/limited_proxy.cpp.o[0m
[1.141s] [ 13%] [32mBuilding CXX object CMakeFiles/control_toolbox.dir/src/dither.cpp.o[0m
[1.141s] [ 16%] [32mBuilding CXX object gtest/CMakeFiles/gtest.dir/src/gtest-all.cc.o[0m
[1.142s] [  6%] [32mBuilding CXX object gmock/CMakeFiles/gmock.dir/src/gmock-all.cc.o[0m
[1.142s] [ 20%] [34m[1mRunning `/opt/ros/humble/bin/generate_parameter_library_cpp /home/vincenzo/Documenti/AMR/ros2pythonvenv/src/lab7workspace/ros2workspace/build/control_toolbox/include/control_toolbox/low_pass_filter_parameters.hpp /home/vincenzo/Documenti/AMR/ros2pythonvenv/src/lab7workspace/ros2workspace/src/ros-controls/control_toolbox/src/control_filters/low_pass_filter_parameters.yaml `[0m
[1.142s] [ 23%] [32mBuilding CXX object gtest/CMakeFiles/gtest_main.dir/src/gtest_main.cc.o[0m
[1.144s] [ 26%] [32mBuilding CXX object gmock/CMakeFiles/gmock_main.dir/src/gmock_main.cc.o[0m
[1.147s] [ 30%] [32mBuilding CXX object CMakeFiles/control_toolbox.dir/src/pid_ros.cpp.o[0m
[1.148s] [ 33%] [32mBuilding CXX object CMakeFiles/control_toolbox.dir/src/pid.cpp.o[0m
[1.175s] [ 36%] [32mBuilding CXX object CMakeFiles/control_toolbox.dir/src/sinusoid.cpp.o[0m
[1.176s] [ 40%] [32mBuilding CXX object CMakeFiles/control_toolbox.dir/src/sine_sweep.cpp.o[0m
[1.377s] [ 43%] [34m[1mCreating deprecated header file /home/vincenzo/Documenti/AMR/ros2pythonvenv/src/lab7workspace/ros2workspace/build/control_toolbox/include/low_pass_filter_parameters.hpp[0m
[1.415s] [ 43%] Built target low_pass_filter_parameters
[1.479s] [ 46%] [32mBuilding CXX object CMakeFiles/low_pass_filter.dir/src/control_filters/low_pass_filter.cpp.o[0m
[2.208s] [ 50%] [32m[1mLinking CXX static library libgtest_main.a[0m
[2.244s] [ 50%] Built target gtest_main
[2.565s] [ 53%] [32m[1mLinking CXX static library libgmock_main.a[0m
[2.591s] [ 53%] Built target gmock_main
[2.671s] In file included from [01m[K/home/vincenzo/Documenti/AMR/ros2pythonvenv/src/lab7workspace/ros2workspace/src/ros-controls/control_toolbox/include/control_filters/low_pass_filter.hpp:24[m[K,
[2.671s]                  from [01m[K/home/vincenzo/Documenti/AMR/ros2pythonvenv/src/lab7workspace/ros2workspace/src/ros-controls/control_toolbox/src/control_filters/low_pass_filter.cpp:15[m[K:
[2.671s] [01m[K/home/vincenzo/Documenti/AMR/ros2pythonvenv/src/lab7workspace/ros2workspace/build/control_toolbox/include/low_pass_filter_parameters.hpp:1:148:[m[K [01;36m[Knote: [m[K‘[01m[K#pragma message: #include "low_pass_filter_parameters.hpp" is deprecated. Use #include <control_toolbox/low_pass_filter_parameters.hpp> instead.[m[K’
[2.671s]     1 | #pragma message("#include \"low_pass_filter_parameters.hpp\" is deprecated. Use #include <control_toolbox/low_pass_filter_parameters.hpp> instead."[01;36m[K)[m[K
[2.671s]       |                                                                                                                                                    [01;36m[K^[m[K
[3.919s] [ 56%] [32m[1mLinking CXX static library libgmock.a[0m
[3.971s] [ 56%] Built target gmock
[4.408s] [ 60%] [32m[1mLinking CXX static library libgtest.a[0m
[4.452s] [ 60%] Built target gtest
[4.544s] [ 63%] [32m[1mLinking CXX shared library libcontrol_toolbox.so[0m
[4.692s] [ 63%] Built target control_toolbox
[4.707s] [ 66%] [32mBuilding CXX object CMakeFiles/pid_publisher_tests.dir/test/pid_publisher_tests.cpp.o[0m
[4.713s] [ 70%] [32mBuilding CXX object CMakeFiles/pid_parameters_tests.dir/test/pid_parameters_tests.cpp.o[0m
[4.713s] [ 73%] [32mBuilding CXX object CMakeFiles/pid_tests.dir/test/pid_tests.cpp.o[0m
[4.911s] [ 76%] [32m[1mLinking CXX shared library liblow_pass_filter.so[0m
[5.040s] [ 76%] Built target low_pass_filter
[5.058s] [ 80%] [32mBuilding CXX object CMakeFiles/test_low_pass_filter.dir/test/control_filters/test_low_pass_filter.cpp.o[0m
[5.079s] [ 83%] [32mBuilding CXX object CMakeFiles/test_load_low_pass_filter.dir/test/control_filters/test_load_low_pass_filter.cpp.o[0m
[7.121s] [ 86%] [32m[1mLinking CXX executable pid_tests[0m
[7.216s] In file included from [01m[K/home/vincenzo/Documenti/AMR/ros2pythonvenv/src/lab7workspace/ros2workspace/src/ros-controls/control_toolbox/include/control_filters/low_pass_filter.hpp:24[m[K,
[7.216s]                  from [01m[K/home/vincenzo/Documenti/AMR/ros2pythonvenv/src/lab7workspace/ros2workspace/src/ros-controls/control_toolbox/test/control_filters/test_load_low_pass_filter.cpp:18[m[K:
[7.216s] [01m[K/home/vincenzo/Documenti/AMR/ros2pythonvenv/src/lab7workspace/ros2workspace/build/control_toolbox/include/low_pass_filter_parameters.hpp:1:148:[m[K [01;36m[Knote: [m[K‘[01m[K#pragma message: #include "low_pass_filter_parameters.hpp" is deprecated. Use #include <control_toolbox/low_pass_filter_parameters.hpp> instead.[m[K’
[7.216s]     1 | #pragma message("#include \"low_pass_filter_parameters.hpp\" is deprecated. Use #include <control_toolbox/low_pass_filter_parameters.hpp> instead."[01;36m[K)[m[K
[7.216s]       |                                                                                                                                                    [01;36m[K^[m[K
[7.275s] In file included from [01m[K/home/vincenzo/Documenti/AMR/ros2pythonvenv/src/lab7workspace/ros2workspace/src/ros-controls/control_toolbox/include/control_filters/low_pass_filter.hpp:24[m[K,
[7.275s]                  from [01m[K/home/vincenzo/Documenti/AMR/ros2pythonvenv/src/lab7workspace/ros2workspace/src/ros-controls/control_toolbox/test/control_filters/test_low_pass_filter.hpp:22[m[K,
[7.275s]                  from [01m[K/home/vincenzo/Documenti/AMR/ros2pythonvenv/src/lab7workspace/ros2workspace/src/ros-controls/control_toolbox/test/control_filters/test_low_pass_filter.cpp:15[m[K:
[7.275s] [01m[K/home/vincenzo/Documenti/AMR/ros2pythonvenv/src/lab7workspace/ros2workspace/build/control_toolbox/include/low_pass_filter_parameters.hpp:1:148:[m[K [01;36m[Knote: [m[K‘[01m[K#pragma message: #include "low_pass_filter_parameters.hpp" is deprecated. Use #include <control_toolbox/low_pass_filter_parameters.hpp> instead.[m[K’
[7.275s]     1 | #pragma message("#include \"low_pass_filter_parameters.hpp\" is deprecated. Use #include <control_toolbox/low_pass_filter_parameters.hpp> instead."[01;36m[K)[m[K
[7.275s]       |                                                                                                                                                    [01;36m[K^[m[K
[7.278s] [ 86%] Built target pid_tests
[8.123s] [ 90%] [32m[1mLinking CXX executable pid_parameters_tests[0m
[8.291s] [ 90%] Built target pid_parameters_tests
[10.048s] [ 93%] [32m[1mLinking CXX executable test_low_pass_filter[0m
[10.489s] [ 93%] Built target test_low_pass_filter
[12.252s] [ 96%] [32m[1mLinking CXX executable pid_publisher_tests[0m
[12.285s] [100%] [32m[1mLinking CXX executable test_load_low_pass_filter[0m
[12.634s] [100%] Built target test_load_low_pass_filter
[12.767s] [100%] Built target pid_publisher_tests
[12.777s] Invoked command in '/home/vincenzo/Documenti/AMR/ros2pythonvenv/src/lab7workspace/ros2workspace/build/control_toolbox' returned '0': AMENT_PREFIX_PATH=/home/vincenzo/Documenti/AMR/ros2pythonvenv/src/lab7workspace/ros2workspace/install/realtime_tools:/home/vincenzo/Documenti/AMR/ros2pythonvenv/src/lab7workspace/ros2workspace/install/control_msgs:${AMENT_PREFIX_PATH} CMAKE_PREFIX_PATH=/home/vincenzo/Documenti/AMR/ros2pythonvenv/src/lab7workspace/ros2workspace/install/realtime_tools:/home/vincenzo/Documenti/AMR/ros2pythonvenv/src/lab7workspace/ros2workspace/install/control_msgs:/opt/ros/humble LD_LIBRARY_PATH=/home/vincenzo/Documenti/AMR/ros2pythonvenv/src/lab7workspace/ros2workspace/install/realtime_tools/lib:/home/vincenzo/Documenti/AMR/ros2pythonvenv/src/lab7workspace/ros2workspace/install/control_msgs/lib:/usr/lib/x86_64-linux-gnu/gazebo-11/plugins:/opt/ros/humble/opt/rviz_ogre_vendor/lib:/opt/ros/humble/lib/x86_64-linux-gnu:/opt/ros/humble/lib:/usr/lib/x86_64-linux-gnu/gazebo-11/plugins PS1=(ros2pythonvenv) \[\e]0;\u@\h: \w\a\]${debian_chroot:+($debian_chroot)}\[\033[01;32m\]\u@\h\[\033[00m\]:\[\033[01;34m\]\w\[\033[00m\]\$ PYTHONPATH=/home/vincenzo/Documenti/AMR/ros2pythonvenv/src/lab7workspace/ros2workspace/install/control_msgs/lib/python3.10/site-packages:${PYTHONPATH} VIRTUAL_ENV_PROMPT=(ros2pythonvenv) /usr/bin/cmake --build /home/vincenzo/Documenti/AMR/ros2pythonvenv/src/lab7workspace/ros2workspace/build/control_toolbox -- -j16 -l16
[12.778s] Invoking command in '/home/vincenzo/Documenti/AMR/ros2pythonvenv/src/lab7workspace/ros2workspace/build/control_toolbox': AMENT_PREFIX_PATH=/home/vincenzo/Documenti/AMR/ros2pythonvenv/src/lab7workspace/ros2workspace/install/realtime_tools:/home/vincenzo/Documenti/AMR/ros2pythonvenv/src/lab7workspace/ros2workspace/install/control_msgs:${AMENT_PREFIX_PATH} CMAKE_PREFIX_PATH=/home/vincenzo/Documenti/AMR/ros2pythonvenv/src/lab7workspace/ros2workspace/install/realtime_tools:/home/vincenzo/Documenti/AMR/ros2pythonvenv/src/lab7workspace/ros2workspace/install/control_msgs:/opt/ros/humble LD_LIBRARY_PATH=/home/vincenzo/Documenti/AMR/ros2pythonvenv/src/lab7workspace/ros2workspace/install/realtime_tools/lib:/home/vincenzo/Documenti/AMR/ros2pythonvenv/src/lab7workspace/ros2workspace/install/control_msgs/lib:/usr/lib/x86_64-linux-gnu/gazebo-11/plugins:/opt/ros/humble/opt/rviz_ogre_vendor/lib:/opt/ros/humble/lib/x86_64-linux-gnu:/opt/ros/humble/lib:/usr/lib/x86_64-linux-gnu/gazebo-11/plugins PS1=(ros2pythonvenv) \[\e]0;\u@\h: \w\a\]${debian_chroot:+($debian_chroot)}\[\033[01;32m\]\u@\h\[\033[00m\]:\[\033[01;34m\]\w\[\033[00m\]\$ PYTHONPATH=/home/vincenzo/Documenti/AMR/ros2pythonvenv/src/lab7workspace/ros2workspace/install/control_msgs/lib/python3.10/site-packages:${PYTHONPATH} VIRTUAL_ENV_PROMPT=(ros2pythonvenv) /usr/bin/cmake --install /home/vincenzo/Documenti/AMR/ros2pythonvenv/src/lab7workspace/ros2workspace/build/control_toolbox
[12.784s] -- Install configuration: ""
[12.784s] -- Installing: /home/vincenzo/Documenti/AMR/ros2pythonvenv/src/lab7workspace/ros2workspace/install/control_toolbox/include/control_toolbox
[12.784s] -- Installing: /home/vincenzo/Documenti/AMR/ros2pythonvenv/src/lab7workspace/ros2workspace/install/control_toolbox/include/control_toolbox/low_pass_filter_parameters.hpp
[12.785s] -- Installing: /home/vincenzo/Documenti/AMR/ros2pythonvenv/src/lab7workspace/ros2workspace/install/control_toolbox/share/control_toolbox/control_filters.xml
[12.785s] -- Up-to-date: /home/vincenzo/Documenti/AMR/ros2pythonvenv/src/lab7workspace/ros2workspace/install/control_toolbox/include/control_toolbox
[12.785s] -- Installing: /home/vincenzo/Documenti/AMR/ros2pythonvenv/src/lab7workspace/ros2workspace/install/control_toolbox/include/control_toolbox/control_filters
[12.785s] -- Installing: /home/vincenzo/Documenti/AMR/ros2pythonvenv/src/lab7workspace/ros2workspace/install/control_toolbox/include/control_toolbox/control_filters/low_pass_filter.hpp
[12.785s] -- Installing: /home/vincenzo/Documenti/AMR/ros2pythonvenv/src/lab7workspace/ros2workspace/install/control_toolbox/include/control_toolbox/control_toolbox
[12.785s] -- Installing: /home/vincenzo/Documenti/AMR/ros2pythonvenv/src/lab7workspace/ros2workspace/install/control_toolbox/include/control_toolbox/control_toolbox/pid.hpp
[12.785s] -- Installing: /home/vincenzo/Documenti/AMR/ros2pythonvenv/src/lab7workspace/ros2workspace/install/control_toolbox/include/control_toolbox/control_toolbox/limited_proxy.hpp
[12.785s] -- Installing: /home/vincenzo/Documenti/AMR/ros2pythonvenv/src/lab7workspace/ros2workspace/install/control_toolbox/include/control_toolbox/control_toolbox/sinusoid.hpp
[12.785s] -- Installing: /home/vincenzo/Documenti/AMR/ros2pythonvenv/src/lab7workspace/ros2workspace/install/control_toolbox/include/control_toolbox/control_toolbox/visibility_control.hpp
[12.785s] -- Installing: /home/vincenzo/Documenti/AMR/ros2pythonvenv/src/lab7workspace/ros2workspace/install/control_toolbox/include/control_toolbox/control_toolbox/pid_ros.hpp
[12.785s] -- Installing: /home/vincenzo/Documenti/AMR/ros2pythonvenv/src/lab7workspace/ros2workspace/install/control_toolbox/include/control_toolbox/control_toolbox/sine_sweep.hpp
[12.785s] -- Installing: /home/vincenzo/Documenti/AMR/ros2pythonvenv/src/lab7workspace/ros2workspace/install/control_toolbox/include/control_toolbox/control_toolbox/filters.hpp
[12.785s] -- Installing: /home/vincenzo/Documenti/AMR/ros2pythonvenv/src/lab7workspace/ros2workspace/install/control_toolbox/include/control_toolbox/control_toolbox/dither.hpp
[12.786s] -- Installing: /home/vincenzo/Documenti/AMR/ros2pythonvenv/src/lab7workspace/ros2workspace/install/control_toolbox/lib/libcontrol_toolbox.so
[12.786s] -- Set runtime path of "/home/vincenzo/Documenti/AMR/ros2pythonvenv/src/lab7workspace/ros2workspace/install/control_toolbox/lib/libcontrol_toolbox.so" to ""
[12.786s] -- Installing: /home/vincenzo/Documenti/AMR/ros2pythonvenv/src/lab7workspace/ros2workspace/install/control_toolbox/lib/liblow_pass_filter.so
[12.787s] -- Set runtime path of "/home/vincenzo/Documenti/AMR/ros2pythonvenv/src/lab7workspace/ros2workspace/install/control_toolbox/lib/liblow_pass_filter.so" to ""
[12.787s] -- Installing: /home/vincenzo/Documenti/AMR/ros2pythonvenv/src/lab7workspace/ros2workspace/install/control_toolbox/share/control_toolbox/environment/library_path.sh
[12.787s] -- Installing: /home/vincenzo/Documenti/AMR/ros2pythonvenv/src/lab7workspace/ros2workspace/install/control_toolbox/share/control_toolbox/environment/library_path.dsv
[12.787s] -- Installing: /home/vincenzo/Documenti/AMR/ros2pythonvenv/src/lab7workspace/ros2workspace/install/control_toolbox/share/ament_index/resource_index/package_run_dependencies/control_toolbox
[12.787s] -- Installing: /home/vincenzo/Documenti/AMR/ros2pythonvenv/src/lab7workspace/ros2workspace/install/control_toolbox/share/ament_index/resource_index/parent_prefix_path/control_toolbox
[12.787s] -- Installing: /home/vincenzo/Documenti/AMR/ros2pythonvenv/src/lab7workspace/ros2workspace/install/control_toolbox/share/control_toolbox/environment/ament_prefix_path.sh
[12.787s] -- Installing: /home/vincenzo/Documenti/AMR/ros2pythonvenv/src/lab7workspace/ros2workspace/install/control_toolbox/share/control_toolbox/environment/ament_prefix_path.dsv
[12.787s] -- Installing: /home/vincenzo/Documenti/AMR/ros2pythonvenv/src/lab7workspace/ros2workspace/install/control_toolbox/share/control_toolbox/environment/path.sh
[12.788s] -- Installing: /home/vincenzo/Documenti/AMR/ros2pythonvenv/src/lab7workspace/ros2workspace/install/control_toolbox/share/control_toolbox/environment/path.dsv
[12.788s] -- Installing: /home/vincenzo/Documenti/AMR/ros2pythonvenv/src/lab7workspace/ros2workspace/install/control_toolbox/share/control_toolbox/local_setup.bash
[12.788s] -- Installing: /home/vincenzo/Documenti/AMR/ros2pythonvenv/src/lab7workspace/ros2workspace/install/control_toolbox/share/control_toolbox/local_setup.sh
[12.788s] -- Installing: /home/vincenzo/Documenti/AMR/ros2pythonvenv/src/lab7workspace/ros2workspace/install/control_toolbox/share/control_toolbox/local_setup.zsh
[12.788s] -- Installing: /home/vincenzo/Documenti/AMR/ros2pythonvenv/src/lab7workspace/ros2workspace/install/control_toolbox/share/control_toolbox/local_setup.dsv
[12.788s] -- Installing: /home/vincenzo/Documenti/AMR/ros2pythonvenv/src/lab7workspace/ros2workspace/install/control_toolbox/share/control_toolbox/package.dsv
[12.788s] -- Installing: /home/vincenzo/Documenti/AMR/ros2pythonvenv/src/lab7workspace/ros2workspace/install/control_toolbox/share/ament_index/resource_index/packages/control_toolbox
[12.788s] -- Installing: /home/vincenzo/Documenti/AMR/ros2pythonvenv/src/lab7workspace/ros2workspace/install/control_toolbox/share/ament_index/resource_index/filters__pluginlib__plugin/control_toolbox
[12.788s] -- Installing: /home/vincenzo/Documenti/AMR/ros2pythonvenv/src/lab7workspace/ros2workspace/install/control_toolbox/share/control_toolbox/cmake/export_control_toolboxExport.cmake
[12.789s] -- Installing: /home/vincenzo/Documenti/AMR/ros2pythonvenv/src/lab7workspace/ros2workspace/install/control_toolbox/share/control_toolbox/cmake/export_control_toolboxExport-noconfig.cmake
[12.789s] -- Installing: /home/vincenzo/Documenti/AMR/ros2pythonvenv/src/lab7workspace/ros2workspace/install/control_toolbox/share/control_toolbox/cmake/ament_cmake_export_dependencies-extras.cmake
[12.789s] -- Installing: /home/vincenzo/Documenti/AMR/ros2pythonvenv/src/lab7workspace/ros2workspace/install/control_toolbox/share/control_toolbox/cmake/ament_cmake_export_targets-extras.cmake
[12.789s] -- Installing: /home/vincenzo/Documenti/AMR/ros2pythonvenv/src/lab7workspace/ros2workspace/install/control_toolbox/share/control_toolbox/cmake/control_toolboxConfig.cmake
[12.789s] -- Installing: /home/vincenzo/Documenti/AMR/ros2pythonvenv/src/lab7workspace/ros2workspace/install/control_toolbox/share/control_toolbox/cmake/control_toolboxConfig-version.cmake
[12.789s] -- Installing: /home/vincenzo/Documenti/AMR/ros2pythonvenv/src/lab7workspace/ros2workspace/install/control_toolbox/share/control_toolbox/package.xml
[12.791s] Invoked command in '/home/vincenzo/Documenti/AMR/ros2pythonvenv/src/lab7workspace/ros2workspace/build/control_toolbox' returned '0': AMENT_PREFIX_PATH=/home/vincenzo/Documenti/AMR/ros2pythonvenv/src/lab7workspace/ros2workspace/install/realtime_tools:/home/vincenzo/Documenti/AMR/ros2pythonvenv/src/lab7workspace/ros2workspace/install/control_msgs:${AMENT_PREFIX_PATH} CMAKE_PREFIX_PATH=/home/vincenzo/Documenti/AMR/ros2pythonvenv/src/lab7workspace/ros2workspace/install/realtime_tools:/home/vincenzo/Documenti/AMR/ros2pythonvenv/src/lab7workspace/ros2workspace/install/control_msgs:/opt/ros/humble LD_LIBRARY_PATH=/home/vincenzo/Documenti/AMR/ros2pythonvenv/src/lab7workspace/ros2workspace/install/realtime_tools/lib:/home/vincenzo/Documenti/AMR/ros2pythonvenv/src/lab7workspace/ros2workspace/install/control_msgs/lib:/usr/lib/x86_64-linux-gnu/gazebo-11/plugins:/opt/ros/humble/opt/rviz_ogre_vendor/lib:/opt/ros/humble/lib/x86_64-linux-gnu:/opt/ros/humble/lib:/usr/lib/x86_64-linux-gnu/gazebo-11/plugins PS1=(ros2pythonvenv) \[\e]0;\u@\h: \w\a\]${debian_chroot:+($debian_chroot)}\[\033[01;32m\]\u@\h\[\033[00m\]:\[\033[01;34m\]\w\[\033[00m\]\$ PYTHONPATH=/home/vincenzo/Documenti/AMR/ros2pythonvenv/src/lab7workspace/ros2workspace/install/control_msgs/lib/python3.10/site-packages:${PYTHONPATH} VIRTUAL_ENV_PROMPT=(ros2pythonvenv) /usr/bin/cmake --install /home/vincenzo/Documenti/AMR/ros2pythonvenv/src/lab7workspace/ros2workspace/build/control_toolbox
