[1.023s] Invoking command in '/home/vincenzo/Documenti/AMR/ros2pythonvenv/src/lab5workspace/src/navigation_from_text': PS1=(ros2pythonvenv) \[\e]0;\u@\h: \w\a\]${debian_chroot:+($debian_chroot)}\[\033[01;32m\]\u@\h\[\033[00m\]:\[\033[01;34m\]\w\[\033[00m\]\$ PYTHONPATH=/home/vincenzo/Documenti/AMR/ros2pythonvenv/src/lab5workspace/build/navigation_from_text/prefix_override:/usr/lib/python3/dist-packages/colcon_core/task/python/colcon_distutils_commands:/home/vincenzo/Documenti/AMR/ros2pythonvenv/src/lab5workspace/install/navigation_from_text/lib/python3.10/site-packages:${PYTHONPATH} VIRTUAL_ENV_PROMPT=(ros2pythonvenv) /usr/bin/python3 -W ignore:setup.py install is deprecated -W ignore:easy_install command is deprecated setup.py egg_info --egg-base ../../build/navigation_from_text build --build-base /home/vincenzo/Documenti/AMR/ros2pythonvenv/src/lab5workspace/build/navigation_from_text/build install --record /home/vincenzo/Documenti/AMR/ros2pythonvenv/src/lab5workspace/build/navigation_from_text/install.log --single-version-externally-managed install_data
[1.180s] running egg_info
[1.180s] writing ../../build/navigation_from_text/navigation_from_text.egg-info/PKG-INFO
[1.181s] writing dependency_links to ../../build/navigation_from_text/navigation_from_text.egg-info/dependency_links.txt
[1.181s] writing entry points to ../../build/navigation_from_text/navigation_from_text.egg-info/entry_points.txt
[1.182s] writing requirements to ../../build/navigation_from_text/navigation_from_text.egg-info/requires.txt
[1.182s] writing top-level names to ../../build/navigation_from_text/navigation_from_text.egg-info/top_level.txt
[1.182s] reading manifest file '../../build/navigation_from_text/navigation_from_text.egg-info/SOURCES.txt'
[1.183s] writing manifest file '../../build/navigation_from_text/navigation_from_text.egg-info/SOURCES.txt'
[1.183s] running build
[1.183s] running build_py
[1.183s] copying navigation_from_text/navigation_from_text.py -> /home/vincenzo/Documenti/AMR/ros2pythonvenv/src/lab5workspace/build/navigation_from_text/build/lib/navigation_from_text
[1.183s] running install
[1.184s] running install_lib
[1.184s] copying /home/vincenzo/Documenti/AMR/ros2pythonvenv/src/lab5workspace/build/navigation_from_text/build/lib/navigation_from_text/navigation_from_text.py -> /home/vincenzo/Documenti/AMR/ros2pythonvenv/src/lab5workspace/install/navigation_from_text/lib/python3.10/site-packages/navigation_from_text
[1.184s] byte-compiling /home/vincenzo/Documenti/AMR/ros2pythonvenv/src/lab5workspace/install/navigation_from_text/lib/python3.10/site-packages/navigation_from_text/navigation_from_text.py to navigation_from_text.cpython-310.pyc
[1.185s] running install_data
[1.185s] running install_egg_info
[1.186s] removing '/home/vincenzo/Documenti/AMR/ros2pythonvenv/src/lab5workspace/install/navigation_from_text/lib/python3.10/site-packages/navigation_from_text-0.0.0-py3.10.egg-info' (and everything under it)
[1.186s] Copying ../../build/navigation_from_text/navigation_from_text.egg-info to /home/vincenzo/Documenti/AMR/ros2pythonvenv/src/lab5workspace/install/navigation_from_text/lib/python3.10/site-packages/navigation_from_text-0.0.0-py3.10.egg-info
[1.187s] running install_scripts
[1.206s] Installing navigation_from_text script to /home/vincenzo/Documenti/AMR/ros2pythonvenv/src/lab5workspace/install/navigation_from_text/lib/navigation_from_text
[1.206s] writing list of installed files to '/home/vincenzo/Documenti/AMR/ros2pythonvenv/src/lab5workspace/build/navigation_from_text/install.log'
[1.222s] Invoked command in '/home/vincenzo/Documenti/AMR/ros2pythonvenv/src/lab5workspace/src/navigation_from_text' returned '0': PS1=(ros2pythonvenv) \[\e]0;\u@\h: \w\a\]${debian_chroot:+($debian_chroot)}\[\033[01;32m\]\u@\h\[\033[00m\]:\[\033[01;34m\]\w\[\033[00m\]\$ PYTHONPATH=/home/vincenzo/Documenti/AMR/ros2pythonvenv/src/lab5workspace/build/navigation_from_text/prefix_override:/usr/lib/python3/dist-packages/colcon_core/task/python/colcon_distutils_commands:/home/vincenzo/Documenti/AMR/ros2pythonvenv/src/lab5workspace/install/navigation_from_text/lib/python3.10/site-packages:${PYTHONPATH} VIRTUAL_ENV_PROMPT=(ros2pythonvenv) /usr/bin/python3 -W ignore:setup.py install is deprecated -W ignore:easy_install command is deprecated setup.py egg_info --egg-base ../../build/navigation_from_text build --build-base /home/vincenzo/Documenti/AMR/ros2pythonvenv/src/lab5workspace/build/navigation_from_text/build install --record /home/vincenzo/Documenti/AMR/ros2pythonvenv/src/lab5workspace/build/navigation_from_text/install.log --single-version-externally-managed install_data
