[0.796s] Invoking command in '/home/vincenzo/Documenti/AMR/ros2pythonvenv/src/lab4workspace/src/turtlebot3/turtlebot3_example': PS1=(ros2pythonvenv) PYTHONPATH=/home/vincenzo/Documenti/AMR/ros2pythonvenv/src/lab4workspace/build/turtlebot3_example/prefix_override:/usr/lib/python3/dist-packages/colcon_core/task/python/colcon_distutils_commands:/home/vincenzo/Documenti/AMR/ros2pythonvenv/src/lab4workspace/install/turtlebot3_example/lib/python3.10/site-packages:${PYTHONPATH} VIRTUAL_ENV_PROMPT=(ros2pythonvenv) /usr/bin/python3 -W ignore:setup.py install is deprecated -W ignore:easy_install command is deprecated setup.py egg_info --egg-base ../../../build/turtlebot3_example build --build-base /home/vincenzo/Documenti/AMR/ros2pythonvenv/src/lab4workspace/build/turtlebot3_example/build install --record /home/vincenzo/Documenti/AMR/ros2pythonvenv/src/lab4workspace/build/turtlebot3_example/install.log --single-version-externally-managed install_data
[0.943s] running egg_info
[0.944s] creating ../../../build/turtlebot3_example/turtlebot3_example.egg-info
[0.944s] writing ../../../build/turtlebot3_example/turtlebot3_example.egg-info/PKG-INFO
[0.944s] writing dependency_links to ../../../build/turtlebot3_example/turtlebot3_example.egg-info/dependency_links.txt
[0.944s] writing entry points to ../../../build/turtlebot3_example/turtlebot3_example.egg-info/entry_points.txt
[0.944s] writing requirements to ../../../build/turtlebot3_example/turtlebot3_example.egg-info/requires.txt
[0.944s] writing top-level names to ../../../build/turtlebot3_example/turtlebot3_example.egg-info/top_level.txt
[0.944s] writing manifest file '../../../build/turtlebot3_example/turtlebot3_example.egg-info/SOURCES.txt'
[0.945s] reading manifest file '../../../build/turtlebot3_example/turtlebot3_example.egg-info/SOURCES.txt'
[0.946s] writing manifest file '../../../build/turtlebot3_example/turtlebot3_example.egg-info/SOURCES.txt'
[0.946s] running build
[0.946s] running build_py
[0.946s] creating /home/vincenzo/Documenti/AMR/ros2pythonvenv/src/lab4workspace/build/turtlebot3_example/build
[0.946s] creating /home/vincenzo/Documenti/AMR/ros2pythonvenv/src/lab4workspace/build/turtlebot3_example/build/lib
[0.946s] creating /home/vincenzo/Documenti/AMR/ros2pythonvenv/src/lab4workspace/build/turtlebot3_example/build/lib/turtlebot3_example
[0.946s] copying turtlebot3_example/__init__.py -> /home/vincenzo/Documenti/AMR/ros2pythonvenv/src/lab4workspace/build/turtlebot3_example/build/lib/turtlebot3_example
[0.946s] creating /home/vincenzo/Documenti/AMR/ros2pythonvenv/src/lab4workspace/build/turtlebot3_example/build/lib/turtlebot3_example/turtlebot3_patrol
[0.946s] copying turtlebot3_example/turtlebot3_patrol/__init__.py -> /home/vincenzo/Documenti/AMR/ros2pythonvenv/src/lab4workspace/build/turtlebot3_example/build/lib/turtlebot3_example/turtlebot3_patrol
[0.946s] copying turtlebot3_example/turtlebot3_patrol/turtlebot3_patrol_client.py -> /home/vincenzo/Documenti/AMR/ros2pythonvenv/src/lab4workspace/build/turtlebot3_example/build/lib/turtlebot3_example/turtlebot3_patrol
[0.946s] copying turtlebot3_example/turtlebot3_patrol/turtlebot3_patrol_server.py -> /home/vincenzo/Documenti/AMR/ros2pythonvenv/src/lab4workspace/build/turtlebot3_example/build/lib/turtlebot3_example/turtlebot3_patrol
[0.946s] creating /home/vincenzo/Documenti/AMR/ros2pythonvenv/src/lab4workspace/build/turtlebot3_example/build/lib/turtlebot3_example/turtlebot3_interactive_marker
[0.947s] copying turtlebot3_example/turtlebot3_interactive_marker/turtlebot3_interactive_marker.py -> /home/vincenzo/Documenti/AMR/ros2pythonvenv/src/lab4workspace/build/turtlebot3_example/build/lib/turtlebot3_example/turtlebot3_interactive_marker
[0.947s] copying turtlebot3_example/turtlebot3_interactive_marker/__init__.py -> /home/vincenzo/Documenti/AMR/ros2pythonvenv/src/lab4workspace/build/turtlebot3_example/build/lib/turtlebot3_example/turtlebot3_interactive_marker
[0.947s] creating /home/vincenzo/Documenti/AMR/ros2pythonvenv/src/lab4workspace/build/turtlebot3_example/build/lib/turtlebot3_example/turtlebot3_absolute_move
[0.947s] copying turtlebot3_example/turtlebot3_absolute_move/__init__.py -> /home/vincenzo/Documenti/AMR/ros2pythonvenv/src/lab4workspace/build/turtlebot3_example/build/lib/turtlebot3_example/turtlebot3_absolute_move
[0.947s] copying turtlebot3_example/turtlebot3_absolute_move/turtlebot3_absolute_move.py -> /home/vincenzo/Documenti/AMR/ros2pythonvenv/src/lab4workspace/build/turtlebot3_example/build/lib/turtlebot3_example/turtlebot3_absolute_move
[0.947s] creating /home/vincenzo/Documenti/AMR/ros2pythonvenv/src/lab4workspace/build/turtlebot3_example/build/lib/turtlebot3_example/turtlebot3_relative_move
[0.947s] copying turtlebot3_example/turtlebot3_relative_move/__init__.py -> /home/vincenzo/Documenti/AMR/ros2pythonvenv/src/lab4workspace/build/turtlebot3_example/build/lib/turtlebot3_example/turtlebot3_relative_move
[0.947s] copying turtlebot3_example/turtlebot3_relative_move/turtlebot3_relative_move.py -> /home/vincenzo/Documenti/AMR/ros2pythonvenv/src/lab4workspace/build/turtlebot3_example/build/lib/turtlebot3_example/turtlebot3_relative_move
[0.947s] creating /home/vincenzo/Documenti/AMR/ros2pythonvenv/src/lab4workspace/build/turtlebot3_example/build/lib/turtlebot3_example/turtlebot3_obstacle_detection
[0.947s] copying turtlebot3_example/turtlebot3_obstacle_detection/__init__.py -> /home/vincenzo/Documenti/AMR/ros2pythonvenv/src/lab4workspace/build/turtlebot3_example/build/lib/turtlebot3_example/turtlebot3_obstacle_detection
[0.947s] copying turtlebot3_example/turtlebot3_obstacle_detection/turtlebot3_obstacle_detection.py -> /home/vincenzo/Documenti/AMR/ros2pythonvenv/src/lab4workspace/build/turtlebot3_example/build/lib/turtlebot3_example/turtlebot3_obstacle_detection
[0.947s] running install
[0.947s] running install_lib
[0.948s] creating /home/vincenzo/Documenti/AMR/ros2pythonvenv/src/lab4workspace/install/turtlebot3_example/lib/python3.10/site-packages/turtlebot3_example
[0.948s] copying /home/vincenzo/Documenti/AMR/ros2pythonvenv/src/lab4workspace/build/turtlebot3_example/build/lib/turtlebot3_example/__init__.py -> /home/vincenzo/Documenti/AMR/ros2pythonvenv/src/lab4workspace/install/turtlebot3_example/lib/python3.10/site-packages/turtlebot3_example
[0.948s] creating /home/vincenzo/Documenti/AMR/ros2pythonvenv/src/lab4workspace/install/turtlebot3_example/lib/python3.10/site-packages/turtlebot3_example/turtlebot3_patrol
[0.948s] copying /home/vincenzo/Documenti/AMR/ros2pythonvenv/src/lab4workspace/build/turtlebot3_example/build/lib/turtlebot3_example/turtlebot3_patrol/__init__.py -> /home/vincenzo/Documenti/AMR/ros2pythonvenv/src/lab4workspace/install/turtlebot3_example/lib/python3.10/site-packages/turtlebot3_example/turtlebot3_patrol
[0.948s] copying /home/vincenzo/Documenti/AMR/ros2pythonvenv/src/lab4workspace/build/turtlebot3_example/build/lib/turtlebot3_example/turtlebot3_patrol/turtlebot3_patrol_client.py -> /home/vincenzo/Documenti/AMR/ros2pythonvenv/src/lab4workspace/install/turtlebot3_example/lib/python3.10/site-packages/turtlebot3_example/turtlebot3_patrol
[0.948s] copying /home/vincenzo/Documenti/AMR/ros2pythonvenv/src/lab4workspace/build/turtlebot3_example/build/lib/turtlebot3_example/turtlebot3_patrol/turtlebot3_patrol_server.py -> /home/vincenzo/Documenti/AMR/ros2pythonvenv/src/lab4workspace/install/turtlebot3_example/lib/python3.10/site-packages/turtlebot3_example/turtlebot3_patrol
[0.948s] creating /home/vincenzo/Documenti/AMR/ros2pythonvenv/src/lab4workspace/install/turtlebot3_example/lib/python3.10/site-packages/turtlebot3_example/turtlebot3_interactive_marker
[0.948s] copying /home/vincenzo/Documenti/AMR/ros2pythonvenv/src/lab4workspace/build/turtlebot3_example/build/lib/turtlebot3_example/turtlebot3_interactive_marker/turtlebot3_interactive_marker.py -> /home/vincenzo/Documenti/AMR/ros2pythonvenv/src/lab4workspace/install/turtlebot3_example/lib/python3.10/site-packages/turtlebot3_example/turtlebot3_interactive_marker
[0.948s] copying /home/vincenzo/Documenti/AMR/ros2pythonvenv/src/lab4workspace/build/turtlebot3_example/build/lib/turtlebot3_example/turtlebot3_interactive_marker/__init__.py -> /home/vincenzo/Documenti/AMR/ros2pythonvenv/src/lab4workspace/install/turtlebot3_example/lib/python3.10/site-packages/turtlebot3_example/turtlebot3_interactive_marker
[0.949s] creating /home/vincenzo/Documenti/AMR/ros2pythonvenv/src/lab4workspace/install/turtlebot3_example/lib/python3.10/site-packages/turtlebot3_example/turtlebot3_absolute_move
[0.949s] copying /home/vincenzo/Documenti/AMR/ros2pythonvenv/src/lab4workspace/build/turtlebot3_example/build/lib/turtlebot3_example/turtlebot3_absolute_move/__init__.py -> /home/vincenzo/Documenti/AMR/ros2pythonvenv/src/lab4workspace/install/turtlebot3_example/lib/python3.10/site-packages/turtlebot3_example/turtlebot3_absolute_move
[0.949s] copying /home/vincenzo/Documenti/AMR/ros2pythonvenv/src/lab4workspace/build/turtlebot3_example/build/lib/turtlebot3_example/turtlebot3_absolute_move/turtlebot3_absolute_move.py -> /home/vincenzo/Documenti/AMR/ros2pythonvenv/src/lab4workspace/install/turtlebot3_example/lib/python3.10/site-packages/turtlebot3_example/turtlebot3_absolute_move
[0.949s] creating /home/vincenzo/Documenti/AMR/ros2pythonvenv/src/lab4workspace/install/turtlebot3_example/lib/python3.10/site-packages/turtlebot3_example/turtlebot3_relative_move
[0.949s] copying /home/vincenzo/Documenti/AMR/ros2pythonvenv/src/lab4workspace/build/turtlebot3_example/build/lib/turtlebot3_example/turtlebot3_relative_move/__init__.py -> /home/vincenzo/Documenti/AMR/ros2pythonvenv/src/lab4workspace/install/turtlebot3_example/lib/python3.10/site-packages/turtlebot3_example/turtlebot3_relative_move
[0.949s] copying /home/vincenzo/Documenti/AMR/ros2pythonvenv/src/lab4workspace/build/turtlebot3_example/build/lib/turtlebot3_example/turtlebot3_relative_move/turtlebot3_relative_move.py -> /home/vincenzo/Documenti/AMR/ros2pythonvenv/src/lab4workspace/install/turtlebot3_example/lib/python3.10/site-packages/turtlebot3_example/turtlebot3_relative_move
[0.949s] creating /home/vincenzo/Documenti/AMR/ros2pythonvenv/src/lab4workspace/install/turtlebot3_example/lib/python3.10/site-packages/turtlebot3_example/turtlebot3_obstacle_detection
[0.949s] copying /home/vincenzo/Documenti/AMR/ros2pythonvenv/src/lab4workspace/build/turtlebot3_example/build/lib/turtlebot3_example/turtlebot3_obstacle_detection/__init__.py -> /home/vincenzo/Documenti/AMR/ros2pythonvenv/src/lab4workspace/install/turtlebot3_example/lib/python3.10/site-packages/turtlebot3_example/turtlebot3_obstacle_detection
[0.949s] copying /home/vincenzo/Documenti/AMR/ros2pythonvenv/src/lab4workspace/build/turtlebot3_example/build/lib/turtlebot3_example/turtlebot3_obstacle_detection/turtlebot3_obstacle_detection.py -> /home/vincenzo/Documenti/AMR/ros2pythonvenv/src/lab4workspace/install/turtlebot3_example/lib/python3.10/site-packages/turtlebot3_example/turtlebot3_obstacle_detection
[0.949s] byte-compiling /home/vincenzo/Documenti/AMR/ros2pythonvenv/src/lab4workspace/install/turtlebot3_example/lib/python3.10/site-packages/turtlebot3_example/__init__.py to __init__.cpython-310.pyc
[0.949s] byte-compiling /home/vincenzo/Documenti/AMR/ros2pythonvenv/src/lab4workspace/install/turtlebot3_example/lib/python3.10/site-packages/turtlebot3_example/turtlebot3_patrol/__init__.py to __init__.cpython-310.pyc
[0.949s] byte-compiling /home/vincenzo/Documenti/AMR/ros2pythonvenv/src/lab4workspace/install/turtlebot3_example/lib/python3.10/site-packages/turtlebot3_example/turtlebot3_patrol/turtlebot3_patrol_client.py to turtlebot3_patrol_client.cpython-310.pyc
[0.949s] byte-compiling /home/vincenzo/Documenti/AMR/ros2pythonvenv/src/lab4workspace/install/turtlebot3_example/lib/python3.10/site-packages/turtlebot3_example/turtlebot3_patrol/turtlebot3_patrol_server.py to turtlebot3_patrol_server.cpython-310.pyc
[0.950s] byte-compiling /home/vincenzo/Documenti/AMR/ros2pythonvenv/src/lab4workspace/install/turtlebot3_example/lib/python3.10/site-packages/turtlebot3_example/turtlebot3_interactive_marker/turtlebot3_interactive_marker.py to turtlebot3_interactive_marker.cpython-310.pyc
[0.951s] byte-compiling /home/vincenzo/Documenti/AMR/ros2pythonvenv/src/lab4workspace/install/turtlebot3_example/lib/python3.10/site-packages/turtlebot3_example/turtlebot3_interactive_marker/__init__.py to __init__.cpython-310.pyc
[0.951s] byte-compiling /home/vincenzo/Documenti/AMR/ros2pythonvenv/src/lab4workspace/install/turtlebot3_example/lib/python3.10/site-packages/turtlebot3_example/turtlebot3_absolute_move/__init__.py to __init__.cpython-310.pyc
[0.951s] byte-compiling /home/vincenzo/Documenti/AMR/ros2pythonvenv/src/lab4workspace/install/turtlebot3_example/lib/python3.10/site-packages/turtlebot3_example/turtlebot3_absolute_move/turtlebot3_absolute_move.py to turtlebot3_absolute_move.cpython-310.pyc
[0.952s] byte-compiling /home/vincenzo/Documenti/AMR/ros2pythonvenv/src/lab4workspace/install/turtlebot3_example/lib/python3.10/site-packages/turtlebot3_example/turtlebot3_relative_move/__init__.py to __init__.cpython-310.pyc
[0.952s] byte-compiling /home/vincenzo/Documenti/AMR/ros2pythonvenv/src/lab4workspace/install/turtlebot3_example/lib/python3.10/site-packages/turtlebot3_example/turtlebot3_relative_move/turtlebot3_relative_move.py to turtlebot3_relative_move.cpython-310.pyc
[0.953s] byte-compiling /home/vincenzo/Documenti/AMR/ros2pythonvenv/src/lab4workspace/install/turtlebot3_example/lib/python3.10/site-packages/turtlebot3_example/turtlebot3_obstacle_detection/__init__.py to __init__.cpython-310.pyc
[0.953s] byte-compiling /home/vincenzo/Documenti/AMR/ros2pythonvenv/src/lab4workspace/install/turtlebot3_example/lib/python3.10/site-packages/turtlebot3_example/turtlebot3_obstacle_detection/turtlebot3_obstacle_detection.py to turtlebot3_obstacle_detection.cpython-310.pyc
[0.953s] running install_data
[0.953s] creating /home/vincenzo/Documenti/AMR/ros2pythonvenv/src/lab4workspace/install/turtlebot3_example/share/ament_index
[0.953s] creating /home/vincenzo/Documenti/AMR/ros2pythonvenv/src/lab4workspace/install/turtlebot3_example/share/ament_index/resource_index
[0.953s] creating /home/vincenzo/Documenti/AMR/ros2pythonvenv/src/lab4workspace/install/turtlebot3_example/share/ament_index/resource_index/packages
[0.953s] copying resource/turtlebot3_example -> /home/vincenzo/Documenti/AMR/ros2pythonvenv/src/lab4workspace/install/turtlebot3_example/share/ament_index/resource_index/packages
[0.953s] copying package.xml -> /home/vincenzo/Documenti/AMR/ros2pythonvenv/src/lab4workspace/install/turtlebot3_example/share/turtlebot3_example
[0.954s] running install_egg_info
[0.955s] Copying ../../../build/turtlebot3_example/turtlebot3_example.egg-info to /home/vincenzo/Documenti/AMR/ros2pythonvenv/src/lab4workspace/install/turtlebot3_example/lib/python3.10/site-packages/turtlebot3_example-2.3.3-py3.10.egg-info
[0.955s] running install_scripts
[0.969s] Installing turtlebot3_absolute_move script to /home/vincenzo/Documenti/AMR/ros2pythonvenv/src/lab4workspace/install/turtlebot3_example/lib/turtlebot3_example
[0.969s] Installing turtlebot3_interactive_marker script to /home/vincenzo/Documenti/AMR/ros2pythonvenv/src/lab4workspace/install/turtlebot3_example/lib/turtlebot3_example
[0.970s] Installing turtlebot3_obstacle_detection script to /home/vincenzo/Documenti/AMR/ros2pythonvenv/src/lab4workspace/install/turtlebot3_example/lib/turtlebot3_example
[0.970s] Installing turtlebot3_patrol_client script to /home/vincenzo/Documenti/AMR/ros2pythonvenv/src/lab4workspace/install/turtlebot3_example/lib/turtlebot3_example
[0.970s] Installing turtlebot3_patrol_server script to /home/vincenzo/Documenti/AMR/ros2pythonvenv/src/lab4workspace/install/turtlebot3_example/lib/turtlebot3_example
[0.970s] Installing turtlebot3_relative_move script to /home/vincenzo/Documenti/AMR/ros2pythonvenv/src/lab4workspace/install/turtlebot3_example/lib/turtlebot3_example
[0.970s] writing list of installed files to '/home/vincenzo/Documenti/AMR/ros2pythonvenv/src/lab4workspace/build/turtlebot3_example/install.log'
[0.986s] Invoked command in '/home/vincenzo/Documenti/AMR/ros2pythonvenv/src/lab4workspace/src/turtlebot3/turtlebot3_example' returned '0': PS1=(ros2pythonvenv) PYTHONPATH=/home/vincenzo/Documenti/AMR/ros2pythonvenv/src/lab4workspace/build/turtlebot3_example/prefix_override:/usr/lib/python3/dist-packages/colcon_core/task/python/colcon_distutils_commands:/home/vincenzo/Documenti/AMR/ros2pythonvenv/src/lab4workspace/install/turtlebot3_example/lib/python3.10/site-packages:${PYTHONPATH} VIRTUAL_ENV_PROMPT=(ros2pythonvenv) /usr/bin/python3 -W ignore:setup.py install is deprecated -W ignore:easy_install command is deprecated setup.py egg_info --egg-base ../../../build/turtlebot3_example build --build-base /home/vincenzo/Documenti/AMR/ros2pythonvenv/src/lab4workspace/build/turtlebot3_example/build install --record /home/vincenzo/Documenti/AMR/ros2pythonvenv/src/lab4workspace/build/turtlebot3_example/install.log --single-version-externally-managed install_data
