-- The C compiler identification is GNU 11.4.0
-- The CXX compiler identification is GNU 11.4.0
-- Detecting C compiler ABI info
-- Detecting C compiler ABI info - done
-- Check for working C compiler: /usr/bin/cc - skipped
-- Detecting C compile features
-- Detecting C compile features - done
-- Detecting CXX compiler ABI info
-- Detecting CXX compiler ABI info - done
-- Check for working CXX compiler: /usr/bin/c++ - skipped
-- Detecting CXX compile features
-- Detecting CXX compile features - done
-- Found ament_cmake_auto: 1.3.12 (/opt/ros/humble/share/ament_cmake_auto/cmake)
-- Found Python3: /home/vincenzo/Documenti/AMR/ros2pythonvenv/bin/python3 (found version "3.10.12") found components: Interpreter 
-- Found ament_lint_auto: 0.12.14 (/opt/ros/humble/share/ament_lint_auto/cmake)
-- Found python_cmake_module: 0.10.0 (/opt/ros/humble/share/python_cmake_module/cmake)
-- Found PythonInterp: /home/vincenzo/Documenti/AMR/ros2pythonvenv/bin/python3 (found suitable version "3.10.12", minimum required is "3.6") 
-- Found PythonLibs: /usr/lib/x86_64-linux-gnu/libpython3.10.so (found suitable version "3.10.12", minimum required is "3.5") 
-- Using PYTHON_EXECUTABLE: /home/vincenzo/Documenti/AMR/ros2pythonvenv/bin/python3
-- Using PYTHON_INCLUDE_DIRS: /usr/include/python3.10
-- Using PYTHON_LIBRARIES: /usr/lib/x86_64-linux-gnu/libpython3.10.so
-- Found PythonExtra: .so  
-- Added test 'copyright' to check source files copyright and LICENSE
-- Added test 'flake8' to check Python code syntax and style conventions
-- Added test 'lint_cmake' to check CMake code style
-- Added test 'pep257' to check Python code against some of the docstring style conventions in PEP 257
-- Added test 'xmllint' to check XML markup files
-- Configuring done
-- Generating done
-- Build files have been written to: /home/vincenzo/Documenti/AMR/ros2pythonvenv/src/lab7workspace/tiagoworkspace/build/tiago_description
Built target ament_cmake_python_copy_tiago_description
running egg_info
creating tiago_description.egg-info
writing tiago_description.egg-info/PKG-INFO
writing dependency_links to tiago_description.egg-info/dependency_links.txt
writing top-level names to tiago_description.egg-info/top_level.txt
writing manifest file 'tiago_description.egg-info/SOURCES.txt'
reading manifest file 'tiago_description.egg-info/SOURCES.txt'
writing manifest file 'tiago_description.egg-info/SOURCES.txt'
Built target ament_cmake_python_build_tiago_description_egg
-- Install configuration: ""
-- Installing: /home/vincenzo/Documenti/AMR/ros2pythonvenv/src/lab7workspace/tiagoworkspace/install/tiago_description/share/tiago_description/environment/pythonpath.sh
-- Installing: /home/vincenzo/Documenti/AMR/ros2pythonvenv/src/lab7workspace/tiagoworkspace/install/tiago_description/share/tiago_description/environment/pythonpath.dsv
-- Installing: /home/vincenzo/Documenti/AMR/ros2pythonvenv/src/lab7workspace/tiagoworkspace/install/tiago_description/lib/python3.10/site-packages/tiago_description-4.2.4-py3.10.egg-info
-- Installing: /home/vincenzo/Documenti/AMR/ros2pythonvenv/src/lab7workspace/tiagoworkspace/install/tiago_description/lib/python3.10/site-packages/tiago_description-4.2.4-py3.10.egg-info/dependency_links.txt
-- Installing: /home/vincenzo/Documenti/AMR/ros2pythonvenv/src/lab7workspace/tiagoworkspace/install/tiago_description/lib/python3.10/site-packages/tiago_description-4.2.4-py3.10.egg-info/top_level.txt
-- Installing: /home/vincenzo/Documenti/AMR/ros2pythonvenv/src/lab7workspace/tiagoworkspace/install/tiago_description/lib/python3.10/site-packages/tiago_description-4.2.4-py3.10.egg-info/PKG-INFO
-- Installing: /home/vincenzo/Documenti/AMR/ros2pythonvenv/src/lab7workspace/tiagoworkspace/install/tiago_description/lib/python3.10/site-packages/tiago_description-4.2.4-py3.10.egg-info/SOURCES.txt
-- Installing: /home/vincenzo/Documenti/AMR/ros2pythonvenv/src/lab7workspace/tiagoworkspace/install/tiago_description/lib/python3.10/site-packages/tiago_description
-- Installing: /home/vincenzo/Documenti/AMR/ros2pythonvenv/src/lab7workspace/tiagoworkspace/install/tiago_description/lib/python3.10/site-packages/tiago_description/__init__.py
-- Installing: /home/vincenzo/Documenti/AMR/ros2pythonvenv/src/lab7workspace/tiagoworkspace/install/tiago_description/lib/python3.10/site-packages/tiago_description/tiago_launch_utils.py
Listing '/home/vincenzo/Documenti/AMR/ros2pythonvenv/src/lab7workspace/tiagoworkspace/install/tiago_description/lib/python3.10/site-packages/tiago_description'...
Compiling '/home/vincenzo/Documenti/AMR/ros2pythonvenv/src/lab7workspace/tiagoworkspace/install/tiago_description/lib/python3.10/site-packages/tiago_description/__init__.py'...
Compiling '/home/vincenzo/Documenti/AMR/ros2pythonvenv/src/lab7workspace/tiagoworkspace/install/tiago_description/lib/python3.10/site-packages/tiago_description/tiago_launch_utils.py'...
-- Installing: /home/vincenzo/Documenti/AMR/ros2pythonvenv/src/lab7workspace/tiagoworkspace/install/tiago_description/share/tiago_description/gazebo
-- Installing: /home/vincenzo/Documenti/AMR/ros2pythonvenv/src/lab7workspace/tiagoworkspace/install/tiago_description/share/tiago_description/gazebo/gazebo.urdf.xacro
-- Installing: /home/vincenzo/Documenti/AMR/ros2pythonvenv/src/lab7workspace/tiagoworkspace/install/tiago_description/share/tiago_description/launch
-- Installing: /home/vincenzo/Documenti/AMR/ros2pythonvenv/src/lab7workspace/tiagoworkspace/install/tiago_description/share/tiago_description/launch/robot_state_publisher.launch.py
-- Installing: /home/vincenzo/Documenti/AMR/ros2pythonvenv/src/lab7workspace/tiagoworkspace/install/tiago_description/share/tiago_description/launch/show.launch.py
-- Installing: /home/vincenzo/Documenti/AMR/ros2pythonvenv/src/lab7workspace/tiagoworkspace/install/tiago_description/share/tiago_description/meshes
-- Installing: /home/vincenzo/Documenti/AMR/ros2pythonvenv/src/lab7workspace/tiagoworkspace/install/tiago_description/share/tiago_description/meshes/head
-- Installing: /home/vincenzo/Documenti/AMR/ros2pythonvenv/src/lab7workspace/tiagoworkspace/install/tiago_description/share/tiago_description/meshes/head/head_1_collision.dae
-- Installing: /home/vincenzo/Documenti/AMR/ros2pythonvenv/src/lab7workspace/tiagoworkspace/install/tiago_description/share/tiago_description/meshes/head/head_2.stl
-- Installing: /home/vincenzo/Documenti/AMR/ros2pythonvenv/src/lab7workspace/tiagoworkspace/install/tiago_description/share/tiago_description/meshes/head/head_2_collision.dae
-- Installing: /home/vincenzo/Documenti/AMR/ros2pythonvenv/src/lab7workspace/tiagoworkspace/install/tiago_description/share/tiago_description/meshes/head/head_1.stl
-- Installing: /home/vincenzo/Documenti/AMR/ros2pythonvenv/src/lab7workspace/tiagoworkspace/install/tiago_description/share/tiago_description/meshes/torso
-- Installing: /home/vincenzo/Documenti/AMR/ros2pythonvenv/src/lab7workspace/tiagoworkspace/install/tiago_description/share/tiago_description/meshes/torso/torso_lift_without_arm.stl
-- Installing: /home/vincenzo/Documenti/AMR/ros2pythonvenv/src/lab7workspace/tiagoworkspace/install/tiago_description/share/tiago_description/meshes/torso/torso_lift_collision_neck.dae
-- Installing: /home/vincenzo/Documenti/AMR/ros2pythonvenv/src/lab7workspace/tiagoworkspace/install/tiago_description/share/tiago_description/meshes/torso/torso_lift_with_arm.stl
-- Installing: /home/vincenzo/Documenti/AMR/ros2pythonvenv/src/lab7workspace/tiagoworkspace/install/tiago_description/share/tiago_description/meshes/torso/torso_lift_collision_core.dae
-- Installing: /home/vincenzo/Documenti/AMR/ros2pythonvenv/src/lab7workspace/tiagoworkspace/install/tiago_description/share/tiago_description/meshes/torso/torso_lift_collision_shoulder.dae
-- Installing: /home/vincenzo/Documenti/AMR/ros2pythonvenv/src/lab7workspace/tiagoworkspace/install/tiago_description/share/tiago_description/meshes/torso/torso_lift_collision.dae
-- Installing: /home/vincenzo/Documenti/AMR/ros2pythonvenv/src/lab7workspace/tiagoworkspace/install/tiago_description/share/tiago_description/meshes/torso/torso_fix.stl
-- Installing: /home/vincenzo/Documenti/AMR/ros2pythonvenv/src/lab7workspace/tiagoworkspace/install/tiago_description/share/tiago_description/meshes/sensors
-- Installing: /home/vincenzo/Documenti/AMR/ros2pythonvenv/src/lab7workspace/tiagoworkspace/install/tiago_description/share/tiago_description/meshes/sensors/xtion_pro_live
-- Installing: /home/vincenzo/Documenti/AMR/ros2pythonvenv/src/lab7workspace/tiagoworkspace/install/tiago_description/share/tiago_description/meshes/sensors/xtion_pro_live/xtion_pro_live.png
-- Installing: /home/vincenzo/Documenti/AMR/ros2pythonvenv/src/lab7workspace/tiagoworkspace/install/tiago_description/share/tiago_description/meshes/sensors/xtion_pro_live/xtion_pro_live.dae
-- Installing: /home/vincenzo/Documenti/AMR/ros2pythonvenv/src/lab7workspace/tiagoworkspace/install/tiago_description/share/tiago_description/meshes/arm
-- Installing: /home/vincenzo/Documenti/AMR/ros2pythonvenv/src/lab7workspace/tiagoworkspace/install/tiago_description/share/tiago_description/meshes/arm/arm_6-wrist-2017.stl
-- Installing: /home/vincenzo/Documenti/AMR/ros2pythonvenv/src/lab7workspace/tiagoworkspace/install/tiago_description/share/tiago_description/meshes/arm/arm_2_collision.dae
-- Installing: /home/vincenzo/Documenti/AMR/ros2pythonvenv/src/lab7workspace/tiagoworkspace/install/tiago_description/share/tiago_description/meshes/arm/arm_4_collision.dae
-- Installing: /home/vincenzo/Documenti/AMR/ros2pythonvenv/src/lab7workspace/tiagoworkspace/install/tiago_description/share/tiago_description/meshes/arm/arm_2_normals.png
-- Installing: /home/vincenzo/Documenti/AMR/ros2pythonvenv/src/lab7workspace/tiagoworkspace/install/tiago_description/share/tiago_description/meshes/arm/arm_3.stl
-- Installing: /home/vincenzo/Documenti/AMR/ros2pythonvenv/src/lab7workspace/tiagoworkspace/install/tiago_description/share/tiago_description/meshes/arm/arm_4_specular.png
-- Installing: /home/vincenzo/Documenti/AMR/ros2pythonvenv/src/lab7workspace/tiagoworkspace/install/tiago_description/share/tiago_description/meshes/arm/arm_3_color.png
-- Installing: /home/vincenzo/Documenti/AMR/ros2pythonvenv/src/lab7workspace/tiagoworkspace/install/tiago_description/share/tiago_description/meshes/arm/arm_6-wrist-2010.stl
-- Installing: /home/vincenzo/Documenti/AMR/ros2pythonvenv/src/lab7workspace/tiagoworkspace/install/tiago_description/share/tiago_description/meshes/arm/arm_3_normals.png
-- Installing: /home/vincenzo/Documenti/AMR/ros2pythonvenv/src/lab7workspace/tiagoworkspace/install/tiago_description/share/tiago_description/meshes/arm/arm_4_collision.stl
-- Installing: /home/vincenzo/Documenti/AMR/ros2pythonvenv/src/lab7workspace/tiagoworkspace/install/tiago_description/share/tiago_description/meshes/arm/arm_4_color.png
-- Installing: /home/vincenzo/Documenti/AMR/ros2pythonvenv/src/lab7workspace/tiagoworkspace/install/tiago_description/share/tiago_description/meshes/arm/arm_1_specular.png
-- Installing: /home/vincenzo/Documenti/AMR/ros2pythonvenv/src/lab7workspace/tiagoworkspace/install/tiago_description/share/tiago_description/meshes/arm/arm_1_normals.png
-- Installing: /home/vincenzo/Documenti/AMR/ros2pythonvenv/src/lab7workspace/tiagoworkspace/install/tiago_description/share/tiago_description/meshes/arm/arm_4_normals.png
-- Installing: /home/vincenzo/Documenti/AMR/ros2pythonvenv/src/lab7workspace/tiagoworkspace/install/tiago_description/share/tiago_description/meshes/arm/arm_1_collision.dae
-- Installing: /home/vincenzo/Documenti/AMR/ros2pythonvenv/src/lab7workspace/tiagoworkspace/install/tiago_description/share/tiago_description/meshes/arm/arm_6_collision-wrist-2010.dae
-- Installing: /home/vincenzo/Documenti/AMR/ros2pythonvenv/src/lab7workspace/tiagoworkspace/install/tiago_description/share/tiago_description/meshes/arm/arm_2.stl
-- Installing: /home/vincenzo/Documenti/AMR/ros2pythonvenv/src/lab7workspace/tiagoworkspace/install/tiago_description/share/tiago_description/meshes/arm/arm_6_collision-wrist-2017.dae
-- Installing: /home/vincenzo/Documenti/AMR/ros2pythonvenv/src/lab7workspace/tiagoworkspace/install/tiago_description/share/tiago_description/meshes/arm/arm_2_specular.png
-- Installing: /home/vincenzo/Documenti/AMR/ros2pythonvenv/src/lab7workspace/tiagoworkspace/install/tiago_description/share/tiago_description/meshes/arm/arm_6_normals.png
-- Installing: /home/vincenzo/Documenti/AMR/ros2pythonvenv/src/lab7workspace/tiagoworkspace/install/tiago_description/share/tiago_description/meshes/arm/arm_4.stl
-- Installing: /home/vincenzo/Documenti/AMR/ros2pythonvenv/src/lab7workspace/tiagoworkspace/install/tiago_description/share/tiago_description/meshes/arm/arm_5-wrist-2017.stl
-- Installing: /home/vincenzo/Documenti/AMR/ros2pythonvenv/src/lab7workspace/tiagoworkspace/install/tiago_description/share/tiago_description/meshes/arm/arm_5_collision-wrist-2017.dae
-- Installing: /home/vincenzo/Documenti/AMR/ros2pythonvenv/src/lab7workspace/tiagoworkspace/install/tiago_description/share/tiago_description/meshes/arm/arm_1.stl
-- Installing: /home/vincenzo/Documenti/AMR/ros2pythonvenv/src/lab7workspace/tiagoworkspace/install/tiago_description/share/tiago_description/meshes/arm/arm_6_color.png
-- Installing: /home/vincenzo/Documenti/AMR/ros2pythonvenv/src/lab7workspace/tiagoworkspace/install/tiago_description/share/tiago_description/meshes/arm/arm_3_specular.png
-- Installing: /home/vincenzo/Documenti/AMR/ros2pythonvenv/src/lab7workspace/tiagoworkspace/install/tiago_description/share/tiago_description/meshes/arm/arm_1_color.png
-- Installing: /home/vincenzo/Documenti/AMR/ros2pythonvenv/src/lab7workspace/tiagoworkspace/install/tiago_description/share/tiago_description/meshes/arm/arm_6_specular.png
-- Installing: /home/vincenzo/Documenti/AMR/ros2pythonvenv/src/lab7workspace/tiagoworkspace/install/tiago_description/share/tiago_description/meshes/arm/arm_3_collision.dae
-- Installing: /home/vincenzo/Documenti/AMR/ros2pythonvenv/src/lab7workspace/tiagoworkspace/install/tiago_description/share/tiago_description/meshes/arm/arm_2_color.png
-- Installing: /home/vincenzo/Documenti/AMR/ros2pythonvenv/src/lab7workspace/tiagoworkspace/install/tiago_description/share/tiago_description/meshes/arm/arm_5_collision-wrist-2010.dae
-- Installing: /home/vincenzo/Documenti/AMR/ros2pythonvenv/src/lab7workspace/tiagoworkspace/install/tiago_description/share/tiago_description/meshes/arm/arm_5-wrist-2010.stl
-- Installing: /home/vincenzo/Documenti/AMR/ros2pythonvenv/src/lab7workspace/tiagoworkspace/install/tiago_description/share/tiago_description/robots
-- Installing: /home/vincenzo/Documenti/AMR/ros2pythonvenv/src/lab7workspace/tiagoworkspace/install/tiago_description/share/tiago_description/robots/tiago.urdf.xacro
-- Installing: /home/vincenzo/Documenti/AMR/ros2pythonvenv/src/lab7workspace/tiagoworkspace/install/tiago_description/share/tiago_description/ros2_control
-- Installing: /home/vincenzo/Documenti/AMR/ros2pythonvenv/src/lab7workspace/tiagoworkspace/install/tiago_description/share/tiago_description/ros2_control/ros2_control.urdf.xacro
-- Installing: /home/vincenzo/Documenti/AMR/ros2pythonvenv/src/lab7workspace/tiagoworkspace/install/tiago_description/share/tiago_description/ros2_control/transmissions.urdf.xacro
-- Installing: /home/vincenzo/Documenti/AMR/ros2pythonvenv/src/lab7workspace/tiagoworkspace/install/tiago_description/share/tiago_description/urdf
-- Installing: /home/vincenzo/Documenti/AMR/ros2pythonvenv/src/lab7workspace/tiagoworkspace/install/tiago_description/share/tiago_description/urdf/head
-- Installing: /home/vincenzo/Documenti/AMR/ros2pythonvenv/src/lab7workspace/tiagoworkspace/install/tiago_description/share/tiago_description/urdf/head/head.urdf.xacro
-- Installing: /home/vincenzo/Documenti/AMR/ros2pythonvenv/src/lab7workspace/tiagoworkspace/install/tiago_description/share/tiago_description/urdf/head/head.ros2_control.xacro
-- Installing: /home/vincenzo/Documenti/AMR/ros2pythonvenv/src/lab7workspace/tiagoworkspace/install/tiago_description/share/tiago_description/urdf/calibration
-- Installing: /home/vincenzo/Documenti/AMR/ros2pythonvenv/src/lab7workspace/tiagoworkspace/install/tiago_description/share/tiago_description/urdf/calibration/calibration_constants.urdf.xacro
-- Installing: /home/vincenzo/Documenti/AMR/ros2pythonvenv/src/lab7workspace/tiagoworkspace/install/tiago_description/share/tiago_description/urdf/calibration/extrinsic_camera_calibration_constants.urdf.xacro
-- Installing: /home/vincenzo/Documenti/AMR/ros2pythonvenv/src/lab7workspace/tiagoworkspace/install/tiago_description/share/tiago_description/urdf/torso
-- Installing: /home/vincenzo/Documenti/AMR/ros2pythonvenv/src/lab7workspace/tiagoworkspace/install/tiago_description/share/tiago_description/urdf/torso/torso.ros2_control.xacro
-- Installing: /home/vincenzo/Documenti/AMR/ros2pythonvenv/src/lab7workspace/tiagoworkspace/install/tiago_description/share/tiago_description/urdf/torso/torso.urdf.xacro
-- Installing: /home/vincenzo/Documenti/AMR/ros2pythonvenv/src/lab7workspace/tiagoworkspace/install/tiago_description/share/tiago_description/urdf/end_effector
-- Installing: /home/vincenzo/Documenti/AMR/ros2pythonvenv/src/lab7workspace/tiagoworkspace/install/tiago_description/share/tiago_description/urdf/end_effector/end_effector.urdf.xacro
-- Installing: /home/vincenzo/Documenti/AMR/ros2pythonvenv/src/lab7workspace/tiagoworkspace/install/tiago_description/share/tiago_description/urdf/sensors
-- Installing: /home/vincenzo/Documenti/AMR/ros2pythonvenv/src/lab7workspace/tiagoworkspace/install/tiago_description/share/tiago_description/urdf/sensors/orbbec_astra.urdf.xacro
-- Installing: /home/vincenzo/Documenti/AMR/ros2pythonvenv/src/lab7workspace/tiagoworkspace/install/tiago_description/share/tiago_description/urdf/sensors/openni.gazebo.xacro
-- Installing: /home/vincenzo/Documenti/AMR/ros2pythonvenv/src/lab7workspace/tiagoworkspace/install/tiago_description/share/tiago_description/urdf/sensors/sensors.ros2_control.xacro
-- Installing: /home/vincenzo/Documenti/AMR/ros2pythonvenv/src/lab7workspace/tiagoworkspace/install/tiago_description/share/tiago_description/urdf/sensors/xtion_pro_live.urdf.xacro
-- Installing: /home/vincenzo/Documenti/AMR/ros2pythonvenv/src/lab7workspace/tiagoworkspace/install/tiago_description/share/tiago_description/urdf/sensors/ftsensor.urdf.xacro
-- Installing: /home/vincenzo/Documenti/AMR/ros2pythonvenv/src/lab7workspace/tiagoworkspace/install/tiago_description/share/tiago_description/urdf/sensors/ftsensor.gazebo.xacro
-- Installing: /home/vincenzo/Documenti/AMR/ros2pythonvenv/src/lab7workspace/tiagoworkspace/install/tiago_description/share/tiago_description/urdf/arm
-- Installing: /home/vincenzo/Documenti/AMR/ros2pythonvenv/src/lab7workspace/tiagoworkspace/install/tiago_description/share/tiago_description/urdf/arm/arm.urdf.xacro
-- Installing: /home/vincenzo/Documenti/AMR/ros2pythonvenv/src/lab7workspace/tiagoworkspace/install/tiago_description/share/tiago_description/urdf/arm/arm.ros2_control.xacro
-- Installing: /home/vincenzo/Documenti/AMR/ros2pythonvenv/src/lab7workspace/tiagoworkspace/install/tiago_description/share/tiago_description/urdf/arm/wrist.ros2_control.xacro
-- Installing: /home/vincenzo/Documenti/AMR/ros2pythonvenv/src/lab7workspace/tiagoworkspace/install/tiago_description/share/tiago_description/urdf/arm/wrist.urdf.xacro
-- Installing: /home/vincenzo/Documenti/AMR/ros2pythonvenv/src/lab7workspace/tiagoworkspace/install/tiago_description/share/ament_index/resource_index/package_run_dependencies/tiago_description
-- Installing: /home/vincenzo/Documenti/AMR/ros2pythonvenv/src/lab7workspace/tiagoworkspace/install/tiago_description/share/ament_index/resource_index/parent_prefix_path/tiago_description
-- Installing: /home/vincenzo/Documenti/AMR/ros2pythonvenv/src/lab7workspace/tiagoworkspace/install/tiago_description/share/tiago_description/environment/ament_prefix_path.sh
-- Installing: /home/vincenzo/Documenti/AMR/ros2pythonvenv/src/lab7workspace/tiagoworkspace/install/tiago_description/share/tiago_description/environment/ament_prefix_path.dsv
-- Installing: /home/vincenzo/Documenti/AMR/ros2pythonvenv/src/lab7workspace/tiagoworkspace/install/tiago_description/share/tiago_description/environment/path.sh
-- Installing: /home/vincenzo/Documenti/AMR/ros2pythonvenv/src/lab7workspace/tiagoworkspace/install/tiago_description/share/tiago_description/environment/path.dsv
-- Installing: /home/vincenzo/Documenti/AMR/ros2pythonvenv/src/lab7workspace/tiagoworkspace/install/tiago_description/share/tiago_description/local_setup.bash
-- Installing: /home/vincenzo/Documenti/AMR/ros2pythonvenv/src/lab7workspace/tiagoworkspace/install/tiago_description/share/tiago_description/local_setup.sh
-- Installing: /home/vincenzo/Documenti/AMR/ros2pythonvenv/src/lab7workspace/tiagoworkspace/install/tiago_description/share/tiago_description/local_setup.zsh
-- Installing: /home/vincenzo/Documenti/AMR/ros2pythonvenv/src/lab7workspace/tiagoworkspace/install/tiago_description/share/tiago_description/local_setup.dsv
-- Installing: /home/vincenzo/Documenti/AMR/ros2pythonvenv/src/lab7workspace/tiagoworkspace/install/tiago_description/share/tiago_description/package.dsv
-- Installing: /home/vincenzo/Documenti/AMR/ros2pythonvenv/src/lab7workspace/tiagoworkspace/install/tiago_description/share/ament_index/resource_index/packages/tiago_description
-- Installing: /home/vincenzo/Documenti/AMR/ros2pythonvenv/src/lab7workspace/tiagoworkspace/install/tiago_description/share/tiago_description/cmake/tiago_descriptionConfig.cmake
-- Installing: /home/vincenzo/Documenti/AMR/ros2pythonvenv/src/lab7workspace/tiagoworkspace/install/tiago_description/share/tiago_description/cmake/tiago_descriptionConfig-version.cmake
-- Installing: /home/vincenzo/Documenti/AMR/ros2pythonvenv/src/lab7workspace/tiagoworkspace/install/tiago_description/share/tiago_description/package.xml
