running egg_info
creating ../../build/autonomous_localization/autonomous_localization.egg-info
writing ../../build/autonomous_localization/autonomous_localization.egg-info/PKG-INFO
writing dependency_links to ../../build/autonomous_localization/autonomous_localization.egg-info/dependency_links.txt
writing entry points to ../../build/autonomous_localization/autonomous_localization.egg-info/entry_points.txt
writing requirements to ../../build/autonomous_localization/autonomous_localization.egg-info/requires.txt
writing top-level names to ../../build/autonomous_localization/autonomous_localization.egg-info/top_level.txt
writing manifest file '../../build/autonomous_localization/autonomous_localization.egg-info/SOURCES.txt'
reading manifest file '../../build/autonomous_localization/autonomous_localization.egg-info/SOURCES.txt'
writing manifest file '../../build/autonomous_localization/autonomous_localization.egg-info/SOURCES.txt'
running build
running build_py
creating /home/vincenzo/Documenti/AMR/ros2pythonvenv/src/lab5workspace/build/autonomous_localization/build
creating /home/vincenzo/Documenti/AMR/ros2pythonvenv/src/lab5workspace/build/autonomous_localization/build/lib
creating /home/vincenzo/Documenti/AMR/ros2pythonvenv/src/lab5workspace/build/autonomous_localization/build/lib/autonomous_localization
copying autonomous_localization/__init__.py -> /home/vincenzo/Documenti/AMR/ros2pythonvenv/src/lab5workspace/build/autonomous_localization/build/lib/autonomous_localization
copying autonomous_localization/reset_node.py -> /home/vincenzo/Documenti/AMR/ros2pythonvenv/src/lab5workspace/build/autonomous_localization/build/lib/autonomous_localization
copying autonomous_localization/autonomous_localization.py -> /home/vincenzo/Documenti/AMR/ros2pythonvenv/src/lab5workspace/build/autonomous_localization/build/lib/autonomous_localization
running install
running install_lib
creating /home/vincenzo/Documenti/AMR/ros2pythonvenv/src/lab5workspace/install/autonomous_localization/lib/python3.10/site-packages/autonomous_localization
copying /home/vincenzo/Documenti/AMR/ros2pythonvenv/src/lab5workspace/build/autonomous_localization/build/lib/autonomous_localization/__init__.py -> /home/vincenzo/Documenti/AMR/ros2pythonvenv/src/lab5workspace/install/autonomous_localization/lib/python3.10/site-packages/autonomous_localization
copying /home/vincenzo/Documenti/AMR/ros2pythonvenv/src/lab5workspace/build/autonomous_localization/build/lib/autonomous_localization/reset_node.py -> /home/vincenzo/Documenti/AMR/ros2pythonvenv/src/lab5workspace/install/autonomous_localization/lib/python3.10/site-packages/autonomous_localization
copying /home/vincenzo/Documenti/AMR/ros2pythonvenv/src/lab5workspace/build/autonomous_localization/build/lib/autonomous_localization/autonomous_localization.py -> /home/vincenzo/Documenti/AMR/ros2pythonvenv/src/lab5workspace/install/autonomous_localization/lib/python3.10/site-packages/autonomous_localization
byte-compiling /home/vincenzo/Documenti/AMR/ros2pythonvenv/src/lab5workspace/install/autonomous_localization/lib/python3.10/site-packages/autonomous_localization/__init__.py to __init__.cpython-310.pyc
byte-compiling /home/vincenzo/Documenti/AMR/ros2pythonvenv/src/lab5workspace/install/autonomous_localization/lib/python3.10/site-packages/autonomous_localization/reset_node.py to reset_node.cpython-310.pyc
byte-compiling /home/vincenzo/Documenti/AMR/ros2pythonvenv/src/lab5workspace/install/autonomous_localization/lib/python3.10/site-packages/autonomous_localization/autonomous_localization.py to autonomous_localization.cpython-310.pyc
running install_data
creating /home/vincenzo/Documenti/AMR/ros2pythonvenv/src/lab5workspace/install/autonomous_localization/share/ament_index
creating /home/vincenzo/Documenti/AMR/ros2pythonvenv/src/lab5workspace/install/autonomous_localization/share/ament_index/resource_index
creating /home/vincenzo/Documenti/AMR/ros2pythonvenv/src/lab5workspace/install/autonomous_localization/share/ament_index/resource_index/packages
copying resource/autonomous_localization -> /home/vincenzo/Documenti/AMR/ros2pythonvenv/src/lab5workspace/install/autonomous_localization/share/ament_index/resource_index/packages
copying package.xml -> /home/vincenzo/Documenti/AMR/ros2pythonvenv/src/lab5workspace/install/autonomous_localization/share/autonomous_localization
running install_egg_info
Copying ../../build/autonomous_localization/autonomous_localization.egg-info to /home/vincenzo/Documenti/AMR/ros2pythonvenv/src/lab5workspace/install/autonomous_localization/lib/python3.10/site-packages/autonomous_localization-0.0.0-py3.10.egg-info
running install_scripts
Installing autonomous_localization script to /home/vincenzo/Documenti/AMR/ros2pythonvenv/src/lab5workspace/install/autonomous_localization/lib/autonomous_localization
Installing navigation_from_text script to /home/vincenzo/Documenti/AMR/ros2pythonvenv/src/lab5workspace/install/autonomous_localization/lib/autonomous_localization
Installing reset_node script to /home/vincenzo/Documenti/AMR/ros2pythonvenv/src/lab5workspace/install/autonomous_localization/lib/autonomous_localization
writing list of installed files to '/home/vincenzo/Documenti/AMR/ros2pythonvenv/src/lab5workspace/build/autonomous_localization/install.log'
