[1.183s] Invoking command in '/home/vincenzo/Documenti/AMR/ros2pythonvenv/src/lab5workspace/src/autonomous_localization': PS1=(ros2pythonvenv) \[\e]0;\u@\h: \w\a\]${debian_chroot:+($debian_chroot)}\[\033[01;32m\]\u@\h\[\033[00m\]:\[\033[01;34m\]\w\[\033[00m\]\$ PYTHONPATH=/home/vincenzo/Documenti/AMR/ros2pythonvenv/src/lab5workspace/build/autonomous_localization/prefix_override:/usr/lib/python3/dist-packages/colcon_core/task/python/colcon_distutils_commands:/home/vincenzo/Documenti/AMR/ros2pythonvenv/src/lab5workspace/install/autonomous_localization/lib/python3.10/site-packages:${PYTHONPATH} VIRTUAL_ENV_PROMPT=(ros2pythonvenv) /usr/bin/python3 -W ignore:setup.py install is deprecated -W ignore:easy_install command is deprecated setup.py egg_info --egg-base ../../build/autonomous_localization build --build-base /home/vincenzo/Documenti/AMR/ros2pythonvenv/src/lab5workspace/build/autonomous_localization/build install --record /home/vincenzo/Documenti/AMR/ros2pythonvenv/src/lab5workspace/build/autonomous_localization/install.log --single-version-externally-managed install_data
[1.452s] running egg_info
[1.452s] creating ../../build/autonomous_localization/autonomous_localization.egg-info
[1.452s] writing ../../build/autonomous_localization/autonomous_localization.egg-info/PKG-INFO
[1.453s] writing dependency_links to ../../build/autonomous_localization/autonomous_localization.egg-info/dependency_links.txt
[1.453s] writing entry points to ../../build/autonomous_localization/autonomous_localization.egg-info/entry_points.txt
[1.453s] writing requirements to ../../build/autonomous_localization/autonomous_localization.egg-info/requires.txt
[1.453s] writing top-level names to ../../build/autonomous_localization/autonomous_localization.egg-info/top_level.txt
[1.453s] writing manifest file '../../build/autonomous_localization/autonomous_localization.egg-info/SOURCES.txt'
[1.456s] reading manifest file '../../build/autonomous_localization/autonomous_localization.egg-info/SOURCES.txt'
[1.456s] writing manifest file '../../build/autonomous_localization/autonomous_localization.egg-info/SOURCES.txt'
[1.457s] running build
[1.457s] running build_py
[1.457s] creating /home/vincenzo/Documenti/AMR/ros2pythonvenv/src/lab5workspace/build/autonomous_localization/build
[1.457s] creating /home/vincenzo/Documenti/AMR/ros2pythonvenv/src/lab5workspace/build/autonomous_localization/build/lib
[1.457s] creating /home/vincenzo/Documenti/AMR/ros2pythonvenv/src/lab5workspace/build/autonomous_localization/build/lib/autonomous_localization
[1.457s] copying autonomous_localization/__init__.py -> /home/vincenzo/Documenti/AMR/ros2pythonvenv/src/lab5workspace/build/autonomous_localization/build/lib/autonomous_localization
[1.458s] copying autonomous_localization/reset_node.py -> /home/vincenzo/Documenti/AMR/ros2pythonvenv/src/lab5workspace/build/autonomous_localization/build/lib/autonomous_localization
[1.458s] copying autonomous_localization/autonomous_localization.py -> /home/vincenzo/Documenti/AMR/ros2pythonvenv/src/lab5workspace/build/autonomous_localization/build/lib/autonomous_localization
[1.458s] running install
[1.458s] running install_lib
[1.459s] creating /home/vincenzo/Documenti/AMR/ros2pythonvenv/src/lab5workspace/install/autonomous_localization/lib/python3.10/site-packages/autonomous_localization
[1.460s] copying /home/vincenzo/Documenti/AMR/ros2pythonvenv/src/lab5workspace/build/autonomous_localization/build/lib/autonomous_localization/__init__.py -> /home/vincenzo/Documenti/AMR/ros2pythonvenv/src/lab5workspace/install/autonomous_localization/lib/python3.10/site-packages/autonomous_localization
[1.460s] copying /home/vincenzo/Documenti/AMR/ros2pythonvenv/src/lab5workspace/build/autonomous_localization/build/lib/autonomous_localization/reset_node.py -> /home/vincenzo/Documenti/AMR/ros2pythonvenv/src/lab5workspace/install/autonomous_localization/lib/python3.10/site-packages/autonomous_localization
[1.460s] copying /home/vincenzo/Documenti/AMR/ros2pythonvenv/src/lab5workspace/build/autonomous_localization/build/lib/autonomous_localization/autonomous_localization.py -> /home/vincenzo/Documenti/AMR/ros2pythonvenv/src/lab5workspace/install/autonomous_localization/lib/python3.10/site-packages/autonomous_localization
[1.460s] byte-compiling /home/vincenzo/Documenti/AMR/ros2pythonvenv/src/lab5workspace/install/autonomous_localization/lib/python3.10/site-packages/autonomous_localization/__init__.py to __init__.cpython-310.pyc
[1.460s] byte-compiling /home/vincenzo/Documenti/AMR/ros2pythonvenv/src/lab5workspace/install/autonomous_localization/lib/python3.10/site-packages/autonomous_localization/reset_node.py to reset_node.cpython-310.pyc
[1.461s] byte-compiling /home/vincenzo/Documenti/AMR/ros2pythonvenv/src/lab5workspace/install/autonomous_localization/lib/python3.10/site-packages/autonomous_localization/autonomous_localization.py to autonomous_localization.cpython-310.pyc
[1.462s] running install_data
[1.463s] creating /home/vincenzo/Documenti/AMR/ros2pythonvenv/src/lab5workspace/install/autonomous_localization/share/ament_index
[1.463s] creating /home/vincenzo/Documenti/AMR/ros2pythonvenv/src/lab5workspace/install/autonomous_localization/share/ament_index/resource_index
[1.463s] creating /home/vincenzo/Documenti/AMR/ros2pythonvenv/src/lab5workspace/install/autonomous_localization/share/ament_index/resource_index/packages
[1.463s] copying resource/autonomous_localization -> /home/vincenzo/Documenti/AMR/ros2pythonvenv/src/lab5workspace/install/autonomous_localization/share/ament_index/resource_index/packages
[1.463s] copying package.xml -> /home/vincenzo/Documenti/AMR/ros2pythonvenv/src/lab5workspace/install/autonomous_localization/share/autonomous_localization
[1.464s] running install_egg_info
[1.467s] Copying ../../build/autonomous_localization/autonomous_localization.egg-info to /home/vincenzo/Documenti/AMR/ros2pythonvenv/src/lab5workspace/install/autonomous_localization/lib/python3.10/site-packages/autonomous_localization-0.0.0-py3.10.egg-info
[1.468s] running install_scripts
[1.498s] Installing autonomous_localization script to /home/vincenzo/Documenti/AMR/ros2pythonvenv/src/lab5workspace/install/autonomous_localization/lib/autonomous_localization
[1.498s] Installing navigation_from_text script to /home/vincenzo/Documenti/AMR/ros2pythonvenv/src/lab5workspace/install/autonomous_localization/lib/autonomous_localization
[1.498s] Installing reset_node script to /home/vincenzo/Documenti/AMR/ros2pythonvenv/src/lab5workspace/install/autonomous_localization/lib/autonomous_localization
[1.498s] writing list of installed files to '/home/vincenzo/Documenti/AMR/ros2pythonvenv/src/lab5workspace/build/autonomous_localization/install.log'
[1.532s] Invoked command in '/home/vincenzo/Documenti/AMR/ros2pythonvenv/src/lab5workspace/src/autonomous_localization' returned '0': PS1=(ros2pythonvenv) \[\e]0;\u@\h: \w\a\]${debian_chroot:+($debian_chroot)}\[\033[01;32m\]\u@\h\[\033[00m\]:\[\033[01;34m\]\w\[\033[00m\]\$ PYTHONPATH=/home/vincenzo/Documenti/AMR/ros2pythonvenv/src/lab5workspace/build/autonomous_localization/prefix_override:/usr/lib/python3/dist-packages/colcon_core/task/python/colcon_distutils_commands:/home/vincenzo/Documenti/AMR/ros2pythonvenv/src/lab5workspace/install/autonomous_localization/lib/python3.10/site-packages:${PYTHONPATH} VIRTUAL_ENV_PROMPT=(ros2pythonvenv) /usr/bin/python3 -W ignore:setup.py install is deprecated -W ignore:easy_install command is deprecated setup.py egg_info --egg-base ../../build/autonomous_localization build --build-base /home/vincenzo/Documenti/AMR/ros2pythonvenv/src/lab5workspace/build/autonomous_localization/build install --record /home/vincenzo/Documenti/AMR/ros2pythonvenv/src/lab5workspace/build/autonomous_localization/install.log --single-version-externally-managed install_data
