[0.774s] Invoking command in '/home/vincenzo/Documenti/AMR/ros2pythonvenv/src/lab4workspace/src/autonomous_exploration': PS1=(ros2pythonvenv) PYTHONPATH=/home/vincenzo/Documenti/AMR/ros2pythonvenv/src/lab4workspace/build/autonomous_exploration/prefix_override:/usr/lib/python3/dist-packages/colcon_core/task/python/colcon_distutils_commands:/home/vincenzo/Documenti/AMR/ros2pythonvenv/src/lab4workspace/install/autonomous_exploration/lib/python3.10/site-packages:${PYTHONPATH} VIRTUAL_ENV_PROMPT=(ros2pythonvenv) /usr/bin/python3 -W ignore:setup.py install is deprecated -W ignore:easy_install command is deprecated setup.py egg_info --egg-base ../../build/autonomous_exploration build --build-base /home/vincenzo/Documenti/AMR/ros2pythonvenv/src/lab4workspace/build/autonomous_exploration/build install --record /home/vincenzo/Documenti/AMR/ros2pythonvenv/src/lab4workspace/build/autonomous_exploration/install.log --single-version-externally-managed install_data
[0.919s] running egg_info
[0.920s] writing ../../build/autonomous_exploration/autonomous_exploration.egg-info/PKG-INFO
[0.920s] writing dependency_links to ../../build/autonomous_exploration/autonomous_exploration.egg-info/dependency_links.txt
[0.920s] writing entry points to ../../build/autonomous_exploration/autonomous_exploration.egg-info/entry_points.txt
[0.920s] writing requirements to ../../build/autonomous_exploration/autonomous_exploration.egg-info/requires.txt
[0.920s] writing top-level names to ../../build/autonomous_exploration/autonomous_exploration.egg-info/top_level.txt
[0.921s] reading manifest file '../../build/autonomous_exploration/autonomous_exploration.egg-info/SOURCES.txt'
[0.922s] writing manifest file '../../build/autonomous_exploration/autonomous_exploration.egg-info/SOURCES.txt'
[0.922s] running build
[0.922s] running build_py
[0.922s] running install
[0.922s] running install_lib
[0.923s] running install_data
[0.923s] running install_egg_info
[0.924s] removing '/home/vincenzo/Documenti/AMR/ros2pythonvenv/src/lab4workspace/install/autonomous_exploration/lib/python3.10/site-packages/autonomous_exploration-0.0.0-py3.10.egg-info' (and everything under it)
[0.925s] Copying ../../build/autonomous_exploration/autonomous_exploration.egg-info to /home/vincenzo/Documenti/AMR/ros2pythonvenv/src/lab4workspace/install/autonomous_exploration/lib/python3.10/site-packages/autonomous_exploration-0.0.0-py3.10.egg-info
[0.925s] running install_scripts
[0.938s] writing list of installed files to '/home/vincenzo/Documenti/AMR/ros2pythonvenv/src/lab4workspace/build/autonomous_exploration/install.log'
[0.953s] Invoked command in '/home/vincenzo/Documenti/AMR/ros2pythonvenv/src/lab4workspace/src/autonomous_exploration' returned '0': PS1=(ros2pythonvenv) PYTHONPATH=/home/vincenzo/Documenti/AMR/ros2pythonvenv/src/lab4workspace/build/autonomous_exploration/prefix_override:/usr/lib/python3/dist-packages/colcon_core/task/python/colcon_distutils_commands:/home/vincenzo/Documenti/AMR/ros2pythonvenv/src/lab4workspace/install/autonomous_exploration/lib/python3.10/site-packages:${PYTHONPATH} VIRTUAL_ENV_PROMPT=(ros2pythonvenv) /usr/bin/python3 -W ignore:setup.py install is deprecated -W ignore:easy_install command is deprecated setup.py egg_info --egg-base ../../build/autonomous_exploration build --build-base /home/vincenzo/Documenti/AMR/ros2pythonvenv/src/lab4workspace/build/autonomous_exploration/build install --record /home/vincenzo/Documenti/AMR/ros2pythonvenv/src/lab4workspace/build/autonomous_exploration/install.log --single-version-externally-managed install_data
