[0.348s] Invoking command in '/home/vincenzo/Documenti/AMR/ros2pythonvenv/src/lab2workspace/src/my_python_package': PS1=(ros2pythonvenv) \[\e]0;\u@\h: \w\a\]${debian_chroot:+($debian_chroot)}\[\033[01;32m\]\u@\h\[\033[00m\]:\[\033[01;34m\]\w\[\033[00m\]\$ PYTHONPATH=/home/vincenzo/Documenti/AMR/ros2pythonvenv/src/lab2workspace/build/my_python_package/prefix_override:/usr/lib/python3/dist-packages/colcon_core/task/python/colcon_distutils_commands:/home/vincenzo/Documenti/AMR/ros2pythonvenv/src/lab2workspace/install/my_python_package/lib/python3.10/site-packages:${PYTHONPATH} VIRTUAL_ENV_PROMPT=(ros2pythonvenv) /usr/bin/python3 -W ignore:setup.py install is deprecated -W ignore:easy_install command is deprecated setup.py egg_info --egg-base ../../build/my_python_package build --build-base /home/vincenzo/Documenti/AMR/ros2pythonvenv/src/lab2workspace/build/my_python_package/build install --record /home/vincenzo/Documenti/AMR/ros2pythonvenv/src/lab2workspace/build/my_python_package/install.log --single-version-externally-managed install_data
[0.481s] running egg_info
[0.481s] writing ../../build/my_python_package/my_python_package.egg-info/PKG-INFO
[0.482s] writing dependency_links to ../../build/my_python_package/my_python_package.egg-info/dependency_links.txt
[0.482s] writing entry points to ../../build/my_python_package/my_python_package.egg-info/entry_points.txt
[0.482s] writing requirements to ../../build/my_python_package/my_python_package.egg-info/requires.txt
[0.482s] writing top-level names to ../../build/my_python_package/my_python_package.egg-info/top_level.txt
[0.483s] reading manifest file '../../build/my_python_package/my_python_package.egg-info/SOURCES.txt'
[0.483s] writing manifest file '../../build/my_python_package/my_python_package.egg-info/SOURCES.txt'
[0.483s] running build
[0.483s] running build_py
[0.483s] copying my_python_package/my_python_node.py -> /home/vincenzo/Documenti/AMR/ros2pythonvenv/src/lab2workspace/build/my_python_package/build/lib/my_python_package
[0.484s] running install
[0.484s] running install_lib
[0.484s] copying /home/vincenzo/Documenti/AMR/ros2pythonvenv/src/lab2workspace/build/my_python_package/build/lib/my_python_package/my_python_node.py -> /home/vincenzo/Documenti/AMR/ros2pythonvenv/src/lab2workspace/install/my_python_package/lib/python3.10/site-packages/my_python_package
[0.484s] byte-compiling /home/vincenzo/Documenti/AMR/ros2pythonvenv/src/lab2workspace/install/my_python_package/lib/python3.10/site-packages/my_python_package/my_python_node.py to my_python_node.cpython-310.pyc
[0.485s] running install_data
[0.485s] running install_egg_info
[0.486s] removing '/home/vincenzo/Documenti/AMR/ros2pythonvenv/src/lab2workspace/install/my_python_package/lib/python3.10/site-packages/my_python_package-0.0.0-py3.10.egg-info' (and everything under it)
[0.486s] Copying ../../build/my_python_package/my_python_package.egg-info to /home/vincenzo/Documenti/AMR/ros2pythonvenv/src/lab2workspace/install/my_python_package/lib/python3.10/site-packages/my_python_package-0.0.0-py3.10.egg-info
[0.486s] running install_scripts
[0.499s] Installing my_python_node script to /home/vincenzo/Documenti/AMR/ros2pythonvenv/src/lab2workspace/install/my_python_package/lib/my_python_package
[0.499s] writing list of installed files to '/home/vincenzo/Documenti/AMR/ros2pythonvenv/src/lab2workspace/build/my_python_package/install.log'
[0.512s] Invoked command in '/home/vincenzo/Documenti/AMR/ros2pythonvenv/src/lab2workspace/src/my_python_package' returned '0': PS1=(ros2pythonvenv) \[\e]0;\u@\h: \w\a\]${debian_chroot:+($debian_chroot)}\[\033[01;32m\]\u@\h\[\033[00m\]:\[\033[01;34m\]\w\[\033[00m\]\$ PYTHONPATH=/home/vincenzo/Documenti/AMR/ros2pythonvenv/src/lab2workspace/build/my_python_package/prefix_override:/usr/lib/python3/dist-packages/colcon_core/task/python/colcon_distutils_commands:/home/vincenzo/Documenti/AMR/ros2pythonvenv/src/lab2workspace/install/my_python_package/lib/python3.10/site-packages:${PYTHONPATH} VIRTUAL_ENV_PROMPT=(ros2pythonvenv) /usr/bin/python3 -W ignore:setup.py install is deprecated -W ignore:easy_install command is deprecated setup.py egg_info --egg-base ../../build/my_python_package build --build-base /home/vincenzo/Documenti/AMR/ros2pythonvenv/src/lab2workspace/build/my_python_package/build install --record /home/vincenzo/Documenti/AMR/ros2pythonvenv/src/lab2workspace/build/my_python_package/install.log --single-version-externally-managed install_data
