[0.179s] Invoking command in '/home/vincenzo/Documenti/AMR/ros2pythonvenv/src/lab4workspace/build/turtlebot3_navigation2': CMAKE_PREFIX_PATH=/opt/ros/humble PS1=(ros2pythonvenv) VIRTUAL_ENV_PROMPT=(ros2pythonvenv) /usr/bin/cmake /home/vincenzo/Documenti/AMR/ros2pythonvenv/src/lab4workspace/src/turtlebot3/turtlebot3_navigation2 -DCMAKE_INSTALL_PREFIX=/home/vincenzo/Documenti/AMR/ros2pythonvenv/src/lab4workspace/install/turtlebot3_navigation2
[0.510s] -- The C compiler identification is GNU 11.4.0
[0.510s] -- The CXX compiler identification is GNU 11.4.0
[0.510s] -- Detecting C compiler ABI info
[0.510s] -- Detecting C compiler ABI info - done
[0.510s] -- Check for working C compiler: /usr/bin/cc - skipped
[0.510s] -- Detecting C compile features
[0.510s] -- Detecting C compile features - done
[0.511s] -- Detecting CXX compiler ABI info
[0.511s] -- Detecting CXX compiler ABI info - done
[0.511s] -- Check for working CXX compiler: /usr/bin/c++ - skipped
[0.511s] -- Detecting CXX compile features
[0.511s] -- Detecting CXX compile features - done
[0.511s] -- Found ament_cmake: 1.3.12 (/opt/ros/humble/share/ament_cmake/cmake)
[0.511s] -- Found Python3: /home/vincenzo/Documenti/AMR/ros2pythonvenv/bin/python3 (found version "3.10.12") found components: Interpreter 
[0.656s] -- Configuring done
[0.659s] -- Generating done
[0.661s] -- Build files have been written to: /home/vincenzo/Documenti/AMR/ros2pythonvenv/src/lab4workspace/build/turtlebot3_navigation2
[0.666s] Invoked command in '/home/vincenzo/Documenti/AMR/ros2pythonvenv/src/lab4workspace/build/turtlebot3_navigation2' returned '0': CMAKE_PREFIX_PATH=/opt/ros/humble PS1=(ros2pythonvenv) VIRTUAL_ENV_PROMPT=(ros2pythonvenv) /usr/bin/cmake /home/vincenzo/Documenti/AMR/ros2pythonvenv/src/lab4workspace/src/turtlebot3/turtlebot3_navigation2 -DCMAKE_INSTALL_PREFIX=/home/vincenzo/Documenti/AMR/ros2pythonvenv/src/lab4workspace/install/turtlebot3_navigation2
[0.668s] Invoking command in '/home/vincenzo/Documenti/AMR/ros2pythonvenv/src/lab4workspace/build/turtlebot3_navigation2': CMAKE_PREFIX_PATH=/opt/ros/humble PS1=(ros2pythonvenv) VIRTUAL_ENV_PROMPT=(ros2pythonvenv) /usr/bin/cmake --build /home/vincenzo/Documenti/AMR/ros2pythonvenv/src/lab4workspace/build/turtlebot3_navigation2 -- -j16 -l16
[0.703s] Invoked command in '/home/vincenzo/Documenti/AMR/ros2pythonvenv/src/lab4workspace/build/turtlebot3_navigation2' returned '0': CMAKE_PREFIX_PATH=/opt/ros/humble PS1=(ros2pythonvenv) VIRTUAL_ENV_PROMPT=(ros2pythonvenv) /usr/bin/cmake --build /home/vincenzo/Documenti/AMR/ros2pythonvenv/src/lab4workspace/build/turtlebot3_navigation2 -- -j16 -l16
[0.704s] Invoking command in '/home/vincenzo/Documenti/AMR/ros2pythonvenv/src/lab4workspace/build/turtlebot3_navigation2': CMAKE_PREFIX_PATH=/opt/ros/humble PS1=(ros2pythonvenv) VIRTUAL_ENV_PROMPT=(ros2pythonvenv) /usr/bin/cmake --install /home/vincenzo/Documenti/AMR/ros2pythonvenv/src/lab4workspace/build/turtlebot3_navigation2
[0.710s] -- Install configuration: ""
[0.710s] -- Installing: /home/vincenzo/Documenti/AMR/ros2pythonvenv/src/lab4workspace/install/turtlebot3_navigation2/share/turtlebot3_navigation2/launch
[0.710s] -- Installing: /home/vincenzo/Documenti/AMR/ros2pythonvenv/src/lab4workspace/install/turtlebot3_navigation2/share/turtlebot3_navigation2/launch/navigation2.launch.py
[0.711s] -- Installing: /home/vincenzo/Documenti/AMR/ros2pythonvenv/src/lab4workspace/install/turtlebot3_navigation2/share/turtlebot3_navigation2/map
[0.711s] -- Installing: /home/vincenzo/Documenti/AMR/ros2pythonvenv/src/lab4workspace/install/turtlebot3_navigation2/share/turtlebot3_navigation2/map/map.yaml
[0.711s] -- Installing: /home/vincenzo/Documenti/AMR/ros2pythonvenv/src/lab4workspace/install/turtlebot3_navigation2/share/turtlebot3_navigation2/map/map.pgm
[0.711s] -- Installing: /home/vincenzo/Documenti/AMR/ros2pythonvenv/src/lab4workspace/install/turtlebot3_navigation2/share/turtlebot3_navigation2/param
[0.712s] -- Installing: /home/vincenzo/Documenti/AMR/ros2pythonvenv/src/lab4workspace/install/turtlebot3_navigation2/share/turtlebot3_navigation2/param/waffle.yaml
[0.712s] -- Installing: /home/vincenzo/Documenti/AMR/ros2pythonvenv/src/lab4workspace/install/turtlebot3_navigation2/share/turtlebot3_navigation2/param/burger_cam.yaml
[0.712s] -- Installing: /home/vincenzo/Documenti/AMR/ros2pythonvenv/src/lab4workspace/install/turtlebot3_navigation2/share/turtlebot3_navigation2/param/humble
[0.712s] -- Installing: /home/vincenzo/Documenti/AMR/ros2pythonvenv/src/lab4workspace/install/turtlebot3_navigation2/share/turtlebot3_navigation2/param/humble/waffle.yaml
[0.712s] -- Installing: /home/vincenzo/Documenti/AMR/ros2pythonvenv/src/lab4workspace/install/turtlebot3_navigation2/share/turtlebot3_navigation2/param/humble/burger_cam.yaml
[0.712s] -- Installing: /home/vincenzo/Documenti/AMR/ros2pythonvenv/src/lab4workspace/install/turtlebot3_navigation2/share/turtlebot3_navigation2/param/humble/waffle_pi.yaml
[0.712s] -- Installing: /home/vincenzo/Documenti/AMR/ros2pythonvenv/src/lab4workspace/install/turtlebot3_navigation2/share/turtlebot3_navigation2/param/humble/burger.yaml
[0.712s] -- Installing: /home/vincenzo/Documenti/AMR/ros2pythonvenv/src/lab4workspace/install/turtlebot3_navigation2/share/turtlebot3_navigation2/param/waffle_pi.yaml
[0.713s] -- Installing: /home/vincenzo/Documenti/AMR/ros2pythonvenv/src/lab4workspace/install/turtlebot3_navigation2/share/turtlebot3_navigation2/param/burger.yaml
[0.713s] -- Installing: /home/vincenzo/Documenti/AMR/ros2pythonvenv/src/lab4workspace/install/turtlebot3_navigation2/share/turtlebot3_navigation2/rviz
[0.713s] -- Installing: /home/vincenzo/Documenti/AMR/ros2pythonvenv/src/lab4workspace/install/turtlebot3_navigation2/share/turtlebot3_navigation2/rviz/tb3_navigation2.rviz
[0.713s] -- Installing: /home/vincenzo/Documenti/AMR/ros2pythonvenv/src/lab4workspace/install/turtlebot3_navigation2/share/ament_index/resource_index/package_run_dependencies/turtlebot3_navigation2
[0.714s] -- Installing: /home/vincenzo/Documenti/AMR/ros2pythonvenv/src/lab4workspace/install/turtlebot3_navigation2/share/ament_index/resource_index/parent_prefix_path/turtlebot3_navigation2
[0.714s] -- Installing: /home/vincenzo/Documenti/AMR/ros2pythonvenv/src/lab4workspace/install/turtlebot3_navigation2/share/turtlebot3_navigation2/environment/ament_prefix_path.sh
[0.714s] -- Installing: /home/vincenzo/Documenti/AMR/ros2pythonvenv/src/lab4workspace/install/turtlebot3_navigation2/share/turtlebot3_navigation2/environment/ament_prefix_path.dsv
[0.714s] -- Installing: /home/vincenzo/Documenti/AMR/ros2pythonvenv/src/lab4workspace/install/turtlebot3_navigation2/share/turtlebot3_navigation2/environment/path.sh
[0.714s] -- Installing: /home/vincenzo/Documenti/AMR/ros2pythonvenv/src/lab4workspace/install/turtlebot3_navigation2/share/turtlebot3_navigation2/environment/path.dsv
[0.716s] -- Installing: /home/vincenzo/Documenti/AMR/ros2pythonvenv/src/lab4workspace/install/turtlebot3_navigation2/share/turtlebot3_navigation2/local_setup.bash
[0.716s] -- Installing: /home/vincenzo/Documenti/AMR/ros2pythonvenv/src/lab4workspace/install/turtlebot3_navigation2/share/turtlebot3_navigation2/local_setup.sh
[0.716s] -- Installing: /home/vincenzo/Documenti/AMR/ros2pythonvenv/src/lab4workspace/install/turtlebot3_navigation2/share/turtlebot3_navigation2/local_setup.zsh
[0.716s] -- Installing: /home/vincenzo/Documenti/AMR/ros2pythonvenv/src/lab4workspace/install/turtlebot3_navigation2/share/turtlebot3_navigation2/local_setup.dsv
[0.716s] -- Installing: /home/vincenzo/Documenti/AMR/ros2pythonvenv/src/lab4workspace/install/turtlebot3_navigation2/share/turtlebot3_navigation2/package.dsv
[0.716s] -- Installing: /home/vincenzo/Documenti/AMR/ros2pythonvenv/src/lab4workspace/install/turtlebot3_navigation2/share/ament_index/resource_index/packages/turtlebot3_navigation2
[0.716s] -- Installing: /home/vincenzo/Documenti/AMR/ros2pythonvenv/src/lab4workspace/install/turtlebot3_navigation2/share/turtlebot3_navigation2/cmake/turtlebot3_navigation2Config.cmake
[0.716s] -- Installing: /home/vincenzo/Documenti/AMR/ros2pythonvenv/src/lab4workspace/install/turtlebot3_navigation2/share/turtlebot3_navigation2/cmake/turtlebot3_navigation2Config-version.cmake
[0.716s] -- Installing: /home/vincenzo/Documenti/AMR/ros2pythonvenv/src/lab4workspace/install/turtlebot3_navigation2/share/turtlebot3_navigation2/package.xml
[0.719s] Invoked command in '/home/vincenzo/Documenti/AMR/ros2pythonvenv/src/lab4workspace/build/turtlebot3_navigation2' returned '0': CMAKE_PREFIX_PATH=/opt/ros/humble PS1=(ros2pythonvenv) VIRTUAL_ENV_PROMPT=(ros2pythonvenv) /usr/bin/cmake --install /home/vincenzo/Documenti/AMR/ros2pythonvenv/src/lab4workspace/build/turtlebot3_navigation2
