[0.181s] Invoking command in '/home/vincenzo/Documenti/AMR/ros2pythonvenv/src/lab4workspace/build/turtlebot3_fake_node': CMAKE_PREFIX_PATH=/opt/ros/humble PS1=(ros2pythonvenv) \[\e]0;\u@\h: \w\a\]${debian_chroot:+($debian_chroot)}\[\033[01;32m\]\u@\h\[\033[00m\]:\[\033[01;34m\]\w\[\033[00m\]\$ VIRTUAL_ENV_PROMPT=(ros2pythonvenv) /usr/bin/cmake --build /home/vincenzo/Documenti/AMR/ros2pythonvenv/src/lab4workspace/build/turtlebot3_fake_node -- -j16 -l16
[0.502s] [100%] Built target turtlebot3_fake_node
[0.525s] Invoked command in '/home/vincenzo/Documenti/AMR/ros2pythonvenv/src/lab4workspace/build/turtlebot3_fake_node' returned '0': CMAKE_PREFIX_PATH=/opt/ros/humble PS1=(ros2pythonvenv) \[\e]0;\u@\h: \w\a\]${debian_chroot:+($debian_chroot)}\[\033[01;32m\]\u@\h\[\033[00m\]:\[\033[01;34m\]\w\[\033[00m\]\$ VIRTUAL_ENV_PROMPT=(ros2pythonvenv) /usr/bin/cmake --build /home/vincenzo/Documenti/AMR/ros2pythonvenv/src/lab4workspace/build/turtlebot3_fake_node -- -j16 -l16
[0.529s] Invoking command in '/home/vincenzo/Documenti/AMR/ros2pythonvenv/src/lab4workspace/build/turtlebot3_fake_node': CMAKE_PREFIX_PATH=/opt/ros/humble PS1=(ros2pythonvenv) \[\e]0;\u@\h: \w\a\]${debian_chroot:+($debian_chroot)}\[\033[01;32m\]\u@\h\[\033[00m\]:\[\033[01;34m\]\w\[\033[00m\]\$ VIRTUAL_ENV_PROMPT=(ros2pythonvenv) /usr/bin/cmake --install /home/vincenzo/Documenti/AMR/ros2pythonvenv/src/lab4workspace/build/turtlebot3_fake_node
[0.581s] -- Install configuration: ""
[0.581s] -- Up-to-date: /home/vincenzo/Documenti/AMR/ros2pythonvenv/src/lab4workspace/install/turtlebot3_fake_node/lib/turtlebot3_fake_node/turtlebot3_fake_node
[0.581s] -- Up-to-date: /home/vincenzo/Documenti/AMR/ros2pythonvenv/src/lab4workspace/install/turtlebot3_fake_node/share/turtlebot3_fake_node/launch
[0.581s] -- Up-to-date: /home/vincenzo/Documenti/AMR/ros2pythonvenv/src/lab4workspace/install/turtlebot3_fake_node/share/turtlebot3_fake_node/launch/rviz2.launch.py
[0.581s] -- Up-to-date: /home/vincenzo/Documenti/AMR/ros2pythonvenv/src/lab4workspace/install/turtlebot3_fake_node/share/turtlebot3_fake_node/launch/turtlebot3_fake_node.launch.py
[0.581s] -- Up-to-date: /home/vincenzo/Documenti/AMR/ros2pythonvenv/src/lab4workspace/install/turtlebot3_fake_node/share/turtlebot3_fake_node/param
[0.581s] -- Up-to-date: /home/vincenzo/Documenti/AMR/ros2pythonvenv/src/lab4workspace/install/turtlebot3_fake_node/share/turtlebot3_fake_node/param/waffle.yaml
[0.581s] -- Up-to-date: /home/vincenzo/Documenti/AMR/ros2pythonvenv/src/lab4workspace/install/turtlebot3_fake_node/share/turtlebot3_fake_node/param/waffle_pi.yaml
[0.581s] -- Up-to-date: /home/vincenzo/Documenti/AMR/ros2pythonvenv/src/lab4workspace/install/turtlebot3_fake_node/share/turtlebot3_fake_node/param/burger.yaml
[0.582s] -- Up-to-date: /home/vincenzo/Documenti/AMR/ros2pythonvenv/src/lab4workspace/install/turtlebot3_fake_node/include/
[0.582s] -- Up-to-date: /home/vincenzo/Documenti/AMR/ros2pythonvenv/src/lab4workspace/install/turtlebot3_fake_node/include//turtlebot3_fake_node
[0.582s] -- Up-to-date: /home/vincenzo/Documenti/AMR/ros2pythonvenv/src/lab4workspace/install/turtlebot3_fake_node/include//turtlebot3_fake_node/turtlebot3_fake_node.hpp
[0.582s] -- Up-to-date: /home/vincenzo/Documenti/AMR/ros2pythonvenv/src/lab4workspace/install/turtlebot3_fake_node/share/ament_index/resource_index/package_run_dependencies/turtlebot3_fake_node
[0.582s] -- Up-to-date: /home/vincenzo/Documenti/AMR/ros2pythonvenv/src/lab4workspace/install/turtlebot3_fake_node/share/ament_index/resource_index/parent_prefix_path/turtlebot3_fake_node
[0.582s] -- Up-to-date: /home/vincenzo/Documenti/AMR/ros2pythonvenv/src/lab4workspace/install/turtlebot3_fake_node/share/turtlebot3_fake_node/environment/ament_prefix_path.sh
[0.582s] -- Up-to-date: /home/vincenzo/Documenti/AMR/ros2pythonvenv/src/lab4workspace/install/turtlebot3_fake_node/share/turtlebot3_fake_node/environment/ament_prefix_path.dsv
[0.582s] -- Up-to-date: /home/vincenzo/Documenti/AMR/ros2pythonvenv/src/lab4workspace/install/turtlebot3_fake_node/share/turtlebot3_fake_node/environment/path.sh
[0.582s] -- Up-to-date: /home/vincenzo/Documenti/AMR/ros2pythonvenv/src/lab4workspace/install/turtlebot3_fake_node/share/turtlebot3_fake_node/environment/path.dsv
[0.584s] -- Up-to-date: /home/vincenzo/Documenti/AMR/ros2pythonvenv/src/lab4workspace/install/turtlebot3_fake_node/share/turtlebot3_fake_node/local_setup.bash
[0.584s] -- Up-to-date: /home/vincenzo/Documenti/AMR/ros2pythonvenv/src/lab4workspace/install/turtlebot3_fake_node/share/turtlebot3_fake_node/local_setup.sh
[0.584s] -- Up-to-date: /home/vincenzo/Documenti/AMR/ros2pythonvenv/src/lab4workspace/install/turtlebot3_fake_node/share/turtlebot3_fake_node/local_setup.zsh
[0.584s] -- Up-to-date: /home/vincenzo/Documenti/AMR/ros2pythonvenv/src/lab4workspace/install/turtlebot3_fake_node/share/turtlebot3_fake_node/local_setup.dsv
[0.584s] -- Installing: /home/vincenzo/Documenti/AMR/ros2pythonvenv/src/lab4workspace/install/turtlebot3_fake_node/share/turtlebot3_fake_node/package.dsv
[0.584s] -- Up-to-date: /home/vincenzo/Documenti/AMR/ros2pythonvenv/src/lab4workspace/install/turtlebot3_fake_node/share/ament_index/resource_index/packages/turtlebot3_fake_node
[0.584s] -- Up-to-date: /home/vincenzo/Documenti/AMR/ros2pythonvenv/src/lab4workspace/install/turtlebot3_fake_node/share/turtlebot3_fake_node/cmake/ament_cmake_export_include_directories-extras.cmake
[0.585s] -- Up-to-date: /home/vincenzo/Documenti/AMR/ros2pythonvenv/src/lab4workspace/install/turtlebot3_fake_node/share/turtlebot3_fake_node/cmake/ament_cmake_export_dependencies-extras.cmake
[0.585s] -- Up-to-date: /home/vincenzo/Documenti/AMR/ros2pythonvenv/src/lab4workspace/install/turtlebot3_fake_node/share/turtlebot3_fake_node/cmake/turtlebot3_fake_nodeConfig.cmake
[0.585s] -- Up-to-date: /home/vincenzo/Documenti/AMR/ros2pythonvenv/src/lab4workspace/install/turtlebot3_fake_node/share/turtlebot3_fake_node/cmake/turtlebot3_fake_nodeConfig-version.cmake
[0.585s] -- Up-to-date: /home/vincenzo/Documenti/AMR/ros2pythonvenv/src/lab4workspace/install/turtlebot3_fake_node/share/turtlebot3_fake_node/package.xml
[0.639s] Invoked command in '/home/vincenzo/Documenti/AMR/ros2pythonvenv/src/lab4workspace/build/turtlebot3_fake_node' returned '0': CMAKE_PREFIX_PATH=/opt/ros/humble PS1=(ros2pythonvenv) \[\e]0;\u@\h: \w\a\]${debian_chroot:+($debian_chroot)}\[\033[01;32m\]\u@\h\[\033[00m\]:\[\033[01;34m\]\w\[\033[00m\]\$ VIRTUAL_ENV_PROMPT=(ros2pythonvenv) /usr/bin/cmake --install /home/vincenzo/Documenti/AMR/ros2pythonvenv/src/lab4workspace/build/turtlebot3_fake_node
