running egg_info
writing ../../build/autonomous_localization/autonomous_localization.egg-info/PKG-INFO
writing dependency_links to ../../build/autonomous_localization/autonomous_localization.egg-info/dependency_links.txt
writing entry points to ../../build/autonomous_localization/autonomous_localization.egg-info/entry_points.txt
writing requirements to ../../build/autonomous_localization/autonomous_localization.egg-info/requires.txt
writing top-level names to ../../build/autonomous_localization/autonomous_localization.egg-info/top_level.txt
reading manifest file '../../build/autonomous_localization/autonomous_localization.egg-info/SOURCES.txt'
writing manifest file '../../build/autonomous_localization/autonomous_localization.egg-info/SOURCES.txt'
running build
running build_py
running install
running install_lib
running install_data
running install_egg_info
removing '/home/vincenzo/Documenti/AMR/ros2pythonvenv/src/lab5workspace/install/autonomous_localization/lib/python3.10/site-packages/autonomous_localization-0.0.0-py3.10.egg-info' (and everything under it)
Copying ../../build/autonomous_localization/autonomous_localization.egg-info to /home/vincenzo/Documenti/AMR/ros2pythonvenv/src/lab5workspace/install/autonomous_localization/lib/python3.10/site-packages/autonomous_localization-0.0.0-py3.10.egg-info
running install_scripts
Installing autonomous_localization script to /home/vincenzo/Documenti/AMR/ros2pythonvenv/src/lab5workspace/install/autonomous_localization/lib/autonomous_localization
Installing navigation_from_text script to /home/vincenzo/Documenti/AMR/ros2pythonvenv/src/lab5workspace/install/autonomous_localization/lib/autonomous_localization
Installing reset_node script to /home/vincenzo/Documenti/AMR/ros2pythonvenv/src/lab5workspace/install/autonomous_localization/lib/autonomous_localization
writing list of installed files to '/home/vincenzo/Documenti/AMR/ros2pythonvenv/src/lab5workspace/build/autonomous_localization/install.log'
