[0.968s] Invoking command in '/home/vincenzo/Documenti/AMR/ros2pythonvenv/src/lab5workspace/src/autonomous_localization': PS1=(ros2pythonvenv) \[\e]0;\u@\h: \w\a\]${debian_chroot:+($debian_chroot)}\[\033[01;32m\]\u@\h\[\033[00m\]:\[\033[01;34m\]\w\[\033[00m\]\$ PYTHONPATH=/home/vincenzo/Documenti/AMR/ros2pythonvenv/src/lab5workspace/build/autonomous_localization/prefix_override:/usr/lib/python3/dist-packages/colcon_core/task/python/colcon_distutils_commands:/home/vincenzo/Documenti/AMR/ros2pythonvenv/src/lab5workspace/install/autonomous_localization/lib/python3.10/site-packages:${PYTHONPATH} VIRTUAL_ENV_PROMPT=(ros2pythonvenv) /usr/bin/python3 -W ignore:setup.py install is deprecated -W ignore:easy_install command is deprecated setup.py egg_info --egg-base ../../build/autonomous_localization build --build-base /home/vincenzo/Documenti/AMR/ros2pythonvenv/src/lab5workspace/build/autonomous_localization/build install --record /home/vincenzo/Documenti/AMR/ros2pythonvenv/src/lab5workspace/build/autonomous_localization/install.log --single-version-externally-managed install_data
[1.129s] running egg_info
[1.129s] writing ../../build/autonomous_localization/autonomous_localization.egg-info/PKG-INFO
[1.129s] writing dependency_links to ../../build/autonomous_localization/autonomous_localization.egg-info/dependency_links.txt
[1.130s] writing entry points to ../../build/autonomous_localization/autonomous_localization.egg-info/entry_points.txt
[1.130s] writing requirements to ../../build/autonomous_localization/autonomous_localization.egg-info/requires.txt
[1.130s] writing top-level names to ../../build/autonomous_localization/autonomous_localization.egg-info/top_level.txt
[1.131s] reading manifest file '../../build/autonomous_localization/autonomous_localization.egg-info/SOURCES.txt'
[1.131s] writing manifest file '../../build/autonomous_localization/autonomous_localization.egg-info/SOURCES.txt'
[1.131s] running build
[1.132s] running build_py
[1.132s] running install
[1.132s] running install_lib
[1.133s] running install_data
[1.133s] running install_egg_info
[1.134s] removing '/home/vincenzo/Documenti/AMR/ros2pythonvenv/src/lab5workspace/install/autonomous_localization/lib/python3.10/site-packages/autonomous_localization-0.0.0-py3.10.egg-info' (and everything under it)
[1.134s] Copying ../../build/autonomous_localization/autonomous_localization.egg-info to /home/vincenzo/Documenti/AMR/ros2pythonvenv/src/lab5workspace/install/autonomous_localization/lib/python3.10/site-packages/autonomous_localization-0.0.0-py3.10.egg-info
[1.134s] running install_scripts
[1.149s] Installing autonomous_localization script to /home/vincenzo/Documenti/AMR/ros2pythonvenv/src/lab5workspace/install/autonomous_localization/lib/autonomous_localization
[1.149s] Installing navigation_from_text script to /home/vincenzo/Documenti/AMR/ros2pythonvenv/src/lab5workspace/install/autonomous_localization/lib/autonomous_localization
[1.149s] Installing reset_node script to /home/vincenzo/Documenti/AMR/ros2pythonvenv/src/lab5workspace/install/autonomous_localization/lib/autonomous_localization
[1.149s] writing list of installed files to '/home/vincenzo/Documenti/AMR/ros2pythonvenv/src/lab5workspace/build/autonomous_localization/install.log'
[1.173s] Invoked command in '/home/vincenzo/Documenti/AMR/ros2pythonvenv/src/lab5workspace/src/autonomous_localization' returned '0': PS1=(ros2pythonvenv) \[\e]0;\u@\h: \w\a\]${debian_chroot:+($debian_chroot)}\[\033[01;32m\]\u@\h\[\033[00m\]:\[\033[01;34m\]\w\[\033[00m\]\$ PYTHONPATH=/home/vincenzo/Documenti/AMR/ros2pythonvenv/src/lab5workspace/build/autonomous_localization/prefix_override:/usr/lib/python3/dist-packages/colcon_core/task/python/colcon_distutils_commands:/home/vincenzo/Documenti/AMR/ros2pythonvenv/src/lab5workspace/install/autonomous_localization/lib/python3.10/site-packages:${PYTHONPATH} VIRTUAL_ENV_PROMPT=(ros2pythonvenv) /usr/bin/python3 -W ignore:setup.py install is deprecated -W ignore:easy_install command is deprecated setup.py egg_info --egg-base ../../build/autonomous_localization build --build-base /home/vincenzo/Documenti/AMR/ros2pythonvenv/src/lab5workspace/build/autonomous_localization/build install --record /home/vincenzo/Documenti/AMR/ros2pythonvenv/src/lab5workspace/build/autonomous_localization/install.log --single-version-externally-managed install_data
