-- Install configuration: ""
-- Up-to-date: /home/vincenzo/Documenti/AMR/ros2pythonvenv/src/lab7workspace/tiagoworkspace/install/tiago_moveit_config/share/ament_index/resource_index/package_run_dependencies/tiago_moveit_config
-- Up-to-date: /home/vincenzo/Documenti/AMR/ros2pythonvenv/src/lab7workspace/tiagoworkspace/install/tiago_moveit_config/share/ament_index/resource_index/parent_prefix_path/tiago_moveit_config
-- Up-to-date: /home/vincenzo/Documenti/AMR/ros2pythonvenv/src/lab7workspace/tiagoworkspace/install/tiago_moveit_config/share/tiago_moveit_config/environment/ament_prefix_path.sh
-- Up-to-date: /home/vincenzo/Documenti/AMR/ros2pythonvenv/src/lab7workspace/tiagoworkspace/install/tiago_moveit_config/share/tiago_moveit_config/environment/ament_prefix_path.dsv
-- Up-to-date: /home/vincenzo/Documenti/AMR/ros2pythonvenv/src/lab7workspace/tiagoworkspace/install/tiago_moveit_config/share/tiago_moveit_config/environment/path.sh
-- Up-to-date: /home/vincenzo/Documenti/AMR/ros2pythonvenv/src/lab7workspace/tiagoworkspace/install/tiago_moveit_config/share/tiago_moveit_config/environment/path.dsv
-- Up-to-date: /home/vincenzo/Documenti/AMR/ros2pythonvenv/src/lab7workspace/tiagoworkspace/install/tiago_moveit_config/share/tiago_moveit_config/local_setup.bash
-- Up-to-date: /home/vincenzo/Documenti/AMR/ros2pythonvenv/src/lab7workspace/tiagoworkspace/install/tiago_moveit_config/share/tiago_moveit_config/local_setup.sh
-- Up-to-date: /home/vincenzo/Documenti/AMR/ros2pythonvenv/src/lab7workspace/tiagoworkspace/install/tiago_moveit_config/share/tiago_moveit_config/local_setup.zsh
-- Up-to-date: /home/vincenzo/Documenti/AMR/ros2pythonvenv/src/lab7workspace/tiagoworkspace/install/tiago_moveit_config/share/tiago_moveit_config/local_setup.dsv
-- Up-to-date: /home/vincenzo/Documenti/AMR/ros2pythonvenv/src/lab7workspace/tiagoworkspace/install/tiago_moveit_config/share/tiago_moveit_config/package.dsv
-- Up-to-date: /home/vincenzo/Documenti/AMR/ros2pythonvenv/src/lab7workspace/tiagoworkspace/install/tiago_moveit_config/share/ament_index/resource_index/packages/tiago_moveit_config
-- Up-to-date: /home/vincenzo/Documenti/AMR/ros2pythonvenv/src/lab7workspace/tiagoworkspace/install/tiago_moveit_config/share/tiago_moveit_config/cmake/tiago_moveit_configConfig.cmake
-- Up-to-date: /home/vincenzo/Documenti/AMR/ros2pythonvenv/src/lab7workspace/tiagoworkspace/install/tiago_moveit_config/share/tiago_moveit_config/cmake/tiago_moveit_configConfig-version.cmake
-- Up-to-date: /home/vincenzo/Documenti/AMR/ros2pythonvenv/src/lab7workspace/tiagoworkspace/install/tiago_moveit_config/share/tiago_moveit_config/package.xml
-- Up-to-date: /home/vincenzo/Documenti/AMR/ros2pythonvenv/src/lab7workspace/tiagoworkspace/install/tiago_moveit_config/share/tiago_moveit_config/launch
-- Up-to-date: /home/vincenzo/Documenti/AMR/ros2pythonvenv/src/lab7workspace/tiagoworkspace/install/tiago_moveit_config/share/tiago_moveit_config/launch/moveit_rviz.launch.py
-- Up-to-date: /home/vincenzo/Documenti/AMR/ros2pythonvenv/src/lab7workspace/tiagoworkspace/install/tiago_moveit_config/share/tiago_moveit_config/launch/move_group.launch.py
-- Up-to-date: /home/vincenzo/Documenti/AMR/ros2pythonvenv/src/lab7workspace/tiagoworkspace/install/tiago_moveit_config/share/tiago_moveit_config/config
-- Up-to-date: /home/vincenzo/Documenti/AMR/ros2pythonvenv/src/lab7workspace/tiagoworkspace/install/tiago_moveit_config/share/tiago_moveit_config/config/ompl_planning.yaml
-- Up-to-date: /home/vincenzo/Documenti/AMR/ros2pythonvenv/src/lab7workspace/tiagoworkspace/install/tiago_moveit_config/share/tiago_moveit_config/config/kinematics_trac_ik.yaml
-- Up-to-date: /home/vincenzo/Documenti/AMR/ros2pythonvenv/src/lab7workspace/tiagoworkspace/install/tiago_moveit_config/share/tiago_moveit_config/config/fake_controllers
-- Up-to-date: /home/vincenzo/Documenti/AMR/ros2pythonvenv/src/lab7workspace/tiagoworkspace/install/tiago_moveit_config/share/tiago_moveit_config/config/fake_controllers/fake_controllers_no-arm.yaml
-- Up-to-date: /home/vincenzo/Documenti/AMR/ros2pythonvenv/src/lab7workspace/tiagoworkspace/install/tiago_moveit_config/share/tiago_moveit_config/config/fake_controllers/fake_controllers.yaml.em
-- Up-to-date: /home/vincenzo/Documenti/AMR/ros2pythonvenv/src/lab7workspace/tiagoworkspace/install/tiago_moveit_config/share/tiago_moveit_config/config/fake_controllers/fake_controllers_robotiq-2f-85_schunk-ft.yaml
-- Up-to-date: /home/vincenzo/Documenti/AMR/ros2pythonvenv/src/lab7workspace/tiagoworkspace/install/tiago_moveit_config/share/tiago_moveit_config/config/fake_controllers/fake_controllers_no-ee.yaml
-- Up-to-date: /home/vincenzo/Documenti/AMR/ros2pythonvenv/src/lab7workspace/tiagoworkspace/install/tiago_moveit_config/share/tiago_moveit_config/config/fake_controllers/fake_controllers_pal-hey5.yaml
-- Up-to-date: /home/vincenzo/Documenti/AMR/ros2pythonvenv/src/lab7workspace/tiagoworkspace/install/tiago_moveit_config/share/tiago_moveit_config/config/fake_controllers/fake_controllers_pal-hey5_schunk-ft.yaml
-- Up-to-date: /home/vincenzo/Documenti/AMR/ros2pythonvenv/src/lab7workspace/tiagoworkspace/install/tiago_moveit_config/share/tiago_moveit_config/config/fake_controllers/fake_controllers_pal-gripper.yaml
-- Up-to-date: /home/vincenzo/Documenti/AMR/ros2pythonvenv/src/lab7workspace/tiagoworkspace/install/tiago_moveit_config/share/tiago_moveit_config/config/fake_controllers/fake_controllers_no-ee_schunk-ft.yaml
-- Up-to-date: /home/vincenzo/Documenti/AMR/ros2pythonvenv/src/lab7workspace/tiagoworkspace/install/tiago_moveit_config/share/tiago_moveit_config/config/fake_controllers/fake_controllers_robotiq-2f-140.yaml
-- Up-to-date: /home/vincenzo/Documenti/AMR/ros2pythonvenv/src/lab7workspace/tiagoworkspace/install/tiago_moveit_config/share/tiago_moveit_config/config/fake_controllers/fake_controllers_robotiq-2f-140_schunk-ft.yaml
-- Up-to-date: /home/vincenzo/Documenti/AMR/ros2pythonvenv/src/lab7workspace/tiagoworkspace/install/tiago_moveit_config/share/tiago_moveit_config/config/fake_controllers/fake_controllers_robotiq-2f-85.yaml
-- Up-to-date: /home/vincenzo/Documenti/AMR/ros2pythonvenv/src/lab7workspace/tiagoworkspace/install/tiago_moveit_config/share/tiago_moveit_config/config/fake_controllers/fake_controllers_pal-gripper_schunk-ft.yaml
-- Up-to-date: /home/vincenzo/Documenti/AMR/ros2pythonvenv/src/lab7workspace/tiagoworkspace/install/tiago_moveit_config/share/tiago_moveit_config/config/pilz_cartesian_limits.yaml
-- Up-to-date: /home/vincenzo/Documenti/AMR/ros2pythonvenv/src/lab7workspace/tiagoworkspace/install/tiago_moveit_config/share/tiago_moveit_config/config/rviz
-- Up-to-date: /home/vincenzo/Documenti/AMR/ros2pythonvenv/src/lab7workspace/tiagoworkspace/install/tiago_moveit_config/share/tiago_moveit_config/config/rviz/moveit.rviz
-- Up-to-date: /home/vincenzo/Documenti/AMR/ros2pythonvenv/src/lab7workspace/tiagoworkspace/install/tiago_moveit_config/share/tiago_moveit_config/config/srdf
-- Up-to-date: /home/vincenzo/Documenti/AMR/ros2pythonvenv/src/lab7workspace/tiagoworkspace/install/tiago_moveit_config/share/tiago_moveit_config/config/srdf/tiago_pal-hey5_schunk-ft.srdf
-- Up-to-date: /home/vincenzo/Documenti/AMR/ros2pythonvenv/src/lab7workspace/tiagoworkspace/install/tiago_moveit_config/share/tiago_moveit_config/config/srdf/tiago_pal-gripper_schunk-ft.srdf
-- Up-to-date: /home/vincenzo/Documenti/AMR/ros2pythonvenv/src/lab7workspace/tiagoworkspace/install/tiago_moveit_config/share/tiago_moveit_config/config/srdf/tiago_no-ee_schunk-ft.srdf
-- Up-to-date: /home/vincenzo/Documenti/AMR/ros2pythonvenv/src/lab7workspace/tiagoworkspace/install/tiago_moveit_config/share/tiago_moveit_config/config/srdf/tiago_robotiq-2f-140.srdf
-- Up-to-date: /home/vincenzo/Documenti/AMR/ros2pythonvenv/src/lab7workspace/tiagoworkspace/install/tiago_moveit_config/share/tiago_moveit_config/config/srdf/tiago_pal-hey5.srdf
-- Up-to-date: /home/vincenzo/Documenti/AMR/ros2pythonvenv/src/lab7workspace/tiagoworkspace/install/tiago_moveit_config/share/tiago_moveit_config/config/srdf/tiago.srdf.em
-- Up-to-date: /home/vincenzo/Documenti/AMR/ros2pythonvenv/src/lab7workspace/tiagoworkspace/install/tiago_moveit_config/share/tiago_moveit_config/config/srdf/tiago_pal-gripper.srdf
-- Up-to-date: /home/vincenzo/Documenti/AMR/ros2pythonvenv/src/lab7workspace/tiagoworkspace/install/tiago_moveit_config/share/tiago_moveit_config/config/srdf/tiago_no-arm.srdf
-- Up-to-date: /home/vincenzo/Documenti/AMR/ros2pythonvenv/src/lab7workspace/tiagoworkspace/install/tiago_moveit_config/share/tiago_moveit_config/config/srdf/tiago_no-ee.srdf
-- Up-to-date: /home/vincenzo/Documenti/AMR/ros2pythonvenv/src/lab7workspace/tiagoworkspace/install/tiago_moveit_config/share/tiago_moveit_config/config/srdf/tiago_robotiq-2f-85.srdf
-- Up-to-date: /home/vincenzo/Documenti/AMR/ros2pythonvenv/src/lab7workspace/tiagoworkspace/install/tiago_moveit_config/share/tiago_moveit_config/config/srdf/tiago_robotiq-2f-85_schunk-ft.srdf
-- Up-to-date: /home/vincenzo/Documenti/AMR/ros2pythonvenv/src/lab7workspace/tiagoworkspace/install/tiago_moveit_config/share/tiago_moveit_config/config/srdf/tiago_robotiq-2f-140_schunk-ft.srdf
-- Up-to-date: /home/vincenzo/Documenti/AMR/ros2pythonvenv/src/lab7workspace/tiagoworkspace/install/tiago_moveit_config/share/tiago_moveit_config/config/joint_limits.yaml
-- Up-to-date: /home/vincenzo/Documenti/AMR/ros2pythonvenv/src/lab7workspace/tiagoworkspace/install/tiago_moveit_config/share/tiago_moveit_config/config/sensors_3d.yaml
-- Up-to-date: /home/vincenzo/Documenti/AMR/ros2pythonvenv/src/lab7workspace/tiagoworkspace/install/tiago_moveit_config/share/tiago_moveit_config/config/kinematics_kdl.yaml
-- Up-to-date: /home/vincenzo/Documenti/AMR/ros2pythonvenv/src/lab7workspace/tiagoworkspace/install/tiago_moveit_config/share/tiago_moveit_config/config/controllers
-- Up-to-date: /home/vincenzo/Documenti/AMR/ros2pythonvenv/src/lab7workspace/tiagoworkspace/install/tiago_moveit_config/share/tiago_moveit_config/config/controllers/controllers_pal-hey5_schunk-ft.yaml
-- Up-to-date: /home/vincenzo/Documenti/AMR/ros2pythonvenv/src/lab7workspace/tiagoworkspace/install/tiago_moveit_config/share/tiago_moveit_config/config/controllers/controllers_robotiq-2f-140.yaml
-- Up-to-date: /home/vincenzo/Documenti/AMR/ros2pythonvenv/src/lab7workspace/tiagoworkspace/install/tiago_moveit_config/share/tiago_moveit_config/config/controllers/controllers_no-ee_schunk-ft.yaml
-- Up-to-date: /home/vincenzo/Documenti/AMR/ros2pythonvenv/src/lab7workspace/tiagoworkspace/install/tiago_moveit_config/share/tiago_moveit_config/config/controllers/controllers_no-ee.yaml
-- Up-to-date: /home/vincenzo/Documenti/AMR/ros2pythonvenv/src/lab7workspace/tiagoworkspace/install/tiago_moveit_config/share/tiago_moveit_config/config/controllers/controllers_pal-gripper.yaml
-- Up-to-date: /home/vincenzo/Documenti/AMR/ros2pythonvenv/src/lab7workspace/tiagoworkspace/install/tiago_moveit_config/share/tiago_moveit_config/config/controllers/controllers.yaml.em
-- Up-to-date: /home/vincenzo/Documenti/AMR/ros2pythonvenv/src/lab7workspace/tiagoworkspace/install/tiago_moveit_config/share/tiago_moveit_config/config/controllers/controllers_pal-gripper_schunk-ft.yaml
-- Up-to-date: /home/vincenzo/Documenti/AMR/ros2pythonvenv/src/lab7workspace/tiagoworkspace/install/tiago_moveit_config/share/tiago_moveit_config/config/controllers/controllers_robotiq-2f-140_schunk-ft.yaml
-- Up-to-date: /home/vincenzo/Documenti/AMR/ros2pythonvenv/src/lab7workspace/tiagoworkspace/install/tiago_moveit_config/share/tiago_moveit_config/config/controllers/controllers_robotiq-2f-85.yaml
-- Up-to-date: /home/vincenzo/Documenti/AMR/ros2pythonvenv/src/lab7workspace/tiagoworkspace/install/tiago_moveit_config/share/tiago_moveit_config/config/controllers/controllers_pal-hey5.yaml
-- Up-to-date: /home/vincenzo/Documenti/AMR/ros2pythonvenv/src/lab7workspace/tiagoworkspace/install/tiago_moveit_config/share/tiago_moveit_config/config/controllers/controllers_no-arm.yaml
-- Up-to-date: /home/vincenzo/Documenti/AMR/ros2pythonvenv/src/lab7workspace/tiagoworkspace/install/tiago_moveit_config/share/tiago_moveit_config/config/controllers/controllers_robotiq-2f-85_schunk-ft.yaml
