[0.010s] Invoking command in '/home/vincenzo/Documenti/AMR/ros2pythonvenv/src/lab2workspace/build/my_cmake_package': CMAKE_PREFIX_PATH=${CMAKE_PREFIX_PATH}:/home/vincenzo/Documenti/AMR/ros2pythonvenv/src/lab2workspace/install/my_python_package:/opt/ros/humble PS1=(ros2pythonvenv) \[\e]0;\u@\h: \w\a\]${debian_chroot:+($debian_chroot)}\[\033[01;32m\]\u@\h\[\033[00m\]:\[\033[01;34m\]\w\[\033[00m\]\$ VIRTUAL_ENV_PROMPT=(ros2pythonvenv) /usr/bin/cmake --build /home/vincenzo/Documenti/AMR/ros2pythonvenv/src/lab2workspace/build/my_cmake_package -- -j16 -l16
[0.046s] [100%] Built target my_cmake_node
[0.163s] Invoked command in '/home/vincenzo/Documenti/AMR/ros2pythonvenv/src/lab2workspace/build/my_cmake_package' returned '0': CMAKE_PREFIX_PATH=${CMAKE_PREFIX_PATH}:/home/vincenzo/Documenti/AMR/ros2pythonvenv/src/lab2workspace/install/my_python_package:/opt/ros/humble PS1=(ros2pythonvenv) \[\e]0;\u@\h: \w\a\]${debian_chroot:+($debian_chroot)}\[\033[01;32m\]\u@\h\[\033[00m\]:\[\033[01;34m\]\w\[\033[00m\]\$ VIRTUAL_ENV_PROMPT=(ros2pythonvenv) /usr/bin/cmake --build /home/vincenzo/Documenti/AMR/ros2pythonvenv/src/lab2workspace/build/my_cmake_package -- -j16 -l16
[0.170s] Invoking command in '/home/vincenzo/Documenti/AMR/ros2pythonvenv/src/lab2workspace/build/my_cmake_package': CMAKE_PREFIX_PATH=${CMAKE_PREFIX_PATH}:/home/vincenzo/Documenti/AMR/ros2pythonvenv/src/lab2workspace/install/my_python_package:/opt/ros/humble PS1=(ros2pythonvenv) \[\e]0;\u@\h: \w\a\]${debian_chroot:+($debian_chroot)}\[\033[01;32m\]\u@\h\[\033[00m\]:\[\033[01;34m\]\w\[\033[00m\]\$ VIRTUAL_ENV_PROMPT=(ros2pythonvenv) /usr/bin/cmake --install /home/vincenzo/Documenti/AMR/ros2pythonvenv/src/lab2workspace/build/my_cmake_package
[0.175s] -- Install configuration: ""
[0.175s] -- Up-to-date: /home/vincenzo/Documenti/AMR/ros2pythonvenv/src/lab2workspace/install/my_cmake_package/lib/my_cmake_package/my_cmake_node
[0.175s] -- Up-to-date: /home/vincenzo/Documenti/AMR/ros2pythonvenv/src/lab2workspace/install/my_cmake_package/share/ament_index/resource_index/package_run_dependencies/my_cmake_package
[0.175s] -- Up-to-date: /home/vincenzo/Documenti/AMR/ros2pythonvenv/src/lab2workspace/install/my_cmake_package/share/ament_index/resource_index/parent_prefix_path/my_cmake_package
[0.175s] -- Up-to-date: /home/vincenzo/Documenti/AMR/ros2pythonvenv/src/lab2workspace/install/my_cmake_package/share/my_cmake_package/environment/ament_prefix_path.sh
[0.175s] -- Up-to-date: /home/vincenzo/Documenti/AMR/ros2pythonvenv/src/lab2workspace/install/my_cmake_package/share/my_cmake_package/environment/ament_prefix_path.dsv
[0.175s] -- Up-to-date: /home/vincenzo/Documenti/AMR/ros2pythonvenv/src/lab2workspace/install/my_cmake_package/share/my_cmake_package/environment/path.sh
[0.175s] -- Up-to-date: /home/vincenzo/Documenti/AMR/ros2pythonvenv/src/lab2workspace/install/my_cmake_package/share/my_cmake_package/environment/path.dsv
[0.175s] -- Up-to-date: /home/vincenzo/Documenti/AMR/ros2pythonvenv/src/lab2workspace/install/my_cmake_package/share/my_cmake_package/local_setup.bash
[0.175s] -- Up-to-date: /home/vincenzo/Documenti/AMR/ros2pythonvenv/src/lab2workspace/install/my_cmake_package/share/my_cmake_package/local_setup.sh
[0.175s] -- Up-to-date: /home/vincenzo/Documenti/AMR/ros2pythonvenv/src/lab2workspace/install/my_cmake_package/share/my_cmake_package/local_setup.zsh
[0.175s] -- Up-to-date: /home/vincenzo/Documenti/AMR/ros2pythonvenv/src/lab2workspace/install/my_cmake_package/share/my_cmake_package/local_setup.dsv
[0.175s] -- Installing: /home/vincenzo/Documenti/AMR/ros2pythonvenv/src/lab2workspace/install/my_cmake_package/share/my_cmake_package/package.dsv
[0.176s] -- Up-to-date: /home/vincenzo/Documenti/AMR/ros2pythonvenv/src/lab2workspace/install/my_cmake_package/share/ament_index/resource_index/packages/my_cmake_package
[0.176s] -- Up-to-date: /home/vincenzo/Documenti/AMR/ros2pythonvenv/src/lab2workspace/install/my_cmake_package/share/my_cmake_package/cmake/my_cmake_packageConfig.cmake
[0.176s] -- Up-to-date: /home/vincenzo/Documenti/AMR/ros2pythonvenv/src/lab2workspace/install/my_cmake_package/share/my_cmake_package/cmake/my_cmake_packageConfig-version.cmake
[0.176s] -- Up-to-date: /home/vincenzo/Documenti/AMR/ros2pythonvenv/src/lab2workspace/install/my_cmake_package/share/my_cmake_package/package.xml
[0.177s] Invoked command in '/home/vincenzo/Documenti/AMR/ros2pythonvenv/src/lab2workspace/build/my_cmake_package' returned '0': CMAKE_PREFIX_PATH=${CMAKE_PREFIX_PATH}:/home/vincenzo/Documenti/AMR/ros2pythonvenv/src/lab2workspace/install/my_python_package:/opt/ros/humble PS1=(ros2pythonvenv) \[\e]0;\u@\h: \w\a\]${debian_chroot:+($debian_chroot)}\[\033[01;32m\]\u@\h\[\033[00m\]:\[\033[01;34m\]\w\[\033[00m\]\$ VIRTUAL_ENV_PROMPT=(ros2pythonvenv) /usr/bin/cmake --install /home/vincenzo/Documenti/AMR/ros2pythonvenv/src/lab2workspace/build/my_cmake_package
