[0.210s] Invoking command in '/home/vincenzo/Documenti/AMR/ros2pythonvenv/src/lab7workspace/tiagoworkspace/build/pal_robotiq_description': CMAKE_PREFIX_PATH=${CMAKE_PREFIX_PATH}:/home/vincenzo/Documenti/AMR/ros2pythonvenv/src/lab7workspace/ros2workspace/install/rqt_controller_manager:/home/vincenzo/Documenti/AMR/ros2pythonvenv/src/lab7workspace/ros2workspace/install/ros2controlcli:/home/vincenzo/Documenti/AMR/ros2pythonvenv/src/lab7workspace/ros2workspace/install/ros2_controllers_test_nodes:/opt/ros/humble PS1=(ros2pythonvenv) \[\e]0;\u@\h: \w\a\]${debian_chroot:+($debian_chroot)}\[\033[01;32m\]\u@\h\[\033[00m\]:\[\033[01;34m\]\w\[\033[00m\]\$ VIRTUAL_ENV_PROMPT=(ros2pythonvenv) /usr/bin/cmake --build /home/vincenzo/Documenti/AMR/ros2pythonvenv/src/lab7workspace/tiagoworkspace/build/pal_robotiq_description -- -j16 -l16
[0.266s] Invoked command in '/home/vincenzo/Documenti/AMR/ros2pythonvenv/src/lab7workspace/tiagoworkspace/build/pal_robotiq_description' returned '0': CMAKE_PREFIX_PATH=${CMAKE_PREFIX_PATH}:/home/vincenzo/Documenti/AMR/ros2pythonvenv/src/lab7workspace/ros2workspace/install/rqt_controller_manager:/home/vincenzo/Documenti/AMR/ros2pythonvenv/src/lab7workspace/ros2workspace/install/ros2controlcli:/home/vincenzo/Documenti/AMR/ros2pythonvenv/src/lab7workspace/ros2workspace/install/ros2_controllers_test_nodes:/opt/ros/humble PS1=(ros2pythonvenv) \[\e]0;\u@\h: \w\a\]${debian_chroot:+($debian_chroot)}\[\033[01;32m\]\u@\h\[\033[00m\]:\[\033[01;34m\]\w\[\033[00m\]\$ VIRTUAL_ENV_PROMPT=(ros2pythonvenv) /usr/bin/cmake --build /home/vincenzo/Documenti/AMR/ros2pythonvenv/src/lab7workspace/tiagoworkspace/build/pal_robotiq_description -- -j16 -l16
[0.268s] Invoking command in '/home/vincenzo/Documenti/AMR/ros2pythonvenv/src/lab7workspace/tiagoworkspace/build/pal_robotiq_description': CMAKE_PREFIX_PATH=${CMAKE_PREFIX_PATH}:/home/vincenzo/Documenti/AMR/ros2pythonvenv/src/lab7workspace/ros2workspace/install/rqt_controller_manager:/home/vincenzo/Documenti/AMR/ros2pythonvenv/src/lab7workspace/ros2workspace/install/ros2controlcli:/home/vincenzo/Documenti/AMR/ros2pythonvenv/src/lab7workspace/ros2workspace/install/ros2_controllers_test_nodes:/opt/ros/humble PS1=(ros2pythonvenv) \[\e]0;\u@\h: \w\a\]${debian_chroot:+($debian_chroot)}\[\033[01;32m\]\u@\h\[\033[00m\]:\[\033[01;34m\]\w\[\033[00m\]\$ VIRTUAL_ENV_PROMPT=(ros2pythonvenv) /usr/bin/cmake --install /home/vincenzo/Documenti/AMR/ros2pythonvenv/src/lab7workspace/tiagoworkspace/build/pal_robotiq_description
[0.275s] -- Install configuration: ""
[0.276s] -- Up-to-date: /home/vincenzo/Documenti/AMR/ros2pythonvenv/src/lab7workspace/tiagoworkspace/install/pal_robotiq_description/share/pal_robotiq_description/meshes
[0.276s] -- Up-to-date: /home/vincenzo/Documenti/AMR/ros2pythonvenv/src/lab7workspace/tiagoworkspace/install/pal_robotiq_description/share/pal_robotiq_description/meshes/collision
[0.276s] -- Up-to-date: /home/vincenzo/Documenti/AMR/ros2pythonvenv/src/lab7workspace/tiagoworkspace/install/pal_robotiq_description/share/pal_robotiq_description/meshes/collision/robotiq_base_link.stl
[0.276s] -- Up-to-date: /home/vincenzo/Documenti/AMR/ros2pythonvenv/src/lab7workspace/tiagoworkspace/install/pal_robotiq_description/share/pal_robotiq_description/meshes/collision/robotiq_85_inner_knuckle.dae
[0.276s] -- Up-to-date: /home/vincenzo/Documenti/AMR/ros2pythonvenv/src/lab7workspace/tiagoworkspace/install/pal_robotiq_description/share/pal_robotiq_description/meshes/collision/robotiq_140_outer_finger.stl
[0.276s] -- Up-to-date: /home/vincenzo/Documenti/AMR/ros2pythonvenv/src/lab7workspace/tiagoworkspace/install/pal_robotiq_description/share/pal_robotiq_description/meshes/collision/robotiq_140_inner_knuckle.stl
[0.276s] -- Up-to-date: /home/vincenzo/Documenti/AMR/ros2pythonvenv/src/lab7workspace/tiagoworkspace/install/pal_robotiq_description/share/pal_robotiq_description/meshes/collision/robotiq_85_inner_finger.dae
[0.276s] -- Up-to-date: /home/vincenzo/Documenti/AMR/ros2pythonvenv/src/lab7workspace/tiagoworkspace/install/pal_robotiq_description/share/pal_robotiq_description/meshes/collision/robotiq_85_outer_finger.dae
[0.276s] -- Up-to-date: /home/vincenzo/Documenti/AMR/ros2pythonvenv/src/lab7workspace/tiagoworkspace/install/pal_robotiq_description/share/pal_robotiq_description/meshes/collision/robotiq_140_inner_finger.stl
[0.276s] -- Up-to-date: /home/vincenzo/Documenti/AMR/ros2pythonvenv/src/lab7workspace/tiagoworkspace/install/pal_robotiq_description/share/pal_robotiq_description/meshes/collision/robotiq_85_base_link.stl
[0.276s] -- Up-to-date: /home/vincenzo/Documenti/AMR/ros2pythonvenv/src/lab7workspace/tiagoworkspace/install/pal_robotiq_description/share/pal_robotiq_description/meshes/collision/robotiq_coupling.stl
[0.277s] -- Up-to-date: /home/vincenzo/Documenti/AMR/ros2pythonvenv/src/lab7workspace/tiagoworkspace/install/pal_robotiq_description/share/pal_robotiq_description/meshes/collision/robotiq_85_outer_knuckle.dae
[0.277s] -- Up-to-date: /home/vincenzo/Documenti/AMR/ros2pythonvenv/src/lab7workspace/tiagoworkspace/install/pal_robotiq_description/share/pal_robotiq_description/meshes/collision/robotiq_140_outer_knuckle.stl
[0.277s] -- Up-to-date: /home/vincenzo/Documenti/AMR/ros2pythonvenv/src/lab7workspace/tiagoworkspace/install/pal_robotiq_description/share/pal_robotiq_description/meshes/visual
[0.277s] -- Up-to-date: /home/vincenzo/Documenti/AMR/ros2pythonvenv/src/lab7workspace/tiagoworkspace/install/pal_robotiq_description/share/pal_robotiq_description/meshes/visual/robotiq_base_link.stl
[0.277s] -- Up-to-date: /home/vincenzo/Documenti/AMR/ros2pythonvenv/src/lab7workspace/tiagoworkspace/install/pal_robotiq_description/share/pal_robotiq_description/meshes/visual/robotiq_85_inner_knuckle.dae
[0.277s] -- Up-to-date: /home/vincenzo/Documenti/AMR/ros2pythonvenv/src/lab7workspace/tiagoworkspace/install/pal_robotiq_description/share/pal_robotiq_description/meshes/visual/robotiq_140_outer_finger.stl
[0.277s] -- Up-to-date: /home/vincenzo/Documenti/AMR/ros2pythonvenv/src/lab7workspace/tiagoworkspace/install/pal_robotiq_description/share/pal_robotiq_description/meshes/visual/robotiq_140_inner_knuckle.stl
[0.277s] -- Up-to-date: /home/vincenzo/Documenti/AMR/ros2pythonvenv/src/lab7workspace/tiagoworkspace/install/pal_robotiq_description/share/pal_robotiq_description/meshes/visual/robotiq_85_inner_finger.dae
[0.277s] -- Up-to-date: /home/vincenzo/Documenti/AMR/ros2pythonvenv/src/lab7workspace/tiagoworkspace/install/pal_robotiq_description/share/pal_robotiq_description/meshes/visual/robotiq_85_outer_finger.dae
[0.277s] -- Up-to-date: /home/vincenzo/Documenti/AMR/ros2pythonvenv/src/lab7workspace/tiagoworkspace/install/pal_robotiq_description/share/pal_robotiq_description/meshes/visual/pal_robotiq_coupling.stl
[0.278s] -- Up-to-date: /home/vincenzo/Documenti/AMR/ros2pythonvenv/src/lab7workspace/tiagoworkspace/install/pal_robotiq_description/share/pal_robotiq_description/meshes/visual/robotiq_140_inner_finger.stl
[0.278s] -- Up-to-date: /home/vincenzo/Documenti/AMR/ros2pythonvenv/src/lab7workspace/tiagoworkspace/install/pal_robotiq_description/share/pal_robotiq_description/meshes/visual/robotiq_coupling.stl
[0.278s] -- Up-to-date: /home/vincenzo/Documenti/AMR/ros2pythonvenv/src/lab7workspace/tiagoworkspace/install/pal_robotiq_description/share/pal_robotiq_description/meshes/visual/robotiq_85_outer_knuckle.dae
[0.278s] -- Up-to-date: /home/vincenzo/Documenti/AMR/ros2pythonvenv/src/lab7workspace/tiagoworkspace/install/pal_robotiq_description/share/pal_robotiq_description/meshes/visual/robotiq_85_pad.dae
[0.278s] -- Up-to-date: /home/vincenzo/Documenti/AMR/ros2pythonvenv/src/lab7workspace/tiagoworkspace/install/pal_robotiq_description/share/pal_robotiq_description/meshes/visual/robotiq_140_outer_knuckle.stl
[0.278s] -- Up-to-date: /home/vincenzo/Documenti/AMR/ros2pythonvenv/src/lab7workspace/tiagoworkspace/install/pal_robotiq_description/share/pal_robotiq_description/robots
[0.278s] -- Up-to-date: /home/vincenzo/Documenti/AMR/ros2pythonvenv/src/lab7workspace/tiagoworkspace/install/pal_robotiq_description/share/pal_robotiq_description/robots/pal_robotiq_2f_85_gripper.urdf.xacro
[0.278s] -- Up-to-date: /home/vincenzo/Documenti/AMR/ros2pythonvenv/src/lab7workspace/tiagoworkspace/install/pal_robotiq_description/share/pal_robotiq_description/robots/pal_robotiq_2f_140_gripper.urdf.xacro
[0.278s] -- Up-to-date: /home/vincenzo/Documenti/AMR/ros2pythonvenv/src/lab7workspace/tiagoworkspace/install/pal_robotiq_description/share/pal_robotiq_description/robots/pal_robotiq_epick_gripper.urdf.xacro
[0.278s] -- Up-to-date: /home/vincenzo/Documenti/AMR/ros2pythonvenv/src/lab7workspace/tiagoworkspace/install/pal_robotiq_description/share/pal_robotiq_description/urdf
[0.278s] -- Up-to-date: /home/vincenzo/Documenti/AMR/ros2pythonvenv/src/lab7workspace/tiagoworkspace/install/pal_robotiq_description/share/pal_robotiq_description/urdf/robotiq_85_gripper.urdf.xacro
[0.279s] -- Up-to-date: /home/vincenzo/Documenti/AMR/ros2pythonvenv/src/lab7workspace/tiagoworkspace/install/pal_robotiq_description/share/pal_robotiq_description/urdf/robotiq.transmission.xacro
[0.279s] -- Up-to-date: /home/vincenzo/Documenti/AMR/ros2pythonvenv/src/lab7workspace/tiagoworkspace/install/pal_robotiq_description/share/pal_robotiq_description/urdf/robotiq.ros2_control.xacro
[0.279s] -- Up-to-date: /home/vincenzo/Documenti/AMR/ros2pythonvenv/src/lab7workspace/tiagoworkspace/install/pal_robotiq_description/share/pal_robotiq_description/urdf/grasping_frames.xacro
[0.279s] -- Up-to-date: /home/vincenzo/Documenti/AMR/ros2pythonvenv/src/lab7workspace/tiagoworkspace/install/pal_robotiq_description/share/pal_robotiq_description/urdf/robotiq_140_gripper.urdf.xacro
[0.279s] -- Up-to-date: /home/vincenzo/Documenti/AMR/ros2pythonvenv/src/lab7workspace/tiagoworkspace/install/pal_robotiq_description/share/pal_robotiq_description/launch
[0.279s] -- Up-to-date: /home/vincenzo/Documenti/AMR/ros2pythonvenv/src/lab7workspace/tiagoworkspace/install/pal_robotiq_description/share/pal_robotiq_description/launch/robot_state_publisher.launch.py
[0.279s] -- Up-to-date: /home/vincenzo/Documenti/AMR/ros2pythonvenv/src/lab7workspace/tiagoworkspace/install/pal_robotiq_description/share/pal_robotiq_description/launch/show.launch.py
[0.279s] -- Up-to-date: /home/vincenzo/Documenti/AMR/ros2pythonvenv/src/lab7workspace/tiagoworkspace/install/pal_robotiq_description/share/pal_robotiq_description/config
[0.279s] -- Up-to-date: /home/vincenzo/Documenti/AMR/ros2pythonvenv/src/lab7workspace/tiagoworkspace/install/pal_robotiq_description/share/pal_robotiq_description/config/pal_robotiq_urdf.rviz
[0.279s] -- Up-to-date: /home/vincenzo/Documenti/AMR/ros2pythonvenv/src/lab7workspace/tiagoworkspace/install/pal_robotiq_description/share/ament_index/resource_index/package_run_dependencies/pal_robotiq_description
[0.279s] -- Up-to-date: /home/vincenzo/Documenti/AMR/ros2pythonvenv/src/lab7workspace/tiagoworkspace/install/pal_robotiq_description/share/ament_index/resource_index/parent_prefix_path/pal_robotiq_description
[0.280s] -- Up-to-date: /home/vincenzo/Documenti/AMR/ros2pythonvenv/src/lab7workspace/tiagoworkspace/install/pal_robotiq_description/share/pal_robotiq_description/environment/ament_prefix_path.sh
[0.280s] -- Up-to-date: /home/vincenzo/Documenti/AMR/ros2pythonvenv/src/lab7workspace/tiagoworkspace/install/pal_robotiq_description/share/pal_robotiq_description/environment/ament_prefix_path.dsv
[0.280s] -- Up-to-date: /home/vincenzo/Documenti/AMR/ros2pythonvenv/src/lab7workspace/tiagoworkspace/install/pal_robotiq_description/share/pal_robotiq_description/environment/path.sh
[0.280s] -- Up-to-date: /home/vincenzo/Documenti/AMR/ros2pythonvenv/src/lab7workspace/tiagoworkspace/install/pal_robotiq_description/share/pal_robotiq_description/environment/path.dsv
[0.280s] -- Up-to-date: /home/vincenzo/Documenti/AMR/ros2pythonvenv/src/lab7workspace/tiagoworkspace/install/pal_robotiq_description/share/pal_robotiq_description/local_setup.bash
[0.280s] -- Up-to-date: /home/vincenzo/Documenti/AMR/ros2pythonvenv/src/lab7workspace/tiagoworkspace/install/pal_robotiq_description/share/pal_robotiq_description/local_setup.sh
[0.280s] -- Up-to-date: /home/vincenzo/Documenti/AMR/ros2pythonvenv/src/lab7workspace/tiagoworkspace/install/pal_robotiq_description/share/pal_robotiq_description/local_setup.zsh
[0.280s] -- Up-to-date: /home/vincenzo/Documenti/AMR/ros2pythonvenv/src/lab7workspace/tiagoworkspace/install/pal_robotiq_description/share/pal_robotiq_description/local_setup.dsv
[0.281s] -- Installing: /home/vincenzo/Documenti/AMR/ros2pythonvenv/src/lab7workspace/tiagoworkspace/install/pal_robotiq_description/share/pal_robotiq_description/package.dsv
[0.281s] -- Up-to-date: /home/vincenzo/Documenti/AMR/ros2pythonvenv/src/lab7workspace/tiagoworkspace/install/pal_robotiq_description/share/ament_index/resource_index/packages/pal_robotiq_description
[0.281s] -- Up-to-date: /home/vincenzo/Documenti/AMR/ros2pythonvenv/src/lab7workspace/tiagoworkspace/install/pal_robotiq_description/share/pal_robotiq_description/cmake/pal_robotiq_descriptionConfig.cmake
[0.281s] -- Up-to-date: /home/vincenzo/Documenti/AMR/ros2pythonvenv/src/lab7workspace/tiagoworkspace/install/pal_robotiq_description/share/pal_robotiq_description/cmake/pal_robotiq_descriptionConfig-version.cmake
[0.281s] -- Up-to-date: /home/vincenzo/Documenti/AMR/ros2pythonvenv/src/lab7workspace/tiagoworkspace/install/pal_robotiq_description/share/pal_robotiq_description/package.xml
[0.349s] Invoked command in '/home/vincenzo/Documenti/AMR/ros2pythonvenv/src/lab7workspace/tiagoworkspace/build/pal_robotiq_description' returned '0': CMAKE_PREFIX_PATH=${CMAKE_PREFIX_PATH}:/home/vincenzo/Documenti/AMR/ros2pythonvenv/src/lab7workspace/ros2workspace/install/rqt_controller_manager:/home/vincenzo/Documenti/AMR/ros2pythonvenv/src/lab7workspace/ros2workspace/install/ros2controlcli:/home/vincenzo/Documenti/AMR/ros2pythonvenv/src/lab7workspace/ros2workspace/install/ros2_controllers_test_nodes:/opt/ros/humble PS1=(ros2pythonvenv) \[\e]0;\u@\h: \w\a\]${debian_chroot:+($debian_chroot)}\[\033[01;32m\]\u@\h\[\033[00m\]:\[\033[01;34m\]\w\[\033[00m\]\$ VIRTUAL_ENV_PROMPT=(ros2pythonvenv) /usr/bin/cmake --install /home/vincenzo/Documenti/AMR/ros2pythonvenv/src/lab7workspace/tiagoworkspace/build/pal_robotiq_description
