[0.011s] Invoking command in '/home/vincenzo/Documenti/AMR/ros2pythonvenv/src/lab2workspace/build/cpp_pubsub': CMAKE_PREFIX_PATH=${CMAKE_PREFIX_PATH}:/home/vincenzo/Documenti/AMR/ros2pythonvenv/src/lab2workspace/install/my_python_package:/opt/ros/humble PS1=(ros2pythonvenv) \[\e]0;\u@\h: \w\a\]${debian_chroot:+($debian_chroot)}\[\033[01;32m\]\u@\h\[\033[00m\]:\[\033[01;34m\]\w\[\033[00m\]\$ VIRTUAL_ENV_PROMPT=(ros2pythonvenv) /usr/bin/cmake --build /home/vincenzo/Documenti/AMR/ros2pythonvenv/src/lab2workspace/build/cpp_pubsub -- -j16 -l16
[0.030s] -- Found ament_cmake: 1.3.12 (/opt/ros/humble/share/ament_cmake/cmake)
[0.110s] -- Found rclcpp: 16.0.14 (/opt/ros/humble/share/rclcpp/cmake)
[0.129s] -- Found rosidl_generator_c: 3.1.7 (/opt/ros/humble/share/rosidl_generator_c/cmake)
[0.130s] -- Found rosidl_adapter: 3.1.7 (/opt/ros/humble/share/rosidl_adapter/cmake)
[0.134s] -- Found rosidl_generator_cpp: 3.1.7 (/opt/ros/humble/share/rosidl_generator_cpp/cmake)
[0.140s] -- Using all available rosidl_typesupport_c: rosidl_typesupport_fastrtps_c;rosidl_typesupport_introspection_c
[0.148s] -- Using all available rosidl_typesupport_cpp: rosidl_typesupport_fastrtps_cpp;rosidl_typesupport_introspection_cpp
[0.168s] -- Found rmw_implementation_cmake: 6.1.2 (/opt/ros/humble/share/rmw_implementation_cmake/cmake)
[0.169s] -- Found rmw_fastrtps_cpp: 6.2.8 (/opt/ros/humble/share/rmw_fastrtps_cpp/cmake)
[0.233s] -- Using RMW implementation 'rmw_fastrtps_cpp' as default
[0.264s] -- Found ament_lint_auto: 0.12.14 (/opt/ros/humble/share/ament_lint_auto/cmake)
[0.321s] -- Added test 'cppcheck' to perform static code analysis on C / C++ code
[0.321s] -- Configured cppcheck include dirs: 
[0.321s] -- Configured cppcheck exclude dirs and/or files: 
[0.321s] -- Added test 'lint_cmake' to check CMake code style
[0.322s] -- Added test 'uncrustify' to check C / C++ code style
[0.322s] -- Configured uncrustify additional arguments: 
[0.322s] -- Added test 'xmllint' to check XML markup files
[0.322s] -- Configuring done
[0.328s] -- Generating done
[0.331s] -- Build files have been written to: /home/vincenzo/Documenti/AMR/ros2pythonvenv/src/lab2workspace/build/cpp_pubsub
[0.350s] [35m[1mConsolidate compiler generated dependencies of target talker[0m
[0.360s] [ 25%] [32mBuilding CXX object CMakeFiles/listener.dir/src/subscriber_member_function.cpp.o[0m
[0.363s] [ 75%] Built target talker
[5.142s] [100%] [32m[1mLinking CXX executable listener[0m
[5.362s] [100%] Built target listener
[5.374s] Invoked command in '/home/vincenzo/Documenti/AMR/ros2pythonvenv/src/lab2workspace/build/cpp_pubsub' returned '0': CMAKE_PREFIX_PATH=${CMAKE_PREFIX_PATH}:/home/vincenzo/Documenti/AMR/ros2pythonvenv/src/lab2workspace/install/my_python_package:/opt/ros/humble PS1=(ros2pythonvenv) \[\e]0;\u@\h: \w\a\]${debian_chroot:+($debian_chroot)}\[\033[01;32m\]\u@\h\[\033[00m\]:\[\033[01;34m\]\w\[\033[00m\]\$ VIRTUAL_ENV_PROMPT=(ros2pythonvenv) /usr/bin/cmake --build /home/vincenzo/Documenti/AMR/ros2pythonvenv/src/lab2workspace/build/cpp_pubsub -- -j16 -l16
[5.374s] Invoking command in '/home/vincenzo/Documenti/AMR/ros2pythonvenv/src/lab2workspace/build/cpp_pubsub': CMAKE_PREFIX_PATH=${CMAKE_PREFIX_PATH}:/home/vincenzo/Documenti/AMR/ros2pythonvenv/src/lab2workspace/install/my_python_package:/opt/ros/humble PS1=(ros2pythonvenv) \[\e]0;\u@\h: \w\a\]${debian_chroot:+($debian_chroot)}\[\033[01;32m\]\u@\h\[\033[00m\]:\[\033[01;34m\]\w\[\033[00m\]\$ VIRTUAL_ENV_PROMPT=(ros2pythonvenv) /usr/bin/cmake --install /home/vincenzo/Documenti/AMR/ros2pythonvenv/src/lab2workspace/build/cpp_pubsub
[5.378s] -- Install configuration: ""
[5.378s] -- Up-to-date: /home/vincenzo/Documenti/AMR/ros2pythonvenv/src/lab2workspace/install/cpp_pubsub/share/ament_index/resource_index/package_run_dependencies/cpp_pubsub
[5.378s] -- Up-to-date: /home/vincenzo/Documenti/AMR/ros2pythonvenv/src/lab2workspace/install/cpp_pubsub/share/ament_index/resource_index/parent_prefix_path/cpp_pubsub
[5.378s] -- Up-to-date: /home/vincenzo/Documenti/AMR/ros2pythonvenv/src/lab2workspace/install/cpp_pubsub/share/cpp_pubsub/environment/ament_prefix_path.sh
[5.379s] -- Installing: /home/vincenzo/Documenti/AMR/ros2pythonvenv/src/lab2workspace/install/cpp_pubsub/share/cpp_pubsub/environment/ament_prefix_path.dsv
[5.379s] -- Up-to-date: /home/vincenzo/Documenti/AMR/ros2pythonvenv/src/lab2workspace/install/cpp_pubsub/share/cpp_pubsub/environment/path.sh
[5.379s] -- Installing: /home/vincenzo/Documenti/AMR/ros2pythonvenv/src/lab2workspace/install/cpp_pubsub/share/cpp_pubsub/environment/path.dsv
[5.379s] -- Up-to-date: /home/vincenzo/Documenti/AMR/ros2pythonvenv/src/lab2workspace/install/cpp_pubsub/share/cpp_pubsub/local_setup.bash
[5.379s] -- Up-to-date: /home/vincenzo/Documenti/AMR/ros2pythonvenv/src/lab2workspace/install/cpp_pubsub/share/cpp_pubsub/local_setup.sh
[5.379s] -- Up-to-date: /home/vincenzo/Documenti/AMR/ros2pythonvenv/src/lab2workspace/install/cpp_pubsub/share/cpp_pubsub/local_setup.zsh
[5.379s] -- Installing: /home/vincenzo/Documenti/AMR/ros2pythonvenv/src/lab2workspace/install/cpp_pubsub/share/cpp_pubsub/local_setup.dsv
[5.379s] -- Installing: /home/vincenzo/Documenti/AMR/ros2pythonvenv/src/lab2workspace/install/cpp_pubsub/share/cpp_pubsub/package.dsv
[5.379s] -- Up-to-date: /home/vincenzo/Documenti/AMR/ros2pythonvenv/src/lab2workspace/install/cpp_pubsub/share/ament_index/resource_index/packages/cpp_pubsub
[5.379s] -- Up-to-date: /home/vincenzo/Documenti/AMR/ros2pythonvenv/src/lab2workspace/install/cpp_pubsub/share/cpp_pubsub/cmake/cpp_pubsubConfig.cmake
[5.379s] -- Up-to-date: /home/vincenzo/Documenti/AMR/ros2pythonvenv/src/lab2workspace/install/cpp_pubsub/share/cpp_pubsub/cmake/cpp_pubsubConfig-version.cmake
[5.379s] -- Up-to-date: /home/vincenzo/Documenti/AMR/ros2pythonvenv/src/lab2workspace/install/cpp_pubsub/share/cpp_pubsub/package.xml
[5.379s] -- Up-to-date: /home/vincenzo/Documenti/AMR/ros2pythonvenv/src/lab2workspace/install/cpp_pubsub/lib/cpp_pubsub/talker
[5.379s] -- Up-to-date: /home/vincenzo/Documenti/AMR/ros2pythonvenv/src/lab2workspace/install/cpp_pubsub/lib/cpp_pubsub/talker
[5.379s] -- Installing: /home/vincenzo/Documenti/AMR/ros2pythonvenv/src/lab2workspace/install/cpp_pubsub/lib/cpp_pubsub/listener
[5.381s] -- Set runtime path of "/home/vincenzo/Documenti/AMR/ros2pythonvenv/src/lab2workspace/install/cpp_pubsub/lib/cpp_pubsub/listener" to ""
[5.383s] Invoked command in '/home/vincenzo/Documenti/AMR/ros2pythonvenv/src/lab2workspace/build/cpp_pubsub' returned '0': CMAKE_PREFIX_PATH=${CMAKE_PREFIX_PATH}:/home/vincenzo/Documenti/AMR/ros2pythonvenv/src/lab2workspace/install/my_python_package:/opt/ros/humble PS1=(ros2pythonvenv) \[\e]0;\u@\h: \w\a\]${debian_chroot:+($debian_chroot)}\[\033[01;32m\]\u@\h\[\033[00m\]:\[\033[01;34m\]\w\[\033[00m\]\$ VIRTUAL_ENV_PROMPT=(ros2pythonvenv) /usr/bin/cmake --install /home/vincenzo/Documenti/AMR/ros2pythonvenv/src/lab2workspace/build/cpp_pubsub
