[0.018s] Invoking command in '/home/vincenzo/Documenti/AMR/ros2pythonvenv/src/lab7workspace/ros2workspace/build/controller_manager': AMENT_PREFIX_PATH=/home/vincenzo/Documenti/AMR/ros2pythonvenv/src/lab7workspace/ros2workspace/install/hardware_interface_testing:/home/vincenzo/Documenti/AMR/ros2pythonvenv/src/lab7workspace/ros2workspace/install/controller_interface:/home/vincenzo/Documenti/AMR/ros2pythonvenv/src/lab7workspace/ros2workspace/install/hardware_interface:/home/vincenzo/Documenti/AMR/ros2pythonvenv/src/lab7workspace/ros2workspace/install/ros2_control_test_assets:/home/vincenzo/Documenti/AMR/ros2pythonvenv/src/lab7workspace/ros2workspace/install/realtime_tools:/home/vincenzo/Documenti/AMR/ros2pythonvenv/src/lab7workspace/ros2workspace/install/controller_manager_msgs:/home/vincenzo/Documenti/AMR/ros2pythonvenv/src/lab7workspace/ros2workspace/install/control_msgs:${AMENT_PREFIX_PATH} CMAKE_PREFIX_PATH=/home/vincenzo/Documenti/AMR/ros2pythonvenv/src/lab7workspace/ros2workspace/install/hardware_interface_testing:/home/vincenzo/Documenti/AMR/ros2pythonvenv/src/lab7workspace/ros2workspace/install/controller_interface:/home/vincenzo/Documenti/AMR/ros2pythonvenv/src/lab7workspace/ros2workspace/install/hardware_interface:/home/vincenzo/Documenti/AMR/ros2pythonvenv/src/lab7workspace/ros2workspace/install/ros2_control_test_assets:/home/vincenzo/Documenti/AMR/ros2pythonvenv/src/lab7workspace/ros2workspace/install/realtime_tools:/home/vincenzo/Documenti/AMR/ros2pythonvenv/src/lab7workspace/ros2workspace/install/controller_manager_msgs:/home/vincenzo/Documenti/AMR/ros2pythonvenv/src/lab7workspace/ros2workspace/install/control_msgs:/opt/ros/humble LD_LIBRARY_PATH=/home/vincenzo/Documenti/AMR/ros2pythonvenv/src/lab7workspace/ros2workspace/install/hardware_interface_testing/lib:/home/vincenzo/Documenti/AMR/ros2pythonvenv/src/lab7workspace/ros2workspace/install/controller_interface/lib:/home/vincenzo/Documenti/AMR/ros2pythonvenv/src/lab7workspace/ros2workspace/install/hardware_interface/lib:/home/vincenzo/Documenti/AMR/ros2pythonvenv/src/lab7workspace/ros2workspace/install/realtime_tools/lib:/home/vincenzo/Documenti/AMR/ros2pythonvenv/src/lab7workspace/ros2workspace/install/controller_manager_msgs/lib:/home/vincenzo/Documenti/AMR/ros2pythonvenv/src/lab7workspace/ros2workspace/install/control_msgs/lib:/usr/lib/x86_64-linux-gnu/gazebo-11/plugins:/opt/ros/humble/opt/rviz_ogre_vendor/lib:/opt/ros/humble/lib/x86_64-linux-gnu:/opt/ros/humble/lib:/usr/lib/x86_64-linux-gnu/gazebo-11/plugins PS1=(ros2pythonvenv) \[\e]0;\u@\h: \w\a\]${debian_chroot:+($debian_chroot)}\[\033[01;32m\]\u@\h\[\033[00m\]:\[\033[01;34m\]\w\[\033[00m\]\$ PYTHONPATH=/home/vincenzo/Documenti/AMR/ros2pythonvenv/src/lab7workspace/ros2workspace/install/controller_manager_msgs/lib/python3.10/site-packages:/home/vincenzo/Documenti/AMR/ros2pythonvenv/src/lab7workspace/ros2workspace/install/control_msgs/lib/python3.10/site-packages:${PYTHONPATH} VIRTUAL_ENV_PROMPT=(ros2pythonvenv) /usr/bin/cmake --build /home/vincenzo/Documenti/AMR/ros2pythonvenv/src/lab7workspace/ros2workspace/build/controller_manager -- -j16 -l16
[0.060s] [  5%] Built target gmock_main
[0.064s] [  5%] Built target ament_cmake_python_copy_controller_manager_setup
[0.065s] [  5%] Built target ament_cmake_python_copy_controller_manager
[0.065s] [ 14%] Built target gmock
[0.068s] [ 20%] Built target controller_manager
[0.092s] [ 25%] Built target test_controller_failed_init
[0.092s] [ 31%] Built target test_chainable_controller
[0.095s] [ 37%] Built target test_controller_with_interfaces
[0.096s] [ 42%] Built target test_controller_manager_urdf_passing
[0.097s] [ 48%] Built target ros2_control_node
[0.099s] [ 54%] Built target test_controller
[0.118s] [ 60%] Built target test_load_controller
[0.119s] [ 65%] Built target test_controller_manager_with_namespace.cpp
[0.119s] [ 77%] Built target test_controller_manager_srvs
[0.119s] [ 77%] Built target test_hardware_management_srvs
[0.119s] [ 82%] Built target test_controller_manager
[0.121s] [ 88%] Built target test_controllers_chaining_with_controller_manager
[0.121s] [ 94%] Built target test_spawner_unspawner
[0.125s] [100%] Built target test_release_interfaces
[0.216s] running egg_info
[0.216s] running install_scripts
[0.216s] writing controller_manager.egg-info/PKG-INFO
[0.217s] writing dependency_links to controller_manager.egg-info/dependency_links.txt
[0.217s] writing entry points to controller_manager.egg-info/entry_points.txt
[0.217s] writing top-level names to controller_manager.egg-info/top_level.txt
[0.218s] /home/vincenzo/Documenti/AMR/ros2pythonvenv/lib/python3.10/site-packages/setuptools/command/install.py:34: SetuptoolsDeprecationWarning: setup.py install is deprecated. Use build and pip and other standards-based tools.
[0.218s]   warnings.warn(
[0.218s] reading manifest file 'controller_manager.egg-info/SOURCES.txt'
[0.218s] writing manifest file 'controller_manager.egg-info/SOURCES.txt'
[0.231s] running egg_info
[0.232s] writing controller_manager.egg-info/PKG-INFO
[0.232s] writing dependency_links to controller_manager.egg-info/dependency_links.txt
[0.232s] writing entry points to controller_manager.egg-info/entry_points.txt
[0.232s] writing top-level names to controller_manager.egg-info/top_level.txt
[0.233s] reading manifest file 'controller_manager.egg-info/SOURCES.txt'
[0.233s] writing manifest file 'controller_manager.egg-info/SOURCES.txt'
[0.234s] Installing hardware_spawner script to scripts
[0.234s] Installing spawner script to scripts
[0.234s] Installing unspawner script to scripts
[0.238s] [100%] Built target ament_cmake_python_build_controller_manager_egg
[0.255s] [100%] Built target ament_cmake_python_build_controller_manager_scripts
[0.266s] Invoked command in '/home/vincenzo/Documenti/AMR/ros2pythonvenv/src/lab7workspace/ros2workspace/build/controller_manager' returned '0': AMENT_PREFIX_PATH=/home/vincenzo/Documenti/AMR/ros2pythonvenv/src/lab7workspace/ros2workspace/install/hardware_interface_testing:/home/vincenzo/Documenti/AMR/ros2pythonvenv/src/lab7workspace/ros2workspace/install/controller_interface:/home/vincenzo/Documenti/AMR/ros2pythonvenv/src/lab7workspace/ros2workspace/install/hardware_interface:/home/vincenzo/Documenti/AMR/ros2pythonvenv/src/lab7workspace/ros2workspace/install/ros2_control_test_assets:/home/vincenzo/Documenti/AMR/ros2pythonvenv/src/lab7workspace/ros2workspace/install/realtime_tools:/home/vincenzo/Documenti/AMR/ros2pythonvenv/src/lab7workspace/ros2workspace/install/controller_manager_msgs:/home/vincenzo/Documenti/AMR/ros2pythonvenv/src/lab7workspace/ros2workspace/install/control_msgs:${AMENT_PREFIX_PATH} CMAKE_PREFIX_PATH=/home/vincenzo/Documenti/AMR/ros2pythonvenv/src/lab7workspace/ros2workspace/install/hardware_interface_testing:/home/vincenzo/Documenti/AMR/ros2pythonvenv/src/lab7workspace/ros2workspace/install/controller_interface:/home/vincenzo/Documenti/AMR/ros2pythonvenv/src/lab7workspace/ros2workspace/install/hardware_interface:/home/vincenzo/Documenti/AMR/ros2pythonvenv/src/lab7workspace/ros2workspace/install/ros2_control_test_assets:/home/vincenzo/Documenti/AMR/ros2pythonvenv/src/lab7workspace/ros2workspace/install/realtime_tools:/home/vincenzo/Documenti/AMR/ros2pythonvenv/src/lab7workspace/ros2workspace/install/controller_manager_msgs:/home/vincenzo/Documenti/AMR/ros2pythonvenv/src/lab7workspace/ros2workspace/install/control_msgs:/opt/ros/humble LD_LIBRARY_PATH=/home/vincenzo/Documenti/AMR/ros2pythonvenv/src/lab7workspace/ros2workspace/install/hardware_interface_testing/lib:/home/vincenzo/Documenti/AMR/ros2pythonvenv/src/lab7workspace/ros2workspace/install/controller_interface/lib:/home/vincenzo/Documenti/AMR/ros2pythonvenv/src/lab7workspace/ros2workspace/install/hardware_interface/lib:/home/vincenzo/Documenti/AMR/ros2pythonvenv/src/lab7workspace/ros2workspace/install/realtime_tools/lib:/home/vincenzo/Documenti/AMR/ros2pythonvenv/src/lab7workspace/ros2workspace/install/controller_manager_msgs/lib:/home/vincenzo/Documenti/AMR/ros2pythonvenv/src/lab7workspace/ros2workspace/install/control_msgs/lib:/usr/lib/x86_64-linux-gnu/gazebo-11/plugins:/opt/ros/humble/opt/rviz_ogre_vendor/lib:/opt/ros/humble/lib/x86_64-linux-gnu:/opt/ros/humble/lib:/usr/lib/x86_64-linux-gnu/gazebo-11/plugins PS1=(ros2pythonvenv) \[\e]0;\u@\h: \w\a\]${debian_chroot:+($debian_chroot)}\[\033[01;32m\]\u@\h\[\033[00m\]:\[\033[01;34m\]\w\[\033[00m\]\$ PYTHONPATH=/home/vincenzo/Documenti/AMR/ros2pythonvenv/src/lab7workspace/ros2workspace/install/controller_manager_msgs/lib/python3.10/site-packages:/home/vincenzo/Documenti/AMR/ros2pythonvenv/src/lab7workspace/ros2workspace/install/control_msgs/lib/python3.10/site-packages:${PYTHONPATH} VIRTUAL_ENV_PROMPT=(ros2pythonvenv) /usr/bin/cmake --build /home/vincenzo/Documenti/AMR/ros2pythonvenv/src/lab7workspace/ros2workspace/build/controller_manager -- -j16 -l16
[0.267s] Invoking command in '/home/vincenzo/Documenti/AMR/ros2pythonvenv/src/lab7workspace/ros2workspace/build/controller_manager': AMENT_PREFIX_PATH=/home/vincenzo/Documenti/AMR/ros2pythonvenv/src/lab7workspace/ros2workspace/install/hardware_interface_testing:/home/vincenzo/Documenti/AMR/ros2pythonvenv/src/lab7workspace/ros2workspace/install/controller_interface:/home/vincenzo/Documenti/AMR/ros2pythonvenv/src/lab7workspace/ros2workspace/install/hardware_interface:/home/vincenzo/Documenti/AMR/ros2pythonvenv/src/lab7workspace/ros2workspace/install/ros2_control_test_assets:/home/vincenzo/Documenti/AMR/ros2pythonvenv/src/lab7workspace/ros2workspace/install/realtime_tools:/home/vincenzo/Documenti/AMR/ros2pythonvenv/src/lab7workspace/ros2workspace/install/controller_manager_msgs:/home/vincenzo/Documenti/AMR/ros2pythonvenv/src/lab7workspace/ros2workspace/install/control_msgs:${AMENT_PREFIX_PATH} CMAKE_PREFIX_PATH=/home/vincenzo/Documenti/AMR/ros2pythonvenv/src/lab7workspace/ros2workspace/install/hardware_interface_testing:/home/vincenzo/Documenti/AMR/ros2pythonvenv/src/lab7workspace/ros2workspace/install/controller_interface:/home/vincenzo/Documenti/AMR/ros2pythonvenv/src/lab7workspace/ros2workspace/install/hardware_interface:/home/vincenzo/Documenti/AMR/ros2pythonvenv/src/lab7workspace/ros2workspace/install/ros2_control_test_assets:/home/vincenzo/Documenti/AMR/ros2pythonvenv/src/lab7workspace/ros2workspace/install/realtime_tools:/home/vincenzo/Documenti/AMR/ros2pythonvenv/src/lab7workspace/ros2workspace/install/controller_manager_msgs:/home/vincenzo/Documenti/AMR/ros2pythonvenv/src/lab7workspace/ros2workspace/install/control_msgs:/opt/ros/humble LD_LIBRARY_PATH=/home/vincenzo/Documenti/AMR/ros2pythonvenv/src/lab7workspace/ros2workspace/install/hardware_interface_testing/lib:/home/vincenzo/Documenti/AMR/ros2pythonvenv/src/lab7workspace/ros2workspace/install/controller_interface/lib:/home/vincenzo/Documenti/AMR/ros2pythonvenv/src/lab7workspace/ros2workspace/install/hardware_interface/lib:/home/vincenzo/Documenti/AMR/ros2pythonvenv/src/lab7workspace/ros2workspace/install/realtime_tools/lib:/home/vincenzo/Documenti/AMR/ros2pythonvenv/src/lab7workspace/ros2workspace/install/controller_manager_msgs/lib:/home/vincenzo/Documenti/AMR/ros2pythonvenv/src/lab7workspace/ros2workspace/install/control_msgs/lib:/usr/lib/x86_64-linux-gnu/gazebo-11/plugins:/opt/ros/humble/opt/rviz_ogre_vendor/lib:/opt/ros/humble/lib/x86_64-linux-gnu:/opt/ros/humble/lib:/usr/lib/x86_64-linux-gnu/gazebo-11/plugins PS1=(ros2pythonvenv) \[\e]0;\u@\h: \w\a\]${debian_chroot:+($debian_chroot)}\[\033[01;32m\]\u@\h\[\033[00m\]:\[\033[01;34m\]\w\[\033[00m\]\$ PYTHONPATH=/home/vincenzo/Documenti/AMR/ros2pythonvenv/src/lab7workspace/ros2workspace/install/controller_manager_msgs/lib/python3.10/site-packages:/home/vincenzo/Documenti/AMR/ros2pythonvenv/src/lab7workspace/ros2workspace/install/control_msgs/lib/python3.10/site-packages:${PYTHONPATH} VIRTUAL_ENV_PROMPT=(ros2pythonvenv) /usr/bin/cmake --install /home/vincenzo/Documenti/AMR/ros2pythonvenv/src/lab7workspace/ros2workspace/build/controller_manager
[0.274s] -- Install configuration: ""
[0.274s] -- Up-to-date: /home/vincenzo/Documenti/AMR/ros2pythonvenv/src/lab7workspace/ros2workspace/install/controller_manager/lib/libcontroller_manager.so
[0.275s] -- Up-to-date: /home/vincenzo/Documenti/AMR/ros2pythonvenv/src/lab7workspace/ros2workspace/install/controller_manager/lib/controller_manager/ros2_control_node
[0.275s] -- Up-to-date: /home/vincenzo/Documenti/AMR/ros2pythonvenv/src/lab7workspace/ros2workspace/install/controller_manager/include
[0.275s] -- Up-to-date: /home/vincenzo/Documenti/AMR/ros2pythonvenv/src/lab7workspace/ros2workspace/install/controller_manager/include/controller_manager
[0.275s] -- Up-to-date: /home/vincenzo/Documenti/AMR/ros2pythonvenv/src/lab7workspace/ros2workspace/install/controller_manager/include/controller_manager/controller_spec.hpp
[0.275s] -- Up-to-date: /home/vincenzo/Documenti/AMR/ros2pythonvenv/src/lab7workspace/ros2workspace/install/controller_manager/include/controller_manager/visibility_control.h
[0.275s] -- Up-to-date: /home/vincenzo/Documenti/AMR/ros2pythonvenv/src/lab7workspace/ros2workspace/install/controller_manager/include/controller_manager/controller_manager.hpp
[0.275s] -- Up-to-date: /home/vincenzo/Documenti/AMR/ros2pythonvenv/src/lab7workspace/ros2workspace/install/controller_manager/share/controller_manager/test/test_controller/test_controller.xml
[0.275s] -- Up-to-date: /home/vincenzo/Documenti/AMR/ros2pythonvenv/src/lab7workspace/ros2workspace/install/controller_manager/lib/libtest_controller.so
[0.275s] -- Up-to-date: /home/vincenzo/Documenti/AMR/ros2pythonvenv/src/lab7workspace/ros2workspace/install/controller_manager/share/controller_manager/test/test_controller_failed_init/test_controller_failed_init.xml
[0.275s] -- Up-to-date: /home/vincenzo/Documenti/AMR/ros2pythonvenv/src/lab7workspace/ros2workspace/install/controller_manager/lib/libtest_controller_failed_init.so
[0.276s] -- Up-to-date: /home/vincenzo/Documenti/AMR/ros2pythonvenv/src/lab7workspace/ros2workspace/install/controller_manager/share/controller_manager/test/test_chainable_controller/test_chainable_controller.xml
[0.276s] -- Up-to-date: /home/vincenzo/Documenti/AMR/ros2pythonvenv/src/lab7workspace/ros2workspace/install/controller_manager/lib/libtest_chainable_controller.so
[0.276s] -- Up-to-date: /home/vincenzo/Documenti/AMR/ros2pythonvenv/src/lab7workspace/ros2workspace/install/controller_manager/share/controller_manager/test/test_controller_with_interfaces/test_controller_with_interfaces.xml
[0.276s] -- Up-to-date: /home/vincenzo/Documenti/AMR/ros2pythonvenv/src/lab7workspace/ros2workspace/install/controller_manager/lib/libtest_controller_with_interfaces.so
[0.276s] -- Up-to-date: /home/vincenzo/Documenti/AMR/ros2pythonvenv/src/lab7workspace/ros2workspace/install/controller_manager/share/controller_manager/environment/pythonpath.sh
[0.276s] -- Up-to-date: /home/vincenzo/Documenti/AMR/ros2pythonvenv/src/lab7workspace/ros2workspace/install/controller_manager/share/controller_manager/environment/pythonpath.dsv
[0.276s] -- Up-to-date: /home/vincenzo/Documenti/AMR/ros2pythonvenv/src/lab7workspace/ros2workspace/install/controller_manager/lib/python3.10/site-packages/controller_manager-2.41.0-py3.10.egg-info
[0.276s] -- Installing: /home/vincenzo/Documenti/AMR/ros2pythonvenv/src/lab7workspace/ros2workspace/install/controller_manager/lib/python3.10/site-packages/controller_manager-2.41.0-py3.10.egg-info/dependency_links.txt
[0.276s] -- Installing: /home/vincenzo/Documenti/AMR/ros2pythonvenv/src/lab7workspace/ros2workspace/install/controller_manager/lib/python3.10/site-packages/controller_manager-2.41.0-py3.10.egg-info/top_level.txt
[0.277s] -- Installing: /home/vincenzo/Documenti/AMR/ros2pythonvenv/src/lab7workspace/ros2workspace/install/controller_manager/lib/python3.10/site-packages/controller_manager-2.41.0-py3.10.egg-info/PKG-INFO
[0.277s] -- Installing: /home/vincenzo/Documenti/AMR/ros2pythonvenv/src/lab7workspace/ros2workspace/install/controller_manager/lib/python3.10/site-packages/controller_manager-2.41.0-py3.10.egg-info/SOURCES.txt
[0.277s] -- Installing: /home/vincenzo/Documenti/AMR/ros2pythonvenv/src/lab7workspace/ros2workspace/install/controller_manager/lib/python3.10/site-packages/controller_manager-2.41.0-py3.10.egg-info/entry_points.txt
[0.277s] -- Up-to-date: /home/vincenzo/Documenti/AMR/ros2pythonvenv/src/lab7workspace/ros2workspace/install/controller_manager/lib/controller_manager/
[0.277s] -- Installing: /home/vincenzo/Documenti/AMR/ros2pythonvenv/src/lab7workspace/ros2workspace/install/controller_manager/lib/controller_manager//spawner
[0.277s] -- Installing: /home/vincenzo/Documenti/AMR/ros2pythonvenv/src/lab7workspace/ros2workspace/install/controller_manager/lib/controller_manager//hardware_spawner
[0.277s] -- Installing: /home/vincenzo/Documenti/AMR/ros2pythonvenv/src/lab7workspace/ros2workspace/install/controller_manager/lib/controller_manager//unspawner
[0.277s] -- Up-to-date: /home/vincenzo/Documenti/AMR/ros2pythonvenv/src/lab7workspace/ros2workspace/install/controller_manager/lib/python3.10/site-packages/controller_manager
[0.277s] -- Up-to-date: /home/vincenzo/Documenti/AMR/ros2pythonvenv/src/lab7workspace/ros2workspace/install/controller_manager/lib/python3.10/site-packages/controller_manager/__init__.py
[0.277s] -- Up-to-date: /home/vincenzo/Documenti/AMR/ros2pythonvenv/src/lab7workspace/ros2workspace/install/controller_manager/lib/python3.10/site-packages/controller_manager/hardware_spawner.py
[0.277s] -- Up-to-date: /home/vincenzo/Documenti/AMR/ros2pythonvenv/src/lab7workspace/ros2workspace/install/controller_manager/lib/python3.10/site-packages/controller_manager/spawner.py
[0.277s] -- Up-to-date: /home/vincenzo/Documenti/AMR/ros2pythonvenv/src/lab7workspace/ros2workspace/install/controller_manager/lib/python3.10/site-packages/controller_manager/unspawner.py
[0.277s] -- Up-to-date: /home/vincenzo/Documenti/AMR/ros2pythonvenv/src/lab7workspace/ros2workspace/install/controller_manager/lib/python3.10/site-packages/controller_manager/launch_utils.py
[0.278s] -- Up-to-date: /home/vincenzo/Documenti/AMR/ros2pythonvenv/src/lab7workspace/ros2workspace/install/controller_manager/lib/python3.10/site-packages/controller_manager/controller_manager_services.py
[0.305s] Listing '/home/vincenzo/Documenti/AMR/ros2pythonvenv/src/lab7workspace/ros2workspace/install/controller_manager/lib/python3.10/site-packages/controller_manager'...
[0.307s] -- Up-to-date: /home/vincenzo/Documenti/AMR/ros2pythonvenv/src/lab7workspace/ros2workspace/install/controller_manager/share/controller_manager/environment/library_path.sh
[0.307s] -- Up-to-date: /home/vincenzo/Documenti/AMR/ros2pythonvenv/src/lab7workspace/ros2workspace/install/controller_manager/share/controller_manager/environment/library_path.dsv
[0.307s] -- Up-to-date: /home/vincenzo/Documenti/AMR/ros2pythonvenv/src/lab7workspace/ros2workspace/install/controller_manager/share/ament_index/resource_index/package_run_dependencies/controller_manager
[0.307s] -- Up-to-date: /home/vincenzo/Documenti/AMR/ros2pythonvenv/src/lab7workspace/ros2workspace/install/controller_manager/share/ament_index/resource_index/parent_prefix_path/controller_manager
[0.307s] -- Up-to-date: /home/vincenzo/Documenti/AMR/ros2pythonvenv/src/lab7workspace/ros2workspace/install/controller_manager/share/controller_manager/environment/ament_prefix_path.sh
[0.307s] -- Up-to-date: /home/vincenzo/Documenti/AMR/ros2pythonvenv/src/lab7workspace/ros2workspace/install/controller_manager/share/controller_manager/environment/ament_prefix_path.dsv
[0.308s] -- Up-to-date: /home/vincenzo/Documenti/AMR/ros2pythonvenv/src/lab7workspace/ros2workspace/install/controller_manager/share/controller_manager/environment/path.sh
[0.308s] -- Up-to-date: /home/vincenzo/Documenti/AMR/ros2pythonvenv/src/lab7workspace/ros2workspace/install/controller_manager/share/controller_manager/environment/path.dsv
[0.308s] -- Up-to-date: /home/vincenzo/Documenti/AMR/ros2pythonvenv/src/lab7workspace/ros2workspace/install/controller_manager/share/controller_manager/local_setup.bash
[0.308s] -- Up-to-date: /home/vincenzo/Documenti/AMR/ros2pythonvenv/src/lab7workspace/ros2workspace/install/controller_manager/share/controller_manager/local_setup.sh
[0.308s] -- Up-to-date: /home/vincenzo/Documenti/AMR/ros2pythonvenv/src/lab7workspace/ros2workspace/install/controller_manager/share/controller_manager/local_setup.zsh
[0.308s] -- Up-to-date: /home/vincenzo/Documenti/AMR/ros2pythonvenv/src/lab7workspace/ros2workspace/install/controller_manager/share/controller_manager/local_setup.dsv
[0.308s] -- Installing: /home/vincenzo/Documenti/AMR/ros2pythonvenv/src/lab7workspace/ros2workspace/install/controller_manager/share/controller_manager/package.dsv
[0.308s] -- Up-to-date: /home/vincenzo/Documenti/AMR/ros2pythonvenv/src/lab7workspace/ros2workspace/install/controller_manager/share/ament_index/resource_index/packages/controller_manager
[0.308s] -- Up-to-date: /home/vincenzo/Documenti/AMR/ros2pythonvenv/src/lab7workspace/ros2workspace/install/controller_manager/share/ament_index/resource_index/controller_interface__pluginlib__plugin/controller_manager
[0.308s] -- Up-to-date: /home/vincenzo/Documenti/AMR/ros2pythonvenv/src/lab7workspace/ros2workspace/install/controller_manager/share/controller_manager/cmake/ament_cmake_export_libraries-extras.cmake
[0.308s] -- Up-to-date: /home/vincenzo/Documenti/AMR/ros2pythonvenv/src/lab7workspace/ros2workspace/install/controller_manager/share/controller_manager/cmake/ament_cmake_export_include_directories-extras.cmake
[0.308s] -- Up-to-date: /home/vincenzo/Documenti/AMR/ros2pythonvenv/src/lab7workspace/ros2workspace/install/controller_manager/share/controller_manager/cmake/ament_cmake_export_dependencies-extras.cmake
[0.308s] -- Up-to-date: /home/vincenzo/Documenti/AMR/ros2pythonvenv/src/lab7workspace/ros2workspace/install/controller_manager/share/controller_manager/cmake/controller_managerConfig.cmake
[0.308s] -- Up-to-date: /home/vincenzo/Documenti/AMR/ros2pythonvenv/src/lab7workspace/ros2workspace/install/controller_manager/share/controller_manager/cmake/controller_managerConfig-version.cmake
[0.308s] -- Up-to-date: /home/vincenzo/Documenti/AMR/ros2pythonvenv/src/lab7workspace/ros2workspace/install/controller_manager/share/controller_manager/package.xml
[0.309s] Invoked command in '/home/vincenzo/Documenti/AMR/ros2pythonvenv/src/lab7workspace/ros2workspace/build/controller_manager' returned '0': AMENT_PREFIX_PATH=/home/vincenzo/Documenti/AMR/ros2pythonvenv/src/lab7workspace/ros2workspace/install/hardware_interface_testing:/home/vincenzo/Documenti/AMR/ros2pythonvenv/src/lab7workspace/ros2workspace/install/controller_interface:/home/vincenzo/Documenti/AMR/ros2pythonvenv/src/lab7workspace/ros2workspace/install/hardware_interface:/home/vincenzo/Documenti/AMR/ros2pythonvenv/src/lab7workspace/ros2workspace/install/ros2_control_test_assets:/home/vincenzo/Documenti/AMR/ros2pythonvenv/src/lab7workspace/ros2workspace/install/realtime_tools:/home/vincenzo/Documenti/AMR/ros2pythonvenv/src/lab7workspace/ros2workspace/install/controller_manager_msgs:/home/vincenzo/Documenti/AMR/ros2pythonvenv/src/lab7workspace/ros2workspace/install/control_msgs:${AMENT_PREFIX_PATH} CMAKE_PREFIX_PATH=/home/vincenzo/Documenti/AMR/ros2pythonvenv/src/lab7workspace/ros2workspace/install/hardware_interface_testing:/home/vincenzo/Documenti/AMR/ros2pythonvenv/src/lab7workspace/ros2workspace/install/controller_interface:/home/vincenzo/Documenti/AMR/ros2pythonvenv/src/lab7workspace/ros2workspace/install/hardware_interface:/home/vincenzo/Documenti/AMR/ros2pythonvenv/src/lab7workspace/ros2workspace/install/ros2_control_test_assets:/home/vincenzo/Documenti/AMR/ros2pythonvenv/src/lab7workspace/ros2workspace/install/realtime_tools:/home/vincenzo/Documenti/AMR/ros2pythonvenv/src/lab7workspace/ros2workspace/install/controller_manager_msgs:/home/vincenzo/Documenti/AMR/ros2pythonvenv/src/lab7workspace/ros2workspace/install/control_msgs:/opt/ros/humble LD_LIBRARY_PATH=/home/vincenzo/Documenti/AMR/ros2pythonvenv/src/lab7workspace/ros2workspace/install/hardware_interface_testing/lib:/home/vincenzo/Documenti/AMR/ros2pythonvenv/src/lab7workspace/ros2workspace/install/controller_interface/lib:/home/vincenzo/Documenti/AMR/ros2pythonvenv/src/lab7workspace/ros2workspace/install/hardware_interface/lib:/home/vincenzo/Documenti/AMR/ros2pythonvenv/src/lab7workspace/ros2workspace/install/realtime_tools/lib:/home/vincenzo/Documenti/AMR/ros2pythonvenv/src/lab7workspace/ros2workspace/install/controller_manager_msgs/lib:/home/vincenzo/Documenti/AMR/ros2pythonvenv/src/lab7workspace/ros2workspace/install/control_msgs/lib:/usr/lib/x86_64-linux-gnu/gazebo-11/plugins:/opt/ros/humble/opt/rviz_ogre_vendor/lib:/opt/ros/humble/lib/x86_64-linux-gnu:/opt/ros/humble/lib:/usr/lib/x86_64-linux-gnu/gazebo-11/plugins PS1=(ros2pythonvenv) \[\e]0;\u@\h: \w\a\]${debian_chroot:+($debian_chroot)}\[\033[01;32m\]\u@\h\[\033[00m\]:\[\033[01;34m\]\w\[\033[00m\]\$ PYTHONPATH=/home/vincenzo/Documenti/AMR/ros2pythonvenv/src/lab7workspace/ros2workspace/install/controller_manager_msgs/lib/python3.10/site-packages:/home/vincenzo/Documenti/AMR/ros2pythonvenv/src/lab7workspace/ros2workspace/install/control_msgs/lib/python3.10/site-packages:${PYTHONPATH} VIRTUAL_ENV_PROMPT=(ros2pythonvenv) /usr/bin/cmake --install /home/vincenzo/Documenti/AMR/ros2pythonvenv/src/lab7workspace/ros2workspace/build/controller_manager
