/home/vincenzo/Documenti/AMR/ros2pythonvenv/src/lab7workspace/tiagoworkspace/install/launch_pal/lib/python3.10/site-packages/launch_pal/__init__.py
/home/vincenzo/Documenti/AMR/ros2pythonvenv/src/lab7workspace/tiagoworkspace/install/launch_pal/lib/python3.10/site-packages/launch_pal/robot_utils.py
/home/vincenzo/Documenti/AMR/ros2pythonvenv/src/lab7workspace/tiagoworkspace/install/launch_pal/lib/python3.10/site-packages/launch_pal/arg_utils.py
/home/vincenzo/Documenti/AMR/ros2pythonvenv/src/lab7workspace/tiagoworkspace/install/launch_pal/lib/python3.10/site-packages/launch_pal/param_utils.py
/home/vincenzo/Documenti/AMR/ros2pythonvenv/src/lab7workspace/tiagoworkspace/install/launch_pal/lib/python3.10/site-packages/launch_pal/include_utils.py
/home/vincenzo/Documenti/AMR/ros2pythonvenv/src/lab7workspace/tiagoworkspace/install/launch_pal/lib/python3.10/site-packages/launch_pal/robot_arguments/__init__.py
/home/vincenzo/Documenti/AMR/ros2pythonvenv/src/lab7workspace/tiagoworkspace/install/launch_pal/lib/python3.10/site-packages/launch_pal/robot_arguments/tiago_sea.py
/home/vincenzo/Documenti/AMR/ros2pythonvenv/src/lab7workspace/tiagoworkspace/install/launch_pal/lib/python3.10/site-packages/launch_pal/robot_arguments/omni_base.py
/home/vincenzo/Documenti/AMR/ros2pythonvenv/src/lab7workspace/tiagoworkspace/install/launch_pal/lib/python3.10/site-packages/launch_pal/robot_arguments/tiago_dual.py
/home/vincenzo/Documenti/AMR/ros2pythonvenv/src/lab7workspace/tiagoworkspace/install/launch_pal/lib/python3.10/site-packages/launch_pal/robot_arguments/pmb3.py
/home/vincenzo/Documenti/AMR/ros2pythonvenv/src/lab7workspace/tiagoworkspace/install/launch_pal/lib/python3.10/site-packages/launch_pal/robot_arguments/tiago.py
/home/vincenzo/Documenti/AMR/ros2pythonvenv/src/lab7workspace/tiagoworkspace/install/launch_pal/lib/python3.10/site-packages/launch_pal/robot_arguments/robot.py
/home/vincenzo/Documenti/AMR/ros2pythonvenv/src/lab7workspace/tiagoworkspace/install/launch_pal/lib/python3.10/site-packages/launch_pal/robot_arguments/pmb2.py
/home/vincenzo/Documenti/AMR/ros2pythonvenv/src/lab7workspace/tiagoworkspace/install/launch_pal/lib/python3.10/site-packages/launch_pal/robot_arguments/tiago_pro.py
/home/vincenzo/Documenti/AMR/ros2pythonvenv/src/lab7workspace/tiagoworkspace/install/launch_pal/lib/python3.10/site-packages/launch_pal/robot_arguments/ari.py
/home/vincenzo/Documenti/AMR/ros2pythonvenv/src/lab7workspace/tiagoworkspace/install/launch_pal/lib/python3.10/site-packages/launch_pal/robot_arguments/tiago_sea_dual.py
/home/vincenzo/Documenti/AMR/ros2pythonvenv/src/lab7workspace/tiagoworkspace/install/launch_pal/lib/python3.10/site-packages/launch_pal/substitutions/__init__.py
/home/vincenzo/Documenti/AMR/ros2pythonvenv/src/lab7workspace/tiagoworkspace/install/launch_pal/lib/python3.10/site-packages/launch_pal/substitutions/load_file.py
/home/vincenzo/Documenti/AMR/ros2pythonvenv/src/lab7workspace/tiagoworkspace/install/launch_pal/lib/python3.10/site-packages/launch_pal/__pycache__/__init__.cpython-310.pyc
/home/vincenzo/Documenti/AMR/ros2pythonvenv/src/lab7workspace/tiagoworkspace/install/launch_pal/lib/python3.10/site-packages/launch_pal/__pycache__/robot_utils.cpython-310.pyc
/home/vincenzo/Documenti/AMR/ros2pythonvenv/src/lab7workspace/tiagoworkspace/install/launch_pal/lib/python3.10/site-packages/launch_pal/__pycache__/arg_utils.cpython-310.pyc
/home/vincenzo/Documenti/AMR/ros2pythonvenv/src/lab7workspace/tiagoworkspace/install/launch_pal/lib/python3.10/site-packages/launch_pal/__pycache__/param_utils.cpython-310.pyc
/home/vincenzo/Documenti/AMR/ros2pythonvenv/src/lab7workspace/tiagoworkspace/install/launch_pal/lib/python3.10/site-packages/launch_pal/__pycache__/include_utils.cpython-310.pyc
/home/vincenzo/Documenti/AMR/ros2pythonvenv/src/lab7workspace/tiagoworkspace/install/launch_pal/lib/python3.10/site-packages/launch_pal/robot_arguments/__pycache__/__init__.cpython-310.pyc
/home/vincenzo/Documenti/AMR/ros2pythonvenv/src/lab7workspace/tiagoworkspace/install/launch_pal/lib/python3.10/site-packages/launch_pal/robot_arguments/__pycache__/tiago_sea.cpython-310.pyc
/home/vincenzo/Documenti/AMR/ros2pythonvenv/src/lab7workspace/tiagoworkspace/install/launch_pal/lib/python3.10/site-packages/launch_pal/robot_arguments/__pycache__/omni_base.cpython-310.pyc
/home/vincenzo/Documenti/AMR/ros2pythonvenv/src/lab7workspace/tiagoworkspace/install/launch_pal/lib/python3.10/site-packages/launch_pal/robot_arguments/__pycache__/tiago_dual.cpython-310.pyc
/home/vincenzo/Documenti/AMR/ros2pythonvenv/src/lab7workspace/tiagoworkspace/install/launch_pal/lib/python3.10/site-packages/launch_pal/robot_arguments/__pycache__/pmb3.cpython-310.pyc
/home/vincenzo/Documenti/AMR/ros2pythonvenv/src/lab7workspace/tiagoworkspace/install/launch_pal/lib/python3.10/site-packages/launch_pal/robot_arguments/__pycache__/tiago.cpython-310.pyc
/home/vincenzo/Documenti/AMR/ros2pythonvenv/src/lab7workspace/tiagoworkspace/install/launch_pal/lib/python3.10/site-packages/launch_pal/robot_arguments/__pycache__/robot.cpython-310.pyc
/home/vincenzo/Documenti/AMR/ros2pythonvenv/src/lab7workspace/tiagoworkspace/install/launch_pal/lib/python3.10/site-packages/launch_pal/robot_arguments/__pycache__/pmb2.cpython-310.pyc
/home/vincenzo/Documenti/AMR/ros2pythonvenv/src/lab7workspace/tiagoworkspace/install/launch_pal/lib/python3.10/site-packages/launch_pal/robot_arguments/__pycache__/tiago_pro.cpython-310.pyc
/home/vincenzo/Documenti/AMR/ros2pythonvenv/src/lab7workspace/tiagoworkspace/install/launch_pal/lib/python3.10/site-packages/launch_pal/robot_arguments/__pycache__/ari.cpython-310.pyc
/home/vincenzo/Documenti/AMR/ros2pythonvenv/src/lab7workspace/tiagoworkspace/install/launch_pal/lib/python3.10/site-packages/launch_pal/robot_arguments/__pycache__/tiago_sea_dual.cpython-310.pyc
/home/vincenzo/Documenti/AMR/ros2pythonvenv/src/lab7workspace/tiagoworkspace/install/launch_pal/lib/python3.10/site-packages/launch_pal/substitutions/__pycache__/__init__.cpython-310.pyc
/home/vincenzo/Documenti/AMR/ros2pythonvenv/src/lab7workspace/tiagoworkspace/install/launch_pal/lib/python3.10/site-packages/launch_pal/substitutions/__pycache__/load_file.cpython-310.pyc
/home/vincenzo/Documenti/AMR/ros2pythonvenv/src/lab7workspace/tiagoworkspace/install/launch_pal/share/ament_index/resource_index/packages/launch_pal
/home/vincenzo/Documenti/AMR/ros2pythonvenv/src/lab7workspace/tiagoworkspace/install/launch_pal/share/launch_pal/package.xml
/home/vincenzo/Documenti/AMR/ros2pythonvenv/src/lab7workspace/tiagoworkspace/install/launch_pal/share/launch_pal/config/omni_base_configuration.yaml
/home/vincenzo/Documenti/AMR/ros2pythonvenv/src/lab7workspace/tiagoworkspace/install/launch_pal/share/launch_pal/config/robot_configuration.yaml
/home/vincenzo/Documenti/AMR/ros2pythonvenv/src/lab7workspace/tiagoworkspace/install/launch_pal/share/launch_pal/config/tiago_configuration.yaml
/home/vincenzo/Documenti/AMR/ros2pythonvenv/src/lab7workspace/tiagoworkspace/install/launch_pal/share/launch_pal/config/ari_configuration.yaml
/home/vincenzo/Documenti/AMR/ros2pythonvenv/src/lab7workspace/tiagoworkspace/install/launch_pal/share/launch_pal/config/tiago_sea_dual_configuration.yaml
/home/vincenzo/Documenti/AMR/ros2pythonvenv/src/lab7workspace/tiagoworkspace/install/launch_pal/share/launch_pal/config/tiago_dual_configuration.yaml
/home/vincenzo/Documenti/AMR/ros2pythonvenv/src/lab7workspace/tiagoworkspace/install/launch_pal/share/launch_pal/config/tiago_sea_configuration.yaml
/home/vincenzo/Documenti/AMR/ros2pythonvenv/src/lab7workspace/tiagoworkspace/install/launch_pal/share/launch_pal/config/tiago_pro_configuration.yaml
/home/vincenzo/Documenti/AMR/ros2pythonvenv/src/lab7workspace/tiagoworkspace/install/launch_pal/share/launch_pal/config/pmb2_configuration.yaml
/home/vincenzo/Documenti/AMR/ros2pythonvenv/src/lab7workspace/tiagoworkspace/install/launch_pal/share/launch_pal/config/pmb3_configuration.yaml
/home/vincenzo/Documenti/AMR/ros2pythonvenv/src/lab7workspace/tiagoworkspace/install/launch_pal/lib/python3.10/site-packages/launch_pal-0.0.12-py3.10.egg-info/dependency_links.txt
/home/vincenzo/Documenti/AMR/ros2pythonvenv/src/lab7workspace/tiagoworkspace/install/launch_pal/lib/python3.10/site-packages/launch_pal-0.0.12-py3.10.egg-info/top_level.txt
/home/vincenzo/Documenti/AMR/ros2pythonvenv/src/lab7workspace/tiagoworkspace/install/launch_pal/lib/python3.10/site-packages/launch_pal-0.0.12-py3.10.egg-info/PKG-INFO
/home/vincenzo/Documenti/AMR/ros2pythonvenv/src/lab7workspace/tiagoworkspace/install/launch_pal/lib/python3.10/site-packages/launch_pal-0.0.12-py3.10.egg-info/SOURCES.txt
/home/vincenzo/Documenti/AMR/ros2pythonvenv/src/lab7workspace/tiagoworkspace/install/launch_pal/lib/python3.10/site-packages/launch_pal-0.0.12-py3.10.egg-info/zip-safe
/home/vincenzo/Documenti/AMR/ros2pythonvenv/src/lab7workspace/tiagoworkspace/install/launch_pal/lib/python3.10/site-packages/launch_pal-0.0.12-py3.10.egg-info/entry_points.txt
/home/vincenzo/Documenti/AMR/ros2pythonvenv/src/lab7workspace/tiagoworkspace/install/launch_pal/lib/python3.10/site-packages/launch_pal-0.0.12-py3.10.egg-info/requires.txt
