[0.061s] DEBUG:colcon:Command line arguments: ['/usr/bin/colcon', 'build']
[0.062s] DEBUG:colcon:Parsed command line arguments: Namespace(log_base=None, log_level=None, verb_name='build', build_base='build', install_base='install', merge_install=False, symlink_install=False, test_result_base=None, continue_on_error=False, executor='parallel', parallel_workers=16, event_handlers=None, ignore_user_meta=False, metas=['./colcon.meta'], base_paths=['.'], packages_ignore=None, packages_ignore_regex=None, paths=None, packages_up_to=None, packages_up_to_regex=None, packages_above=None, packages_above_and_dependencies=None, packages_above_depth=None, packages_select_by_dep=None, packages_skip_by_dep=None, packages_skip_up_to=None, packages_select_build_failed=False, packages_skip_build_finished=False, packages_select_test_failures=False, packages_skip_test_passed=False, packages_select=None, packages_skip=None, packages_select_regex=None, packages_skip_regex=None, packages_start=None, packages_end=None, allow_overriding=[], cmake_args=None, cmake_target=None, cmake_target_skip_unavailable=False, cmake_clean_cache=False, cmake_clean_first=False, cmake_force_configure=False, ament_cmake_args=None, catkin_cmake_args=None, catkin_skip_building_tests=False, verb_parser=<colcon_defaults.argument_parser.defaults.DefaultArgumentsDecorator object at 0x736bc9b43a60>, verb_extension=<colcon_core.verb.build.BuildVerb object at 0x736bc9c80e20>, main=<bound method BuildVerb.main of <colcon_core.verb.build.BuildVerb object at 0x736bc9c80e20>>)
[0.155s] Level 1:colcon.colcon_core.package_discovery:discover_packages(colcon_meta) check parameters
[0.156s] Level 1:colcon.colcon_core.package_discovery:discover_packages(recursive) check parameters
[0.156s] Level 1:colcon.colcon_core.package_discovery:discover_packages(ignore) check parameters
[0.156s] Level 1:colcon.colcon_core.package_discovery:discover_packages(path) check parameters
[0.156s] Level 1:colcon.colcon_core.package_discovery:discover_packages(colcon_meta) discover
[0.156s] Level 1:colcon.colcon_core.package_discovery:discover_packages(recursive) discover
[0.156s] INFO:colcon.colcon_core.package_discovery:Crawling recursively for packages in '/home/vincenzo/Documenti/AMR/ros2pythonvenv/src/lab2workspace'
[0.156s] Level 1:colcon.colcon_core.package_identification:_identify(.) by extensions ['ignore', 'ignore_ament_install']
[0.156s] Level 1:colcon.colcon_core.package_identification:_identify(.) by extension 'ignore'
[0.156s] Level 1:colcon.colcon_core.package_identification:_identify(.) by extension 'ignore_ament_install'
[0.156s] Level 1:colcon.colcon_core.package_identification:_identify(.) by extensions ['colcon_pkg']
[0.156s] Level 1:colcon.colcon_core.package_identification:_identify(.) by extension 'colcon_pkg'
[0.156s] Level 1:colcon.colcon_core.package_identification:_identify(.) by extensions ['colcon_meta']
[0.156s] Level 1:colcon.colcon_core.package_identification:_identify(.) by extension 'colcon_meta'
[0.156s] Level 1:colcon.colcon_core.package_identification:_identify(.) by extensions ['ros']
[0.156s] Level 1:colcon.colcon_core.package_identification:_identify(.) by extension 'ros'
[0.163s] Level 1:colcon.colcon_core.package_identification:_identify(.) by extensions ['cmake', 'python']
[0.163s] Level 1:colcon.colcon_core.package_identification:_identify(.) by extension 'cmake'
[0.163s] Level 1:colcon.colcon_core.package_identification:_identify(.) by extension 'python'
[0.163s] Level 1:colcon.colcon_core.package_identification:_identify(.) by extensions ['python_setup_py']
[0.163s] Level 1:colcon.colcon_core.package_identification:_identify(.) by extension 'python_setup_py'
[0.163s] Level 1:colcon.colcon_core.package_identification:_identify(build) by extensions ['ignore', 'ignore_ament_install']
[0.163s] Level 1:colcon.colcon_core.package_identification:_identify(build) by extension 'ignore'
[0.163s] Level 1:colcon.colcon_core.package_identification:_identify(build) ignored
[0.163s] Level 1:colcon.colcon_core.package_identification:_identify(install) by extensions ['ignore', 'ignore_ament_install']
[0.163s] Level 1:colcon.colcon_core.package_identification:_identify(install) by extension 'ignore'
[0.163s] Level 1:colcon.colcon_core.package_identification:_identify(install) ignored
[0.164s] Level 1:colcon.colcon_core.package_identification:_identify(log) by extensions ['ignore', 'ignore_ament_install']
[0.164s] Level 1:colcon.colcon_core.package_identification:_identify(log) by extension 'ignore'
[0.164s] Level 1:colcon.colcon_core.package_identification:_identify(log) ignored
[0.164s] Level 1:colcon.colcon_core.package_identification:_identify(notes) by extensions ['ignore', 'ignore_ament_install']
[0.164s] Level 1:colcon.colcon_core.package_identification:_identify(notes) by extension 'ignore'
[0.164s] Level 1:colcon.colcon_core.package_identification:_identify(notes) by extension 'ignore_ament_install'
[0.164s] Level 1:colcon.colcon_core.package_identification:_identify(notes) by extensions ['colcon_pkg']
[0.164s] Level 1:colcon.colcon_core.package_identification:_identify(notes) by extension 'colcon_pkg'
[0.164s] Level 1:colcon.colcon_core.package_identification:_identify(notes) by extensions ['colcon_meta']
[0.164s] Level 1:colcon.colcon_core.package_identification:_identify(notes) by extension 'colcon_meta'
[0.164s] Level 1:colcon.colcon_core.package_identification:_identify(notes) by extensions ['ros']
[0.164s] Level 1:colcon.colcon_core.package_identification:_identify(notes) by extension 'ros'
[0.164s] Level 1:colcon.colcon_core.package_identification:_identify(notes) by extensions ['cmake', 'python']
[0.164s] Level 1:colcon.colcon_core.package_identification:_identify(notes) by extension 'cmake'
[0.164s] Level 1:colcon.colcon_core.package_identification:_identify(notes) by extension 'python'
[0.164s] Level 1:colcon.colcon_core.package_identification:_identify(notes) by extensions ['python_setup_py']
[0.164s] Level 1:colcon.colcon_core.package_identification:_identify(notes) by extension 'python_setup_py'
[0.164s] Level 1:colcon.colcon_core.package_identification:_identify(src) by extensions ['ignore', 'ignore_ament_install']
[0.164s] Level 1:colcon.colcon_core.package_identification:_identify(src) by extension 'ignore'
[0.164s] Level 1:colcon.colcon_core.package_identification:_identify(src) by extension 'ignore_ament_install'
[0.164s] Level 1:colcon.colcon_core.package_identification:_identify(src) by extensions ['colcon_pkg']
[0.164s] Level 1:colcon.colcon_core.package_identification:_identify(src) by extension 'colcon_pkg'
[0.164s] Level 1:colcon.colcon_core.package_identification:_identify(src) by extensions ['colcon_meta']
[0.164s] Level 1:colcon.colcon_core.package_identification:_identify(src) by extension 'colcon_meta'
[0.164s] Level 1:colcon.colcon_core.package_identification:_identify(src) by extensions ['ros']
[0.164s] Level 1:colcon.colcon_core.package_identification:_identify(src) by extension 'ros'
[0.164s] Level 1:colcon.colcon_core.package_identification:_identify(src) by extensions ['cmake', 'python']
[0.164s] Level 1:colcon.colcon_core.package_identification:_identify(src) by extension 'cmake'
[0.164s] Level 1:colcon.colcon_core.package_identification:_identify(src) by extension 'python'
[0.164s] Level 1:colcon.colcon_core.package_identification:_identify(src) by extensions ['python_setup_py']
[0.164s] Level 1:colcon.colcon_core.package_identification:_identify(src) by extension 'python_setup_py'
[0.164s] Level 1:colcon.colcon_core.package_identification:_identify(src/cpp_pubsub) by extensions ['ignore', 'ignore_ament_install']
[0.164s] Level 1:colcon.colcon_core.package_identification:_identify(src/cpp_pubsub) by extension 'ignore'
[0.164s] Level 1:colcon.colcon_core.package_identification:_identify(src/cpp_pubsub) by extension 'ignore_ament_install'
[0.164s] Level 1:colcon.colcon_core.package_identification:_identify(src/cpp_pubsub) by extensions ['colcon_pkg']
[0.164s] Level 1:colcon.colcon_core.package_identification:_identify(src/cpp_pubsub) by extension 'colcon_pkg'
[0.164s] Level 1:colcon.colcon_core.package_identification:_identify(src/cpp_pubsub) by extensions ['colcon_meta']
[0.164s] Level 1:colcon.colcon_core.package_identification:_identify(src/cpp_pubsub) by extension 'colcon_meta'
[0.165s] Level 1:colcon.colcon_core.package_identification:_identify(src/cpp_pubsub) by extensions ['ros']
[0.165s] Level 1:colcon.colcon_core.package_identification:_identify(src/cpp_pubsub) by extension 'ros'
[0.166s] DEBUG:colcon.colcon_core.package_identification:Package 'src/cpp_pubsub' with type 'ros.ament_cmake' and name 'cpp_pubsub'
[0.166s] Level 1:colcon.colcon_core.package_identification:_identify(src/my_cmake_package) by extensions ['ignore', 'ignore_ament_install']
[0.166s] Level 1:colcon.colcon_core.package_identification:_identify(src/my_cmake_package) by extension 'ignore'
[0.166s] Level 1:colcon.colcon_core.package_identification:_identify(src/my_cmake_package) by extension 'ignore_ament_install'
[0.166s] Level 1:colcon.colcon_core.package_identification:_identify(src/my_cmake_package) by extensions ['colcon_pkg']
[0.166s] Level 1:colcon.colcon_core.package_identification:_identify(src/my_cmake_package) by extension 'colcon_pkg'
[0.166s] Level 1:colcon.colcon_core.package_identification:_identify(src/my_cmake_package) by extensions ['colcon_meta']
[0.166s] Level 1:colcon.colcon_core.package_identification:_identify(src/my_cmake_package) by extension 'colcon_meta'
[0.166s] Level 1:colcon.colcon_core.package_identification:_identify(src/my_cmake_package) by extensions ['ros']
[0.166s] Level 1:colcon.colcon_core.package_identification:_identify(src/my_cmake_package) by extension 'ros'
[0.167s] DEBUG:colcon.colcon_core.package_identification:Package 'src/my_cmake_package' with type 'ros.ament_cmake' and name 'my_cmake_package'
[0.167s] Level 1:colcon.colcon_core.package_identification:_identify(src/my_python_package) by extensions ['ignore', 'ignore_ament_install']
[0.167s] Level 1:colcon.colcon_core.package_identification:_identify(src/my_python_package) by extension 'ignore'
[0.167s] Level 1:colcon.colcon_core.package_identification:_identify(src/my_python_package) by extension 'ignore_ament_install'
[0.167s] Level 1:colcon.colcon_core.package_identification:_identify(src/my_python_package) by extensions ['colcon_pkg']
[0.167s] Level 1:colcon.colcon_core.package_identification:_identify(src/my_python_package) by extension 'colcon_pkg'
[0.167s] Level 1:colcon.colcon_core.package_identification:_identify(src/my_python_package) by extensions ['colcon_meta']
[0.167s] Level 1:colcon.colcon_core.package_identification:_identify(src/my_python_package) by extension 'colcon_meta'
[0.167s] Level 1:colcon.colcon_core.package_identification:_identify(src/my_python_package) by extensions ['ros']
[0.167s] Level 1:colcon.colcon_core.package_identification:_identify(src/my_python_package) by extension 'ros'
[0.167s] DEBUG:colcon.colcon_core.package_identification:Package 'src/my_python_package' with type 'ros.ament_python' and name 'my_python_package'
[0.167s] Level 1:colcon.colcon_core.package_identification:_identify(src/py_pubsub) by extensions ['ignore', 'ignore_ament_install']
[0.167s] Level 1:colcon.colcon_core.package_identification:_identify(src/py_pubsub) by extension 'ignore'
[0.167s] Level 1:colcon.colcon_core.package_identification:_identify(src/py_pubsub) by extension 'ignore_ament_install'
[0.167s] Level 1:colcon.colcon_core.package_identification:_identify(src/py_pubsub) by extensions ['colcon_pkg']
[0.167s] Level 1:colcon.colcon_core.package_identification:_identify(src/py_pubsub) by extension 'colcon_pkg'
[0.167s] Level 1:colcon.colcon_core.package_identification:_identify(src/py_pubsub) by extensions ['colcon_meta']
[0.167s] Level 1:colcon.colcon_core.package_identification:_identify(src/py_pubsub) by extension 'colcon_meta'
[0.167s] Level 1:colcon.colcon_core.package_identification:_identify(src/py_pubsub) by extensions ['ros']
[0.168s] Level 1:colcon.colcon_core.package_identification:_identify(src/py_pubsub) by extension 'ros'
[0.168s] DEBUG:colcon.colcon_core.package_identification:Package 'src/py_pubsub' with type 'ros.ament_python' and name 'py_pubsub'
[0.168s] Level 1:colcon.colcon_core.package_discovery:discover_packages(recursive) using defaults
[0.168s] Level 1:colcon.colcon_core.package_discovery:discover_packages(ignore) discover
[0.168s] Level 1:colcon.colcon_core.package_discovery:discover_packages(ignore) using defaults
[0.168s] Level 1:colcon.colcon_core.package_discovery:discover_packages(path) discover
[0.168s] Level 1:colcon.colcon_core.package_discovery:discover_packages(path) using defaults
[0.181s] Level 1:colcon.colcon_core.package_discovery:discover_packages(prefix_path) check parameters
[0.181s] Level 1:colcon.colcon_core.package_discovery:discover_packages(prefix_path) discover
[0.182s] DEBUG:colcon.colcon_installed_package_information.package_discovery:Found 3 installed packages in /home/vincenzo/Documenti/AMR/ros2pythonvenv/src/lab2workspace/install
[0.182s] DEBUG:colcon.colcon_installed_package_information.package_discovery:Found 271 installed packages in /opt/ros/humble
[0.188s] Level 1:colcon.colcon_core.package_discovery:discover_packages(prefix_path) using defaults
[0.208s] Level 5:colcon.colcon_core.verb:set package 'cpp_pubsub' build argument 'cmake_args' from command line to 'None'
[0.208s] Level 5:colcon.colcon_core.verb:set package 'cpp_pubsub' build argument 'cmake_target' from command line to 'None'
[0.208s] Level 5:colcon.colcon_core.verb:set package 'cpp_pubsub' build argument 'cmake_target_skip_unavailable' from command line to 'False'
[0.208s] Level 5:colcon.colcon_core.verb:set package 'cpp_pubsub' build argument 'cmake_clean_cache' from command line to 'False'
[0.208s] Level 5:colcon.colcon_core.verb:set package 'cpp_pubsub' build argument 'cmake_clean_first' from command line to 'False'
[0.208s] Level 5:colcon.colcon_core.verb:set package 'cpp_pubsub' build argument 'cmake_force_configure' from command line to 'False'
[0.208s] Level 5:colcon.colcon_core.verb:set package 'cpp_pubsub' build argument 'ament_cmake_args' from command line to 'None'
[0.209s] Level 5:colcon.colcon_core.verb:set package 'cpp_pubsub' build argument 'catkin_cmake_args' from command line to 'None'
[0.209s] Level 5:colcon.colcon_core.verb:set package 'cpp_pubsub' build argument 'catkin_skip_building_tests' from command line to 'False'
[0.209s] DEBUG:colcon.colcon_core.verb:Building package 'cpp_pubsub' with the following arguments: {'ament_cmake_args': None, 'build_base': '/home/vincenzo/Documenti/AMR/ros2pythonvenv/src/lab2workspace/build/cpp_pubsub', 'catkin_cmake_args': None, 'catkin_skip_building_tests': False, 'cmake_args': None, 'cmake_clean_cache': False, 'cmake_clean_first': False, 'cmake_force_configure': False, 'cmake_target': None, 'cmake_target_skip_unavailable': False, 'install_base': '/home/vincenzo/Documenti/AMR/ros2pythonvenv/src/lab2workspace/install/cpp_pubsub', 'merge_install': False, 'path': '/home/vincenzo/Documenti/AMR/ros2pythonvenv/src/lab2workspace/src/cpp_pubsub', 'symlink_install': False, 'test_result_base': None}
[0.209s] Level 5:colcon.colcon_core.verb:set package 'my_cmake_package' build argument 'cmake_args' from command line to 'None'
[0.209s] Level 5:colcon.colcon_core.verb:set package 'my_cmake_package' build argument 'cmake_target' from command line to 'None'
[0.209s] Level 5:colcon.colcon_core.verb:set package 'my_cmake_package' build argument 'cmake_target_skip_unavailable' from command line to 'False'
[0.209s] Level 5:colcon.colcon_core.verb:set package 'my_cmake_package' build argument 'cmake_clean_cache' from command line to 'False'
[0.209s] Level 5:colcon.colcon_core.verb:set package 'my_cmake_package' build argument 'cmake_clean_first' from command line to 'False'
[0.209s] Level 5:colcon.colcon_core.verb:set package 'my_cmake_package' build argument 'cmake_force_configure' from command line to 'False'
[0.209s] Level 5:colcon.colcon_core.verb:set package 'my_cmake_package' build argument 'ament_cmake_args' from command line to 'None'
[0.209s] Level 5:colcon.colcon_core.verb:set package 'my_cmake_package' build argument 'catkin_cmake_args' from command line to 'None'
[0.209s] Level 5:colcon.colcon_core.verb:set package 'my_cmake_package' build argument 'catkin_skip_building_tests' from command line to 'False'
[0.209s] DEBUG:colcon.colcon_core.verb:Building package 'my_cmake_package' with the following arguments: {'ament_cmake_args': None, 'build_base': '/home/vincenzo/Documenti/AMR/ros2pythonvenv/src/lab2workspace/build/my_cmake_package', 'catkin_cmake_args': None, 'catkin_skip_building_tests': False, 'cmake_args': None, 'cmake_clean_cache': False, 'cmake_clean_first': False, 'cmake_force_configure': False, 'cmake_target': None, 'cmake_target_skip_unavailable': False, 'install_base': '/home/vincenzo/Documenti/AMR/ros2pythonvenv/src/lab2workspace/install/my_cmake_package', 'merge_install': False, 'path': '/home/vincenzo/Documenti/AMR/ros2pythonvenv/src/lab2workspace/src/my_cmake_package', 'symlink_install': False, 'test_result_base': None}
[0.209s] Level 5:colcon.colcon_core.verb:set package 'my_python_package' build argument 'cmake_args' from command line to 'None'
[0.209s] Level 5:colcon.colcon_core.verb:set package 'my_python_package' build argument 'cmake_target' from command line to 'None'
[0.209s] Level 5:colcon.colcon_core.verb:set package 'my_python_package' build argument 'cmake_target_skip_unavailable' from command line to 'False'
[0.209s] Level 5:colcon.colcon_core.verb:set package 'my_python_package' build argument 'cmake_clean_cache' from command line to 'False'
[0.209s] Level 5:colcon.colcon_core.verb:set package 'my_python_package' build argument 'cmake_clean_first' from command line to 'False'
[0.209s] Level 5:colcon.colcon_core.verb:set package 'my_python_package' build argument 'cmake_force_configure' from command line to 'False'
[0.209s] Level 5:colcon.colcon_core.verb:set package 'my_python_package' build argument 'ament_cmake_args' from command line to 'None'
[0.209s] Level 5:colcon.colcon_core.verb:set package 'my_python_package' build argument 'catkin_cmake_args' from command line to 'None'
[0.209s] Level 5:colcon.colcon_core.verb:set package 'my_python_package' build argument 'catkin_skip_building_tests' from command line to 'False'
[0.209s] DEBUG:colcon.colcon_core.verb:Building package 'my_python_package' with the following arguments: {'ament_cmake_args': None, 'build_base': '/home/vincenzo/Documenti/AMR/ros2pythonvenv/src/lab2workspace/build/my_python_package', 'catkin_cmake_args': None, 'catkin_skip_building_tests': False, 'cmake_args': None, 'cmake_clean_cache': False, 'cmake_clean_first': False, 'cmake_force_configure': False, 'cmake_target': None, 'cmake_target_skip_unavailable': False, 'install_base': '/home/vincenzo/Documenti/AMR/ros2pythonvenv/src/lab2workspace/install/my_python_package', 'merge_install': False, 'path': '/home/vincenzo/Documenti/AMR/ros2pythonvenv/src/lab2workspace/src/my_python_package', 'symlink_install': False, 'test_result_base': None}
[0.209s] Level 5:colcon.colcon_core.verb:set package 'py_pubsub' build argument 'cmake_args' from command line to 'None'
[0.209s] Level 5:colcon.colcon_core.verb:set package 'py_pubsub' build argument 'cmake_target' from command line to 'None'
[0.209s] Level 5:colcon.colcon_core.verb:set package 'py_pubsub' build argument 'cmake_target_skip_unavailable' from command line to 'False'
[0.209s] Level 5:colcon.colcon_core.verb:set package 'py_pubsub' build argument 'cmake_clean_cache' from command line to 'False'
[0.209s] Level 5:colcon.colcon_core.verb:set package 'py_pubsub' build argument 'cmake_clean_first' from command line to 'False'
[0.209s] Level 5:colcon.colcon_core.verb:set package 'py_pubsub' build argument 'cmake_force_configure' from command line to 'False'
[0.209s] Level 5:colcon.colcon_core.verb:set package 'py_pubsub' build argument 'ament_cmake_args' from command line to 'None'
[0.209s] Level 5:colcon.colcon_core.verb:set package 'py_pubsub' build argument 'catkin_cmake_args' from command line to 'None'
[0.209s] Level 5:colcon.colcon_core.verb:set package 'py_pubsub' build argument 'catkin_skip_building_tests' from command line to 'False'
[0.209s] DEBUG:colcon.colcon_core.verb:Building package 'py_pubsub' with the following arguments: {'ament_cmake_args': None, 'build_base': '/home/vincenzo/Documenti/AMR/ros2pythonvenv/src/lab2workspace/build/py_pubsub', 'catkin_cmake_args': None, 'catkin_skip_building_tests': False, 'cmake_args': None, 'cmake_clean_cache': False, 'cmake_clean_first': False, 'cmake_force_configure': False, 'cmake_target': None, 'cmake_target_skip_unavailable': False, 'install_base': '/home/vincenzo/Documenti/AMR/ros2pythonvenv/src/lab2workspace/install/py_pubsub', 'merge_install': False, 'path': '/home/vincenzo/Documenti/AMR/ros2pythonvenv/src/lab2workspace/src/py_pubsub', 'symlink_install': False, 'test_result_base': None}
[0.210s] INFO:colcon.colcon_core.executor:Executing jobs using 'parallel' executor
[0.210s] DEBUG:colcon.colcon_parallel_executor.executor.parallel:run_until_complete
[0.211s] INFO:colcon.colcon_ros.task.ament_cmake.build:Building ROS package in '/home/vincenzo/Documenti/AMR/ros2pythonvenv/src/lab2workspace/src/cpp_pubsub' with build type 'ament_cmake'
[0.211s] INFO:colcon.colcon_cmake.task.cmake.build:Building CMake package in '/home/vincenzo/Documenti/AMR/ros2pythonvenv/src/lab2workspace/src/cpp_pubsub'
[0.212s] INFO:colcon.colcon_core.plugin_system:Skipping extension 'colcon_core.shell.bat': Not used on non-Windows systems
[0.212s] INFO:colcon.colcon_core.shell:Skip shell extension 'powershell' for command environment: Not usable outside of PowerShell
[0.212s] DEBUG:colcon.colcon_core.shell:Skip shell extension 'dsv' for command environment
[0.214s] INFO:colcon.colcon_ros.task.ament_cmake.build:Building ROS package in '/home/vincenzo/Documenti/AMR/ros2pythonvenv/src/lab2workspace/src/my_cmake_package' with build type 'ament_cmake'
[0.214s] INFO:colcon.colcon_cmake.task.cmake.build:Building CMake package in '/home/vincenzo/Documenti/AMR/ros2pythonvenv/src/lab2workspace/src/my_cmake_package'
[0.214s] INFO:colcon.colcon_core.shell:Skip shell extension 'powershell' for command environment: Not usable outside of PowerShell
[0.214s] DEBUG:colcon.colcon_core.shell:Skip shell extension 'dsv' for command environment
[0.216s] INFO:colcon.colcon_ros.task.ament_python.build:Building ROS package in '/home/vincenzo/Documenti/AMR/ros2pythonvenv/src/lab2workspace/src/my_python_package' with build type 'ament_python'
[0.216s] Level 1:colcon.colcon_core.shell:create_environment_hook('my_python_package', 'ament_prefix_path')
[0.216s] INFO:colcon.colcon_core.shell:Creating environment hook '/home/vincenzo/Documenti/AMR/ros2pythonvenv/src/lab2workspace/install/my_python_package/share/my_python_package/hook/ament_prefix_path.ps1'
[0.217s] INFO:colcon.colcon_core.shell:Creating environment descriptor '/home/vincenzo/Documenti/AMR/ros2pythonvenv/src/lab2workspace/install/my_python_package/share/my_python_package/hook/ament_prefix_path.dsv'
[0.217s] INFO:colcon.colcon_core.shell:Creating environment hook '/home/vincenzo/Documenti/AMR/ros2pythonvenv/src/lab2workspace/install/my_python_package/share/my_python_package/hook/ament_prefix_path.sh'
[0.217s] INFO:colcon.colcon_core.shell:Skip shell extension 'powershell' for command environment: Not usable outside of PowerShell
[0.217s] DEBUG:colcon.colcon_core.shell:Skip shell extension 'dsv' for command environment
[0.219s] INFO:colcon.colcon_ros.task.ament_python.build:Building ROS package in '/home/vincenzo/Documenti/AMR/ros2pythonvenv/src/lab2workspace/src/py_pubsub' with build type 'ament_python'
[0.219s] Level 1:colcon.colcon_core.shell:create_environment_hook('py_pubsub', 'ament_prefix_path')
[0.219s] INFO:colcon.colcon_core.shell:Creating environment hook '/home/vincenzo/Documenti/AMR/ros2pythonvenv/src/lab2workspace/install/py_pubsub/share/py_pubsub/hook/ament_prefix_path.ps1'
[0.220s] INFO:colcon.colcon_core.shell:Creating environment descriptor '/home/vincenzo/Documenti/AMR/ros2pythonvenv/src/lab2workspace/install/py_pubsub/share/py_pubsub/hook/ament_prefix_path.dsv'
[0.220s] INFO:colcon.colcon_core.shell:Creating environment hook '/home/vincenzo/Documenti/AMR/ros2pythonvenv/src/lab2workspace/install/py_pubsub/share/py_pubsub/hook/ament_prefix_path.sh'
[0.220s] INFO:colcon.colcon_core.shell:Skip shell extension 'powershell' for command environment: Not usable outside of PowerShell
[0.220s] DEBUG:colcon.colcon_core.shell:Skip shell extension 'dsv' for command environment
[0.225s] DEBUG:colcon.colcon_core.event_handler.log_command:Invoking command in '/home/vincenzo/Documenti/AMR/ros2pythonvenv/src/lab2workspace/build/cpp_pubsub': CMAKE_PREFIX_PATH=${CMAKE_PREFIX_PATH}:/home/vincenzo/Documenti/AMR/ros2pythonvenv/src/lab2workspace/install/my_python_package:/opt/ros/humble PS1=(ros2pythonvenv) \[\e]0;\u@\h: \w\a\]${debian_chroot:+($debian_chroot)}\[\033[01;32m\]\u@\h\[\033[00m\]:\[\033[01;34m\]\w\[\033[00m\]\$ VIRTUAL_ENV_PROMPT=(ros2pythonvenv) /usr/bin/cmake --build /home/vincenzo/Documenti/AMR/ros2pythonvenv/src/lab2workspace/build/cpp_pubsub -- -j16 -l16
[0.227s] DEBUG:colcon.colcon_core.event_handler.log_command:Invoking command in '/home/vincenzo/Documenti/AMR/ros2pythonvenv/src/lab2workspace/build/my_cmake_package': CMAKE_PREFIX_PATH=${CMAKE_PREFIX_PATH}:/home/vincenzo/Documenti/AMR/ros2pythonvenv/src/lab2workspace/install/my_python_package:/opt/ros/humble PS1=(ros2pythonvenv) \[\e]0;\u@\h: \w\a\]${debian_chroot:+($debian_chroot)}\[\033[01;32m\]\u@\h\[\033[00m\]:\[\033[01;34m\]\w\[\033[00m\]\$ VIRTUAL_ENV_PROMPT=(ros2pythonvenv) /usr/bin/cmake --build /home/vincenzo/Documenti/AMR/ros2pythonvenv/src/lab2workspace/build/my_cmake_package -- -j16 -l16
[0.371s] INFO:colcon.colcon_core.task.python.build:Building Python package in '/home/vincenzo/Documenti/AMR/ros2pythonvenv/src/lab2workspace/src/my_python_package'
[0.371s] INFO:colcon.colcon_core.shell:Skip shell extension 'powershell' for command environment: Not usable outside of PowerShell
[0.371s] DEBUG:colcon.colcon_core.shell:Skip shell extension 'dsv' for command environment
[0.520s] INFO:colcon.colcon_core.task.python.build:Building Python package in '/home/vincenzo/Documenti/AMR/ros2pythonvenv/src/lab2workspace/src/py_pubsub'
[0.520s] INFO:colcon.colcon_core.shell:Skip shell extension 'powershell' for command environment: Not usable outside of PowerShell
[0.520s] DEBUG:colcon.colcon_core.shell:Skip shell extension 'dsv' for command environment
[0.524s] DEBUG:colcon.colcon_core.event_handler.log_command:Invoked command in '/home/vincenzo/Documenti/AMR/ros2pythonvenv/src/lab2workspace/build/cpp_pubsub' returned '0': CMAKE_PREFIX_PATH=${CMAKE_PREFIX_PATH}:/home/vincenzo/Documenti/AMR/ros2pythonvenv/src/lab2workspace/install/my_python_package:/opt/ros/humble PS1=(ros2pythonvenv) \[\e]0;\u@\h: \w\a\]${debian_chroot:+($debian_chroot)}\[\033[01;32m\]\u@\h\[\033[00m\]:\[\033[01;34m\]\w\[\033[00m\]\$ VIRTUAL_ENV_PROMPT=(ros2pythonvenv) /usr/bin/cmake --build /home/vincenzo/Documenti/AMR/ros2pythonvenv/src/lab2workspace/build/cpp_pubsub -- -j16 -l16
[0.535s] DEBUG:colcon.colcon_core.event_handler.log_command:Invoking command in '/home/vincenzo/Documenti/AMR/ros2pythonvenv/src/lab2workspace/build/cpp_pubsub': CMAKE_PREFIX_PATH=${CMAKE_PREFIX_PATH}:/home/vincenzo/Documenti/AMR/ros2pythonvenv/src/lab2workspace/install/my_python_package:/opt/ros/humble PS1=(ros2pythonvenv) \[\e]0;\u@\h: \w\a\]${debian_chroot:+($debian_chroot)}\[\033[01;32m\]\u@\h\[\033[00m\]:\[\033[01;34m\]\w\[\033[00m\]\$ VIRTUAL_ENV_PROMPT=(ros2pythonvenv) /usr/bin/cmake --install /home/vincenzo/Documenti/AMR/ros2pythonvenv/src/lab2workspace/build/cpp_pubsub
[0.535s] DEBUG:colcon.colcon_core.event_handler.log_command:Invoked command in '/home/vincenzo/Documenti/AMR/ros2pythonvenv/src/lab2workspace/build/my_cmake_package' returned '0': CMAKE_PREFIX_PATH=${CMAKE_PREFIX_PATH}:/home/vincenzo/Documenti/AMR/ros2pythonvenv/src/lab2workspace/install/my_python_package:/opt/ros/humble PS1=(ros2pythonvenv) \[\e]0;\u@\h: \w\a\]${debian_chroot:+($debian_chroot)}\[\033[01;32m\]\u@\h\[\033[00m\]:\[\033[01;34m\]\w\[\033[00m\]\$ VIRTUAL_ENV_PROMPT=(ros2pythonvenv) /usr/bin/cmake --build /home/vincenzo/Documenti/AMR/ros2pythonvenv/src/lab2workspace/build/my_cmake_package -- -j16 -l16
[0.536s] DEBUG:colcon.colcon_core.event_handler.log_command:Invoking command in '/home/vincenzo/Documenti/AMR/ros2pythonvenv/src/lab2workspace/build/my_cmake_package': CMAKE_PREFIX_PATH=${CMAKE_PREFIX_PATH}:/home/vincenzo/Documenti/AMR/ros2pythonvenv/src/lab2workspace/install/my_python_package:/opt/ros/humble PS1=(ros2pythonvenv) \[\e]0;\u@\h: \w\a\]${debian_chroot:+($debian_chroot)}\[\033[01;32m\]\u@\h\[\033[00m\]:\[\033[01;34m\]\w\[\033[00m\]\$ VIRTUAL_ENV_PROMPT=(ros2pythonvenv) /usr/bin/cmake --install /home/vincenzo/Documenti/AMR/ros2pythonvenv/src/lab2workspace/build/my_cmake_package
[0.544s] Level 1:colcon.colcon_core.environment:create_environment_scripts_only(my_cmake_package)
[0.544s] DEBUG:colcon.colcon_core.event_handler.log_command:Invoked command in '/home/vincenzo/Documenti/AMR/ros2pythonvenv/src/lab2workspace/build/my_cmake_package' returned '0': CMAKE_PREFIX_PATH=${CMAKE_PREFIX_PATH}:/home/vincenzo/Documenti/AMR/ros2pythonvenv/src/lab2workspace/install/my_python_package:/opt/ros/humble PS1=(ros2pythonvenv) \[\e]0;\u@\h: \w\a\]${debian_chroot:+($debian_chroot)}\[\033[01;32m\]\u@\h\[\033[00m\]:\[\033[01;34m\]\w\[\033[00m\]\$ VIRTUAL_ENV_PROMPT=(ros2pythonvenv) /usr/bin/cmake --install /home/vincenzo/Documenti/AMR/ros2pythonvenv/src/lab2workspace/build/my_cmake_package
[0.547s] Level 1:colcon.colcon_core.environment:checking '/home/vincenzo/Documenti/AMR/ros2pythonvenv/src/lab2workspace/install/my_cmake_package' for CMake module files
[0.548s] Level 1:colcon.colcon_core.environment:checking '/home/vincenzo/Documenti/AMR/ros2pythonvenv/src/lab2workspace/install/my_cmake_package' for CMake config files
[0.548s] Level 1:colcon.colcon_core.shell:create_environment_hook('my_cmake_package', 'cmake_prefix_path')
[0.548s] INFO:colcon.colcon_core.shell:Creating environment hook '/home/vincenzo/Documenti/AMR/ros2pythonvenv/src/lab2workspace/install/my_cmake_package/share/my_cmake_package/hook/cmake_prefix_path.ps1'
[0.549s] INFO:colcon.colcon_core.shell:Creating environment descriptor '/home/vincenzo/Documenti/AMR/ros2pythonvenv/src/lab2workspace/install/my_cmake_package/share/my_cmake_package/hook/cmake_prefix_path.dsv'
[0.549s] INFO:colcon.colcon_core.shell:Creating environment hook '/home/vincenzo/Documenti/AMR/ros2pythonvenv/src/lab2workspace/install/my_cmake_package/share/my_cmake_package/hook/cmake_prefix_path.sh'
[0.550s] Level 1:colcon.colcon_core.environment:checking '/home/vincenzo/Documenti/AMR/ros2pythonvenv/src/lab2workspace/install/my_cmake_package/lib'
[0.550s] Level 1:colcon.colcon_core.environment:checking '/home/vincenzo/Documenti/AMR/ros2pythonvenv/src/lab2workspace/install/my_cmake_package/bin'
[0.550s] Level 1:colcon.colcon_core.environment:checking '/home/vincenzo/Documenti/AMR/ros2pythonvenv/src/lab2workspace/install/my_cmake_package/lib/pkgconfig/my_cmake_package.pc'
[0.550s] Level 1:colcon.colcon_core.environment:checking '/home/vincenzo/Documenti/AMR/ros2pythonvenv/src/lab2workspace/install/my_cmake_package/lib/python3.10/site-packages'
[0.550s] Level 1:colcon.colcon_core.environment:checking '/home/vincenzo/Documenti/AMR/ros2pythonvenv/src/lab2workspace/install/my_cmake_package/bin'
[0.551s] INFO:colcon.colcon_core.shell:Creating package script '/home/vincenzo/Documenti/AMR/ros2pythonvenv/src/lab2workspace/install/my_cmake_package/share/my_cmake_package/package.ps1'
[0.552s] INFO:colcon.colcon_core.shell:Creating package descriptor '/home/vincenzo/Documenti/AMR/ros2pythonvenv/src/lab2workspace/install/my_cmake_package/share/my_cmake_package/package.dsv'
[0.552s] INFO:colcon.colcon_core.shell:Creating package script '/home/vincenzo/Documenti/AMR/ros2pythonvenv/src/lab2workspace/install/my_cmake_package/share/my_cmake_package/package.sh'
[0.553s] INFO:colcon.colcon_core.shell:Creating package script '/home/vincenzo/Documenti/AMR/ros2pythonvenv/src/lab2workspace/install/my_cmake_package/share/my_cmake_package/package.bash'
[0.553s] INFO:colcon.colcon_core.shell:Creating package script '/home/vincenzo/Documenti/AMR/ros2pythonvenv/src/lab2workspace/install/my_cmake_package/share/my_cmake_package/package.zsh'
[0.554s] Level 1:colcon.colcon_core.environment:create_file_with_runtime_dependencies(/home/vincenzo/Documenti/AMR/ros2pythonvenv/src/lab2workspace/install/my_cmake_package/share/colcon-core/packages/my_cmake_package)
[0.554s] Level 1:colcon.colcon_core.environment:create_environment_scripts_only(my_cmake_package)
[0.554s] Level 1:colcon.colcon_core.environment:checking '/home/vincenzo/Documenti/AMR/ros2pythonvenv/src/lab2workspace/install/my_cmake_package' for CMake module files
[0.554s] Level 1:colcon.colcon_core.environment:checking '/home/vincenzo/Documenti/AMR/ros2pythonvenv/src/lab2workspace/install/my_cmake_package' for CMake config files
[0.555s] Level 1:colcon.colcon_core.shell:create_environment_hook('my_cmake_package', 'cmake_prefix_path')
[0.555s] INFO:colcon.colcon_core.shell:Creating environment hook '/home/vincenzo/Documenti/AMR/ros2pythonvenv/src/lab2workspace/install/my_cmake_package/share/my_cmake_package/hook/cmake_prefix_path.ps1'
[0.555s] INFO:colcon.colcon_core.shell:Creating environment descriptor '/home/vincenzo/Documenti/AMR/ros2pythonvenv/src/lab2workspace/install/my_cmake_package/share/my_cmake_package/hook/cmake_prefix_path.dsv'
[0.555s] INFO:colcon.colcon_core.shell:Creating environment hook '/home/vincenzo/Documenti/AMR/ros2pythonvenv/src/lab2workspace/install/my_cmake_package/share/my_cmake_package/hook/cmake_prefix_path.sh'
[0.555s] Level 1:colcon.colcon_core.environment:checking '/home/vincenzo/Documenti/AMR/ros2pythonvenv/src/lab2workspace/install/my_cmake_package/lib'
[0.556s] Level 1:colcon.colcon_core.environment:checking '/home/vincenzo/Documenti/AMR/ros2pythonvenv/src/lab2workspace/install/my_cmake_package/bin'
[0.556s] Level 1:colcon.colcon_core.environment:checking '/home/vincenzo/Documenti/AMR/ros2pythonvenv/src/lab2workspace/install/my_cmake_package/lib/pkgconfig/my_cmake_package.pc'
[0.556s] Level 1:colcon.colcon_core.environment:checking '/home/vincenzo/Documenti/AMR/ros2pythonvenv/src/lab2workspace/install/my_cmake_package/lib/python3.10/site-packages'
[0.556s] Level 1:colcon.colcon_core.environment:checking '/home/vincenzo/Documenti/AMR/ros2pythonvenv/src/lab2workspace/install/my_cmake_package/bin'
[0.556s] INFO:colcon.colcon_core.shell:Creating package script '/home/vincenzo/Documenti/AMR/ros2pythonvenv/src/lab2workspace/install/my_cmake_package/share/my_cmake_package/package.ps1'
[0.556s] INFO:colcon.colcon_core.shell:Creating package descriptor '/home/vincenzo/Documenti/AMR/ros2pythonvenv/src/lab2workspace/install/my_cmake_package/share/my_cmake_package/package.dsv'
[0.557s] INFO:colcon.colcon_core.shell:Creating package script '/home/vincenzo/Documenti/AMR/ros2pythonvenv/src/lab2workspace/install/my_cmake_package/share/my_cmake_package/package.sh'
[0.557s] INFO:colcon.colcon_core.shell:Creating package script '/home/vincenzo/Documenti/AMR/ros2pythonvenv/src/lab2workspace/install/my_cmake_package/share/my_cmake_package/package.bash'
[0.557s] INFO:colcon.colcon_core.shell:Creating package script '/home/vincenzo/Documenti/AMR/ros2pythonvenv/src/lab2workspace/install/my_cmake_package/share/my_cmake_package/package.zsh'
[0.557s] Level 1:colcon.colcon_core.environment:create_file_with_runtime_dependencies(/home/vincenzo/Documenti/AMR/ros2pythonvenv/src/lab2workspace/install/my_cmake_package/share/colcon-core/packages/my_cmake_package)
[0.558s] Level 1:colcon.colcon_core.environment:create_environment_scripts_only(cpp_pubsub)
[0.558s] DEBUG:colcon.colcon_core.event_handler.log_command:Invoked command in '/home/vincenzo/Documenti/AMR/ros2pythonvenv/src/lab2workspace/build/cpp_pubsub' returned '0': CMAKE_PREFIX_PATH=${CMAKE_PREFIX_PATH}:/home/vincenzo/Documenti/AMR/ros2pythonvenv/src/lab2workspace/install/my_python_package:/opt/ros/humble PS1=(ros2pythonvenv) \[\e]0;\u@\h: \w\a\]${debian_chroot:+($debian_chroot)}\[\033[01;32m\]\u@\h\[\033[00m\]:\[\033[01;34m\]\w\[\033[00m\]\$ VIRTUAL_ENV_PROMPT=(ros2pythonvenv) /usr/bin/cmake --install /home/vincenzo/Documenti/AMR/ros2pythonvenv/src/lab2workspace/build/cpp_pubsub
[0.558s] Level 1:colcon.colcon_core.environment:checking '/home/vincenzo/Documenti/AMR/ros2pythonvenv/src/lab2workspace/install/cpp_pubsub' for CMake module files
[0.559s] Level 1:colcon.colcon_core.environment:checking '/home/vincenzo/Documenti/AMR/ros2pythonvenv/src/lab2workspace/install/cpp_pubsub' for CMake config files
[0.559s] Level 1:colcon.colcon_core.shell:create_environment_hook('cpp_pubsub', 'cmake_prefix_path')
[0.560s] INFO:colcon.colcon_core.shell:Creating environment hook '/home/vincenzo/Documenti/AMR/ros2pythonvenv/src/lab2workspace/install/cpp_pubsub/share/cpp_pubsub/hook/cmake_prefix_path.ps1'
[0.560s] INFO:colcon.colcon_core.shell:Creating environment descriptor '/home/vincenzo/Documenti/AMR/ros2pythonvenv/src/lab2workspace/install/cpp_pubsub/share/cpp_pubsub/hook/cmake_prefix_path.dsv'
[0.560s] INFO:colcon.colcon_core.shell:Creating environment hook '/home/vincenzo/Documenti/AMR/ros2pythonvenv/src/lab2workspace/install/cpp_pubsub/share/cpp_pubsub/hook/cmake_prefix_path.sh'
[0.560s] Level 1:colcon.colcon_core.environment:checking '/home/vincenzo/Documenti/AMR/ros2pythonvenv/src/lab2workspace/install/cpp_pubsub/lib'
[0.561s] Level 1:colcon.colcon_core.environment:checking '/home/vincenzo/Documenti/AMR/ros2pythonvenv/src/lab2workspace/install/cpp_pubsub/bin'
[0.561s] Level 1:colcon.colcon_core.environment:checking '/home/vincenzo/Documenti/AMR/ros2pythonvenv/src/lab2workspace/install/cpp_pubsub/lib/pkgconfig/cpp_pubsub.pc'
[0.561s] Level 1:colcon.colcon_core.environment:checking '/home/vincenzo/Documenti/AMR/ros2pythonvenv/src/lab2workspace/install/cpp_pubsub/lib/python3.10/site-packages'
[0.561s] Level 1:colcon.colcon_core.environment:checking '/home/vincenzo/Documenti/AMR/ros2pythonvenv/src/lab2workspace/install/cpp_pubsub/bin'
[0.561s] INFO:colcon.colcon_core.shell:Creating package script '/home/vincenzo/Documenti/AMR/ros2pythonvenv/src/lab2workspace/install/cpp_pubsub/share/cpp_pubsub/package.ps1'
[0.561s] INFO:colcon.colcon_core.shell:Creating package descriptor '/home/vincenzo/Documenti/AMR/ros2pythonvenv/src/lab2workspace/install/cpp_pubsub/share/cpp_pubsub/package.dsv'
[0.562s] INFO:colcon.colcon_core.shell:Creating package script '/home/vincenzo/Documenti/AMR/ros2pythonvenv/src/lab2workspace/install/cpp_pubsub/share/cpp_pubsub/package.sh'
[0.562s] INFO:colcon.colcon_core.shell:Creating package script '/home/vincenzo/Documenti/AMR/ros2pythonvenv/src/lab2workspace/install/cpp_pubsub/share/cpp_pubsub/package.bash'
[0.562s] INFO:colcon.colcon_core.shell:Creating package script '/home/vincenzo/Documenti/AMR/ros2pythonvenv/src/lab2workspace/install/cpp_pubsub/share/cpp_pubsub/package.zsh'
[0.562s] Level 1:colcon.colcon_core.environment:create_file_with_runtime_dependencies(/home/vincenzo/Documenti/AMR/ros2pythonvenv/src/lab2workspace/install/cpp_pubsub/share/colcon-core/packages/cpp_pubsub)
[0.562s] Level 1:colcon.colcon_core.environment:create_environment_scripts_only(cpp_pubsub)
[0.563s] Level 1:colcon.colcon_core.environment:checking '/home/vincenzo/Documenti/AMR/ros2pythonvenv/src/lab2workspace/install/cpp_pubsub' for CMake module files
[0.563s] Level 1:colcon.colcon_core.environment:checking '/home/vincenzo/Documenti/AMR/ros2pythonvenv/src/lab2workspace/install/cpp_pubsub' for CMake config files
[0.563s] Level 1:colcon.colcon_core.shell:create_environment_hook('cpp_pubsub', 'cmake_prefix_path')
[0.563s] INFO:colcon.colcon_core.shell:Creating environment hook '/home/vincenzo/Documenti/AMR/ros2pythonvenv/src/lab2workspace/install/cpp_pubsub/share/cpp_pubsub/hook/cmake_prefix_path.ps1'
[0.563s] INFO:colcon.colcon_core.shell:Creating environment descriptor '/home/vincenzo/Documenti/AMR/ros2pythonvenv/src/lab2workspace/install/cpp_pubsub/share/cpp_pubsub/hook/cmake_prefix_path.dsv'
[0.563s] INFO:colcon.colcon_core.shell:Creating environment hook '/home/vincenzo/Documenti/AMR/ros2pythonvenv/src/lab2workspace/install/cpp_pubsub/share/cpp_pubsub/hook/cmake_prefix_path.sh'
[0.564s] Level 1:colcon.colcon_core.environment:checking '/home/vincenzo/Documenti/AMR/ros2pythonvenv/src/lab2workspace/install/cpp_pubsub/lib'
[0.564s] Level 1:colcon.colcon_core.environment:checking '/home/vincenzo/Documenti/AMR/ros2pythonvenv/src/lab2workspace/install/cpp_pubsub/bin'
[0.564s] Level 1:colcon.colcon_core.environment:checking '/home/vincenzo/Documenti/AMR/ros2pythonvenv/src/lab2workspace/install/cpp_pubsub/lib/pkgconfig/cpp_pubsub.pc'
[0.564s] Level 1:colcon.colcon_core.environment:checking '/home/vincenzo/Documenti/AMR/ros2pythonvenv/src/lab2workspace/install/cpp_pubsub/lib/python3.10/site-packages'
[0.564s] Level 1:colcon.colcon_core.environment:checking '/home/vincenzo/Documenti/AMR/ros2pythonvenv/src/lab2workspace/install/cpp_pubsub/bin'
[0.564s] INFO:colcon.colcon_core.shell:Creating package script '/home/vincenzo/Documenti/AMR/ros2pythonvenv/src/lab2workspace/install/cpp_pubsub/share/cpp_pubsub/package.ps1'
[0.565s] INFO:colcon.colcon_core.shell:Creating package descriptor '/home/vincenzo/Documenti/AMR/ros2pythonvenv/src/lab2workspace/install/cpp_pubsub/share/cpp_pubsub/package.dsv'
[0.565s] INFO:colcon.colcon_core.shell:Creating package script '/home/vincenzo/Documenti/AMR/ros2pythonvenv/src/lab2workspace/install/cpp_pubsub/share/cpp_pubsub/package.sh'
[0.565s] INFO:colcon.colcon_core.shell:Creating package script '/home/vincenzo/Documenti/AMR/ros2pythonvenv/src/lab2workspace/install/cpp_pubsub/share/cpp_pubsub/package.bash'
[0.565s] INFO:colcon.colcon_core.shell:Creating package script '/home/vincenzo/Documenti/AMR/ros2pythonvenv/src/lab2workspace/install/cpp_pubsub/share/cpp_pubsub/package.zsh'
[0.565s] Level 1:colcon.colcon_core.environment:create_file_with_runtime_dependencies(/home/vincenzo/Documenti/AMR/ros2pythonvenv/src/lab2workspace/install/cpp_pubsub/share/colcon-core/packages/cpp_pubsub)
[0.721s] DEBUG:colcon.colcon_core.event_handler.log_command:Invoking command in '/home/vincenzo/Documenti/AMR/ros2pythonvenv/src/lab2workspace/src/my_python_package': PS1=(ros2pythonvenv) \[\e]0;\u@\h: \w\a\]${debian_chroot:+($debian_chroot)}\[\033[01;32m\]\u@\h\[\033[00m\]:\[\033[01;34m\]\w\[\033[00m\]\$ PYTHONPATH=/home/vincenzo/Documenti/AMR/ros2pythonvenv/src/lab2workspace/build/my_python_package/prefix_override:/usr/lib/python3/dist-packages/colcon_core/task/python/colcon_distutils_commands:/home/vincenzo/Documenti/AMR/ros2pythonvenv/src/lab2workspace/install/my_python_package/lib/python3.10/site-packages:${PYTHONPATH} VIRTUAL_ENV_PROMPT=(ros2pythonvenv) /usr/bin/python3 -W ignore:setup.py install is deprecated -W ignore:easy_install command is deprecated setup.py egg_info --egg-base ../../build/my_python_package build --build-base /home/vincenzo/Documenti/AMR/ros2pythonvenv/src/lab2workspace/build/my_python_package/build install --record /home/vincenzo/Documenti/AMR/ros2pythonvenv/src/lab2workspace/build/my_python_package/install.log --single-version-externally-managed install_data
[0.728s] DEBUG:colcon.colcon_core.event_handler.log_command:Invoking command in '/home/vincenzo/Documenti/AMR/ros2pythonvenv/src/lab2workspace/src/py_pubsub': PS1=(ros2pythonvenv) \[\e]0;\u@\h: \w\a\]${debian_chroot:+($debian_chroot)}\[\033[01;32m\]\u@\h\[\033[00m\]:\[\033[01;34m\]\w\[\033[00m\]\$ PYTHONPATH=/home/vincenzo/Documenti/AMR/ros2pythonvenv/src/lab2workspace/build/py_pubsub/prefix_override:/usr/lib/python3/dist-packages/colcon_core/task/python/colcon_distutils_commands:/home/vincenzo/Documenti/AMR/ros2pythonvenv/src/lab2workspace/install/py_pubsub/lib/python3.10/site-packages:${PYTHONPATH} VIRTUAL_ENV_PROMPT=(ros2pythonvenv) /usr/bin/python3 -W ignore:setup.py install is deprecated -W ignore:easy_install command is deprecated setup.py egg_info --egg-base ../../build/py_pubsub build --build-base /home/vincenzo/Documenti/AMR/ros2pythonvenv/src/lab2workspace/build/py_pubsub/build install --record /home/vincenzo/Documenti/AMR/ros2pythonvenv/src/lab2workspace/build/py_pubsub/install.log --single-version-externally-managed install_data
[0.888s] Level 1:colcon.colcon_core.environment:checking '/home/vincenzo/Documenti/AMR/ros2pythonvenv/src/lab2workspace/install/my_python_package' for CMake module files
[0.889s] DEBUG:colcon.colcon_core.event_handler.log_command:Invoked command in '/home/vincenzo/Documenti/AMR/ros2pythonvenv/src/lab2workspace/src/my_python_package' returned '0': PS1=(ros2pythonvenv) \[\e]0;\u@\h: \w\a\]${debian_chroot:+($debian_chroot)}\[\033[01;32m\]\u@\h\[\033[00m\]:\[\033[01;34m\]\w\[\033[00m\]\$ PYTHONPATH=/home/vincenzo/Documenti/AMR/ros2pythonvenv/src/lab2workspace/build/my_python_package/prefix_override:/usr/lib/python3/dist-packages/colcon_core/task/python/colcon_distutils_commands:/home/vincenzo/Documenti/AMR/ros2pythonvenv/src/lab2workspace/install/my_python_package/lib/python3.10/site-packages:${PYTHONPATH} VIRTUAL_ENV_PROMPT=(ros2pythonvenv) /usr/bin/python3 -W ignore:setup.py install is deprecated -W ignore:easy_install command is deprecated setup.py egg_info --egg-base ../../build/my_python_package build --build-base /home/vincenzo/Documenti/AMR/ros2pythonvenv/src/lab2workspace/build/my_python_package/build install --record /home/vincenzo/Documenti/AMR/ros2pythonvenv/src/lab2workspace/build/my_python_package/install.log --single-version-externally-managed install_data
[0.889s] Level 1:colcon.colcon_core.environment:checking '/home/vincenzo/Documenti/AMR/ros2pythonvenv/src/lab2workspace/install/my_python_package' for CMake config files
[0.889s] Level 1:colcon.colcon_core.environment:checking '/home/vincenzo/Documenti/AMR/ros2pythonvenv/src/lab2workspace/install/my_python_package/lib'
[0.889s] Level 1:colcon.colcon_core.environment:checking '/home/vincenzo/Documenti/AMR/ros2pythonvenv/src/lab2workspace/install/my_python_package/bin'
[0.889s] Level 1:colcon.colcon_core.environment:checking '/home/vincenzo/Documenti/AMR/ros2pythonvenv/src/lab2workspace/install/my_python_package/lib/pkgconfig/my_python_package.pc'
[0.889s] Level 1:colcon.colcon_core.environment:checking '/home/vincenzo/Documenti/AMR/ros2pythonvenv/src/lab2workspace/install/my_python_package/lib/python3.10/site-packages'
[0.889s] Level 1:colcon.colcon_core.shell:create_environment_hook('my_python_package', 'pythonpath')
[0.890s] INFO:colcon.colcon_core.shell:Creating environment hook '/home/vincenzo/Documenti/AMR/ros2pythonvenv/src/lab2workspace/install/my_python_package/share/my_python_package/hook/pythonpath.ps1'
[0.890s] INFO:colcon.colcon_core.shell:Creating environment descriptor '/home/vincenzo/Documenti/AMR/ros2pythonvenv/src/lab2workspace/install/my_python_package/share/my_python_package/hook/pythonpath.dsv'
[0.890s] INFO:colcon.colcon_core.shell:Creating environment hook '/home/vincenzo/Documenti/AMR/ros2pythonvenv/src/lab2workspace/install/my_python_package/share/my_python_package/hook/pythonpath.sh'
[0.891s] Level 1:colcon.colcon_core.environment:checking '/home/vincenzo/Documenti/AMR/ros2pythonvenv/src/lab2workspace/install/my_python_package/bin'
[0.891s] Level 1:colcon.colcon_core.environment:create_environment_scripts_only(my_python_package)
[0.891s] INFO:colcon.colcon_core.shell:Creating package script '/home/vincenzo/Documenti/AMR/ros2pythonvenv/src/lab2workspace/install/my_python_package/share/my_python_package/package.ps1'
[0.891s] INFO:colcon.colcon_core.shell:Creating package descriptor '/home/vincenzo/Documenti/AMR/ros2pythonvenv/src/lab2workspace/install/my_python_package/share/my_python_package/package.dsv'
[0.891s] INFO:colcon.colcon_core.shell:Creating package script '/home/vincenzo/Documenti/AMR/ros2pythonvenv/src/lab2workspace/install/my_python_package/share/my_python_package/package.sh'
[0.892s] INFO:colcon.colcon_core.shell:Creating package script '/home/vincenzo/Documenti/AMR/ros2pythonvenv/src/lab2workspace/install/my_python_package/share/my_python_package/package.bash'
[0.892s] INFO:colcon.colcon_core.shell:Creating package script '/home/vincenzo/Documenti/AMR/ros2pythonvenv/src/lab2workspace/install/my_python_package/share/my_python_package/package.zsh'
[0.892s] Level 1:colcon.colcon_core.environment:create_file_with_runtime_dependencies(/home/vincenzo/Documenti/AMR/ros2pythonvenv/src/lab2workspace/install/my_python_package/share/colcon-core/packages/my_python_package)
[0.898s] Level 1:colcon.colcon_core.environment:checking '/home/vincenzo/Documenti/AMR/ros2pythonvenv/src/lab2workspace/install/py_pubsub' for CMake module files
[0.899s] DEBUG:colcon.colcon_core.event_handler.log_command:Invoked command in '/home/vincenzo/Documenti/AMR/ros2pythonvenv/src/lab2workspace/src/py_pubsub' returned '0': PS1=(ros2pythonvenv) \[\e]0;\u@\h: \w\a\]${debian_chroot:+($debian_chroot)}\[\033[01;32m\]\u@\h\[\033[00m\]:\[\033[01;34m\]\w\[\033[00m\]\$ PYTHONPATH=/home/vincenzo/Documenti/AMR/ros2pythonvenv/src/lab2workspace/build/py_pubsub/prefix_override:/usr/lib/python3/dist-packages/colcon_core/task/python/colcon_distutils_commands:/home/vincenzo/Documenti/AMR/ros2pythonvenv/src/lab2workspace/install/py_pubsub/lib/python3.10/site-packages:${PYTHONPATH} VIRTUAL_ENV_PROMPT=(ros2pythonvenv) /usr/bin/python3 -W ignore:setup.py install is deprecated -W ignore:easy_install command is deprecated setup.py egg_info --egg-base ../../build/py_pubsub build --build-base /home/vincenzo/Documenti/AMR/ros2pythonvenv/src/lab2workspace/build/py_pubsub/build install --record /home/vincenzo/Documenti/AMR/ros2pythonvenv/src/lab2workspace/build/py_pubsub/install.log --single-version-externally-managed install_data
[0.899s] Level 1:colcon.colcon_core.environment:checking '/home/vincenzo/Documenti/AMR/ros2pythonvenv/src/lab2workspace/install/py_pubsub' for CMake config files
[0.899s] Level 1:colcon.colcon_core.environment:checking '/home/vincenzo/Documenti/AMR/ros2pythonvenv/src/lab2workspace/install/py_pubsub/lib'
[0.899s] Level 1:colcon.colcon_core.environment:checking '/home/vincenzo/Documenti/AMR/ros2pythonvenv/src/lab2workspace/install/py_pubsub/bin'
[0.899s] Level 1:colcon.colcon_core.environment:checking '/home/vincenzo/Documenti/AMR/ros2pythonvenv/src/lab2workspace/install/py_pubsub/lib/pkgconfig/py_pubsub.pc'
[0.900s] Level 1:colcon.colcon_core.environment:checking '/home/vincenzo/Documenti/AMR/ros2pythonvenv/src/lab2workspace/install/py_pubsub/lib/python3.10/site-packages'
[0.900s] Level 1:colcon.colcon_core.shell:create_environment_hook('py_pubsub', 'pythonpath')
[0.900s] INFO:colcon.colcon_core.shell:Creating environment hook '/home/vincenzo/Documenti/AMR/ros2pythonvenv/src/lab2workspace/install/py_pubsub/share/py_pubsub/hook/pythonpath.ps1'
[0.900s] INFO:colcon.colcon_core.shell:Creating environment descriptor '/home/vincenzo/Documenti/AMR/ros2pythonvenv/src/lab2workspace/install/py_pubsub/share/py_pubsub/hook/pythonpath.dsv'
[0.900s] INFO:colcon.colcon_core.shell:Creating environment hook '/home/vincenzo/Documenti/AMR/ros2pythonvenv/src/lab2workspace/install/py_pubsub/share/py_pubsub/hook/pythonpath.sh'
[0.901s] Level 1:colcon.colcon_core.environment:checking '/home/vincenzo/Documenti/AMR/ros2pythonvenv/src/lab2workspace/install/py_pubsub/bin'
[0.901s] Level 1:colcon.colcon_core.environment:create_environment_scripts_only(py_pubsub)
[0.901s] INFO:colcon.colcon_core.shell:Creating package script '/home/vincenzo/Documenti/AMR/ros2pythonvenv/src/lab2workspace/install/py_pubsub/share/py_pubsub/package.ps1'
[0.901s] INFO:colcon.colcon_core.shell:Creating package descriptor '/home/vincenzo/Documenti/AMR/ros2pythonvenv/src/lab2workspace/install/py_pubsub/share/py_pubsub/package.dsv'
[0.901s] INFO:colcon.colcon_core.shell:Creating package script '/home/vincenzo/Documenti/AMR/ros2pythonvenv/src/lab2workspace/install/py_pubsub/share/py_pubsub/package.sh'
[0.902s] INFO:colcon.colcon_core.shell:Creating package script '/home/vincenzo/Documenti/AMR/ros2pythonvenv/src/lab2workspace/install/py_pubsub/share/py_pubsub/package.bash'
[0.902s] INFO:colcon.colcon_core.shell:Creating package script '/home/vincenzo/Documenti/AMR/ros2pythonvenv/src/lab2workspace/install/py_pubsub/share/py_pubsub/package.zsh'
[0.902s] Level 1:colcon.colcon_core.environment:create_file_with_runtime_dependencies(/home/vincenzo/Documenti/AMR/ros2pythonvenv/src/lab2workspace/install/py_pubsub/share/colcon-core/packages/py_pubsub)
[0.902s] DEBUG:colcon.colcon_parallel_executor.executor.parallel:closing loop
[0.902s] DEBUG:colcon.colcon_parallel_executor.executor.parallel:loop closed
[0.902s] DEBUG:colcon.colcon_parallel_executor.executor.parallel:run_until_complete finished with '0'
[0.902s] DEBUG:colcon.colcon_core.event_reactor:joining thread
[0.906s] INFO:colcon.colcon_core.plugin_system:Skipping extension 'colcon_notification.desktop_notification.terminal_notifier': Not used on non-Darwin systems
[0.906s] INFO:colcon.colcon_core.plugin_system:Skipping extension 'colcon_notification.desktop_notification.win32': Not used on non-Windows systems
[0.906s] INFO:colcon.colcon_notification.desktop_notification:Sending desktop notification using 'notify2'
[0.908s] DEBUG:colcon.colcon_core.event_reactor:joined thread
[0.908s] INFO:colcon.colcon_core.shell:Creating prefix script '/home/vincenzo/Documenti/AMR/ros2pythonvenv/src/lab2workspace/install/local_setup.ps1'
[0.909s] INFO:colcon.colcon_core.shell:Creating prefix util module '/home/vincenzo/Documenti/AMR/ros2pythonvenv/src/lab2workspace/install/_local_setup_util_ps1.py'
[0.910s] INFO:colcon.colcon_core.shell:Creating prefix chain script '/home/vincenzo/Documenti/AMR/ros2pythonvenv/src/lab2workspace/install/setup.ps1'
[0.910s] INFO:colcon.colcon_core.shell:Creating prefix script '/home/vincenzo/Documenti/AMR/ros2pythonvenv/src/lab2workspace/install/local_setup.sh'
[0.911s] INFO:colcon.colcon_core.shell:Creating prefix util module '/home/vincenzo/Documenti/AMR/ros2pythonvenv/src/lab2workspace/install/_local_setup_util_sh.py'
[0.911s] INFO:colcon.colcon_core.shell:Creating prefix chain script '/home/vincenzo/Documenti/AMR/ros2pythonvenv/src/lab2workspace/install/setup.sh'
[0.912s] INFO:colcon.colcon_core.shell:Creating prefix script '/home/vincenzo/Documenti/AMR/ros2pythonvenv/src/lab2workspace/install/local_setup.bash'
[0.912s] INFO:colcon.colcon_core.shell:Creating prefix chain script '/home/vincenzo/Documenti/AMR/ros2pythonvenv/src/lab2workspace/install/setup.bash'
[0.913s] INFO:colcon.colcon_core.shell:Creating prefix script '/home/vincenzo/Documenti/AMR/ros2pythonvenv/src/lab2workspace/install/local_setup.zsh'
[0.913s] INFO:colcon.colcon_core.shell:Creating prefix chain script '/home/vincenzo/Documenti/AMR/ros2pythonvenv/src/lab2workspace/install/setup.zsh'
