[0.218s] Invoking command in '/home/vincenzo/Documenti/AMR/ros2pythonvenv/src/lab7workspace/tiagoworkspace/build/pmb2_maps': CMAKE_PREFIX_PATH=${CMAKE_PREFIX_PATH}:/home/vincenzo/Documenti/AMR/ros2pythonvenv/src/lab7workspace/ros2workspace/install/rqt_controller_manager:/home/vincenzo/Documenti/AMR/ros2pythonvenv/src/lab7workspace/ros2workspace/install/ros2controlcli:/home/vincenzo/Documenti/AMR/ros2pythonvenv/src/lab7workspace/ros2workspace/install/ros2_controllers_test_nodes:/opt/ros/humble PS1=(ros2pythonvenv) \[\e]0;\u@\h: \w\a\]${debian_chroot:+($debian_chroot)}\[\033[01;32m\]\u@\h\[\033[00m\]:\[\033[01;34m\]\w\[\033[00m\]\$ VIRTUAL_ENV_PROMPT=(ros2pythonvenv) /usr/bin/cmake /home/vincenzo/Documenti/AMR/ros2pythonvenv/src/lab7workspace/tiagoworkspace/src/pmb2_navigation/pmb2_maps -DCMAKE_INSTALL_PREFIX=/home/vincenzo/Documenti/AMR/ros2pythonvenv/src/lab7workspace/tiagoworkspace/install/pmb2_maps
[0.275s] -- The C compiler identification is GNU 11.4.0
[0.323s] -- The CXX compiler identification is GNU 11.4.0
[0.331s] -- Detecting C compiler ABI info
[0.398s] -- Detecting C compiler ABI info - done
[0.406s] -- Check for working C compiler: /usr/bin/cc - skipped
[0.406s] -- Detecting C compile features
[0.406s] -- Detecting C compile features - done
[0.409s] -- Detecting CXX compiler ABI info
[0.493s] -- Detecting CXX compiler ABI info - done
[0.500s] -- Check for working CXX compiler: /usr/bin/c++ - skipped
[0.500s] -- Detecting CXX compile features
[0.501s] -- Detecting CXX compile features - done
[0.510s] -- Found ament_cmake_auto: 1.3.12 (/opt/ros/humble/share/ament_cmake_auto/cmake)
[0.666s] -- Found Python3: /home/vincenzo/Documenti/AMR/ros2pythonvenv/bin/python3 (found version "3.10.12") found components: Interpreter 
[0.837s] -- Configuring done
[0.839s] -- Generating done
[0.840s] -- Build files have been written to: /home/vincenzo/Documenti/AMR/ros2pythonvenv/src/lab7workspace/tiagoworkspace/build/pmb2_maps
[0.846s] Invoked command in '/home/vincenzo/Documenti/AMR/ros2pythonvenv/src/lab7workspace/tiagoworkspace/build/pmb2_maps' returned '0': CMAKE_PREFIX_PATH=${CMAKE_PREFIX_PATH}:/home/vincenzo/Documenti/AMR/ros2pythonvenv/src/lab7workspace/ros2workspace/install/rqt_controller_manager:/home/vincenzo/Documenti/AMR/ros2pythonvenv/src/lab7workspace/ros2workspace/install/ros2controlcli:/home/vincenzo/Documenti/AMR/ros2pythonvenv/src/lab7workspace/ros2workspace/install/ros2_controllers_test_nodes:/opt/ros/humble PS1=(ros2pythonvenv) \[\e]0;\u@\h: \w\a\]${debian_chroot:+($debian_chroot)}\[\033[01;32m\]\u@\h\[\033[00m\]:\[\033[01;34m\]\w\[\033[00m\]\$ VIRTUAL_ENV_PROMPT=(ros2pythonvenv) /usr/bin/cmake /home/vincenzo/Documenti/AMR/ros2pythonvenv/src/lab7workspace/tiagoworkspace/src/pmb2_navigation/pmb2_maps -DCMAKE_INSTALL_PREFIX=/home/vincenzo/Documenti/AMR/ros2pythonvenv/src/lab7workspace/tiagoworkspace/install/pmb2_maps
[0.847s] Invoking command in '/home/vincenzo/Documenti/AMR/ros2pythonvenv/src/lab7workspace/tiagoworkspace/build/pmb2_maps': CMAKE_PREFIX_PATH=${CMAKE_PREFIX_PATH}:/home/vincenzo/Documenti/AMR/ros2pythonvenv/src/lab7workspace/ros2workspace/install/rqt_controller_manager:/home/vincenzo/Documenti/AMR/ros2pythonvenv/src/lab7workspace/ros2workspace/install/ros2controlcli:/home/vincenzo/Documenti/AMR/ros2pythonvenv/src/lab7workspace/ros2workspace/install/ros2_controllers_test_nodes:/opt/ros/humble PS1=(ros2pythonvenv) \[\e]0;\u@\h: \w\a\]${debian_chroot:+($debian_chroot)}\[\033[01;32m\]\u@\h\[\033[00m\]:\[\033[01;34m\]\w\[\033[00m\]\$ VIRTUAL_ENV_PROMPT=(ros2pythonvenv) /usr/bin/cmake --build /home/vincenzo/Documenti/AMR/ros2pythonvenv/src/lab7workspace/tiagoworkspace/build/pmb2_maps -- -j16 -l16
[0.950s] Invoked command in '/home/vincenzo/Documenti/AMR/ros2pythonvenv/src/lab7workspace/tiagoworkspace/build/pmb2_maps' returned '0': CMAKE_PREFIX_PATH=${CMAKE_PREFIX_PATH}:/home/vincenzo/Documenti/AMR/ros2pythonvenv/src/lab7workspace/ros2workspace/install/rqt_controller_manager:/home/vincenzo/Documenti/AMR/ros2pythonvenv/src/lab7workspace/ros2workspace/install/ros2controlcli:/home/vincenzo/Documenti/AMR/ros2pythonvenv/src/lab7workspace/ros2workspace/install/ros2_controllers_test_nodes:/opt/ros/humble PS1=(ros2pythonvenv) \[\e]0;\u@\h: \w\a\]${debian_chroot:+($debian_chroot)}\[\033[01;32m\]\u@\h\[\033[00m\]:\[\033[01;34m\]\w\[\033[00m\]\$ VIRTUAL_ENV_PROMPT=(ros2pythonvenv) /usr/bin/cmake --build /home/vincenzo/Documenti/AMR/ros2pythonvenv/src/lab7workspace/tiagoworkspace/build/pmb2_maps -- -j16 -l16
[0.958s] Invoking command in '/home/vincenzo/Documenti/AMR/ros2pythonvenv/src/lab7workspace/tiagoworkspace/build/pmb2_maps': CMAKE_PREFIX_PATH=${CMAKE_PREFIX_PATH}:/home/vincenzo/Documenti/AMR/ros2pythonvenv/src/lab7workspace/ros2workspace/install/rqt_controller_manager:/home/vincenzo/Documenti/AMR/ros2pythonvenv/src/lab7workspace/ros2workspace/install/ros2controlcli:/home/vincenzo/Documenti/AMR/ros2pythonvenv/src/lab7workspace/ros2workspace/install/ros2_controllers_test_nodes:/opt/ros/humble PS1=(ros2pythonvenv) \[\e]0;\u@\h: \w\a\]${debian_chroot:+($debian_chroot)}\[\033[01;32m\]\u@\h\[\033[00m\]:\[\033[01;34m\]\w\[\033[00m\]\$ VIRTUAL_ENV_PROMPT=(ros2pythonvenv) /usr/bin/cmake --install /home/vincenzo/Documenti/AMR/ros2pythonvenv/src/lab7workspace/tiagoworkspace/build/pmb2_maps
[0.976s] -- Install configuration: ""
[0.976s] -- Installing: /home/vincenzo/Documenti/AMR/ros2pythonvenv/src/lab7workspace/tiagoworkspace/install/pmb2_maps/share/pmb2_maps/config
[0.976s] -- Installing: /home/vincenzo/Documenti/AMR/ros2pythonvenv/src/lab7workspace/tiagoworkspace/install/pmb2_maps/share/pmb2_maps/config/map.yaml
[0.977s] -- Installing: /home/vincenzo/Documenti/AMR/ros2pythonvenv/src/lab7workspace/tiagoworkspace/install/pmb2_maps/share/pmb2_maps/config/mmap.yaml
[0.977s] -- Installing: /home/vincenzo/Documenti/AMR/ros2pythonvenv/src/lab7workspace/tiagoworkspace/install/pmb2_maps/share/pmb2_maps/config/map.pgm
[0.977s] -- Installing: /home/vincenzo/Documenti/AMR/ros2pythonvenv/src/lab7workspace/tiagoworkspace/install/pmb2_maps/share/pmb2_maps/configurations
[0.978s] -- Installing: /home/vincenzo/Documenti/AMR/ros2pythonvenv/src/lab7workspace/tiagoworkspace/install/pmb2_maps/share/pmb2_maps/configurations/eut_kitchen
[0.978s] -- Installing: /home/vincenzo/Documenti/AMR/ros2pythonvenv/src/lab7workspace/tiagoworkspace/install/pmb2_maps/share/pmb2_maps/configurations/eut_kitchen/map.yaml
[0.978s] -- Installing: /home/vincenzo/Documenti/AMR/ros2pythonvenv/src/lab7workspace/tiagoworkspace/install/pmb2_maps/share/pmb2_maps/configurations/eut_kitchen/map.pgm
[0.978s] -- Installing: /home/vincenzo/Documenti/AMR/ros2pythonvenv/src/lab7workspace/tiagoworkspace/install/pmb2_maps/share/pmb2_maps/configurations/small_office
[0.978s] -- Installing: /home/vincenzo/Documenti/AMR/ros2pythonvenv/src/lab7workspace/tiagoworkspace/install/pmb2_maps/share/pmb2_maps/configurations/small_office/map.yaml
[0.978s] -- Installing: /home/vincenzo/Documenti/AMR/ros2pythonvenv/src/lab7workspace/tiagoworkspace/install/pmb2_maps/share/pmb2_maps/configurations/small_office/map.ot
[0.978s] -- Installing: /home/vincenzo/Documenti/AMR/ros2pythonvenv/src/lab7workspace/tiagoworkspace/install/pmb2_maps/share/pmb2_maps/configurations/small_office/map.bmp
[0.978s] -- Installing: /home/vincenzo/Documenti/AMR/ros2pythonvenv/src/lab7workspace/tiagoworkspace/install/pmb2_maps/share/pmb2_maps/configurations/small_office/map.bt
[0.978s] -- Installing: /home/vincenzo/Documenti/AMR/ros2pythonvenv/src/lab7workspace/tiagoworkspace/install/pmb2_maps/share/pmb2_maps/configurations/small_office/mmap.yaml
[0.978s] -- Installing: /home/vincenzo/Documenti/AMR/ros2pythonvenv/src/lab7workspace/tiagoworkspace/install/pmb2_maps/share/pmb2_maps/configurations/small_office/transformation.yaml
[0.978s] -- Installing: /home/vincenzo/Documenti/AMR/ros2pythonvenv/src/lab7workspace/tiagoworkspace/install/pmb2_maps/share/pmb2_maps/configurations/small_office/map.pgm
[0.978s] -- Installing: /home/vincenzo/Documenti/AMR/ros2pythonvenv/src/lab7workspace/tiagoworkspace/install/pmb2_maps/share/pmb2_maps/configurations/pal_office
[0.978s] -- Installing: /home/vincenzo/Documenti/AMR/ros2pythonvenv/src/lab7workspace/tiagoworkspace/install/pmb2_maps/share/pmb2_maps/configurations/pal_office/map.yaml
[0.978s] -- Installing: /home/vincenzo/Documenti/AMR/ros2pythonvenv/src/lab7workspace/tiagoworkspace/install/pmb2_maps/share/pmb2_maps/configurations/pal_office/mmap.yaml
[0.978s] -- Installing: /home/vincenzo/Documenti/AMR/ros2pythonvenv/src/lab7workspace/tiagoworkspace/install/pmb2_maps/share/pmb2_maps/configurations/pal_office/map.pgm
[0.978s] -- Installing: /home/vincenzo/Documenti/AMR/ros2pythonvenv/src/lab7workspace/tiagoworkspace/install/pmb2_maps/share/ament_index/resource_index/package_run_dependencies/pmb2_maps
[0.978s] -- Installing: /home/vincenzo/Documenti/AMR/ros2pythonvenv/src/lab7workspace/tiagoworkspace/install/pmb2_maps/share/ament_index/resource_index/parent_prefix_path/pmb2_maps
[0.978s] -- Installing: /home/vincenzo/Documenti/AMR/ros2pythonvenv/src/lab7workspace/tiagoworkspace/install/pmb2_maps/share/pmb2_maps/environment/ament_prefix_path.sh
[0.978s] -- Installing: /home/vincenzo/Documenti/AMR/ros2pythonvenv/src/lab7workspace/tiagoworkspace/install/pmb2_maps/share/pmb2_maps/environment/ament_prefix_path.dsv
[0.978s] -- Installing: /home/vincenzo/Documenti/AMR/ros2pythonvenv/src/lab7workspace/tiagoworkspace/install/pmb2_maps/share/pmb2_maps/environment/path.sh
[0.979s] -- Installing: /home/vincenzo/Documenti/AMR/ros2pythonvenv/src/lab7workspace/tiagoworkspace/install/pmb2_maps/share/pmb2_maps/environment/path.dsv
[0.979s] -- Installing: /home/vincenzo/Documenti/AMR/ros2pythonvenv/src/lab7workspace/tiagoworkspace/install/pmb2_maps/share/pmb2_maps/local_setup.bash
[0.979s] -- Installing: /home/vincenzo/Documenti/AMR/ros2pythonvenv/src/lab7workspace/tiagoworkspace/install/pmb2_maps/share/pmb2_maps/local_setup.sh
[0.979s] -- Installing: /home/vincenzo/Documenti/AMR/ros2pythonvenv/src/lab7workspace/tiagoworkspace/install/pmb2_maps/share/pmb2_maps/local_setup.zsh
[0.979s] -- Installing: /home/vincenzo/Documenti/AMR/ros2pythonvenv/src/lab7workspace/tiagoworkspace/install/pmb2_maps/share/pmb2_maps/local_setup.dsv
[0.979s] -- Installing: /home/vincenzo/Documenti/AMR/ros2pythonvenv/src/lab7workspace/tiagoworkspace/install/pmb2_maps/share/pmb2_maps/package.dsv
[0.979s] -- Installing: /home/vincenzo/Documenti/AMR/ros2pythonvenv/src/lab7workspace/tiagoworkspace/install/pmb2_maps/share/ament_index/resource_index/packages/pmb2_maps
[0.979s] -- Installing: /home/vincenzo/Documenti/AMR/ros2pythonvenv/src/lab7workspace/tiagoworkspace/install/pmb2_maps/share/pmb2_maps/cmake/pmb2_mapsConfig.cmake
[0.979s] -- Installing: /home/vincenzo/Documenti/AMR/ros2pythonvenv/src/lab7workspace/tiagoworkspace/install/pmb2_maps/share/pmb2_maps/cmake/pmb2_mapsConfig-version.cmake
[0.979s] -- Installing: /home/vincenzo/Documenti/AMR/ros2pythonvenv/src/lab7workspace/tiagoworkspace/install/pmb2_maps/share/pmb2_maps/package.xml
[0.984s] Invoked command in '/home/vincenzo/Documenti/AMR/ros2pythonvenv/src/lab7workspace/tiagoworkspace/build/pmb2_maps' returned '0': CMAKE_PREFIX_PATH=${CMAKE_PREFIX_PATH}:/home/vincenzo/Documenti/AMR/ros2pythonvenv/src/lab7workspace/ros2workspace/install/rqt_controller_manager:/home/vincenzo/Documenti/AMR/ros2pythonvenv/src/lab7workspace/ros2workspace/install/ros2controlcli:/home/vincenzo/Documenti/AMR/ros2pythonvenv/src/lab7workspace/ros2workspace/install/ros2_controllers_test_nodes:/opt/ros/humble PS1=(ros2pythonvenv) \[\e]0;\u@\h: \w\a\]${debian_chroot:+($debian_chroot)}\[\033[01;32m\]\u@\h\[\033[00m\]:\[\033[01;34m\]\w\[\033[00m\]\$ VIRTUAL_ENV_PROMPT=(ros2pythonvenv) /usr/bin/cmake --install /home/vincenzo/Documenti/AMR/ros2pythonvenv/src/lab7workspace/tiagoworkspace/build/pmb2_maps
