[0.198s] Invoking command in '/home/vincenzo/Documenti/AMR/ros2pythonvenv/src/lab5workspace/build/turtlebot3_navigation2': CMAKE_PREFIX_PATH=${CMAKE_PREFIX_PATH}:/home/vincenzo/Documenti/AMR/ros2pythonvenv/src/lab5workspace/install/navigation_from_text:/home/vincenzo/Documenti/AMR/ros2pythonvenv/src/lab5workspace/install/turtlebot3_teleop:/home/vincenzo/Documenti/AMR/ros2pythonvenv/src/lab5workspace/install/turtlebot3_example:/home/vincenzo/Documenti/AMR/ros2pythonvenv/src/lab5workspace/install/autonomous_localization:/opt/ros/humble PS1=(ros2pythonvenv) \[\e]0;\u@\h: \w\a\]${debian_chroot:+($debian_chroot)}\[\033[01;32m\]\u@\h\[\033[00m\]:\[\033[01;34m\]\w\[\033[00m\]\$ VIRTUAL_ENV_PROMPT=(ros2pythonvenv) /usr/bin/cmake --build /home/vincenzo/Documenti/AMR/ros2pythonvenv/src/lab5workspace/build/turtlebot3_navigation2 -- -j16 -l16
[0.722s] Invoked command in '/home/vincenzo/Documenti/AMR/ros2pythonvenv/src/lab5workspace/build/turtlebot3_navigation2' returned '0': CMAKE_PREFIX_PATH=${CMAKE_PREFIX_PATH}:/home/vincenzo/Documenti/AMR/ros2pythonvenv/src/lab5workspace/install/navigation_from_text:/home/vincenzo/Documenti/AMR/ros2pythonvenv/src/lab5workspace/install/turtlebot3_teleop:/home/vincenzo/Documenti/AMR/ros2pythonvenv/src/lab5workspace/install/turtlebot3_example:/home/vincenzo/Documenti/AMR/ros2pythonvenv/src/lab5workspace/install/autonomous_localization:/opt/ros/humble PS1=(ros2pythonvenv) \[\e]0;\u@\h: \w\a\]${debian_chroot:+($debian_chroot)}\[\033[01;32m\]\u@\h\[\033[00m\]:\[\033[01;34m\]\w\[\033[00m\]\$ VIRTUAL_ENV_PROMPT=(ros2pythonvenv) /usr/bin/cmake --build /home/vincenzo/Documenti/AMR/ros2pythonvenv/src/lab5workspace/build/turtlebot3_navigation2 -- -j16 -l16
[0.725s] Invoking command in '/home/vincenzo/Documenti/AMR/ros2pythonvenv/src/lab5workspace/build/turtlebot3_navigation2': CMAKE_PREFIX_PATH=${CMAKE_PREFIX_PATH}:/home/vincenzo/Documenti/AMR/ros2pythonvenv/src/lab5workspace/install/navigation_from_text:/home/vincenzo/Documenti/AMR/ros2pythonvenv/src/lab5workspace/install/turtlebot3_teleop:/home/vincenzo/Documenti/AMR/ros2pythonvenv/src/lab5workspace/install/turtlebot3_example:/home/vincenzo/Documenti/AMR/ros2pythonvenv/src/lab5workspace/install/autonomous_localization:/opt/ros/humble PS1=(ros2pythonvenv) \[\e]0;\u@\h: \w\a\]${debian_chroot:+($debian_chroot)}\[\033[01;32m\]\u@\h\[\033[00m\]:\[\033[01;34m\]\w\[\033[00m\]\$ VIRTUAL_ENV_PROMPT=(ros2pythonvenv) /usr/bin/cmake --install /home/vincenzo/Documenti/AMR/ros2pythonvenv/src/lab5workspace/build/turtlebot3_navigation2
[0.765s] -- Install configuration: ""
[0.765s] -- Up-to-date: /home/vincenzo/Documenti/AMR/ros2pythonvenv/src/lab5workspace/install/turtlebot3_navigation2/share/turtlebot3_navigation2/launch
[0.765s] -- Up-to-date: /home/vincenzo/Documenti/AMR/ros2pythonvenv/src/lab5workspace/install/turtlebot3_navigation2/share/turtlebot3_navigation2/launch/navigation2.launch.py
[0.765s] -- Up-to-date: /home/vincenzo/Documenti/AMR/ros2pythonvenv/src/lab5workspace/install/turtlebot3_navigation2/share/turtlebot3_navigation2/map
[0.765s] -- Up-to-date: /home/vincenzo/Documenti/AMR/ros2pythonvenv/src/lab5workspace/install/turtlebot3_navigation2/share/turtlebot3_navigation2/map/map.yaml
[0.765s] -- Up-to-date: /home/vincenzo/Documenti/AMR/ros2pythonvenv/src/lab5workspace/install/turtlebot3_navigation2/share/turtlebot3_navigation2/map/map.pgm
[0.765s] -- Up-to-date: /home/vincenzo/Documenti/AMR/ros2pythonvenv/src/lab5workspace/install/turtlebot3_navigation2/share/turtlebot3_navigation2/param
[0.765s] -- Up-to-date: /home/vincenzo/Documenti/AMR/ros2pythonvenv/src/lab5workspace/install/turtlebot3_navigation2/share/turtlebot3_navigation2/param/waffle.yaml
[0.765s] -- Up-to-date: /home/vincenzo/Documenti/AMR/ros2pythonvenv/src/lab5workspace/install/turtlebot3_navigation2/share/turtlebot3_navigation2/param/burger_cam.yaml
[0.766s] -- Up-to-date: /home/vincenzo/Documenti/AMR/ros2pythonvenv/src/lab5workspace/install/turtlebot3_navigation2/share/turtlebot3_navigation2/param/humble
[0.766s] -- Up-to-date: /home/vincenzo/Documenti/AMR/ros2pythonvenv/src/lab5workspace/install/turtlebot3_navigation2/share/turtlebot3_navigation2/param/humble/waffle.yaml
[0.766s] -- Up-to-date: /home/vincenzo/Documenti/AMR/ros2pythonvenv/src/lab5workspace/install/turtlebot3_navigation2/share/turtlebot3_navigation2/param/humble/burger_cam.yaml
[0.766s] -- Up-to-date: /home/vincenzo/Documenti/AMR/ros2pythonvenv/src/lab5workspace/install/turtlebot3_navigation2/share/turtlebot3_navigation2/param/humble/waffle_pi.yaml
[0.766s] -- Up-to-date: /home/vincenzo/Documenti/AMR/ros2pythonvenv/src/lab5workspace/install/turtlebot3_navigation2/share/turtlebot3_navigation2/param/humble/burger.yaml
[0.766s] -- Up-to-date: /home/vincenzo/Documenti/AMR/ros2pythonvenv/src/lab5workspace/install/turtlebot3_navigation2/share/turtlebot3_navigation2/param/waffle_pi.yaml
[0.766s] -- Up-to-date: /home/vincenzo/Documenti/AMR/ros2pythonvenv/src/lab5workspace/install/turtlebot3_navigation2/share/turtlebot3_navigation2/param/burger.yaml
[0.766s] -- Up-to-date: /home/vincenzo/Documenti/AMR/ros2pythonvenv/src/lab5workspace/install/turtlebot3_navigation2/share/turtlebot3_navigation2/rviz
[0.766s] -- Up-to-date: /home/vincenzo/Documenti/AMR/ros2pythonvenv/src/lab5workspace/install/turtlebot3_navigation2/share/turtlebot3_navigation2/rviz/tb3_navigation2.rviz
[0.766s] -- Up-to-date: /home/vincenzo/Documenti/AMR/ros2pythonvenv/src/lab5workspace/install/turtlebot3_navigation2/share/ament_index/resource_index/package_run_dependencies/turtlebot3_navigation2
[0.766s] -- Up-to-date: /home/vincenzo/Documenti/AMR/ros2pythonvenv/src/lab5workspace/install/turtlebot3_navigation2/share/ament_index/resource_index/parent_prefix_path/turtlebot3_navigation2
[0.766s] -- Up-to-date: /home/vincenzo/Documenti/AMR/ros2pythonvenv/src/lab5workspace/install/turtlebot3_navigation2/share/turtlebot3_navigation2/environment/ament_prefix_path.sh
[0.766s] -- Up-to-date: /home/vincenzo/Documenti/AMR/ros2pythonvenv/src/lab5workspace/install/turtlebot3_navigation2/share/turtlebot3_navigation2/environment/ament_prefix_path.dsv
[0.766s] -- Up-to-date: /home/vincenzo/Documenti/AMR/ros2pythonvenv/src/lab5workspace/install/turtlebot3_navigation2/share/turtlebot3_navigation2/environment/path.sh
[0.767s] -- Up-to-date: /home/vincenzo/Documenti/AMR/ros2pythonvenv/src/lab5workspace/install/turtlebot3_navigation2/share/turtlebot3_navigation2/environment/path.dsv
[0.767s] -- Up-to-date: /home/vincenzo/Documenti/AMR/ros2pythonvenv/src/lab5workspace/install/turtlebot3_navigation2/share/turtlebot3_navigation2/local_setup.bash
[0.767s] -- Up-to-date: /home/vincenzo/Documenti/AMR/ros2pythonvenv/src/lab5workspace/install/turtlebot3_navigation2/share/turtlebot3_navigation2/local_setup.sh
[0.767s] -- Up-to-date: /home/vincenzo/Documenti/AMR/ros2pythonvenv/src/lab5workspace/install/turtlebot3_navigation2/share/turtlebot3_navigation2/local_setup.zsh
[0.767s] -- Up-to-date: /home/vincenzo/Documenti/AMR/ros2pythonvenv/src/lab5workspace/install/turtlebot3_navigation2/share/turtlebot3_navigation2/local_setup.dsv
[0.767s] -- Installing: /home/vincenzo/Documenti/AMR/ros2pythonvenv/src/lab5workspace/install/turtlebot3_navigation2/share/turtlebot3_navigation2/package.dsv
[0.767s] -- Up-to-date: /home/vincenzo/Documenti/AMR/ros2pythonvenv/src/lab5workspace/install/turtlebot3_navigation2/share/ament_index/resource_index/packages/turtlebot3_navigation2
[0.767s] -- Up-to-date: /home/vincenzo/Documenti/AMR/ros2pythonvenv/src/lab5workspace/install/turtlebot3_navigation2/share/turtlebot3_navigation2/cmake/turtlebot3_navigation2Config.cmake
[0.767s] -- Up-to-date: /home/vincenzo/Documenti/AMR/ros2pythonvenv/src/lab5workspace/install/turtlebot3_navigation2/share/turtlebot3_navigation2/cmake/turtlebot3_navigation2Config-version.cmake
[0.767s] -- Up-to-date: /home/vincenzo/Documenti/AMR/ros2pythonvenv/src/lab5workspace/install/turtlebot3_navigation2/share/turtlebot3_navigation2/package.xml
[0.822s] Invoked command in '/home/vincenzo/Documenti/AMR/ros2pythonvenv/src/lab5workspace/build/turtlebot3_navigation2' returned '0': CMAKE_PREFIX_PATH=${CMAKE_PREFIX_PATH}:/home/vincenzo/Documenti/AMR/ros2pythonvenv/src/lab5workspace/install/navigation_from_text:/home/vincenzo/Documenti/AMR/ros2pythonvenv/src/lab5workspace/install/turtlebot3_teleop:/home/vincenzo/Documenti/AMR/ros2pythonvenv/src/lab5workspace/install/turtlebot3_example:/home/vincenzo/Documenti/AMR/ros2pythonvenv/src/lab5workspace/install/autonomous_localization:/opt/ros/humble PS1=(ros2pythonvenv) \[\e]0;\u@\h: \w\a\]${debian_chroot:+($debian_chroot)}\[\033[01;32m\]\u@\h\[\033[00m\]:\[\033[01;34m\]\w\[\033[00m\]\$ VIRTUAL_ENV_PROMPT=(ros2pythonvenv) /usr/bin/cmake --install /home/vincenzo/Documenti/AMR/ros2pythonvenv/src/lab5workspace/build/turtlebot3_navigation2
