running egg_info
creating ../../build/navigation_from_text/navigation_from_text.egg-info
writing ../../build/navigation_from_text/navigation_from_text.egg-info/PKG-INFO
writing dependency_links to ../../build/navigation_from_text/navigation_from_text.egg-info/dependency_links.txt
writing entry points to ../../build/navigation_from_text/navigation_from_text.egg-info/entry_points.txt
writing requirements to ../../build/navigation_from_text/navigation_from_text.egg-info/requires.txt
writing top-level names to ../../build/navigation_from_text/navigation_from_text.egg-info/top_level.txt
writing manifest file '../../build/navigation_from_text/navigation_from_text.egg-info/SOURCES.txt'
reading manifest file '../../build/navigation_from_text/navigation_from_text.egg-info/SOURCES.txt'
writing manifest file '../../build/navigation_from_text/navigation_from_text.egg-info/SOURCES.txt'
running build
running build_py
creating /home/vincenzo/Documenti/AMR/ros2pythonvenv/src/lab5workspace/build/navigation_from_text/build
creating /home/vincenzo/Documenti/AMR/ros2pythonvenv/src/lab5workspace/build/navigation_from_text/build/lib
creating /home/vincenzo/Documenti/AMR/ros2pythonvenv/src/lab5workspace/build/navigation_from_text/build/lib/navigation_from_text
copying navigation_from_text/__init__.py -> /home/vincenzo/Documenti/AMR/ros2pythonvenv/src/lab5workspace/build/navigation_from_text/build/lib/navigation_from_text
copying navigation_from_text/navigation_from_text.py -> /home/vincenzo/Documenti/AMR/ros2pythonvenv/src/lab5workspace/build/navigation_from_text/build/lib/navigation_from_text
running install
running install_lib
creating /home/vincenzo/Documenti/AMR/ros2pythonvenv/src/lab5workspace/install/navigation_from_text/lib/python3.10/site-packages/navigation_from_text
copying /home/vincenzo/Documenti/AMR/ros2pythonvenv/src/lab5workspace/build/navigation_from_text/build/lib/navigation_from_text/__init__.py -> /home/vincenzo/Documenti/AMR/ros2pythonvenv/src/lab5workspace/install/navigation_from_text/lib/python3.10/site-packages/navigation_from_text
copying /home/vincenzo/Documenti/AMR/ros2pythonvenv/src/lab5workspace/build/navigation_from_text/build/lib/navigation_from_text/navigation_from_text.py -> /home/vincenzo/Documenti/AMR/ros2pythonvenv/src/lab5workspace/install/navigation_from_text/lib/python3.10/site-packages/navigation_from_text
byte-compiling /home/vincenzo/Documenti/AMR/ros2pythonvenv/src/lab5workspace/install/navigation_from_text/lib/python3.10/site-packages/navigation_from_text/__init__.py to __init__.cpython-310.pyc
byte-compiling /home/vincenzo/Documenti/AMR/ros2pythonvenv/src/lab5workspace/install/navigation_from_text/lib/python3.10/site-packages/navigation_from_text/navigation_from_text.py to navigation_from_text.cpython-310.pyc
running install_data
creating /home/vincenzo/Documenti/AMR/ros2pythonvenv/src/lab5workspace/install/navigation_from_text/share/ament_index
creating /home/vincenzo/Documenti/AMR/ros2pythonvenv/src/lab5workspace/install/navigation_from_text/share/ament_index/resource_index
creating /home/vincenzo/Documenti/AMR/ros2pythonvenv/src/lab5workspace/install/navigation_from_text/share/ament_index/resource_index/packages
copying resource/navigation_from_text -> /home/vincenzo/Documenti/AMR/ros2pythonvenv/src/lab5workspace/install/navigation_from_text/share/ament_index/resource_index/packages
copying package.xml -> /home/vincenzo/Documenti/AMR/ros2pythonvenv/src/lab5workspace/install/navigation_from_text/share/navigation_from_text
running install_egg_info
Copying ../../build/navigation_from_text/navigation_from_text.egg-info to /home/vincenzo/Documenti/AMR/ros2pythonvenv/src/lab5workspace/install/navigation_from_text/lib/python3.10/site-packages/navigation_from_text-0.0.0-py3.10.egg-info
running install_scripts
writing list of installed files to '/home/vincenzo/Documenti/AMR/ros2pythonvenv/src/lab5workspace/build/navigation_from_text/install.log'
