[1.188s] Invoking command in '/home/vincenzo/Documenti/AMR/ros2pythonvenv/src/lab5workspace/src/navigation_from_text': PS1=(ros2pythonvenv) \[\e]0;\u@\h: \w\a\]${debian_chroot:+($debian_chroot)}\[\033[01;32m\]\u@\h\[\033[00m\]:\[\033[01;34m\]\w\[\033[00m\]\$ PYTHONPATH=/home/vincenzo/Documenti/AMR/ros2pythonvenv/src/lab5workspace/build/navigation_from_text/prefix_override:/usr/lib/python3/dist-packages/colcon_core/task/python/colcon_distutils_commands:/home/vincenzo/Documenti/AMR/ros2pythonvenv/src/lab5workspace/install/navigation_from_text/lib/python3.10/site-packages:${PYTHONPATH} VIRTUAL_ENV_PROMPT=(ros2pythonvenv) /usr/bin/python3 -W ignore:setup.py install is deprecated -W ignore:easy_install command is deprecated setup.py egg_info --egg-base ../../build/navigation_from_text build --build-base /home/vincenzo/Documenti/AMR/ros2pythonvenv/src/lab5workspace/build/navigation_from_text/build install --record /home/vincenzo/Documenti/AMR/ros2pythonvenv/src/lab5workspace/build/navigation_from_text/install.log --single-version-externally-managed install_data
[1.399s] running egg_info
[1.399s] creating ../../build/navigation_from_text/navigation_from_text.egg-info
[1.399s] writing ../../build/navigation_from_text/navigation_from_text.egg-info/PKG-INFO
[1.399s] writing dependency_links to ../../build/navigation_from_text/navigation_from_text.egg-info/dependency_links.txt
[1.399s] writing entry points to ../../build/navigation_from_text/navigation_from_text.egg-info/entry_points.txt
[1.399s] writing requirements to ../../build/navigation_from_text/navigation_from_text.egg-info/requires.txt
[1.399s] writing top-level names to ../../build/navigation_from_text/navigation_from_text.egg-info/top_level.txt
[1.399s] writing manifest file '../../build/navigation_from_text/navigation_from_text.egg-info/SOURCES.txt'
[1.406s] reading manifest file '../../build/navigation_from_text/navigation_from_text.egg-info/SOURCES.txt'
[1.406s] writing manifest file '../../build/navigation_from_text/navigation_from_text.egg-info/SOURCES.txt'
[1.406s] running build
[1.406s] running build_py
[1.406s] creating /home/vincenzo/Documenti/AMR/ros2pythonvenv/src/lab5workspace/build/navigation_from_text/build
[1.406s] creating /home/vincenzo/Documenti/AMR/ros2pythonvenv/src/lab5workspace/build/navigation_from_text/build/lib
[1.406s] creating /home/vincenzo/Documenti/AMR/ros2pythonvenv/src/lab5workspace/build/navigation_from_text/build/lib/navigation_from_text
[1.408s] copying navigation_from_text/__init__.py -> /home/vincenzo/Documenti/AMR/ros2pythonvenv/src/lab5workspace/build/navigation_from_text/build/lib/navigation_from_text
[1.408s] copying navigation_from_text/navigation_from_text.py -> /home/vincenzo/Documenti/AMR/ros2pythonvenv/src/lab5workspace/build/navigation_from_text/build/lib/navigation_from_text
[1.408s] running install
[1.410s] running install_lib
[1.410s] creating /home/vincenzo/Documenti/AMR/ros2pythonvenv/src/lab5workspace/install/navigation_from_text/lib/python3.10/site-packages/navigation_from_text
[1.410s] copying /home/vincenzo/Documenti/AMR/ros2pythonvenv/src/lab5workspace/build/navigation_from_text/build/lib/navigation_from_text/__init__.py -> /home/vincenzo/Documenti/AMR/ros2pythonvenv/src/lab5workspace/install/navigation_from_text/lib/python3.10/site-packages/navigation_from_text
[1.411s] copying /home/vincenzo/Documenti/AMR/ros2pythonvenv/src/lab5workspace/build/navigation_from_text/build/lib/navigation_from_text/navigation_from_text.py -> /home/vincenzo/Documenti/AMR/ros2pythonvenv/src/lab5workspace/install/navigation_from_text/lib/python3.10/site-packages/navigation_from_text
[1.412s] byte-compiling /home/vincenzo/Documenti/AMR/ros2pythonvenv/src/lab5workspace/install/navigation_from_text/lib/python3.10/site-packages/navigation_from_text/__init__.py to __init__.cpython-310.pyc
[1.412s] byte-compiling /home/vincenzo/Documenti/AMR/ros2pythonvenv/src/lab5workspace/install/navigation_from_text/lib/python3.10/site-packages/navigation_from_text/navigation_from_text.py to navigation_from_text.cpython-310.pyc
[1.415s] running install_data
[1.415s] creating /home/vincenzo/Documenti/AMR/ros2pythonvenv/src/lab5workspace/install/navigation_from_text/share/ament_index
[1.415s] creating /home/vincenzo/Documenti/AMR/ros2pythonvenv/src/lab5workspace/install/navigation_from_text/share/ament_index/resource_index
[1.415s] creating /home/vincenzo/Documenti/AMR/ros2pythonvenv/src/lab5workspace/install/navigation_from_text/share/ament_index/resource_index/packages
[1.415s] copying resource/navigation_from_text -> /home/vincenzo/Documenti/AMR/ros2pythonvenv/src/lab5workspace/install/navigation_from_text/share/ament_index/resource_index/packages
[1.416s] copying package.xml -> /home/vincenzo/Documenti/AMR/ros2pythonvenv/src/lab5workspace/install/navigation_from_text/share/navigation_from_text
[1.416s] running install_egg_info
[1.416s] Copying ../../build/navigation_from_text/navigation_from_text.egg-info to /home/vincenzo/Documenti/AMR/ros2pythonvenv/src/lab5workspace/install/navigation_from_text/lib/python3.10/site-packages/navigation_from_text-0.0.0-py3.10.egg-info
[1.417s] running install_scripts
[1.435s] writing list of installed files to '/home/vincenzo/Documenti/AMR/ros2pythonvenv/src/lab5workspace/build/navigation_from_text/install.log'
[1.486s] Invoked command in '/home/vincenzo/Documenti/AMR/ros2pythonvenv/src/lab5workspace/src/navigation_from_text' returned '0': PS1=(ros2pythonvenv) \[\e]0;\u@\h: \w\a\]${debian_chroot:+($debian_chroot)}\[\033[01;32m\]\u@\h\[\033[00m\]:\[\033[01;34m\]\w\[\033[00m\]\$ PYTHONPATH=/home/vincenzo/Documenti/AMR/ros2pythonvenv/src/lab5workspace/build/navigation_from_text/prefix_override:/usr/lib/python3/dist-packages/colcon_core/task/python/colcon_distutils_commands:/home/vincenzo/Documenti/AMR/ros2pythonvenv/src/lab5workspace/install/navigation_from_text/lib/python3.10/site-packages:${PYTHONPATH} VIRTUAL_ENV_PROMPT=(ros2pythonvenv) /usr/bin/python3 -W ignore:setup.py install is deprecated -W ignore:easy_install command is deprecated setup.py egg_info --egg-base ../../build/navigation_from_text build --build-base /home/vincenzo/Documenti/AMR/ros2pythonvenv/src/lab5workspace/build/navigation_from_text/build install --record /home/vincenzo/Documenti/AMR/ros2pythonvenv/src/lab5workspace/build/navigation_from_text/install.log --single-version-externally-managed install_data
