[0.785s] Invoking command in '/home/vincenzo/Documenti/AMR/ros2pythonvenv/src/lab7workspace/ros2workspace/src/ros-controls/ros2_control/ros2controlcli': AMENT_PREFIX_PATH=/home/vincenzo/Documenti/AMR/ros2pythonvenv/src/lab7workspace/ros2workspace/install/controller_manager:/home/vincenzo/Documenti/AMR/ros2pythonvenv/src/lab7workspace/ros2workspace/install/hardware_interface_testing:/home/vincenzo/Documenti/AMR/ros2pythonvenv/src/lab7workspace/ros2workspace/install/controller_interface:/home/vincenzo/Documenti/AMR/ros2pythonvenv/src/lab7workspace/ros2workspace/install/hardware_interface:/home/vincenzo/Documenti/AMR/ros2pythonvenv/src/lab7workspace/ros2workspace/install/ros2_control_test_assets:/home/vincenzo/Documenti/AMR/ros2pythonvenv/src/lab7workspace/ros2workspace/install/realtime_tools:/home/vincenzo/Documenti/AMR/ros2pythonvenv/src/lab7workspace/ros2workspace/install/controller_manager_msgs:/home/vincenzo/Documenti/AMR/ros2pythonvenv/src/lab7workspace/ros2workspace/install/control_msgs:${AMENT_PREFIX_PATH} CMAKE_PREFIX_PATH=/home/vincenzo/Documenti/AMR/ros2pythonvenv/src/lab7workspace/ros2workspace/install/controller_manager:/home/vincenzo/Documenti/AMR/ros2pythonvenv/src/lab7workspace/ros2workspace/install/hardware_interface_testing:/home/vincenzo/Documenti/AMR/ros2pythonvenv/src/lab7workspace/ros2workspace/install/controller_interface:/home/vincenzo/Documenti/AMR/ros2pythonvenv/src/lab7workspace/ros2workspace/install/hardware_interface:/home/vincenzo/Documenti/AMR/ros2pythonvenv/src/lab7workspace/ros2workspace/install/ros2_control_test_assets:/home/vincenzo/Documenti/AMR/ros2pythonvenv/src/lab7workspace/ros2workspace/install/realtime_tools:/home/vincenzo/Documenti/AMR/ros2pythonvenv/src/lab7workspace/ros2workspace/install/controller_manager_msgs:/home/vincenzo/Documenti/AMR/ros2pythonvenv/src/lab7workspace/ros2workspace/install/control_msgs LD_LIBRARY_PATH=/home/vincenzo/Documenti/AMR/ros2pythonvenv/src/lab7workspace/ros2workspace/install/controller_manager/lib:/home/vincenzo/Documenti/AMR/ros2pythonvenv/src/lab7workspace/ros2workspace/install/hardware_interface_testing/lib:/home/vincenzo/Documenti/AMR/ros2pythonvenv/src/lab7workspace/ros2workspace/install/controller_interface/lib:/home/vincenzo/Documenti/AMR/ros2pythonvenv/src/lab7workspace/ros2workspace/install/hardware_interface/lib:/home/vincenzo/Documenti/AMR/ros2pythonvenv/src/lab7workspace/ros2workspace/install/realtime_tools/lib:/home/vincenzo/Documenti/AMR/ros2pythonvenv/src/lab7workspace/ros2workspace/install/controller_manager_msgs/lib:/home/vincenzo/Documenti/AMR/ros2pythonvenv/src/lab7workspace/ros2workspace/install/control_msgs/lib:/usr/lib/x86_64-linux-gnu/gazebo-11/plugins:/opt/ros/humble/opt/rviz_ogre_vendor/lib:/opt/ros/humble/lib/x86_64-linux-gnu:/opt/ros/humble/lib:/usr/lib/x86_64-linux-gnu/gazebo-11/plugins PS1=(ros2pythonvenv) \[\e]0;\u@\h: \w\a\]${debian_chroot:+($debian_chroot)}\[\033[01;32m\]\u@\h\[\033[00m\]:\[\033[01;34m\]\w\[\033[00m\]\$ PYTHONPATH=/home/vincenzo/Documenti/AMR/ros2pythonvenv/src/lab7workspace/ros2workspace/build/ros2controlcli/prefix_override:/usr/lib/python3/dist-packages/colcon_core/task/python/colcon_distutils_commands:/home/vincenzo/Documenti/AMR/ros2pythonvenv/src/lab7workspace/ros2workspace/install/ros2controlcli/lib/python3.10/site-packages:/home/vincenzo/Documenti/AMR/ros2pythonvenv/src/lab7workspace/ros2workspace/install/controller_manager/lib/python3.10/site-packages:/home/vincenzo/Documenti/AMR/ros2pythonvenv/src/lab7workspace/ros2workspace/install/controller_manager_msgs/lib/python3.10/site-packages:/home/vincenzo/Documenti/AMR/ros2pythonvenv/src/lab7workspace/ros2workspace/install/control_msgs/lib/python3.10/site-packages:${PYTHONPATH} VIRTUAL_ENV_PROMPT=(ros2pythonvenv) /usr/bin/python3 -W ignore:setup.py install is deprecated -W ignore:easy_install command is deprecated setup.py egg_info --egg-base ../../../../build/ros2controlcli build --build-base /home/vincenzo/Documenti/AMR/ros2pythonvenv/src/lab7workspace/ros2workspace/build/ros2controlcli/build install --record /home/vincenzo/Documenti/AMR/ros2pythonvenv/src/lab7workspace/ros2workspace/build/ros2controlcli/install.log --single-version-externally-managed install_data
[1.799s] running egg_info
[1.799s] creating ../../../../build/ros2controlcli/ros2controlcli.egg-info
[1.799s] writing ../../../../build/ros2controlcli/ros2controlcli.egg-info/PKG-INFO
[1.799s] writing dependency_links to ../../../../build/ros2controlcli/ros2controlcli.egg-info/dependency_links.txt
[1.799s] writing entry points to ../../../../build/ros2controlcli/ros2controlcli.egg-info/entry_points.txt
[1.799s] writing requirements to ../../../../build/ros2controlcli/ros2controlcli.egg-info/requires.txt
[1.799s] writing top-level names to ../../../../build/ros2controlcli/ros2controlcli.egg-info/top_level.txt
[1.799s] writing manifest file '../../../../build/ros2controlcli/ros2controlcli.egg-info/SOURCES.txt'
[1.799s] reading manifest file '../../../../build/ros2controlcli/ros2controlcli.egg-info/SOURCES.txt'
[1.799s] writing manifest file '../../../../build/ros2controlcli/ros2controlcli.egg-info/SOURCES.txt'
[1.799s] running build
[1.799s] running build_py
[1.799s] creating /home/vincenzo/Documenti/AMR/ros2pythonvenv/src/lab7workspace/ros2workspace/build/ros2controlcli/build
[1.799s] creating /home/vincenzo/Documenti/AMR/ros2pythonvenv/src/lab7workspace/ros2workspace/build/ros2controlcli/build/lib
[1.799s] creating /home/vincenzo/Documenti/AMR/ros2pythonvenv/src/lab7workspace/ros2workspace/build/ros2controlcli/build/lib/ros2controlcli
[1.799s] copying ros2controlcli/__init__.py -> /home/vincenzo/Documenti/AMR/ros2pythonvenv/src/lab7workspace/ros2workspace/build/ros2controlcli/build/lib/ros2controlcli
[1.799s] creating /home/vincenzo/Documenti/AMR/ros2pythonvenv/src/lab7workspace/ros2workspace/build/ros2controlcli/build/lib/ros2controlcli/command
[1.799s] copying ros2controlcli/command/__init__.py -> /home/vincenzo/Documenti/AMR/ros2pythonvenv/src/lab7workspace/ros2workspace/build/ros2controlcli/build/lib/ros2controlcli/command
[1.800s] copying ros2controlcli/command/control.py -> /home/vincenzo/Documenti/AMR/ros2pythonvenv/src/lab7workspace/ros2workspace/build/ros2controlcli/build/lib/ros2controlcli/command
[1.800s] creating /home/vincenzo/Documenti/AMR/ros2pythonvenv/src/lab7workspace/ros2workspace/build/ros2controlcli/build/lib/ros2controlcli/verb
[1.800s] copying ros2controlcli/verb/__init__.py -> /home/vincenzo/Documenti/AMR/ros2pythonvenv/src/lab7workspace/ros2workspace/build/ros2controlcli/build/lib/ros2controlcli/verb
[1.800s] copying ros2controlcli/verb/list_hardware_interfaces.py -> /home/vincenzo/Documenti/AMR/ros2pythonvenv/src/lab7workspace/ros2workspace/build/ros2controlcli/build/lib/ros2controlcli/verb
[1.800s] copying ros2controlcli/verb/reload_controller_libraries.py -> /home/vincenzo/Documenti/AMR/ros2pythonvenv/src/lab7workspace/ros2workspace/build/ros2controlcli/build/lib/ros2controlcli/verb
[1.800s] copying ros2controlcli/verb/unload_controller.py -> /home/vincenzo/Documenti/AMR/ros2pythonvenv/src/lab7workspace/ros2workspace/build/ros2controlcli/build/lib/ros2controlcli/verb
[1.800s] copying ros2controlcli/verb/view_controller_chains.py -> /home/vincenzo/Documenti/AMR/ros2pythonvenv/src/lab7workspace/ros2workspace/build/ros2controlcli/build/lib/ros2controlcli/verb
[1.800s] copying ros2controlcli/verb/list_controllers.py -> /home/vincenzo/Documenti/AMR/ros2pythonvenv/src/lab7workspace/ros2workspace/build/ros2controlcli/build/lib/ros2controlcli/verb
[1.800s] copying ros2controlcli/verb/list_controller_types.py -> /home/vincenzo/Documenti/AMR/ros2pythonvenv/src/lab7workspace/ros2workspace/build/ros2controlcli/build/lib/ros2controlcli/verb
[1.800s] copying ros2controlcli/verb/load_controller.py -> /home/vincenzo/Documenti/AMR/ros2pythonvenv/src/lab7workspace/ros2workspace/build/ros2controlcli/build/lib/ros2controlcli/verb
[1.800s] copying ros2controlcli/verb/list_hardware_components.py -> /home/vincenzo/Documenti/AMR/ros2pythonvenv/src/lab7workspace/ros2workspace/build/ros2controlcli/build/lib/ros2controlcli/verb
[1.800s] copying ros2controlcli/verb/set_hardware_component_state.py -> /home/vincenzo/Documenti/AMR/ros2pythonvenv/src/lab7workspace/ros2workspace/build/ros2controlcli/build/lib/ros2controlcli/verb
[1.800s] copying ros2controlcli/verb/set_controller_state.py -> /home/vincenzo/Documenti/AMR/ros2pythonvenv/src/lab7workspace/ros2workspace/build/ros2controlcli/build/lib/ros2controlcli/verb
[1.800s] copying ros2controlcli/verb/switch_controllers.py -> /home/vincenzo/Documenti/AMR/ros2pythonvenv/src/lab7workspace/ros2workspace/build/ros2controlcli/build/lib/ros2controlcli/verb
[1.800s] creating /home/vincenzo/Documenti/AMR/ros2pythonvenv/src/lab7workspace/ros2workspace/build/ros2controlcli/build/lib/ros2controlcli/api
[1.800s] copying ros2controlcli/api/__init__.py -> /home/vincenzo/Documenti/AMR/ros2pythonvenv/src/lab7workspace/ros2workspace/build/ros2controlcli/build/lib/ros2controlcli/api
[1.800s] running install
[1.800s] running install_lib
[1.800s] creating /home/vincenzo/Documenti/AMR/ros2pythonvenv/src/lab7workspace/ros2workspace/install/ros2controlcli/lib/python3.10/site-packages/ros2controlcli
[1.801s] copying /home/vincenzo/Documenti/AMR/ros2pythonvenv/src/lab7workspace/ros2workspace/build/ros2controlcli/build/lib/ros2controlcli/__init__.py -> /home/vincenzo/Documenti/AMR/ros2pythonvenv/src/lab7workspace/ros2workspace/install/ros2controlcli/lib/python3.10/site-packages/ros2controlcli
[1.801s] creating /home/vincenzo/Documenti/AMR/ros2pythonvenv/src/lab7workspace/ros2workspace/install/ros2controlcli/lib/python3.10/site-packages/ros2controlcli/command
[1.801s] copying /home/vincenzo/Documenti/AMR/ros2pythonvenv/src/lab7workspace/ros2workspace/build/ros2controlcli/build/lib/ros2controlcli/command/__init__.py -> /home/vincenzo/Documenti/AMR/ros2pythonvenv/src/lab7workspace/ros2workspace/install/ros2controlcli/lib/python3.10/site-packages/ros2controlcli/command
[1.801s] copying /home/vincenzo/Documenti/AMR/ros2pythonvenv/src/lab7workspace/ros2workspace/build/ros2controlcli/build/lib/ros2controlcli/command/control.py -> /home/vincenzo/Documenti/AMR/ros2pythonvenv/src/lab7workspace/ros2workspace/install/ros2controlcli/lib/python3.10/site-packages/ros2controlcli/command
[1.801s] creating /home/vincenzo/Documenti/AMR/ros2pythonvenv/src/lab7workspace/ros2workspace/install/ros2controlcli/lib/python3.10/site-packages/ros2controlcli/verb
[1.801s] copying /home/vincenzo/Documenti/AMR/ros2pythonvenv/src/lab7workspace/ros2workspace/build/ros2controlcli/build/lib/ros2controlcli/verb/__init__.py -> /home/vincenzo/Documenti/AMR/ros2pythonvenv/src/lab7workspace/ros2workspace/install/ros2controlcli/lib/python3.10/site-packages/ros2controlcli/verb
[1.801s] copying /home/vincenzo/Documenti/AMR/ros2pythonvenv/src/lab7workspace/ros2workspace/build/ros2controlcli/build/lib/ros2controlcli/verb/list_hardware_interfaces.py -> /home/vincenzo/Documenti/AMR/ros2pythonvenv/src/lab7workspace/ros2workspace/install/ros2controlcli/lib/python3.10/site-packages/ros2controlcli/verb
[1.801s] copying /home/vincenzo/Documenti/AMR/ros2pythonvenv/src/lab7workspace/ros2workspace/build/ros2controlcli/build/lib/ros2controlcli/verb/reload_controller_libraries.py -> /home/vincenzo/Documenti/AMR/ros2pythonvenv/src/lab7workspace/ros2workspace/install/ros2controlcli/lib/python3.10/site-packages/ros2controlcli/verb
[1.801s] copying /home/vincenzo/Documenti/AMR/ros2pythonvenv/src/lab7workspace/ros2workspace/build/ros2controlcli/build/lib/ros2controlcli/verb/unload_controller.py -> /home/vincenzo/Documenti/AMR/ros2pythonvenv/src/lab7workspace/ros2workspace/install/ros2controlcli/lib/python3.10/site-packages/ros2controlcli/verb
[1.801s] copying /home/vincenzo/Documenti/AMR/ros2pythonvenv/src/lab7workspace/ros2workspace/build/ros2controlcli/build/lib/ros2controlcli/verb/view_controller_chains.py -> /home/vincenzo/Documenti/AMR/ros2pythonvenv/src/lab7workspace/ros2workspace/install/ros2controlcli/lib/python3.10/site-packages/ros2controlcli/verb
[1.801s] copying /home/vincenzo/Documenti/AMR/ros2pythonvenv/src/lab7workspace/ros2workspace/build/ros2controlcli/build/lib/ros2controlcli/verb/list_controllers.py -> /home/vincenzo/Documenti/AMR/ros2pythonvenv/src/lab7workspace/ros2workspace/install/ros2controlcli/lib/python3.10/site-packages/ros2controlcli/verb
[1.801s] copying /home/vincenzo/Documenti/AMR/ros2pythonvenv/src/lab7workspace/ros2workspace/build/ros2controlcli/build/lib/ros2controlcli/verb/list_controller_types.py -> /home/vincenzo/Documenti/AMR/ros2pythonvenv/src/lab7workspace/ros2workspace/install/ros2controlcli/lib/python3.10/site-packages/ros2controlcli/verb
[1.813s] copying /home/vincenzo/Documenti/AMR/ros2pythonvenv/src/lab7workspace/ros2workspace/build/ros2controlcli/build/lib/ros2controlcli/verb/load_controller.py -> /home/vincenzo/Documenti/AMR/ros2pythonvenv/src/lab7workspace/ros2workspace/install/ros2controlcli/lib/python3.10/site-packages/ros2controlcli/verb
[1.813s] copying /home/vincenzo/Documenti/AMR/ros2pythonvenv/src/lab7workspace/ros2workspace/build/ros2controlcli/build/lib/ros2controlcli/verb/list_hardware_components.py -> /home/vincenzo/Documenti/AMR/ros2pythonvenv/src/lab7workspace/ros2workspace/install/ros2controlcli/lib/python3.10/site-packages/ros2controlcli/verb
[1.813s] copying /home/vincenzo/Documenti/AMR/ros2pythonvenv/src/lab7workspace/ros2workspace/build/ros2controlcli/build/lib/ros2controlcli/verb/set_hardware_component_state.py -> /home/vincenzo/Documenti/AMR/ros2pythonvenv/src/lab7workspace/ros2workspace/install/ros2controlcli/lib/python3.10/site-packages/ros2controlcli/verb
[1.813s] copying /home/vincenzo/Documenti/AMR/ros2pythonvenv/src/lab7workspace/ros2workspace/build/ros2controlcli/build/lib/ros2controlcli/verb/set_controller_state.py -> /home/vincenzo/Documenti/AMR/ros2pythonvenv/src/lab7workspace/ros2workspace/install/ros2controlcli/lib/python3.10/site-packages/ros2controlcli/verb
[1.813s] copying /home/vincenzo/Documenti/AMR/ros2pythonvenv/src/lab7workspace/ros2workspace/build/ros2controlcli/build/lib/ros2controlcli/verb/switch_controllers.py -> /home/vincenzo/Documenti/AMR/ros2pythonvenv/src/lab7workspace/ros2workspace/install/ros2controlcli/lib/python3.10/site-packages/ros2controlcli/verb
[1.813s] creating /home/vincenzo/Documenti/AMR/ros2pythonvenv/src/lab7workspace/ros2workspace/install/ros2controlcli/lib/python3.10/site-packages/ros2controlcli/api
[1.813s] copying /home/vincenzo/Documenti/AMR/ros2pythonvenv/src/lab7workspace/ros2workspace/build/ros2controlcli/build/lib/ros2controlcli/api/__init__.py -> /home/vincenzo/Documenti/AMR/ros2pythonvenv/src/lab7workspace/ros2workspace/install/ros2controlcli/lib/python3.10/site-packages/ros2controlcli/api
[1.813s] byte-compiling /home/vincenzo/Documenti/AMR/ros2pythonvenv/src/lab7workspace/ros2workspace/install/ros2controlcli/lib/python3.10/site-packages/ros2controlcli/__init__.py to __init__.cpython-310.pyc
[1.813s] byte-compiling /home/vincenzo/Documenti/AMR/ros2pythonvenv/src/lab7workspace/ros2workspace/install/ros2controlcli/lib/python3.10/site-packages/ros2controlcli/command/__init__.py to __init__.cpython-310.pyc
[1.814s] byte-compiling /home/vincenzo/Documenti/AMR/ros2pythonvenv/src/lab7workspace/ros2workspace/install/ros2controlcli/lib/python3.10/site-packages/ros2controlcli/command/control.py to control.cpython-310.pyc
[1.814s] byte-compiling /home/vincenzo/Documenti/AMR/ros2pythonvenv/src/lab7workspace/ros2workspace/install/ros2controlcli/lib/python3.10/site-packages/ros2controlcli/verb/__init__.py to __init__.cpython-310.pyc
[1.814s] byte-compiling /home/vincenzo/Documenti/AMR/ros2pythonvenv/src/lab7workspace/ros2workspace/install/ros2controlcli/lib/python3.10/site-packages/ros2controlcli/verb/list_hardware_interfaces.py to list_hardware_interfaces.cpython-310.pyc
[1.814s] byte-compiling /home/vincenzo/Documenti/AMR/ros2pythonvenv/src/lab7workspace/ros2workspace/install/ros2controlcli/lib/python3.10/site-packages/ros2controlcli/verb/reload_controller_libraries.py to reload_controller_libraries.cpython-310.pyc
[1.814s] byte-compiling /home/vincenzo/Documenti/AMR/ros2pythonvenv/src/lab7workspace/ros2workspace/install/ros2controlcli/lib/python3.10/site-packages/ros2controlcli/verb/unload_controller.py to unload_controller.cpython-310.pyc
[1.814s] byte-compiling /home/vincenzo/Documenti/AMR/ros2pythonvenv/src/lab7workspace/ros2workspace/install/ros2controlcli/lib/python3.10/site-packages/ros2controlcli/verb/view_controller_chains.py to view_controller_chains.cpython-310.pyc
[1.814s] byte-compiling /home/vincenzo/Documenti/AMR/ros2pythonvenv/src/lab7workspace/ros2workspace/install/ros2controlcli/lib/python3.10/site-packages/ros2controlcli/verb/list_controllers.py to list_controllers.cpython-310.pyc
[1.814s] byte-compiling /home/vincenzo/Documenti/AMR/ros2pythonvenv/src/lab7workspace/ros2workspace/install/ros2controlcli/lib/python3.10/site-packages/ros2controlcli/verb/list_controller_types.py to list_controller_types.cpython-310.pyc
[1.814s] byte-compiling /home/vincenzo/Documenti/AMR/ros2pythonvenv/src/lab7workspace/ros2workspace/install/ros2controlcli/lib/python3.10/site-packages/ros2controlcli/verb/load_controller.py to load_controller.cpython-310.pyc
[1.814s] byte-compiling /home/vincenzo/Documenti/AMR/ros2pythonvenv/src/lab7workspace/ros2workspace/install/ros2controlcli/lib/python3.10/site-packages/ros2controlcli/verb/list_hardware_components.py to list_hardware_components.cpython-310.pyc
[1.814s] byte-compiling /home/vincenzo/Documenti/AMR/ros2pythonvenv/src/lab7workspace/ros2workspace/install/ros2controlcli/lib/python3.10/site-packages/ros2controlcli/verb/set_hardware_component_state.py to set_hardware_component_state.cpython-310.pyc
[1.814s] byte-compiling /home/vincenzo/Documenti/AMR/ros2pythonvenv/src/lab7workspace/ros2workspace/install/ros2controlcli/lib/python3.10/site-packages/ros2controlcli/verb/set_controller_state.py to set_controller_state.cpython-310.pyc
[1.814s] byte-compiling /home/vincenzo/Documenti/AMR/ros2pythonvenv/src/lab7workspace/ros2workspace/install/ros2controlcli/lib/python3.10/site-packages/ros2controlcli/verb/switch_controllers.py to switch_controllers.cpython-310.pyc
[1.814s] byte-compiling /home/vincenzo/Documenti/AMR/ros2pythonvenv/src/lab7workspace/ros2workspace/install/ros2controlcli/lib/python3.10/site-packages/ros2controlcli/api/__init__.py to __init__.cpython-310.pyc
[1.814s] running install_data
[1.814s] copying package.xml -> /home/vincenzo/Documenti/AMR/ros2pythonvenv/src/lab7workspace/ros2workspace/install/ros2controlcli/share/ros2controlcli
[1.814s] creating /home/vincenzo/Documenti/AMR/ros2pythonvenv/src/lab7workspace/ros2workspace/install/ros2controlcli/share/ament_index
[1.814s] creating /home/vincenzo/Documenti/AMR/ros2pythonvenv/src/lab7workspace/ros2workspace/install/ros2controlcli/share/ament_index/resource_index
[1.814s] creating /home/vincenzo/Documenti/AMR/ros2pythonvenv/src/lab7workspace/ros2workspace/install/ros2controlcli/share/ament_index/resource_index/packages
[1.814s] copying resource/ros2controlcli -> /home/vincenzo/Documenti/AMR/ros2pythonvenv/src/lab7workspace/ros2workspace/install/ros2controlcli/share/ament_index/resource_index/packages
[1.815s] running install_egg_info
[1.815s] Copying ../../../../build/ros2controlcli/ros2controlcli.egg-info to /home/vincenzo/Documenti/AMR/ros2pythonvenv/src/lab7workspace/ros2workspace/install/ros2controlcli/lib/python3.10/site-packages/ros2controlcli-2.41.0-py3.10.egg-info
[1.815s] running install_scripts
[1.815s] writing list of installed files to '/home/vincenzo/Documenti/AMR/ros2pythonvenv/src/lab7workspace/ros2workspace/build/ros2controlcli/install.log'
[1.827s] Invoked command in '/home/vincenzo/Documenti/AMR/ros2pythonvenv/src/lab7workspace/ros2workspace/src/ros-controls/ros2_control/ros2controlcli' returned '0': AMENT_PREFIX_PATH=/home/vincenzo/Documenti/AMR/ros2pythonvenv/src/lab7workspace/ros2workspace/install/controller_manager:/home/vincenzo/Documenti/AMR/ros2pythonvenv/src/lab7workspace/ros2workspace/install/hardware_interface_testing:/home/vincenzo/Documenti/AMR/ros2pythonvenv/src/lab7workspace/ros2workspace/install/controller_interface:/home/vincenzo/Documenti/AMR/ros2pythonvenv/src/lab7workspace/ros2workspace/install/hardware_interface:/home/vincenzo/Documenti/AMR/ros2pythonvenv/src/lab7workspace/ros2workspace/install/ros2_control_test_assets:/home/vincenzo/Documenti/AMR/ros2pythonvenv/src/lab7workspace/ros2workspace/install/realtime_tools:/home/vincenzo/Documenti/AMR/ros2pythonvenv/src/lab7workspace/ros2workspace/install/controller_manager_msgs:/home/vincenzo/Documenti/AMR/ros2pythonvenv/src/lab7workspace/ros2workspace/install/control_msgs:${AMENT_PREFIX_PATH} CMAKE_PREFIX_PATH=/home/vincenzo/Documenti/AMR/ros2pythonvenv/src/lab7workspace/ros2workspace/install/controller_manager:/home/vincenzo/Documenti/AMR/ros2pythonvenv/src/lab7workspace/ros2workspace/install/hardware_interface_testing:/home/vincenzo/Documenti/AMR/ros2pythonvenv/src/lab7workspace/ros2workspace/install/controller_interface:/home/vincenzo/Documenti/AMR/ros2pythonvenv/src/lab7workspace/ros2workspace/install/hardware_interface:/home/vincenzo/Documenti/AMR/ros2pythonvenv/src/lab7workspace/ros2workspace/install/ros2_control_test_assets:/home/vincenzo/Documenti/AMR/ros2pythonvenv/src/lab7workspace/ros2workspace/install/realtime_tools:/home/vincenzo/Documenti/AMR/ros2pythonvenv/src/lab7workspace/ros2workspace/install/controller_manager_msgs:/home/vincenzo/Documenti/AMR/ros2pythonvenv/src/lab7workspace/ros2workspace/install/control_msgs LD_LIBRARY_PATH=/home/vincenzo/Documenti/AMR/ros2pythonvenv/src/lab7workspace/ros2workspace/install/controller_manager/lib:/home/vincenzo/Documenti/AMR/ros2pythonvenv/src/lab7workspace/ros2workspace/install/hardware_interface_testing/lib:/home/vincenzo/Documenti/AMR/ros2pythonvenv/src/lab7workspace/ros2workspace/install/controller_interface/lib:/home/vincenzo/Documenti/AMR/ros2pythonvenv/src/lab7workspace/ros2workspace/install/hardware_interface/lib:/home/vincenzo/Documenti/AMR/ros2pythonvenv/src/lab7workspace/ros2workspace/install/realtime_tools/lib:/home/vincenzo/Documenti/AMR/ros2pythonvenv/src/lab7workspace/ros2workspace/install/controller_manager_msgs/lib:/home/vincenzo/Documenti/AMR/ros2pythonvenv/src/lab7workspace/ros2workspace/install/control_msgs/lib:/usr/lib/x86_64-linux-gnu/gazebo-11/plugins:/opt/ros/humble/opt/rviz_ogre_vendor/lib:/opt/ros/humble/lib/x86_64-linux-gnu:/opt/ros/humble/lib:/usr/lib/x86_64-linux-gnu/gazebo-11/plugins PS1=(ros2pythonvenv) \[\e]0;\u@\h: \w\a\]${debian_chroot:+($debian_chroot)}\[\033[01;32m\]\u@\h\[\033[00m\]:\[\033[01;34m\]\w\[\033[00m\]\$ PYTHONPATH=/home/vincenzo/Documenti/AMR/ros2pythonvenv/src/lab7workspace/ros2workspace/build/ros2controlcli/prefix_override:/usr/lib/python3/dist-packages/colcon_core/task/python/colcon_distutils_commands:/home/vincenzo/Documenti/AMR/ros2pythonvenv/src/lab7workspace/ros2workspace/install/ros2controlcli/lib/python3.10/site-packages:/home/vincenzo/Documenti/AMR/ros2pythonvenv/src/lab7workspace/ros2workspace/install/controller_manager/lib/python3.10/site-packages:/home/vincenzo/Documenti/AMR/ros2pythonvenv/src/lab7workspace/ros2workspace/install/controller_manager_msgs/lib/python3.10/site-packages:/home/vincenzo/Documenti/AMR/ros2pythonvenv/src/lab7workspace/ros2workspace/install/control_msgs/lib/python3.10/site-packages:${PYTHONPATH} VIRTUAL_ENV_PROMPT=(ros2pythonvenv) /usr/bin/python3 -W ignore:setup.py install is deprecated -W ignore:easy_install command is deprecated setup.py egg_info --egg-base ../../../../build/ros2controlcli build --build-base /home/vincenzo/Documenti/AMR/ros2pythonvenv/src/lab7workspace/ros2workspace/build/ros2controlcli/build install --record /home/vincenzo/Documenti/AMR/ros2pythonvenv/src/lab7workspace/ros2workspace/build/ros2controlcli/install.log --single-version-externally-managed install_data
