[0.509s] Invoking command in '/home/vincenzo/Documenti/AMR/ros2pythonvenv/src/lab2workspace/src/py_pubsub': PS1=(ros2pythonvenv) \[\e]0;\u@\h: \w\a\]${debian_chroot:+($debian_chroot)}\[\033[01;32m\]\u@\h\[\033[00m\]:\[\033[01;34m\]\w\[\033[00m\]\$ PYTHONPATH=/home/vincenzo/Documenti/AMR/ros2pythonvenv/src/lab2workspace/build/py_pubsub/prefix_override:/usr/lib/python3/dist-packages/colcon_core/task/python/colcon_distutils_commands:/home/vincenzo/Documenti/AMR/ros2pythonvenv/src/lab2workspace/install/py_pubsub/lib/python3.10/site-packages:${PYTHONPATH} VIRTUAL_ENV_PROMPT=(ros2pythonvenv) /usr/bin/python3 -W ignore:setup.py install is deprecated -W ignore:easy_install command is deprecated setup.py egg_info --egg-base ../../build/py_pubsub build --build-base /home/vincenzo/Documenti/AMR/ros2pythonvenv/src/lab2workspace/build/py_pubsub/build install --record /home/vincenzo/Documenti/AMR/ros2pythonvenv/src/lab2workspace/build/py_pubsub/install.log --single-version-externally-managed install_data
[0.646s] running egg_info
[0.646s] creating ../../build/py_pubsub/py_pubsub.egg-info
[0.646s] writing ../../build/py_pubsub/py_pubsub.egg-info/PKG-INFO
[0.647s] writing dependency_links to ../../build/py_pubsub/py_pubsub.egg-info/dependency_links.txt
[0.647s] writing entry points to ../../build/py_pubsub/py_pubsub.egg-info/entry_points.txt
[0.647s] writing requirements to ../../build/py_pubsub/py_pubsub.egg-info/requires.txt
[0.647s] writing top-level names to ../../build/py_pubsub/py_pubsub.egg-info/top_level.txt
[0.647s] writing manifest file '../../build/py_pubsub/py_pubsub.egg-info/SOURCES.txt'
[0.648s] reading manifest file '../../build/py_pubsub/py_pubsub.egg-info/SOURCES.txt'
[0.648s] writing manifest file '../../build/py_pubsub/py_pubsub.egg-info/SOURCES.txt'
[0.648s] running build
[0.648s] running build_py
[0.648s] creating /home/vincenzo/Documenti/AMR/ros2pythonvenv/src/lab2workspace/build/py_pubsub/build
[0.648s] creating /home/vincenzo/Documenti/AMR/ros2pythonvenv/src/lab2workspace/build/py_pubsub/build/lib
[0.648s] creating /home/vincenzo/Documenti/AMR/ros2pythonvenv/src/lab2workspace/build/py_pubsub/build/lib/py_pubsub
[0.648s] copying py_pubsub/__init__.py -> /home/vincenzo/Documenti/AMR/ros2pythonvenv/src/lab2workspace/build/py_pubsub/build/lib/py_pubsub
[0.649s] copying py_pubsub/publisher_member_function.py -> /home/vincenzo/Documenti/AMR/ros2pythonvenv/src/lab2workspace/build/py_pubsub/build/lib/py_pubsub
[0.649s] copying py_pubsub/subscriber_member_function.py -> /home/vincenzo/Documenti/AMR/ros2pythonvenv/src/lab2workspace/build/py_pubsub/build/lib/py_pubsub
[0.649s] running install
[0.649s] running install_lib
[0.649s] creating /home/vincenzo/Documenti/AMR/ros2pythonvenv/src/lab2workspace/install/py_pubsub/lib/python3.10/site-packages/py_pubsub
[0.649s] copying /home/vincenzo/Documenti/AMR/ros2pythonvenv/src/lab2workspace/build/py_pubsub/build/lib/py_pubsub/__init__.py -> /home/vincenzo/Documenti/AMR/ros2pythonvenv/src/lab2workspace/install/py_pubsub/lib/python3.10/site-packages/py_pubsub
[0.649s] copying /home/vincenzo/Documenti/AMR/ros2pythonvenv/src/lab2workspace/build/py_pubsub/build/lib/py_pubsub/publisher_member_function.py -> /home/vincenzo/Documenti/AMR/ros2pythonvenv/src/lab2workspace/install/py_pubsub/lib/python3.10/site-packages/py_pubsub
[0.649s] copying /home/vincenzo/Documenti/AMR/ros2pythonvenv/src/lab2workspace/build/py_pubsub/build/lib/py_pubsub/subscriber_member_function.py -> /home/vincenzo/Documenti/AMR/ros2pythonvenv/src/lab2workspace/install/py_pubsub/lib/python3.10/site-packages/py_pubsub
[0.649s] byte-compiling /home/vincenzo/Documenti/AMR/ros2pythonvenv/src/lab2workspace/install/py_pubsub/lib/python3.10/site-packages/py_pubsub/__init__.py to __init__.cpython-310.pyc
[0.649s] byte-compiling /home/vincenzo/Documenti/AMR/ros2pythonvenv/src/lab2workspace/install/py_pubsub/lib/python3.10/site-packages/py_pubsub/publisher_member_function.py to publisher_member_function.cpython-310.pyc
[0.650s] byte-compiling /home/vincenzo/Documenti/AMR/ros2pythonvenv/src/lab2workspace/install/py_pubsub/lib/python3.10/site-packages/py_pubsub/subscriber_member_function.py to subscriber_member_function.cpython-310.pyc
[0.650s] running install_data
[0.650s] creating /home/vincenzo/Documenti/AMR/ros2pythonvenv/src/lab2workspace/install/py_pubsub/share/ament_index
[0.650s] creating /home/vincenzo/Documenti/AMR/ros2pythonvenv/src/lab2workspace/install/py_pubsub/share/ament_index/resource_index
[0.650s] creating /home/vincenzo/Documenti/AMR/ros2pythonvenv/src/lab2workspace/install/py_pubsub/share/ament_index/resource_index/packages
[0.650s] copying resource/py_pubsub -> /home/vincenzo/Documenti/AMR/ros2pythonvenv/src/lab2workspace/install/py_pubsub/share/ament_index/resource_index/packages
[0.650s] copying package.xml -> /home/vincenzo/Documenti/AMR/ros2pythonvenv/src/lab2workspace/install/py_pubsub/share/py_pubsub
[0.650s] running install_egg_info
[0.651s] Copying ../../build/py_pubsub/py_pubsub.egg-info to /home/vincenzo/Documenti/AMR/ros2pythonvenv/src/lab2workspace/install/py_pubsub/lib/python3.10/site-packages/py_pubsub-0.0.0-py3.10.egg-info
[0.651s] running install_scripts
[0.665s] Installing listener script to /home/vincenzo/Documenti/AMR/ros2pythonvenv/src/lab2workspace/install/py_pubsub/lib/py_pubsub
[0.665s] Installing talker script to /home/vincenzo/Documenti/AMR/ros2pythonvenv/src/lab2workspace/install/py_pubsub/lib/py_pubsub
[0.665s] writing list of installed files to '/home/vincenzo/Documenti/AMR/ros2pythonvenv/src/lab2workspace/build/py_pubsub/install.log'
[0.679s] Invoked command in '/home/vincenzo/Documenti/AMR/ros2pythonvenv/src/lab2workspace/src/py_pubsub' returned '0': PS1=(ros2pythonvenv) \[\e]0;\u@\h: \w\a\]${debian_chroot:+($debian_chroot)}\[\033[01;32m\]\u@\h\[\033[00m\]:\[\033[01;34m\]\w\[\033[00m\]\$ PYTHONPATH=/home/vincenzo/Documenti/AMR/ros2pythonvenv/src/lab2workspace/build/py_pubsub/prefix_override:/usr/lib/python3/dist-packages/colcon_core/task/python/colcon_distutils_commands:/home/vincenzo/Documenti/AMR/ros2pythonvenv/src/lab2workspace/install/py_pubsub/lib/python3.10/site-packages:${PYTHONPATH} VIRTUAL_ENV_PROMPT=(ros2pythonvenv) /usr/bin/python3 -W ignore:setup.py install is deprecated -W ignore:easy_install command is deprecated setup.py egg_info --egg-base ../../build/py_pubsub build --build-base /home/vincenzo/Documenti/AMR/ros2pythonvenv/src/lab2workspace/build/py_pubsub/build install --record /home/vincenzo/Documenti/AMR/ros2pythonvenv/src/lab2workspace/build/py_pubsub/install.log --single-version-externally-managed install_data
