[0.213s] Invoking command in '/home/vincenzo/Documenti/AMR/ros2pythonvenv/src/lab5workspace/build/turtlebot3_manipulation_gazebo': CMAKE_PREFIX_PATH=${CMAKE_PREFIX_PATH}:/home/vincenzo/Documenti/AMR/ros2pythonvenv/src/lab5workspace/install/turtlebot3_teleop:/home/vincenzo/Documenti/AMR/ros2pythonvenv/src/lab5workspace/install/turtlebot3_example:/home/vincenzo/Documenti/AMR/ros2pythonvenv/src/lab5workspace/install/navigation_from_text:/home/vincenzo/Documenti/AMR/ros2pythonvenv/src/lab5workspace/install/autonomous_localization:/opt/ros/humble PS1=(ros2pythonvenv) \[\e]0;\u@\h: \w\a\]${debian_chroot:+($debian_chroot)}\[\033[01;32m\]\u@\h\[\033[00m\]:\[\033[01;34m\]\w\[\033[00m\]\$ VIRTUAL_ENV_PROMPT=(ros2pythonvenv) /usr/bin/cmake --build /home/vincenzo/Documenti/AMR/ros2pythonvenv/src/lab5workspace/build/turtlebot3_manipulation_gazebo -- -j16 -l16
[0.798s] Invoked command in '/home/vincenzo/Documenti/AMR/ros2pythonvenv/src/lab5workspace/build/turtlebot3_manipulation_gazebo' returned '0': CMAKE_PREFIX_PATH=${CMAKE_PREFIX_PATH}:/home/vincenzo/Documenti/AMR/ros2pythonvenv/src/lab5workspace/install/turtlebot3_teleop:/home/vincenzo/Documenti/AMR/ros2pythonvenv/src/lab5workspace/install/turtlebot3_example:/home/vincenzo/Documenti/AMR/ros2pythonvenv/src/lab5workspace/install/navigation_from_text:/home/vincenzo/Documenti/AMR/ros2pythonvenv/src/lab5workspace/install/autonomous_localization:/opt/ros/humble PS1=(ros2pythonvenv) \[\e]0;\u@\h: \w\a\]${debian_chroot:+($debian_chroot)}\[\033[01;32m\]\u@\h\[\033[00m\]:\[\033[01;34m\]\w\[\033[00m\]\$ VIRTUAL_ENV_PROMPT=(ros2pythonvenv) /usr/bin/cmake --build /home/vincenzo/Documenti/AMR/ros2pythonvenv/src/lab5workspace/build/turtlebot3_manipulation_gazebo -- -j16 -l16
[0.800s] Invoking command in '/home/vincenzo/Documenti/AMR/ros2pythonvenv/src/lab5workspace/build/turtlebot3_manipulation_gazebo': CMAKE_PREFIX_PATH=${CMAKE_PREFIX_PATH}:/home/vincenzo/Documenti/AMR/ros2pythonvenv/src/lab5workspace/install/turtlebot3_teleop:/home/vincenzo/Documenti/AMR/ros2pythonvenv/src/lab5workspace/install/turtlebot3_example:/home/vincenzo/Documenti/AMR/ros2pythonvenv/src/lab5workspace/install/navigation_from_text:/home/vincenzo/Documenti/AMR/ros2pythonvenv/src/lab5workspace/install/autonomous_localization:/opt/ros/humble PS1=(ros2pythonvenv) \[\e]0;\u@\h: \w\a\]${debian_chroot:+($debian_chroot)}\[\033[01;32m\]\u@\h\[\033[00m\]:\[\033[01;34m\]\w\[\033[00m\]\$ VIRTUAL_ENV_PROMPT=(ros2pythonvenv) /usr/bin/cmake --install /home/vincenzo/Documenti/AMR/ros2pythonvenv/src/lab5workspace/build/turtlebot3_manipulation_gazebo
[0.850s] -- Install configuration: ""
[0.851s] -- Up-to-date: /home/vincenzo/Documenti/AMR/ros2pythonvenv/src/lab5workspace/install/turtlebot3_manipulation_gazebo/share/turtlebot3_manipulation_gazebo/config
[0.851s] -- Up-to-date: /home/vincenzo/Documenti/AMR/ros2pythonvenv/src/lab5workspace/install/turtlebot3_manipulation_gazebo/share/turtlebot3_manipulation_gazebo/config/hardware_controller_manager.yaml
[0.852s] -- Up-to-date: /home/vincenzo/Documenti/AMR/ros2pythonvenv/src/lab5workspace/install/turtlebot3_manipulation_gazebo/share/turtlebot3_manipulation_gazebo/config/gazebo_controller_manager.yaml
[0.852s] -- Up-to-date: /home/vincenzo/Documenti/AMR/ros2pythonvenv/src/lab5workspace/install/turtlebot3_manipulation_gazebo/share/turtlebot3_manipulation_gazebo/gazebo
[0.852s] -- Up-to-date: /home/vincenzo/Documenti/AMR/ros2pythonvenv/src/lab5workspace/install/turtlebot3_manipulation_gazebo/share/turtlebot3_manipulation_gazebo/gazebo/materials.xacro
[0.853s] -- Up-to-date: /home/vincenzo/Documenti/AMR/ros2pythonvenv/src/lab5workspace/install/turtlebot3_manipulation_gazebo/share/turtlebot3_manipulation_gazebo/gazebo/turtlebot3_waffle_pi.gazebo.xacro
[0.853s] -- Up-to-date: /home/vincenzo/Documenti/AMR/ros2pythonvenv/src/lab5workspace/install/turtlebot3_manipulation_gazebo/share/turtlebot3_manipulation_gazebo/gazebo/open_manipulator_x.gazebo.xacro
[0.853s] -- Up-to-date: /home/vincenzo/Documenti/AMR/ros2pythonvenv/src/lab5workspace/install/turtlebot3_manipulation_gazebo/share/turtlebot3_manipulation_gazebo/launch
[0.854s] -- Up-to-date: /home/vincenzo/Documenti/AMR/ros2pythonvenv/src/lab5workspace/install/turtlebot3_manipulation_gazebo/share/turtlebot3_manipulation_gazebo/launch/base.launch.py
[0.854s] -- Up-to-date: /home/vincenzo/Documenti/AMR/ros2pythonvenv/src/lab5workspace/install/turtlebot3_manipulation_gazebo/share/turtlebot3_manipulation_gazebo/launch/gazebo.launch.py
[0.855s] -- Up-to-date: /home/vincenzo/Documenti/AMR/ros2pythonvenv/src/lab5workspace/install/turtlebot3_manipulation_gazebo/share/turtlebot3_manipulation_gazebo/launch/fake.launch.py
[0.855s] -- Up-to-date: /home/vincenzo/Documenti/AMR/ros2pythonvenv/src/lab5workspace/install/turtlebot3_manipulation_gazebo/share/turtlebot3_manipulation_gazebo/launch/turtlebot3_home_service_challenge.launch.py
[0.855s] -- Up-to-date: /home/vincenzo/Documenti/AMR/ros2pythonvenv/src/lab5workspace/install/turtlebot3_manipulation_gazebo/share/turtlebot3_manipulation_gazebo/ros2_control
[0.855s] -- Up-to-date: /home/vincenzo/Documenti/AMR/ros2pythonvenv/src/lab5workspace/install/turtlebot3_manipulation_gazebo/share/turtlebot3_manipulation_gazebo/ros2_control/turtlebot3_manipulation_system.ros2_control.xacro
[0.855s] -- Up-to-date: /home/vincenzo/Documenti/AMR/ros2pythonvenv/src/lab5workspace/install/turtlebot3_manipulation_gazebo/share/turtlebot3_manipulation_gazebo/rviz
[0.855s] -- Up-to-date: /home/vincenzo/Documenti/AMR/ros2pythonvenv/src/lab5workspace/install/turtlebot3_manipulation_gazebo/share/turtlebot3_manipulation_gazebo/rviz/turtlebot3_manipulation.rviz
[0.856s] -- Up-to-date: /home/vincenzo/Documenti/AMR/ros2pythonvenv/src/lab5workspace/install/turtlebot3_manipulation_gazebo/share/turtlebot3_manipulation_gazebo/urdf
[0.856s] -- Up-to-date: /home/vincenzo/Documenti/AMR/ros2pythonvenv/src/lab5workspace/install/turtlebot3_manipulation_gazebo/share/turtlebot3_manipulation_gazebo/urdf/turtlebot3_manipulation.urdf.xacro
[0.856s] -- Up-to-date: /home/vincenzo/Documenti/AMR/ros2pythonvenv/src/lab5workspace/install/turtlebot3_manipulation_gazebo/share/turtlebot3_manipulation_gazebo/urdf/turtlebot3_waffle_pi.urdf.xacro
[0.856s] -- Up-to-date: /home/vincenzo/Documenti/AMR/ros2pythonvenv/src/lab5workspace/install/turtlebot3_manipulation_gazebo/share/turtlebot3_manipulation_gazebo/urdf/open_manipulator_x.urdf.xacro
[0.857s] -- Up-to-date: /home/vincenzo/Documenti/AMR/ros2pythonvenv/src/lab5workspace/install/turtlebot3_manipulation_gazebo/share/turtlebot3_manipulation_gazebo/worlds
[0.857s] -- Up-to-date: /home/vincenzo/Documenti/AMR/ros2pythonvenv/src/lab5workspace/install/turtlebot3_manipulation_gazebo/share/turtlebot3_manipulation_gazebo/worlds/turtlebot3_home_service_challenge.world
[0.858s] -- Up-to-date: /home/vincenzo/Documenti/AMR/ros2pythonvenv/src/lab5workspace/install/turtlebot3_manipulation_gazebo/share/turtlebot3_manipulation_gazebo/models
[0.859s] -- Up-to-date: /home/vincenzo/Documenti/AMR/ros2pythonvenv/src/lab5workspace/install/turtlebot3_manipulation_gazebo/share/turtlebot3_manipulation_gazebo/models/turtlebot3_home_service_challenge
[0.859s] -- Up-to-date: /home/vincenzo/Documenti/AMR/ros2pythonvenv/src/lab5workspace/install/turtlebot3_manipulation_gazebo/share/turtlebot3_manipulation_gazebo/models/turtlebot3_home_service_challenge/marker8
[0.859s] -- Up-to-date: /home/vincenzo/Documenti/AMR/ros2pythonvenv/src/lab5workspace/install/turtlebot3_manipulation_gazebo/share/turtlebot3_manipulation_gazebo/models/turtlebot3_home_service_challenge/marker8/model-1_5.sdf
[0.859s] -- Up-to-date: /home/vincenzo/Documenti/AMR/ros2pythonvenv/src/lab5workspace/install/turtlebot3_manipulation_gazebo/share/turtlebot3_manipulation_gazebo/models/turtlebot3_home_service_challenge/marker8/model-1_4.sdf
[0.859s] -- Up-to-date: /home/vincenzo/Documenti/AMR/ros2pythonvenv/src/lab5workspace/install/turtlebot3_manipulation_gazebo/share/turtlebot3_manipulation_gazebo/models/turtlebot3_home_service_challenge/marker8/meshes
[0.860s] -- Up-to-date: /home/vincenzo/Documenti/AMR/ros2pythonvenv/src/lab5workspace/install/turtlebot3_manipulation_gazebo/share/turtlebot3_manipulation_gazebo/models/turtlebot3_home_service_challenge/marker8/meshes/Marker8.dae
[0.860s] -- Up-to-date: /home/vincenzo/Documenti/AMR/ros2pythonvenv/src/lab5workspace/install/turtlebot3_manipulation_gazebo/share/turtlebot3_manipulation_gazebo/models/turtlebot3_home_service_challenge/marker8/model.sdf
[0.860s] -- Up-to-date: /home/vincenzo/Documenti/AMR/ros2pythonvenv/src/lab5workspace/install/turtlebot3_manipulation_gazebo/share/turtlebot3_manipulation_gazebo/models/turtlebot3_home_service_challenge/marker8/materials
[0.860s] -- Up-to-date: /home/vincenzo/Documenti/AMR/ros2pythonvenv/src/lab5workspace/install/turtlebot3_manipulation_gazebo/share/turtlebot3_manipulation_gazebo/models/turtlebot3_home_service_challenge/marker8/materials/textures
[0.860s] -- Up-to-date: /home/vincenzo/Documenti/AMR/ros2pythonvenv/src/lab5workspace/install/turtlebot3_manipulation_gazebo/share/turtlebot3_manipulation_gazebo/models/turtlebot3_home_service_challenge/marker8/materials/textures/Marker8.png
[0.861s] -- Up-to-date: /home/vincenzo/Documenti/AMR/ros2pythonvenv/src/lab5workspace/install/turtlebot3_manipulation_gazebo/share/turtlebot3_manipulation_gazebo/models/turtlebot3_home_service_challenge/marker8/model.config
[0.861s] -- Up-to-date: /home/vincenzo/Documenti/AMR/ros2pythonvenv/src/lab5workspace/install/turtlebot3_manipulation_gazebo/share/turtlebot3_manipulation_gazebo/models/turtlebot3_home_service_challenge/marker9
[0.861s] -- Up-to-date: /home/vincenzo/Documenti/AMR/ros2pythonvenv/src/lab5workspace/install/turtlebot3_manipulation_gazebo/share/turtlebot3_manipulation_gazebo/models/turtlebot3_home_service_challenge/marker9/model-1_5.sdf
[0.861s] -- Up-to-date: /home/vincenzo/Documenti/AMR/ros2pythonvenv/src/lab5workspace/install/turtlebot3_manipulation_gazebo/share/turtlebot3_manipulation_gazebo/models/turtlebot3_home_service_challenge/marker9/model-1_4.sdf
[0.861s] -- Up-to-date: /home/vincenzo/Documenti/AMR/ros2pythonvenv/src/lab5workspace/install/turtlebot3_manipulation_gazebo/share/turtlebot3_manipulation_gazebo/models/turtlebot3_home_service_challenge/marker9/meshes
[0.862s] -- Up-to-date: /home/vincenzo/Documenti/AMR/ros2pythonvenv/src/lab5workspace/install/turtlebot3_manipulation_gazebo/share/turtlebot3_manipulation_gazebo/models/turtlebot3_home_service_challenge/marker9/meshes/Marker9.dae
[0.862s] -- Up-to-date: /home/vincenzo/Documenti/AMR/ros2pythonvenv/src/lab5workspace/install/turtlebot3_manipulation_gazebo/share/turtlebot3_manipulation_gazebo/models/turtlebot3_home_service_challenge/marker9/model.sdf
[0.862s] -- Up-to-date: /home/vincenzo/Documenti/AMR/ros2pythonvenv/src/lab5workspace/install/turtlebot3_manipulation_gazebo/share/turtlebot3_manipulation_gazebo/models/turtlebot3_home_service_challenge/marker9/materials
[0.862s] -- Up-to-date: /home/vincenzo/Documenti/AMR/ros2pythonvenv/src/lab5workspace/install/turtlebot3_manipulation_gazebo/share/turtlebot3_manipulation_gazebo/models/turtlebot3_home_service_challenge/marker9/materials/textures
[0.862s] -- Up-to-date: /home/vincenzo/Documenti/AMR/ros2pythonvenv/src/lab5workspace/install/turtlebot3_manipulation_gazebo/share/turtlebot3_manipulation_gazebo/models/turtlebot3_home_service_challenge/marker9/materials/textures/Marker9.png
[0.862s] -- Up-to-date: /home/vincenzo/Documenti/AMR/ros2pythonvenv/src/lab5workspace/install/turtlebot3_manipulation_gazebo/share/turtlebot3_manipulation_gazebo/models/turtlebot3_home_service_challenge/marker9/model.config
[0.862s] -- Up-to-date: /home/vincenzo/Documenti/AMR/ros2pythonvenv/src/lab5workspace/install/turtlebot3_manipulation_gazebo/share/turtlebot3_manipulation_gazebo/models/turtlebot3_home_service_challenge/marker5
[0.863s] -- Up-to-date: /home/vincenzo/Documenti/AMR/ros2pythonvenv/src/lab5workspace/install/turtlebot3_manipulation_gazebo/share/turtlebot3_manipulation_gazebo/models/turtlebot3_home_service_challenge/marker5/model-1_5.sdf
[0.863s] -- Up-to-date: /home/vincenzo/Documenti/AMR/ros2pythonvenv/src/lab5workspace/install/turtlebot3_manipulation_gazebo/share/turtlebot3_manipulation_gazebo/models/turtlebot3_home_service_challenge/marker5/model-1_4.sdf
[0.863s] -- Up-to-date: /home/vincenzo/Documenti/AMR/ros2pythonvenv/src/lab5workspace/install/turtlebot3_manipulation_gazebo/share/turtlebot3_manipulation_gazebo/models/turtlebot3_home_service_challenge/marker5/meshes
[0.863s] -- Up-to-date: /home/vincenzo/Documenti/AMR/ros2pythonvenv/src/lab5workspace/install/turtlebot3_manipulation_gazebo/share/turtlebot3_manipulation_gazebo/models/turtlebot3_home_service_challenge/marker5/meshes/Marker5.dae
[0.863s] -- Up-to-date: /home/vincenzo/Documenti/AMR/ros2pythonvenv/src/lab5workspace/install/turtlebot3_manipulation_gazebo/share/turtlebot3_manipulation_gazebo/models/turtlebot3_home_service_challenge/marker5/model.sdf
[0.863s] -- Up-to-date: /home/vincenzo/Documenti/AMR/ros2pythonvenv/src/lab5workspace/install/turtlebot3_manipulation_gazebo/share/turtlebot3_manipulation_gazebo/models/turtlebot3_home_service_challenge/marker5/materials
[0.863s] -- Up-to-date: /home/vincenzo/Documenti/AMR/ros2pythonvenv/src/lab5workspace/install/turtlebot3_manipulation_gazebo/share/turtlebot3_manipulation_gazebo/models/turtlebot3_home_service_challenge/marker5/materials/textures
[0.863s] -- Up-to-date: /home/vincenzo/Documenti/AMR/ros2pythonvenv/src/lab5workspace/install/turtlebot3_manipulation_gazebo/share/turtlebot3_manipulation_gazebo/models/turtlebot3_home_service_challenge/marker5/materials/textures/Marker5.png
[0.863s] -- Up-to-date: /home/vincenzo/Documenti/AMR/ros2pythonvenv/src/lab5workspace/install/turtlebot3_manipulation_gazebo/share/turtlebot3_manipulation_gazebo/models/turtlebot3_home_service_challenge/marker5/model.config
[0.863s] -- Up-to-date: /home/vincenzo/Documenti/AMR/ros2pythonvenv/src/lab5workspace/install/turtlebot3_manipulation_gazebo/share/turtlebot3_manipulation_gazebo/models/turtlebot3_home_service_challenge/marker7
[0.863s] -- Up-to-date: /home/vincenzo/Documenti/AMR/ros2pythonvenv/src/lab5workspace/install/turtlebot3_manipulation_gazebo/share/turtlebot3_manipulation_gazebo/models/turtlebot3_home_service_challenge/marker7/model-1_5.sdf
[0.864s] -- Up-to-date: /home/vincenzo/Documenti/AMR/ros2pythonvenv/src/lab5workspace/install/turtlebot3_manipulation_gazebo/share/turtlebot3_manipulation_gazebo/models/turtlebot3_home_service_challenge/marker7/model-1_4.sdf
[0.864s] -- Up-to-date: /home/vincenzo/Documenti/AMR/ros2pythonvenv/src/lab5workspace/install/turtlebot3_manipulation_gazebo/share/turtlebot3_manipulation_gazebo/models/turtlebot3_home_service_challenge/marker7/meshes
[0.864s] -- Up-to-date: /home/vincenzo/Documenti/AMR/ros2pythonvenv/src/lab5workspace/install/turtlebot3_manipulation_gazebo/share/turtlebot3_manipulation_gazebo/models/turtlebot3_home_service_challenge/marker7/meshes/Marker7.dae
[0.864s] -- Up-to-date: /home/vincenzo/Documenti/AMR/ros2pythonvenv/src/lab5workspace/install/turtlebot3_manipulation_gazebo/share/turtlebot3_manipulation_gazebo/models/turtlebot3_home_service_challenge/marker7/model.sdf
[0.866s] -- Up-to-date: /home/vincenzo/Documenti/AMR/ros2pythonvenv/src/lab5workspace/install/turtlebot3_manipulation_gazebo/share/turtlebot3_manipulation_gazebo/models/turtlebot3_home_service_challenge/marker7/materials
[0.866s] -- Up-to-date: /home/vincenzo/Documenti/AMR/ros2pythonvenv/src/lab5workspace/install/turtlebot3_manipulation_gazebo/share/turtlebot3_manipulation_gazebo/models/turtlebot3_home_service_challenge/marker7/materials/textures
[0.866s] -- Up-to-date: /home/vincenzo/Documenti/AMR/ros2pythonvenv/src/lab5workspace/install/turtlebot3_manipulation_gazebo/share/turtlebot3_manipulation_gazebo/models/turtlebot3_home_service_challenge/marker7/materials/textures/Marker7.png
[0.867s] -- Up-to-date: /home/vincenzo/Documenti/AMR/ros2pythonvenv/src/lab5workspace/install/turtlebot3_manipulation_gazebo/share/turtlebot3_manipulation_gazebo/models/turtlebot3_home_service_challenge/marker7/model.config
[0.867s] -- Up-to-date: /home/vincenzo/Documenti/AMR/ros2pythonvenv/src/lab5workspace/install/turtlebot3_manipulation_gazebo/share/turtlebot3_manipulation_gazebo/models/turtlebot3_home_service_challenge/marker6
[0.867s] -- Up-to-date: /home/vincenzo/Documenti/AMR/ros2pythonvenv/src/lab5workspace/install/turtlebot3_manipulation_gazebo/share/turtlebot3_manipulation_gazebo/models/turtlebot3_home_service_challenge/marker6/model-1_5.sdf
[0.867s] -- Up-to-date: /home/vincenzo/Documenti/AMR/ros2pythonvenv/src/lab5workspace/install/turtlebot3_manipulation_gazebo/share/turtlebot3_manipulation_gazebo/models/turtlebot3_home_service_challenge/marker6/model-1_4.sdf
[0.867s] -- Up-to-date: /home/vincenzo/Documenti/AMR/ros2pythonvenv/src/lab5workspace/install/turtlebot3_manipulation_gazebo/share/turtlebot3_manipulation_gazebo/models/turtlebot3_home_service_challenge/marker6/meshes
[0.867s] -- Up-to-date: /home/vincenzo/Documenti/AMR/ros2pythonvenv/src/lab5workspace/install/turtlebot3_manipulation_gazebo/share/turtlebot3_manipulation_gazebo/models/turtlebot3_home_service_challenge/marker6/meshes/Marker6.dae
[0.867s] -- Up-to-date: /home/vincenzo/Documenti/AMR/ros2pythonvenv/src/lab5workspace/install/turtlebot3_manipulation_gazebo/share/turtlebot3_manipulation_gazebo/models/turtlebot3_home_service_challenge/marker6/model.sdf
[0.867s] -- Up-to-date: /home/vincenzo/Documenti/AMR/ros2pythonvenv/src/lab5workspace/install/turtlebot3_manipulation_gazebo/share/turtlebot3_manipulation_gazebo/models/turtlebot3_home_service_challenge/marker6/materials
[0.868s] -- Up-to-date: /home/vincenzo/Documenti/AMR/ros2pythonvenv/src/lab5workspace/install/turtlebot3_manipulation_gazebo/share/turtlebot3_manipulation_gazebo/models/turtlebot3_home_service_challenge/marker6/materials/textures
[0.868s] -- Up-to-date: /home/vincenzo/Documenti/AMR/ros2pythonvenv/src/lab5workspace/install/turtlebot3_manipulation_gazebo/share/turtlebot3_manipulation_gazebo/models/turtlebot3_home_service_challenge/marker6/materials/textures/Marker6.png
[0.868s] -- Up-to-date: /home/vincenzo/Documenti/AMR/ros2pythonvenv/src/lab5workspace/install/turtlebot3_manipulation_gazebo/share/turtlebot3_manipulation_gazebo/models/turtlebot3_home_service_challenge/marker6/model.config
[0.868s] -- Up-to-date: /home/vincenzo/Documenti/AMR/ros2pythonvenv/src/lab5workspace/install/turtlebot3_manipulation_gazebo/share/turtlebot3_manipulation_gazebo/models/turtlebot3_home_service_challenge/marker3
[0.868s] -- Up-to-date: /home/vincenzo/Documenti/AMR/ros2pythonvenv/src/lab5workspace/install/turtlebot3_manipulation_gazebo/share/turtlebot3_manipulation_gazebo/models/turtlebot3_home_service_challenge/marker3/model-1_5.sdf
[0.868s] -- Up-to-date: /home/vincenzo/Documenti/AMR/ros2pythonvenv/src/lab5workspace/install/turtlebot3_manipulation_gazebo/share/turtlebot3_manipulation_gazebo/models/turtlebot3_home_service_challenge/marker3/model-1_4.sdf
[0.868s] -- Up-to-date: /home/vincenzo/Documenti/AMR/ros2pythonvenv/src/lab5workspace/install/turtlebot3_manipulation_gazebo/share/turtlebot3_manipulation_gazebo/models/turtlebot3_home_service_challenge/marker3/meshes
[0.868s] -- Up-to-date: /home/vincenzo/Documenti/AMR/ros2pythonvenv/src/lab5workspace/install/turtlebot3_manipulation_gazebo/share/turtlebot3_manipulation_gazebo/models/turtlebot3_home_service_challenge/marker3/meshes/Marker3.dae
[0.868s] -- Up-to-date: /home/vincenzo/Documenti/AMR/ros2pythonvenv/src/lab5workspace/install/turtlebot3_manipulation_gazebo/share/turtlebot3_manipulation_gazebo/models/turtlebot3_home_service_challenge/marker3/model.sdf
[0.868s] -- Up-to-date: /home/vincenzo/Documenti/AMR/ros2pythonvenv/src/lab5workspace/install/turtlebot3_manipulation_gazebo/share/turtlebot3_manipulation_gazebo/models/turtlebot3_home_service_challenge/marker3/materials
[0.868s] -- Up-to-date: /home/vincenzo/Documenti/AMR/ros2pythonvenv/src/lab5workspace/install/turtlebot3_manipulation_gazebo/share/turtlebot3_manipulation_gazebo/models/turtlebot3_home_service_challenge/marker3/materials/textures
[0.868s] -- Up-to-date: /home/vincenzo/Documenti/AMR/ros2pythonvenv/src/lab5workspace/install/turtlebot3_manipulation_gazebo/share/turtlebot3_manipulation_gazebo/models/turtlebot3_home_service_challenge/marker3/materials/textures/Marker3.png
[0.868s] -- Up-to-date: /home/vincenzo/Documenti/AMR/ros2pythonvenv/src/lab5workspace/install/turtlebot3_manipulation_gazebo/share/turtlebot3_manipulation_gazebo/models/turtlebot3_home_service_challenge/marker3/model.config
[0.868s] -- Up-to-date: /home/vincenzo/Documenti/AMR/ros2pythonvenv/src/lab5workspace/install/turtlebot3_manipulation_gazebo/share/turtlebot3_manipulation_gazebo/models/turtlebot3_home_service_challenge/marker1
[0.869s] -- Up-to-date: /home/vincenzo/Documenti/AMR/ros2pythonvenv/src/lab5workspace/install/turtlebot3_manipulation_gazebo/share/turtlebot3_manipulation_gazebo/models/turtlebot3_home_service_challenge/marker1/model-1_5.sdf
[0.869s] -- Up-to-date: /home/vincenzo/Documenti/AMR/ros2pythonvenv/src/lab5workspace/install/turtlebot3_manipulation_gazebo/share/turtlebot3_manipulation_gazebo/models/turtlebot3_home_service_challenge/marker1/model-1_4.sdf
[0.869s] -- Up-to-date: /home/vincenzo/Documenti/AMR/ros2pythonvenv/src/lab5workspace/install/turtlebot3_manipulation_gazebo/share/turtlebot3_manipulation_gazebo/models/turtlebot3_home_service_challenge/marker1/meshes
[0.869s] -- Up-to-date: /home/vincenzo/Documenti/AMR/ros2pythonvenv/src/lab5workspace/install/turtlebot3_manipulation_gazebo/share/turtlebot3_manipulation_gazebo/models/turtlebot3_home_service_challenge/marker1/meshes/Marker1.dae
[0.869s] -- Up-to-date: /home/vincenzo/Documenti/AMR/ros2pythonvenv/src/lab5workspace/install/turtlebot3_manipulation_gazebo/share/turtlebot3_manipulation_gazebo/models/turtlebot3_home_service_challenge/marker1/model.sdf
[0.869s] -- Up-to-date: /home/vincenzo/Documenti/AMR/ros2pythonvenv/src/lab5workspace/install/turtlebot3_manipulation_gazebo/share/turtlebot3_manipulation_gazebo/models/turtlebot3_home_service_challenge/marker1/materials
[0.869s] -- Up-to-date: /home/vincenzo/Documenti/AMR/ros2pythonvenv/src/lab5workspace/install/turtlebot3_manipulation_gazebo/share/turtlebot3_manipulation_gazebo/models/turtlebot3_home_service_challenge/marker1/materials/textures
[0.869s] -- Up-to-date: /home/vincenzo/Documenti/AMR/ros2pythonvenv/src/lab5workspace/install/turtlebot3_manipulation_gazebo/share/turtlebot3_manipulation_gazebo/models/turtlebot3_home_service_challenge/marker1/materials/textures/Marker1.png
[0.869s] -- Up-to-date: /home/vincenzo/Documenti/AMR/ros2pythonvenv/src/lab5workspace/install/turtlebot3_manipulation_gazebo/share/turtlebot3_manipulation_gazebo/models/turtlebot3_home_service_challenge/marker1/model.config
[0.869s] -- Up-to-date: /home/vincenzo/Documenti/AMR/ros2pythonvenv/src/lab5workspace/install/turtlebot3_manipulation_gazebo/share/turtlebot3_manipulation_gazebo/models/turtlebot3_home_service_challenge/marker0
[0.869s] -- Up-to-date: /home/vincenzo/Documenti/AMR/ros2pythonvenv/src/lab5workspace/install/turtlebot3_manipulation_gazebo/share/turtlebot3_manipulation_gazebo/models/turtlebot3_home_service_challenge/marker0/model-1_5.sdf
[0.870s] -- Up-to-date: /home/vincenzo/Documenti/AMR/ros2pythonvenv/src/lab5workspace/install/turtlebot3_manipulation_gazebo/share/turtlebot3_manipulation_gazebo/models/turtlebot3_home_service_challenge/marker0/model-1_4.sdf
[0.870s] -- Up-to-date: /home/vincenzo/Documenti/AMR/ros2pythonvenv/src/lab5workspace/install/turtlebot3_manipulation_gazebo/share/turtlebot3_manipulation_gazebo/models/turtlebot3_home_service_challenge/marker0/meshes
[0.870s] -- Up-to-date: /home/vincenzo/Documenti/AMR/ros2pythonvenv/src/lab5workspace/install/turtlebot3_manipulation_gazebo/share/turtlebot3_manipulation_gazebo/models/turtlebot3_home_service_challenge/marker0/meshes/Marker0.dae
[0.870s] -- Up-to-date: /home/vincenzo/Documenti/AMR/ros2pythonvenv/src/lab5workspace/install/turtlebot3_manipulation_gazebo/share/turtlebot3_manipulation_gazebo/models/turtlebot3_home_service_challenge/marker0/model.sdf
[0.870s] -- Up-to-date: /home/vincenzo/Documenti/AMR/ros2pythonvenv/src/lab5workspace/install/turtlebot3_manipulation_gazebo/share/turtlebot3_manipulation_gazebo/models/turtlebot3_home_service_challenge/marker0/materials
[0.870s] -- Up-to-date: /home/vincenzo/Documenti/AMR/ros2pythonvenv/src/lab5workspace/install/turtlebot3_manipulation_gazebo/share/turtlebot3_manipulation_gazebo/models/turtlebot3_home_service_challenge/marker0/materials/textures
[0.871s] -- Up-to-date: /home/vincenzo/Documenti/AMR/ros2pythonvenv/src/lab5workspace/install/turtlebot3_manipulation_gazebo/share/turtlebot3_manipulation_gazebo/models/turtlebot3_home_service_challenge/marker0/materials/textures/Marker0.png
[0.871s] -- Up-to-date: /home/vincenzo/Documenti/AMR/ros2pythonvenv/src/lab5workspace/install/turtlebot3_manipulation_gazebo/share/turtlebot3_manipulation_gazebo/models/turtlebot3_home_service_challenge/marker0/model.config
[0.871s] -- Up-to-date: /home/vincenzo/Documenti/AMR/ros2pythonvenv/src/lab5workspace/install/turtlebot3_manipulation_gazebo/share/turtlebot3_manipulation_gazebo/models/turtlebot3_home_service_challenge/marker2
[0.871s] -- Up-to-date: /home/vincenzo/Documenti/AMR/ros2pythonvenv/src/lab5workspace/install/turtlebot3_manipulation_gazebo/share/turtlebot3_manipulation_gazebo/models/turtlebot3_home_service_challenge/marker2/model-1_5.sdf
[0.871s] -- Up-to-date: /home/vincenzo/Documenti/AMR/ros2pythonvenv/src/lab5workspace/install/turtlebot3_manipulation_gazebo/share/turtlebot3_manipulation_gazebo/models/turtlebot3_home_service_challenge/marker2/model-1_4.sdf
[0.871s] -- Up-to-date: /home/vincenzo/Documenti/AMR/ros2pythonvenv/src/lab5workspace/install/turtlebot3_manipulation_gazebo/share/turtlebot3_manipulation_gazebo/models/turtlebot3_home_service_challenge/marker2/meshes
[0.871s] -- Up-to-date: /home/vincenzo/Documenti/AMR/ros2pythonvenv/src/lab5workspace/install/turtlebot3_manipulation_gazebo/share/turtlebot3_manipulation_gazebo/models/turtlebot3_home_service_challenge/marker2/meshes/Marker2.dae
[0.871s] -- Up-to-date: /home/vincenzo/Documenti/AMR/ros2pythonvenv/src/lab5workspace/install/turtlebot3_manipulation_gazebo/share/turtlebot3_manipulation_gazebo/models/turtlebot3_home_service_challenge/marker2/model.sdf
[0.871s] -- Up-to-date: /home/vincenzo/Documenti/AMR/ros2pythonvenv/src/lab5workspace/install/turtlebot3_manipulation_gazebo/share/turtlebot3_manipulation_gazebo/models/turtlebot3_home_service_challenge/marker2/materials
[0.871s] -- Up-to-date: /home/vincenzo/Documenti/AMR/ros2pythonvenv/src/lab5workspace/install/turtlebot3_manipulation_gazebo/share/turtlebot3_manipulation_gazebo/models/turtlebot3_home_service_challenge/marker2/materials/textures
[0.871s] -- Up-to-date: /home/vincenzo/Documenti/AMR/ros2pythonvenv/src/lab5workspace/install/turtlebot3_manipulation_gazebo/share/turtlebot3_manipulation_gazebo/models/turtlebot3_home_service_challenge/marker2/materials/textures/Marker2.png
[0.871s] -- Up-to-date: /home/vincenzo/Documenti/AMR/ros2pythonvenv/src/lab5workspace/install/turtlebot3_manipulation_gazebo/share/turtlebot3_manipulation_gazebo/models/turtlebot3_home_service_challenge/marker2/model.config
[0.871s] -- Up-to-date: /home/vincenzo/Documenti/AMR/ros2pythonvenv/src/lab5workspace/install/turtlebot3_manipulation_gazebo/share/turtlebot3_manipulation_gazebo/models/turtlebot3_home_service_challenge/marker4
[0.871s] -- Up-to-date: /home/vincenzo/Documenti/AMR/ros2pythonvenv/src/lab5workspace/install/turtlebot3_manipulation_gazebo/share/turtlebot3_manipulation_gazebo/models/turtlebot3_home_service_challenge/marker4/model-1_5.sdf
[0.871s] -- Up-to-date: /home/vincenzo/Documenti/AMR/ros2pythonvenv/src/lab5workspace/install/turtlebot3_manipulation_gazebo/share/turtlebot3_manipulation_gazebo/models/turtlebot3_home_service_challenge/marker4/model-1_4.sdf
[0.871s] -- Up-to-date: /home/vincenzo/Documenti/AMR/ros2pythonvenv/src/lab5workspace/install/turtlebot3_manipulation_gazebo/share/turtlebot3_manipulation_gazebo/models/turtlebot3_home_service_challenge/marker4/meshes
[0.871s] -- Up-to-date: /home/vincenzo/Documenti/AMR/ros2pythonvenv/src/lab5workspace/install/turtlebot3_manipulation_gazebo/share/turtlebot3_manipulation_gazebo/models/turtlebot3_home_service_challenge/marker4/meshes/Marker4.dae
[0.871s] -- Up-to-date: /home/vincenzo/Documenti/AMR/ros2pythonvenv/src/lab5workspace/install/turtlebot3_manipulation_gazebo/share/turtlebot3_manipulation_gazebo/models/turtlebot3_home_service_challenge/marker4/model.sdf
[0.872s] -- Up-to-date: /home/vincenzo/Documenti/AMR/ros2pythonvenv/src/lab5workspace/install/turtlebot3_manipulation_gazebo/share/turtlebot3_manipulation_gazebo/models/turtlebot3_home_service_challenge/marker4/materials
[0.872s] -- Up-to-date: /home/vincenzo/Documenti/AMR/ros2pythonvenv/src/lab5workspace/install/turtlebot3_manipulation_gazebo/share/turtlebot3_manipulation_gazebo/models/turtlebot3_home_service_challenge/marker4/materials/textures
[0.872s] -- Up-to-date: /home/vincenzo/Documenti/AMR/ros2pythonvenv/src/lab5workspace/install/turtlebot3_manipulation_gazebo/share/turtlebot3_manipulation_gazebo/models/turtlebot3_home_service_challenge/marker4/materials/textures/Marker4.png
[0.872s] -- Up-to-date: /home/vincenzo/Documenti/AMR/ros2pythonvenv/src/lab5workspace/install/turtlebot3_manipulation_gazebo/share/turtlebot3_manipulation_gazebo/models/turtlebot3_home_service_challenge/marker4/model.config
[0.872s] -- Up-to-date: /home/vincenzo/Documenti/AMR/ros2pythonvenv/src/lab5workspace/install/turtlebot3_manipulation_gazebo/share/turtlebot3_manipulation_gazebo/meshes
[0.872s] -- Up-to-date: /home/vincenzo/Documenti/AMR/ros2pythonvenv/src/lab5workspace/install/turtlebot3_manipulation_gazebo/share/turtlebot3_manipulation_gazebo/meshes/open_manipulator_x
[0.872s] -- Up-to-date: /home/vincenzo/Documenti/AMR/ros2pythonvenv/src/lab5workspace/install/turtlebot3_manipulation_gazebo/share/turtlebot3_manipulation_gazebo/meshes/open_manipulator_x/link1.stl
[0.872s] -- Up-to-date: /home/vincenzo/Documenti/AMR/ros2pythonvenv/src/lab5workspace/install/turtlebot3_manipulation_gazebo/share/turtlebot3_manipulation_gazebo/meshes/open_manipulator_x/gripper_left_palm.stl
[0.872s] -- Up-to-date: /home/vincenzo/Documenti/AMR/ros2pythonvenv/src/lab5workspace/install/turtlebot3_manipulation_gazebo/share/turtlebot3_manipulation_gazebo/meshes/open_manipulator_x/link4.stl
[0.873s] -- Up-to-date: /home/vincenzo/Documenti/AMR/ros2pythonvenv/src/lab5workspace/install/turtlebot3_manipulation_gazebo/share/turtlebot3_manipulation_gazebo/meshes/open_manipulator_x/link5.stl
[0.873s] -- Up-to-date: /home/vincenzo/Documenti/AMR/ros2pythonvenv/src/lab5workspace/install/turtlebot3_manipulation_gazebo/share/turtlebot3_manipulation_gazebo/meshes/open_manipulator_x/link2.stl
[0.873s] -- Up-to-date: /home/vincenzo/Documenti/AMR/ros2pythonvenv/src/lab5workspace/install/turtlebot3_manipulation_gazebo/share/turtlebot3_manipulation_gazebo/meshes/open_manipulator_x/link3.stl
[0.873s] -- Up-to-date: /home/vincenzo/Documenti/AMR/ros2pythonvenv/src/lab5workspace/install/turtlebot3_manipulation_gazebo/share/turtlebot3_manipulation_gazebo/meshes/open_manipulator_x/gripper_right_palm.stl
[0.873s] -- Up-to-date: /home/vincenzo/Documenti/AMR/ros2pythonvenv/src/lab5workspace/install/turtlebot3_manipulation_gazebo/share/turtlebot3_manipulation_gazebo/meshes/turtlebot3_waffle_pi
[0.873s] -- Up-to-date: /home/vincenzo/Documenti/AMR/ros2pythonvenv/src/lab5workspace/install/turtlebot3_manipulation_gazebo/share/turtlebot3_manipulation_gazebo/meshes/turtlebot3_waffle_pi/ladar.stl
[0.873s] -- Up-to-date: /home/vincenzo/Documenti/AMR/ros2pythonvenv/src/lab5workspace/install/turtlebot3_manipulation_gazebo/share/turtlebot3_manipulation_gazebo/meshes/turtlebot3_waffle_pi/right_tire.stl
[0.873s] -- Up-to-date: /home/vincenzo/Documenti/AMR/ros2pythonvenv/src/lab5workspace/install/turtlebot3_manipulation_gazebo/share/turtlebot3_manipulation_gazebo/meshes/turtlebot3_waffle_pi/left_tire.stl
[0.874s] -- Up-to-date: /home/vincenzo/Documenti/AMR/ros2pythonvenv/src/lab5workspace/install/turtlebot3_manipulation_gazebo/share/turtlebot3_manipulation_gazebo/meshes/turtlebot3_waffle_pi/base.stl
[0.874s] -- Up-to-date: /home/vincenzo/Documenti/AMR/ros2pythonvenv/src/lab5workspace/install/turtlebot3_manipulation_gazebo/share/ament_index/resource_index/package_run_dependencies/turtlebot3_manipulation_gazebo
[0.874s] -- Up-to-date: /home/vincenzo/Documenti/AMR/ros2pythonvenv/src/lab5workspace/install/turtlebot3_manipulation_gazebo/share/ament_index/resource_index/parent_prefix_path/turtlebot3_manipulation_gazebo
[0.875s] -- Up-to-date: /home/vincenzo/Documenti/AMR/ros2pythonvenv/src/lab5workspace/install/turtlebot3_manipulation_gazebo/share/turtlebot3_manipulation_gazebo/environment/ament_prefix_path.sh
[0.875s] -- Up-to-date: /home/vincenzo/Documenti/AMR/ros2pythonvenv/src/lab5workspace/install/turtlebot3_manipulation_gazebo/share/turtlebot3_manipulation_gazebo/environment/ament_prefix_path.dsv
[0.875s] -- Up-to-date: /home/vincenzo/Documenti/AMR/ros2pythonvenv/src/lab5workspace/install/turtlebot3_manipulation_gazebo/share/turtlebot3_manipulation_gazebo/environment/path.sh
[0.875s] -- Up-to-date: /home/vincenzo/Documenti/AMR/ros2pythonvenv/src/lab5workspace/install/turtlebot3_manipulation_gazebo/share/turtlebot3_manipulation_gazebo/environment/path.dsv
[0.875s] -- Up-to-date: /home/vincenzo/Documenti/AMR/ros2pythonvenv/src/lab5workspace/install/turtlebot3_manipulation_gazebo/share/turtlebot3_manipulation_gazebo/local_setup.bash
[0.875s] -- Up-to-date: /home/vincenzo/Documenti/AMR/ros2pythonvenv/src/lab5workspace/install/turtlebot3_manipulation_gazebo/share/turtlebot3_manipulation_gazebo/local_setup.sh
[0.875s] -- Up-to-date: /home/vincenzo/Documenti/AMR/ros2pythonvenv/src/lab5workspace/install/turtlebot3_manipulation_gazebo/share/turtlebot3_manipulation_gazebo/local_setup.zsh
[0.875s] -- Up-to-date: /home/vincenzo/Documenti/AMR/ros2pythonvenv/src/lab5workspace/install/turtlebot3_manipulation_gazebo/share/turtlebot3_manipulation_gazebo/local_setup.dsv
[0.875s] -- Installing: /home/vincenzo/Documenti/AMR/ros2pythonvenv/src/lab5workspace/install/turtlebot3_manipulation_gazebo/share/turtlebot3_manipulation_gazebo/package.dsv
[0.875s] -- Up-to-date: /home/vincenzo/Documenti/AMR/ros2pythonvenv/src/lab5workspace/install/turtlebot3_manipulation_gazebo/share/ament_index/resource_index/packages/turtlebot3_manipulation_gazebo
[0.875s] -- Up-to-date: /home/vincenzo/Documenti/AMR/ros2pythonvenv/src/lab5workspace/install/turtlebot3_manipulation_gazebo/share/turtlebot3_manipulation_gazebo/cmake/turtlebot3_manipulation_gazeboConfig.cmake
[0.875s] -- Up-to-date: /home/vincenzo/Documenti/AMR/ros2pythonvenv/src/lab5workspace/install/turtlebot3_manipulation_gazebo/share/turtlebot3_manipulation_gazebo/cmake/turtlebot3_manipulation_gazeboConfig-version.cmake
[0.875s] -- Up-to-date: /home/vincenzo/Documenti/AMR/ros2pythonvenv/src/lab5workspace/install/turtlebot3_manipulation_gazebo/share/turtlebot3_manipulation_gazebo/package.xml
[0.928s] Invoked command in '/home/vincenzo/Documenti/AMR/ros2pythonvenv/src/lab5workspace/build/turtlebot3_manipulation_gazebo' returned '0': CMAKE_PREFIX_PATH=${CMAKE_PREFIX_PATH}:/home/vincenzo/Documenti/AMR/ros2pythonvenv/src/lab5workspace/install/turtlebot3_teleop:/home/vincenzo/Documenti/AMR/ros2pythonvenv/src/lab5workspace/install/turtlebot3_example:/home/vincenzo/Documenti/AMR/ros2pythonvenv/src/lab5workspace/install/navigation_from_text:/home/vincenzo/Documenti/AMR/ros2pythonvenv/src/lab5workspace/install/autonomous_localization:/opt/ros/humble PS1=(ros2pythonvenv) \[\e]0;\u@\h: \w\a\]${debian_chroot:+($debian_chroot)}\[\033[01;32m\]\u@\h\[\033[00m\]:\[\033[01;34m\]\w\[\033[00m\]\$ VIRTUAL_ENV_PROMPT=(ros2pythonvenv) /usr/bin/cmake --install /home/vincenzo/Documenti/AMR/ros2pythonvenv/src/lab5workspace/build/turtlebot3_manipulation_gazebo
