[0.993s] Invoking command in '/home/vincenzo/Documenti/AMR/ros2pythonvenv/src/lab5workspace/src/navigation_from_text': PS1=(ros2pythonvenv) \[\e]0;\u@\h: \w\a\]${debian_chroot:+($debian_chroot)}\[\033[01;32m\]\u@\h\[\033[00m\]:\[\033[01;34m\]\w\[\033[00m\]\$ PYTHONPATH=/home/vincenzo/Documenti/AMR/ros2pythonvenv/src/lab5workspace/build/navigation_from_text/prefix_override:/usr/lib/python3/dist-packages/colcon_core/task/python/colcon_distutils_commands:/home/vincenzo/Documenti/AMR/ros2pythonvenv/src/lab5workspace/install/navigation_from_text/lib/python3.10/site-packages:${PYTHONPATH} VIRTUAL_ENV_PROMPT=(ros2pythonvenv) /usr/bin/python3 -W ignore:setup.py install is deprecated -W ignore:easy_install command is deprecated setup.py egg_info --egg-base ../../build/navigation_from_text build --build-base /home/vincenzo/Documenti/AMR/ros2pythonvenv/src/lab5workspace/build/navigation_from_text/build install --record /home/vincenzo/Documenti/AMR/ros2pythonvenv/src/lab5workspace/build/navigation_from_text/install.log --single-version-externally-managed install_data
[1.156s] running egg_info
[1.156s] writing ../../build/navigation_from_text/navigation_from_text.egg-info/PKG-INFO
[1.156s] writing dependency_links to ../../build/navigation_from_text/navigation_from_text.egg-info/dependency_links.txt
[1.156s] writing entry points to ../../build/navigation_from_text/navigation_from_text.egg-info/entry_points.txt
[1.157s] writing requirements to ../../build/navigation_from_text/navigation_from_text.egg-info/requires.txt
[1.157s] writing top-level names to ../../build/navigation_from_text/navigation_from_text.egg-info/top_level.txt
[1.158s] reading manifest file '../../build/navigation_from_text/navigation_from_text.egg-info/SOURCES.txt'
[1.158s] writing manifest file '../../build/navigation_from_text/navigation_from_text.egg-info/SOURCES.txt'
[1.158s] running build
[1.158s] running build_py
[1.158s] running install
[1.158s] running install_lib
[1.159s] running install_data
[1.159s] running install_egg_info
[1.160s] removing '/home/vincenzo/Documenti/AMR/ros2pythonvenv/src/lab5workspace/install/navigation_from_text/lib/python3.10/site-packages/navigation_from_text-0.0.0-py3.10.egg-info' (and everything under it)
[1.161s] Copying ../../build/navigation_from_text/navigation_from_text.egg-info to /home/vincenzo/Documenti/AMR/ros2pythonvenv/src/lab5workspace/install/navigation_from_text/lib/python3.10/site-packages/navigation_from_text-0.0.0-py3.10.egg-info
[1.161s] running install_scripts
[1.175s] Installing navigation_from_text script to /home/vincenzo/Documenti/AMR/ros2pythonvenv/src/lab5workspace/install/navigation_from_text/lib/navigation_from_text
[1.175s] writing list of installed files to '/home/vincenzo/Documenti/AMR/ros2pythonvenv/src/lab5workspace/build/navigation_from_text/install.log'
[1.192s] Invoked command in '/home/vincenzo/Documenti/AMR/ros2pythonvenv/src/lab5workspace/src/navigation_from_text' returned '0': PS1=(ros2pythonvenv) \[\e]0;\u@\h: \w\a\]${debian_chroot:+($debian_chroot)}\[\033[01;32m\]\u@\h\[\033[00m\]:\[\033[01;34m\]\w\[\033[00m\]\$ PYTHONPATH=/home/vincenzo/Documenti/AMR/ros2pythonvenv/src/lab5workspace/build/navigation_from_text/prefix_override:/usr/lib/python3/dist-packages/colcon_core/task/python/colcon_distutils_commands:/home/vincenzo/Documenti/AMR/ros2pythonvenv/src/lab5workspace/install/navigation_from_text/lib/python3.10/site-packages:${PYTHONPATH} VIRTUAL_ENV_PROMPT=(ros2pythonvenv) /usr/bin/python3 -W ignore:setup.py install is deprecated -W ignore:easy_install command is deprecated setup.py egg_info --egg-base ../../build/navigation_from_text build --build-base /home/vincenzo/Documenti/AMR/ros2pythonvenv/src/lab5workspace/build/navigation_from_text/build install --record /home/vincenzo/Documenti/AMR/ros2pythonvenv/src/lab5workspace/build/navigation_from_text/install.log --single-version-externally-managed install_data
