[0.038s] Invoking command in '/home/vincenzo/Documenti/AMR/ros2pythonvenv/src/lab5workspace/build/turtlebot3_cartographer': CMAKE_PREFIX_PATH=${CMAKE_PREFIX_PATH}:/home/vincenzo/Documenti/AMR/ros2pythonvenv/src/lab5workspace/install/navigation_from_text:/home/vincenzo/Documenti/AMR/ros2pythonvenv/src/lab5workspace/install/turtlebot3_teleop:/home/vincenzo/Documenti/AMR/ros2pythonvenv/src/lab5workspace/install/turtlebot3_example:/home/vincenzo/Documenti/AMR/ros2pythonvenv/src/lab5workspace/install/autonomous_localization:/opt/ros/humble PS1=(ros2pythonvenv) \[\e]0;\u@\h: \w\a\]${debian_chroot:+($debian_chroot)}\[\033[01;32m\]\u@\h\[\033[00m\]:\[\033[01;34m\]\w\[\033[00m\]\$ VIRTUAL_ENV_PROMPT=(ros2pythonvenv) /usr/bin/cmake --build /home/vincenzo/Documenti/AMR/ros2pythonvenv/src/lab5workspace/build/turtlebot3_cartographer -- -j16 -l16
[0.722s] Invoked command in '/home/vincenzo/Documenti/AMR/ros2pythonvenv/src/lab5workspace/build/turtlebot3_cartographer' returned '0': CMAKE_PREFIX_PATH=${CMAKE_PREFIX_PATH}:/home/vincenzo/Documenti/AMR/ros2pythonvenv/src/lab5workspace/install/navigation_from_text:/home/vincenzo/Documenti/AMR/ros2pythonvenv/src/lab5workspace/install/turtlebot3_teleop:/home/vincenzo/Documenti/AMR/ros2pythonvenv/src/lab5workspace/install/turtlebot3_example:/home/vincenzo/Documenti/AMR/ros2pythonvenv/src/lab5workspace/install/autonomous_localization:/opt/ros/humble PS1=(ros2pythonvenv) \[\e]0;\u@\h: \w\a\]${debian_chroot:+($debian_chroot)}\[\033[01;32m\]\u@\h\[\033[00m\]:\[\033[01;34m\]\w\[\033[00m\]\$ VIRTUAL_ENV_PROMPT=(ros2pythonvenv) /usr/bin/cmake --build /home/vincenzo/Documenti/AMR/ros2pythonvenv/src/lab5workspace/build/turtlebot3_cartographer -- -j16 -l16
[0.723s] Invoking command in '/home/vincenzo/Documenti/AMR/ros2pythonvenv/src/lab5workspace/build/turtlebot3_cartographer': CMAKE_PREFIX_PATH=${CMAKE_PREFIX_PATH}:/home/vincenzo/Documenti/AMR/ros2pythonvenv/src/lab5workspace/install/navigation_from_text:/home/vincenzo/Documenti/AMR/ros2pythonvenv/src/lab5workspace/install/turtlebot3_teleop:/home/vincenzo/Documenti/AMR/ros2pythonvenv/src/lab5workspace/install/turtlebot3_example:/home/vincenzo/Documenti/AMR/ros2pythonvenv/src/lab5workspace/install/autonomous_localization:/opt/ros/humble PS1=(ros2pythonvenv) \[\e]0;\u@\h: \w\a\]${debian_chroot:+($debian_chroot)}\[\033[01;32m\]\u@\h\[\033[00m\]:\[\033[01;34m\]\w\[\033[00m\]\$ VIRTUAL_ENV_PROMPT=(ros2pythonvenv) /usr/bin/cmake --install /home/vincenzo/Documenti/AMR/ros2pythonvenv/src/lab5workspace/build/turtlebot3_cartographer
[0.733s] -- Install configuration: ""
[0.734s] -- Up-to-date: /home/vincenzo/Documenti/AMR/ros2pythonvenv/src/lab5workspace/install/turtlebot3_cartographer/share/turtlebot3_cartographer/config
[0.734s] -- Up-to-date: /home/vincenzo/Documenti/AMR/ros2pythonvenv/src/lab5workspace/install/turtlebot3_cartographer/share/turtlebot3_cartographer/config/turtlebot3_lds_2d.lua
[0.734s] -- Up-to-date: /home/vincenzo/Documenti/AMR/ros2pythonvenv/src/lab5workspace/install/turtlebot3_cartographer/share/turtlebot3_cartographer/launch
[0.734s] -- Up-to-date: /home/vincenzo/Documenti/AMR/ros2pythonvenv/src/lab5workspace/install/turtlebot3_cartographer/share/turtlebot3_cartographer/launch/occupancy_grid.launch.py
[0.734s] -- Up-to-date: /home/vincenzo/Documenti/AMR/ros2pythonvenv/src/lab5workspace/install/turtlebot3_cartographer/share/turtlebot3_cartographer/launch/cartographer.launch.py
[0.734s] -- Up-to-date: /home/vincenzo/Documenti/AMR/ros2pythonvenv/src/lab5workspace/install/turtlebot3_cartographer/share/turtlebot3_cartographer/rviz
[0.734s] -- Up-to-date: /home/vincenzo/Documenti/AMR/ros2pythonvenv/src/lab5workspace/install/turtlebot3_cartographer/share/turtlebot3_cartographer/rviz/tb3_cartographer.rviz
[0.734s] -- Up-to-date: /home/vincenzo/Documenti/AMR/ros2pythonvenv/src/lab5workspace/install/turtlebot3_cartographer/share/ament_index/resource_index/package_run_dependencies/turtlebot3_cartographer
[0.734s] -- Up-to-date: /home/vincenzo/Documenti/AMR/ros2pythonvenv/src/lab5workspace/install/turtlebot3_cartographer/share/ament_index/resource_index/parent_prefix_path/turtlebot3_cartographer
[0.734s] -- Up-to-date: /home/vincenzo/Documenti/AMR/ros2pythonvenv/src/lab5workspace/install/turtlebot3_cartographer/share/turtlebot3_cartographer/environment/ament_prefix_path.sh
[0.734s] -- Up-to-date: /home/vincenzo/Documenti/AMR/ros2pythonvenv/src/lab5workspace/install/turtlebot3_cartographer/share/turtlebot3_cartographer/environment/ament_prefix_path.dsv
[0.735s] -- Up-to-date: /home/vincenzo/Documenti/AMR/ros2pythonvenv/src/lab5workspace/install/turtlebot3_cartographer/share/turtlebot3_cartographer/environment/path.sh
[0.735s] -- Up-to-date: /home/vincenzo/Documenti/AMR/ros2pythonvenv/src/lab5workspace/install/turtlebot3_cartographer/share/turtlebot3_cartographer/environment/path.dsv
[0.736s] -- Up-to-date: /home/vincenzo/Documenti/AMR/ros2pythonvenv/src/lab5workspace/install/turtlebot3_cartographer/share/turtlebot3_cartographer/local_setup.bash
[0.737s] -- Up-to-date: /home/vincenzo/Documenti/AMR/ros2pythonvenv/src/lab5workspace/install/turtlebot3_cartographer/share/turtlebot3_cartographer/local_setup.sh
[0.737s] -- Up-to-date: /home/vincenzo/Documenti/AMR/ros2pythonvenv/src/lab5workspace/install/turtlebot3_cartographer/share/turtlebot3_cartographer/local_setup.zsh
[0.737s] -- Up-to-date: /home/vincenzo/Documenti/AMR/ros2pythonvenv/src/lab5workspace/install/turtlebot3_cartographer/share/turtlebot3_cartographer/local_setup.dsv
[0.737s] -- Up-to-date: /home/vincenzo/Documenti/AMR/ros2pythonvenv/src/lab5workspace/install/turtlebot3_cartographer/share/turtlebot3_cartographer/package.dsv
[0.738s] -- Up-to-date: /home/vincenzo/Documenti/AMR/ros2pythonvenv/src/lab5workspace/install/turtlebot3_cartographer/share/ament_index/resource_index/packages/turtlebot3_cartographer
[0.738s] -- Up-to-date: /home/vincenzo/Documenti/AMR/ros2pythonvenv/src/lab5workspace/install/turtlebot3_cartographer/share/turtlebot3_cartographer/cmake/turtlebot3_cartographerConfig.cmake
[0.739s] -- Up-to-date: /home/vincenzo/Documenti/AMR/ros2pythonvenv/src/lab5workspace/install/turtlebot3_cartographer/share/turtlebot3_cartographer/cmake/turtlebot3_cartographerConfig-version.cmake
[0.739s] -- Up-to-date: /home/vincenzo/Documenti/AMR/ros2pythonvenv/src/lab5workspace/install/turtlebot3_cartographer/share/turtlebot3_cartographer/package.xml
[0.778s] Invoked command in '/home/vincenzo/Documenti/AMR/ros2pythonvenv/src/lab5workspace/build/turtlebot3_cartographer' returned '0': CMAKE_PREFIX_PATH=${CMAKE_PREFIX_PATH}:/home/vincenzo/Documenti/AMR/ros2pythonvenv/src/lab5workspace/install/navigation_from_text:/home/vincenzo/Documenti/AMR/ros2pythonvenv/src/lab5workspace/install/turtlebot3_teleop:/home/vincenzo/Documenti/AMR/ros2pythonvenv/src/lab5workspace/install/turtlebot3_example:/home/vincenzo/Documenti/AMR/ros2pythonvenv/src/lab5workspace/install/autonomous_localization:/opt/ros/humble PS1=(ros2pythonvenv) \[\e]0;\u@\h: \w\a\]${debian_chroot:+($debian_chroot)}\[\033[01;32m\]\u@\h\[\033[00m\]:\[\033[01;34m\]\w\[\033[00m\]\$ VIRTUAL_ENV_PROMPT=(ros2pythonvenv) /usr/bin/cmake --install /home/vincenzo/Documenti/AMR/ros2pythonvenv/src/lab5workspace/build/turtlebot3_cartographer
