[0.031s] Invoking command in '/home/vincenzo/Documenti/AMR/ros2pythonvenv/src/lab4workspace/build/turtlebot3_description': CMAKE_PREFIX_PATH=/opt/ros/humble PS1=(ros2pythonvenv) \[\e]0;\u@\h: \w\a\]${debian_chroot:+($debian_chroot)}\[\033[01;32m\]\u@\h\[\033[00m\]:\[\033[01;34m\]\w\[\033[00m\]\$ VIRTUAL_ENV_PROMPT=(ros2pythonvenv) /usr/bin/cmake --build /home/vincenzo/Documenti/AMR/ros2pythonvenv/src/lab4workspace/build/turtlebot3_description -- -j16 -l16
[0.530s] Invoked command in '/home/vincenzo/Documenti/AMR/ros2pythonvenv/src/lab4workspace/build/turtlebot3_description' returned '0': CMAKE_PREFIX_PATH=/opt/ros/humble PS1=(ros2pythonvenv) \[\e]0;\u@\h: \w\a\]${debian_chroot:+($debian_chroot)}\[\033[01;32m\]\u@\h\[\033[00m\]:\[\033[01;34m\]\w\[\033[00m\]\$ VIRTUAL_ENV_PROMPT=(ros2pythonvenv) /usr/bin/cmake --build /home/vincenzo/Documenti/AMR/ros2pythonvenv/src/lab4workspace/build/turtlebot3_description -- -j16 -l16
[0.532s] Invoking command in '/home/vincenzo/Documenti/AMR/ros2pythonvenv/src/lab4workspace/build/turtlebot3_description': CMAKE_PREFIX_PATH=/opt/ros/humble PS1=(ros2pythonvenv) \[\e]0;\u@\h: \w\a\]${debian_chroot:+($debian_chroot)}\[\033[01;32m\]\u@\h\[\033[00m\]:\[\033[01;34m\]\w\[\033[00m\]\$ VIRTUAL_ENV_PROMPT=(ros2pythonvenv) /usr/bin/cmake --install /home/vincenzo/Documenti/AMR/ros2pythonvenv/src/lab4workspace/build/turtlebot3_description
[0.556s] -- Install configuration: ""
[0.557s] -- Up-to-date: /home/vincenzo/Documenti/AMR/ros2pythonvenv/src/lab4workspace/install/turtlebot3_description/share/turtlebot3_description/meshes
[0.558s] -- Up-to-date: /home/vincenzo/Documenti/AMR/ros2pythonvenv/src/lab4workspace/install/turtlebot3_description/share/turtlebot3_description/meshes/wheels
[0.559s] -- Up-to-date: /home/vincenzo/Documenti/AMR/ros2pythonvenv/src/lab4workspace/install/turtlebot3_description/share/turtlebot3_description/meshes/wheels/right_tire.stl
[0.560s] -- Up-to-date: /home/vincenzo/Documenti/AMR/ros2pythonvenv/src/lab4workspace/install/turtlebot3_description/share/turtlebot3_description/meshes/wheels/left_tire.stl
[0.560s] -- Up-to-date: /home/vincenzo/Documenti/AMR/ros2pythonvenv/src/lab4workspace/install/turtlebot3_description/share/turtlebot3_description/meshes/sensors
[0.560s] -- Up-to-date: /home/vincenzo/Documenti/AMR/ros2pythonvenv/src/lab4workspace/install/turtlebot3_description/share/turtlebot3_description/meshes/sensors/astra.jpg
[0.560s] -- Up-to-date: /home/vincenzo/Documenti/AMR/ros2pythonvenv/src/lab4workspace/install/turtlebot3_description/share/turtlebot3_description/meshes/sensors/astra.dae
[0.560s] -- Up-to-date: /home/vincenzo/Documenti/AMR/ros2pythonvenv/src/lab4workspace/install/turtlebot3_description/share/turtlebot3_description/meshes/sensors/r200.jpg
[0.560s] -- Up-to-date: /home/vincenzo/Documenti/AMR/ros2pythonvenv/src/lab4workspace/install/turtlebot3_description/share/turtlebot3_description/meshes/sensors/lds.stl
[0.560s] -- Up-to-date: /home/vincenzo/Documenti/AMR/ros2pythonvenv/src/lab4workspace/install/turtlebot3_description/share/turtlebot3_description/meshes/sensors/r200.dae
[0.560s] -- Up-to-date: /home/vincenzo/Documenti/AMR/ros2pythonvenv/src/lab4workspace/install/turtlebot3_description/share/turtlebot3_description/meshes/bases
[0.561s] -- Up-to-date: /home/vincenzo/Documenti/AMR/ros2pythonvenv/src/lab4workspace/install/turtlebot3_description/share/turtlebot3_description/meshes/bases/burger_base.stl
[0.561s] -- Up-to-date: /home/vincenzo/Documenti/AMR/ros2pythonvenv/src/lab4workspace/install/turtlebot3_description/share/turtlebot3_description/meshes/bases/waffle_pi_base.stl
[0.561s] -- Up-to-date: /home/vincenzo/Documenti/AMR/ros2pythonvenv/src/lab4workspace/install/turtlebot3_description/share/turtlebot3_description/meshes/bases/waffle_base.stl
[0.561s] -- Up-to-date: /home/vincenzo/Documenti/AMR/ros2pythonvenv/src/lab4workspace/install/turtlebot3_description/share/turtlebot3_description/rviz
[0.561s] -- Up-to-date: /home/vincenzo/Documenti/AMR/ros2pythonvenv/src/lab4workspace/install/turtlebot3_description/share/turtlebot3_description/rviz/model.rviz
[0.561s] -- Up-to-date: /home/vincenzo/Documenti/AMR/ros2pythonvenv/src/lab4workspace/install/turtlebot3_description/share/turtlebot3_description/urdf
[0.562s] -- Up-to-date: /home/vincenzo/Documenti/AMR/ros2pythonvenv/src/lab4workspace/install/turtlebot3_description/share/turtlebot3_description/urdf/common_properties.urdf
[0.562s] -- Up-to-date: /home/vincenzo/Documenti/AMR/ros2pythonvenv/src/lab4workspace/install/turtlebot3_description/share/turtlebot3_description/urdf/turtlebot3_burger.urdf
[0.562s] -- Up-to-date: /home/vincenzo/Documenti/AMR/ros2pythonvenv/src/lab4workspace/install/turtlebot3_description/share/turtlebot3_description/urdf/turtlebot3_waffle.urdf
[0.562s] -- Up-to-date: /home/vincenzo/Documenti/AMR/ros2pythonvenv/src/lab4workspace/install/turtlebot3_description/share/turtlebot3_description/urdf/turtlebot3_waffle_pi.urdf
[0.562s] -- Up-to-date: /home/vincenzo/Documenti/AMR/ros2pythonvenv/src/lab4workspace/install/turtlebot3_description/share/ament_index/resource_index/package_run_dependencies/turtlebot3_description
[0.562s] -- Up-to-date: /home/vincenzo/Documenti/AMR/ros2pythonvenv/src/lab4workspace/install/turtlebot3_description/share/ament_index/resource_index/parent_prefix_path/turtlebot3_description
[0.562s] -- Up-to-date: /home/vincenzo/Documenti/AMR/ros2pythonvenv/src/lab4workspace/install/turtlebot3_description/share/turtlebot3_description/environment/ament_prefix_path.sh
[0.562s] -- Up-to-date: /home/vincenzo/Documenti/AMR/ros2pythonvenv/src/lab4workspace/install/turtlebot3_description/share/turtlebot3_description/environment/ament_prefix_path.dsv
[0.563s] -- Up-to-date: /home/vincenzo/Documenti/AMR/ros2pythonvenv/src/lab4workspace/install/turtlebot3_description/share/turtlebot3_description/environment/path.sh
[0.563s] -- Up-to-date: /home/vincenzo/Documenti/AMR/ros2pythonvenv/src/lab4workspace/install/turtlebot3_description/share/turtlebot3_description/environment/path.dsv
[0.563s] -- Up-to-date: /home/vincenzo/Documenti/AMR/ros2pythonvenv/src/lab4workspace/install/turtlebot3_description/share/turtlebot3_description/local_setup.bash
[0.563s] -- Up-to-date: /home/vincenzo/Documenti/AMR/ros2pythonvenv/src/lab4workspace/install/turtlebot3_description/share/turtlebot3_description/local_setup.sh
[0.563s] -- Up-to-date: /home/vincenzo/Documenti/AMR/ros2pythonvenv/src/lab4workspace/install/turtlebot3_description/share/turtlebot3_description/local_setup.zsh
[0.563s] -- Up-to-date: /home/vincenzo/Documenti/AMR/ros2pythonvenv/src/lab4workspace/install/turtlebot3_description/share/turtlebot3_description/local_setup.dsv
[0.563s] -- Installing: /home/vincenzo/Documenti/AMR/ros2pythonvenv/src/lab4workspace/install/turtlebot3_description/share/turtlebot3_description/package.dsv
[0.563s] -- Up-to-date: /home/vincenzo/Documenti/AMR/ros2pythonvenv/src/lab4workspace/install/turtlebot3_description/share/ament_index/resource_index/packages/turtlebot3_description
[0.563s] -- Up-to-date: /home/vincenzo/Documenti/AMR/ros2pythonvenv/src/lab4workspace/install/turtlebot3_description/share/turtlebot3_description/cmake/turtlebot3_descriptionConfig.cmake
[0.563s] -- Up-to-date: /home/vincenzo/Documenti/AMR/ros2pythonvenv/src/lab4workspace/install/turtlebot3_description/share/turtlebot3_description/cmake/turtlebot3_descriptionConfig-version.cmake
[0.563s] -- Up-to-date: /home/vincenzo/Documenti/AMR/ros2pythonvenv/src/lab4workspace/install/turtlebot3_description/share/turtlebot3_description/package.xml
[0.611s] Invoked command in '/home/vincenzo/Documenti/AMR/ros2pythonvenv/src/lab4workspace/build/turtlebot3_description' returned '0': CMAKE_PREFIX_PATH=/opt/ros/humble PS1=(ros2pythonvenv) \[\e]0;\u@\h: \w\a\]${debian_chroot:+($debian_chroot)}\[\033[01;32m\]\u@\h\[\033[00m\]:\[\033[01;34m\]\w\[\033[00m\]\$ VIRTUAL_ENV_PROMPT=(ros2pythonvenv) /usr/bin/cmake --install /home/vincenzo/Documenti/AMR/ros2pythonvenv/src/lab4workspace/build/turtlebot3_description
