[0.008s] Invoking command in '/home/vincenzo/Documenti/AMR/ros2pythonvenv/src/lab2workspace/build/my_cmake_package': CMAKE_PREFIX_PATH=${CMAKE_PREFIX_PATH}:/home/vincenzo/Documenti/AMR/ros2pythonvenv/src/lab2workspace/install/my_python_package:/opt/ros/humble PS1=(ros2pythonvenv) \[\e]0;\u@\h: \w\a\]${debian_chroot:+($debian_chroot)}\[\033[01;32m\]\u@\h\[\033[00m\]:\[\033[01;34m\]\w\[\033[00m\]\$ VIRTUAL_ENV_PROMPT=(ros2pythonvenv) /usr/bin/cmake --build /home/vincenzo/Documenti/AMR/ros2pythonvenv/src/lab2workspace/build/my_cmake_package -- -j16 -l16
[0.024s] -- Found ament_cmake: 1.3.12 (/opt/ros/humble/share/ament_cmake/cmake)
[0.112s] -- Found ament_lint_auto: 0.12.14 (/opt/ros/humble/share/ament_lint_auto/cmake)
[0.172s] -- Added test 'cppcheck' to perform static code analysis on C / C++ code
[0.173s] -- Configured cppcheck include dirs: $<BUILD_INTERFACE:/home/vincenzo/Documenti/AMR/ros2pythonvenv/src/lab2workspace/src/my_cmake_package/include>
[0.173s] -- Configured cppcheck exclude dirs and/or files: 
[0.173s] -- Added test 'lint_cmake' to check CMake code style
[0.173s] -- Added test 'uncrustify' to check C / C++ code style
[0.173s] -- Configured uncrustify additional arguments: 
[0.173s] -- Added test 'xmllint' to check XML markup files
[0.174s] -- Configuring done
[0.176s] -- Generating done
[0.177s] -- Build files have been written to: /home/vincenzo/Documenti/AMR/ros2pythonvenv/src/lab2workspace/build/my_cmake_package
[0.192s] [35m[1mConsolidate compiler generated dependencies of target my_cmake_node[0m
[0.198s] [100%] Built target my_cmake_node
[0.208s] Invoked command in '/home/vincenzo/Documenti/AMR/ros2pythonvenv/src/lab2workspace/build/my_cmake_package' returned '0': CMAKE_PREFIX_PATH=${CMAKE_PREFIX_PATH}:/home/vincenzo/Documenti/AMR/ros2pythonvenv/src/lab2workspace/install/my_python_package:/opt/ros/humble PS1=(ros2pythonvenv) \[\e]0;\u@\h: \w\a\]${debian_chroot:+($debian_chroot)}\[\033[01;32m\]\u@\h\[\033[00m\]:\[\033[01;34m\]\w\[\033[00m\]\$ VIRTUAL_ENV_PROMPT=(ros2pythonvenv) /usr/bin/cmake --build /home/vincenzo/Documenti/AMR/ros2pythonvenv/src/lab2workspace/build/my_cmake_package -- -j16 -l16
[0.214s] Invoking command in '/home/vincenzo/Documenti/AMR/ros2pythonvenv/src/lab2workspace/build/my_cmake_package': CMAKE_PREFIX_PATH=${CMAKE_PREFIX_PATH}:/home/vincenzo/Documenti/AMR/ros2pythonvenv/src/lab2workspace/install/my_python_package:/opt/ros/humble PS1=(ros2pythonvenv) \[\e]0;\u@\h: \w\a\]${debian_chroot:+($debian_chroot)}\[\033[01;32m\]\u@\h\[\033[00m\]:\[\033[01;34m\]\w\[\033[00m\]\$ VIRTUAL_ENV_PROMPT=(ros2pythonvenv) /usr/bin/cmake --install /home/vincenzo/Documenti/AMR/ros2pythonvenv/src/lab2workspace/build/my_cmake_package
[0.218s] -- Install configuration: ""
[0.218s] -- Up-to-date: /home/vincenzo/Documenti/AMR/ros2pythonvenv/src/lab2workspace/install/my_cmake_package/lib/my_cmake_package/my_cmake_node
[0.218s] -- Up-to-date: /home/vincenzo/Documenti/AMR/ros2pythonvenv/src/lab2workspace/install/my_cmake_package/share/ament_index/resource_index/package_run_dependencies/my_cmake_package
[0.218s] -- Up-to-date: /home/vincenzo/Documenti/AMR/ros2pythonvenv/src/lab2workspace/install/my_cmake_package/share/ament_index/resource_index/parent_prefix_path/my_cmake_package
[0.218s] -- Up-to-date: /home/vincenzo/Documenti/AMR/ros2pythonvenv/src/lab2workspace/install/my_cmake_package/share/my_cmake_package/environment/ament_prefix_path.sh
[0.218s] -- Installing: /home/vincenzo/Documenti/AMR/ros2pythonvenv/src/lab2workspace/install/my_cmake_package/share/my_cmake_package/environment/ament_prefix_path.dsv
[0.218s] -- Up-to-date: /home/vincenzo/Documenti/AMR/ros2pythonvenv/src/lab2workspace/install/my_cmake_package/share/my_cmake_package/environment/path.sh
[0.218s] -- Installing: /home/vincenzo/Documenti/AMR/ros2pythonvenv/src/lab2workspace/install/my_cmake_package/share/my_cmake_package/environment/path.dsv
[0.218s] -- Up-to-date: /home/vincenzo/Documenti/AMR/ros2pythonvenv/src/lab2workspace/install/my_cmake_package/share/my_cmake_package/local_setup.bash
[0.219s] -- Up-to-date: /home/vincenzo/Documenti/AMR/ros2pythonvenv/src/lab2workspace/install/my_cmake_package/share/my_cmake_package/local_setup.sh
[0.219s] -- Up-to-date: /home/vincenzo/Documenti/AMR/ros2pythonvenv/src/lab2workspace/install/my_cmake_package/share/my_cmake_package/local_setup.zsh
[0.219s] -- Installing: /home/vincenzo/Documenti/AMR/ros2pythonvenv/src/lab2workspace/install/my_cmake_package/share/my_cmake_package/local_setup.dsv
[0.219s] -- Installing: /home/vincenzo/Documenti/AMR/ros2pythonvenv/src/lab2workspace/install/my_cmake_package/share/my_cmake_package/package.dsv
[0.219s] -- Up-to-date: /home/vincenzo/Documenti/AMR/ros2pythonvenv/src/lab2workspace/install/my_cmake_package/share/ament_index/resource_index/packages/my_cmake_package
[0.219s] -- Up-to-date: /home/vincenzo/Documenti/AMR/ros2pythonvenv/src/lab2workspace/install/my_cmake_package/share/my_cmake_package/cmake/my_cmake_packageConfig.cmake
[0.219s] -- Up-to-date: /home/vincenzo/Documenti/AMR/ros2pythonvenv/src/lab2workspace/install/my_cmake_package/share/my_cmake_package/cmake/my_cmake_packageConfig-version.cmake
[0.219s] -- Installing: /home/vincenzo/Documenti/AMR/ros2pythonvenv/src/lab2workspace/install/my_cmake_package/share/my_cmake_package/package.xml
[0.220s] Invoked command in '/home/vincenzo/Documenti/AMR/ros2pythonvenv/src/lab2workspace/build/my_cmake_package' returned '0': CMAKE_PREFIX_PATH=${CMAKE_PREFIX_PATH}:/home/vincenzo/Documenti/AMR/ros2pythonvenv/src/lab2workspace/install/my_python_package:/opt/ros/humble PS1=(ros2pythonvenv) \[\e]0;\u@\h: \w\a\]${debian_chroot:+($debian_chroot)}\[\033[01;32m\]\u@\h\[\033[00m\]:\[\033[01;34m\]\w\[\033[00m\]\$ VIRTUAL_ENV_PROMPT=(ros2pythonvenv) /usr/bin/cmake --install /home/vincenzo/Documenti/AMR/ros2pythonvenv/src/lab2workspace/build/my_cmake_package
