In file included from [01m[K/home/vincenzo/Documenti/AMR/ros2pythonvenv/src/lab7workspace/ros2workspace/src/ros-controls/ros2_controllers/forward_command_controller/include/forward_command_controller/multi_interface_forward_command_controller.hpp:24[m[K,
                 from [01m[K/home/vincenzo/Documenti/AMR/ros2pythonvenv/src/lab7workspace/ros2workspace/src/ros-controls/ros2_controllers/forward_command_controller/src/multi_interface_forward_command_controller.cpp:15[m[K:
[01m[K/home/vincenzo/Documenti/AMR/ros2pythonvenv/src/lab7workspace/ros2workspace/build/forward_command_controller/include/multi_interface_forward_command_controller_parameters.hpp:1:213:[m[K [01;36m[Knote: [m[K‘[01m[K#pragma message: #include "multi_interface_forward_command_controller_parameters.hpp" is deprecated. Use #include <forward_command_controller/multi_interface_forward_command_controller_parameters.hpp> instead.[m[K’
    1 | #pragma message("#include \"multi_interface_forward_command_controller_parameters.hpp\" is deprecated. Use #include <forward_command_controller/multi_interface_forward_command_controller_parameters.hpp> instead."[01;36m[K)[m[K
      |                                                                                                                                                                                                                     [01;36m[K^[m[K
In file included from [01m[K/home/vincenzo/Documenti/AMR/ros2pythonvenv/src/lab7workspace/ros2workspace/src/ros-controls/ros2_controllers/forward_command_controller/include/forward_command_controller/forward_command_controller.hpp:24[m[K,
                 from [01m[K/home/vincenzo/Documenti/AMR/ros2pythonvenv/src/lab7workspace/ros2workspace/src/ros-controls/ros2_controllers/forward_command_controller/src/forward_command_controller.cpp:15[m[K:
[01m[K/home/vincenzo/Documenti/AMR/ros2pythonvenv/src/lab7workspace/ros2workspace/build/forward_command_controller/include/forward_command_controller_parameters.hpp:1:181:[m[K [01;36m[Knote: [m[K‘[01m[K#pragma message: #include "forward_command_controller_parameters.hpp" is deprecated. Use #include <forward_command_controller/forward_command_controller_parameters.hpp> instead.[m[K’
    1 | #pragma message("#include \"forward_command_controller_parameters.hpp\" is deprecated. Use #include <forward_command_controller/forward_command_controller_parameters.hpp> instead."[01;36m[K)[m[K
      |                                                                                                                                                                                     [01;36m[K^[m[K
In file included from [01m[K/home/vincenzo/Documenti/AMR/ros2pythonvenv/src/lab7workspace/ros2workspace/src/ros-controls/ros2_controllers/forward_command_controller/include/forward_command_controller/forward_command_controller.hpp:24[m[K,
                 from [01m[K/home/vincenzo/Documenti/AMR/ros2pythonvenv/src/lab7workspace/ros2workspace/src/ros-controls/ros2_controllers/forward_command_controller/test/test_forward_command_controller.hpp:24[m[K,
                 from [01m[K/home/vincenzo/Documenti/AMR/ros2pythonvenv/src/lab7workspace/ros2workspace/src/ros-controls/ros2_controllers/forward_command_controller/test/test_forward_command_controller.cpp:23[m[K:
[01m[K/home/vincenzo/Documenti/AMR/ros2pythonvenv/src/lab7workspace/ros2workspace/build/forward_command_controller/include/forward_command_controller_parameters.hpp:1:181:[m[K [01;36m[Knote: [m[K‘[01m[K#pragma message: #include "forward_command_controller_parameters.hpp" is deprecated. Use #include <forward_command_controller/forward_command_controller_parameters.hpp> instead.[m[K’
    1 | #pragma message("#include \"forward_command_controller_parameters.hpp\" is deprecated. Use #include <forward_command_controller/forward_command_controller_parameters.hpp> instead."[01;36m[K)[m[K
      |                                                                                                                                                                                     [01;36m[K^[m[K
In file included from [01m[K/home/vincenzo/Documenti/AMR/ros2pythonvenv/src/lab7workspace/ros2workspace/src/ros-controls/ros2_controllers/forward_command_controller/include/forward_command_controller/multi_interface_forward_command_controller.hpp:24[m[K,
                 from [01m[K/home/vincenzo/Documenti/AMR/ros2pythonvenv/src/lab7workspace/ros2workspace/src/ros-controls/ros2_controllers/forward_command_controller/test/test_multi_interface_forward_command_controller.hpp:26[m[K,
                 from [01m[K/home/vincenzo/Documenti/AMR/ros2pythonvenv/src/lab7workspace/ros2workspace/src/ros-controls/ros2_controllers/forward_command_controller/test/test_multi_interface_forward_command_controller.cpp:25[m[K:
[01m[K/home/vincenzo/Documenti/AMR/ros2pythonvenv/src/lab7workspace/ros2workspace/build/forward_command_controller/include/multi_interface_forward_command_controller_parameters.hpp:1:213:[m[K [01;36m[Knote: [m[K‘[01m[K#pragma message: #include "multi_interface_forward_command_controller_parameters.hpp" is deprecated. Use #include <forward_command_controller/multi_interface_forward_command_controller_parameters.hpp> instead.[m[K’
    1 | #pragma message("#include \"multi_interface_forward_command_controller_parameters.hpp\" is deprecated. Use #include <forward_command_controller/multi_interface_forward_command_controller_parameters.hpp> instead."[01;36m[K)[m[K
      |                                                                                                                                                                                                                     [01;36m[K^[m[K
