-- Install configuration: ""
-- Up-to-date: /home/vincenzo/Documenti/AMR/ros2pythonvenv/src/lab7workspace/tiagoworkspace/install/tiago_controller_configuration/share/tiago_controller_configuration/config
-- Up-to-date: /home/vincenzo/Documenti/AMR/ros2pythonvenv/src/lab7workspace/tiagoworkspace/install/tiago_controller_configuration/share/tiago_controller_configuration/config/head_controller.yaml
-- Up-to-date: /home/vincenzo/Documenti/AMR/ros2pythonvenv/src/lab7workspace/tiagoworkspace/install/tiago_controller_configuration/share/tiago_controller_configuration/config/arm_position_controller.yaml
-- Up-to-date: /home/vincenzo/Documenti/AMR/ros2pythonvenv/src/lab7workspace/tiagoworkspace/install/tiago_controller_configuration/share/tiago_controller_configuration/config/mobile_base_controller.yaml
-- Up-to-date: /home/vincenzo/Documenti/AMR/ros2pythonvenv/src/lab7workspace/tiagoworkspace/install/tiago_controller_configuration/share/tiago_controller_configuration/config/torso_controller.yaml
-- Up-to-date: /home/vincenzo/Documenti/AMR/ros2pythonvenv/src/lab7workspace/tiagoworkspace/install/tiago_controller_configuration/share/tiago_controller_configuration/config/arm_controller.yaml
-- Up-to-date: /home/vincenzo/Documenti/AMR/ros2pythonvenv/src/lab7workspace/tiagoworkspace/install/tiago_controller_configuration/share/tiago_controller_configuration/config/gravity_compensation_controller.yaml
-- Up-to-date: /home/vincenzo/Documenti/AMR/ros2pythonvenv/src/lab7workspace/tiagoworkspace/install/tiago_controller_configuration/share/tiago_controller_configuration/config/gazebo_controller_manager_cfg.yaml
-- Up-to-date: /home/vincenzo/Documenti/AMR/ros2pythonvenv/src/lab7workspace/tiagoworkspace/install/tiago_controller_configuration/share/tiago_controller_configuration/config/arm_controller_2.yaml
-- Up-to-date: /home/vincenzo/Documenti/AMR/ros2pythonvenv/src/lab7workspace/tiagoworkspace/install/tiago_controller_configuration/share/tiago_controller_configuration/config/test_pid_controller.yaml
-- Up-to-date: /home/vincenzo/Documenti/AMR/ros2pythonvenv/src/lab7workspace/tiagoworkspace/install/tiago_controller_configuration/share/tiago_controller_configuration/config/ft_sensor_controller.yaml
-- Up-to-date: /home/vincenzo/Documenti/AMR/ros2pythonvenv/src/lab7workspace/tiagoworkspace/install/tiago_controller_configuration/share/tiago_controller_configuration/config/joint_state_broadcaster.yaml
-- Up-to-date: /home/vincenzo/Documenti/AMR/ros2pythonvenv/src/lab7workspace/tiagoworkspace/install/tiago_controller_configuration/share/tiago_controller_configuration/launch
-- Up-to-date: /home/vincenzo/Documenti/AMR/ros2pythonvenv/src/lab7workspace/tiagoworkspace/install/tiago_controller_configuration/share/tiago_controller_configuration/launch/head_controller.launch.py
-- Up-to-date: /home/vincenzo/Documenti/AMR/ros2pythonvenv/src/lab7workspace/tiagoworkspace/install/tiago_controller_configuration/share/tiago_controller_configuration/launch/joint_state_broadcaster.launch.py
-- Up-to-date: /home/vincenzo/Documenti/AMR/ros2pythonvenv/src/lab7workspace/tiagoworkspace/install/tiago_controller_configuration/share/tiago_controller_configuration/launch/arm_controller.launch.py
-- Up-to-date: /home/vincenzo/Documenti/AMR/ros2pythonvenv/src/lab7workspace/tiagoworkspace/install/tiago_controller_configuration/share/tiago_controller_configuration/launch/arm_position_controller.launch.py
-- Up-to-date: /home/vincenzo/Documenti/AMR/ros2pythonvenv/src/lab7workspace/tiagoworkspace/install/tiago_controller_configuration/share/tiago_controller_configuration/launch/default_controllers.launch.py
-- Up-to-date: /home/vincenzo/Documenti/AMR/ros2pythonvenv/src/lab7workspace/tiagoworkspace/install/tiago_controller_configuration/share/tiago_controller_configuration/launch/arm2_controller.launch.py
-- Up-to-date: /home/vincenzo/Documenti/AMR/ros2pythonvenv/src/lab7workspace/tiagoworkspace/install/tiago_controller_configuration/share/tiago_controller_configuration/launch/torso_controller.launch.py
-- Up-to-date: /home/vincenzo/Documenti/AMR/ros2pythonvenv/src/lab7workspace/tiagoworkspace/install/tiago_controller_configuration/share/tiago_controller_configuration/launch/gravity_compensation_controller.launch.py
-- Up-to-date: /home/vincenzo/Documenti/AMR/ros2pythonvenv/src/lab7workspace/tiagoworkspace/install/tiago_controller_configuration/share/tiago_controller_configuration/launch/test_pid_controller.launch.py
-- Up-to-date: /home/vincenzo/Documenti/AMR/ros2pythonvenv/src/lab7workspace/tiagoworkspace/install/tiago_controller_configuration/share/tiago_controller_configuration/launch/ft_sensor_controller.launch.py
-- Up-to-date: /home/vincenzo/Documenti/AMR/ros2pythonvenv/src/lab7workspace/tiagoworkspace/install/tiago_controller_configuration/share/tiago_controller_configuration/launch/arm_impedance_controller.launch.py
-- Up-to-date: /home/vincenzo/Documenti/AMR/ros2pythonvenv/src/lab7workspace/tiagoworkspace/install/tiago_controller_configuration/share/tiago_controller_configuration/launch/mobile_base_controller.launch.py
-- Up-to-date: /home/vincenzo/Documenti/AMR/ros2pythonvenv/src/lab7workspace/tiagoworkspace/install/tiago_controller_configuration/share/ament_index/resource_index/package_run_dependencies/tiago_controller_configuration
-- Up-to-date: /home/vincenzo/Documenti/AMR/ros2pythonvenv/src/lab7workspace/tiagoworkspace/install/tiago_controller_configuration/share/ament_index/resource_index/parent_prefix_path/tiago_controller_configuration
-- Up-to-date: /home/vincenzo/Documenti/AMR/ros2pythonvenv/src/lab7workspace/tiagoworkspace/install/tiago_controller_configuration/share/tiago_controller_configuration/environment/ament_prefix_path.sh
-- Up-to-date: /home/vincenzo/Documenti/AMR/ros2pythonvenv/src/lab7workspace/tiagoworkspace/install/tiago_controller_configuration/share/tiago_controller_configuration/environment/ament_prefix_path.dsv
-- Up-to-date: /home/vincenzo/Documenti/AMR/ros2pythonvenv/src/lab7workspace/tiagoworkspace/install/tiago_controller_configuration/share/tiago_controller_configuration/environment/path.sh
-- Up-to-date: /home/vincenzo/Documenti/AMR/ros2pythonvenv/src/lab7workspace/tiagoworkspace/install/tiago_controller_configuration/share/tiago_controller_configuration/environment/path.dsv
-- Up-to-date: /home/vincenzo/Documenti/AMR/ros2pythonvenv/src/lab7workspace/tiagoworkspace/install/tiago_controller_configuration/share/tiago_controller_configuration/local_setup.bash
-- Up-to-date: /home/vincenzo/Documenti/AMR/ros2pythonvenv/src/lab7workspace/tiagoworkspace/install/tiago_controller_configuration/share/tiago_controller_configuration/local_setup.sh
-- Up-to-date: /home/vincenzo/Documenti/AMR/ros2pythonvenv/src/lab7workspace/tiagoworkspace/install/tiago_controller_configuration/share/tiago_controller_configuration/local_setup.zsh
-- Up-to-date: /home/vincenzo/Documenti/AMR/ros2pythonvenv/src/lab7workspace/tiagoworkspace/install/tiago_controller_configuration/share/tiago_controller_configuration/local_setup.dsv
-- Installing: /home/vincenzo/Documenti/AMR/ros2pythonvenv/src/lab7workspace/tiagoworkspace/install/tiago_controller_configuration/share/tiago_controller_configuration/package.dsv
-- Up-to-date: /home/vincenzo/Documenti/AMR/ros2pythonvenv/src/lab7workspace/tiagoworkspace/install/tiago_controller_configuration/share/ament_index/resource_index/packages/tiago_controller_configuration
-- Up-to-date: /home/vincenzo/Documenti/AMR/ros2pythonvenv/src/lab7workspace/tiagoworkspace/install/tiago_controller_configuration/share/tiago_controller_configuration/cmake/tiago_controller_configurationConfig.cmake
-- Up-to-date: /home/vincenzo/Documenti/AMR/ros2pythonvenv/src/lab7workspace/tiagoworkspace/install/tiago_controller_configuration/share/tiago_controller_configuration/cmake/tiago_controller_configurationConfig-version.cmake
-- Up-to-date: /home/vincenzo/Documenti/AMR/ros2pythonvenv/src/lab7workspace/tiagoworkspace/install/tiago_controller_configuration/share/tiago_controller_configuration/package.xml
